[2025-01-18T04:57:17.062+0000] {local_task_job_runner.py:123} INFO - ::group::Pre task execution logs
[2025-01-18T04:57:17.075+0000] {taskinstance.py:2613} INFO - Dependencies all met for dep_context=non-requeueable deps ti=<TaskInstance: example_bash_operator.this_will_skip scheduled__2025-01-17T00:00:00+00:00 [queued]>
[2025-01-18T04:57:17.080+0000] {taskinstance.py:2613} INFO - Dependencies all met for dep_context=requeueable deps ti=<TaskInstance: example_bash_operator.this_will_skip scheduled__2025-01-17T00:00:00+00:00 [queued]>
[2025-01-18T04:57:17.082+0000] {taskinstance.py:2866} INFO - Starting attempt 1 of 1
[2025-01-18T04:57:17.089+0000] {taskinstance.py:2889} INFO - Executing <Task(BashOperator): this_will_skip> on 2025-01-17 00:00:00+00:00
[2025-01-18T04:57:17.096+0000] {standard_task_runner.py:104} INFO - Running: ['***', 'tasks', 'run', 'example_bash_operator', 'this_will_skip', 'scheduled__2025-01-17T00:00:00+00:00', '--job-id', '5', '--raw', '--subdir', '/home/***/.local/lib/python3.12/site-packages/***/example_dags/example_bash_operator.py', '--cfg-path', '/tmp/tmpjf9j6d9j']
[2025-01-18T04:57:17.097+0000] {warnings.py:112} WARNING - /home/***/.local/lib/python3.12/site-packages/***/task/task_runner/standard_task_runner.py:70: DeprecationWarning: This process (pid=139) is multi-threaded, use of fork() may lead to deadlocks in the child.
  pid = os.fork()

[2025-01-18T04:57:17.098+0000] {standard_task_runner.py:72} INFO - Started process 145 to run task
[2025-01-18T04:57:17.098+0000] {standard_task_runner.py:105} INFO - Job 5: Subtask this_will_skip
[2025-01-18T04:57:17.135+0000] {task_command.py:467} INFO - Running <TaskInstance: example_bash_operator.this_will_skip scheduled__2025-01-17T00:00:00+00:00 [running]> on host e19053a9eb18
[2025-01-18T04:57:17.187+0000] {taskinstance.py:3132} INFO - Exporting env vars: AIRFLOW_CTX_DAG_OWNER='***' AIRFLOW_CTX_DAG_ID='example_bash_operator' AIRFLOW_CTX_TASK_ID='this_will_skip' AIRFLOW_CTX_EXECUTION_DATE='2025-01-17T00:00:00+00:00' AIRFLOW_CTX_TRY_NUMBER='1' AIRFLOW_CTX_DAG_RUN_ID='scheduled__2025-01-17T00:00:00+00:00'
[2025-01-18T04:57:17.188+0000] {logging_mixin.py:190} INFO - Task instance is in running state
[2025-01-18T04:57:17.188+0000] {logging_mixin.py:190} INFO -  Previous state of the Task instance: queued
[2025-01-18T04:57:17.189+0000] {logging_mixin.py:190} INFO - Current task name:this_will_skip state:running start_date:2025-01-18 04:57:17.075843+00:00
[2025-01-18T04:57:17.189+0000] {logging_mixin.py:190} INFO - Dag name:example_bash_operator and current dag run status:running
[2025-01-18T04:57:17.189+0000] {taskinstance.py:731} INFO - ::endgroup::
[2025-01-18T04:57:17.190+0000] {subprocess.py:78} INFO - Tmp dir root location: /tmp
[2025-01-18T04:57:17.191+0000] {subprocess.py:88} INFO - Running command: ['/usr/bin/bash', '-c', 'echo "hello world"; exit 99;']
[2025-01-18T04:57:17.198+0000] {subprocess.py:99} INFO - Output:
[2025-01-18T04:57:17.198+0000] {subprocess.py:106} INFO - hello world
[2025-01-18T04:57:17.199+0000] {subprocess.py:110} INFO - Command exited with return code 99
[2025-01-18T04:57:17.199+0000] {taskinstance.py:301} INFO - Bash command returned exit code 99. Skipping.
[2025-01-18T04:57:17.210+0000] {taskinstance.py:340} INFO - ::group::Post task execution logs
[2025-01-18T04:57:17.210+0000] {taskinstance.py:352} INFO - Marking task as SKIPPED. dag_id=example_bash_operator, task_id=this_will_skip, run_id=scheduled__2025-01-17T00:00:00+00:00, execution_date=20250117T000000, start_date=20250118T045717, end_date=20250118T045717
[2025-01-18T04:57:17.241+0000] {local_task_job_runner.py:266} INFO - Task exited with return code 0
[2025-01-18T04:57:17.252+0000] {taskinstance.py:3895} INFO - 0 downstream tasks scheduled from follow-on schedule check
[2025-01-18T04:57:17.256+0000] {local_task_job_runner.py:245} INFO - ::endgroup::
