[2025-01-18T04:51:44.546+0000] {processor.py:186} INFO - Started process (PID=68) to work on /home/airflow/.local/lib/python3.12/site-packages/airflow/example_dags/example_sensors.py
[2025-01-18T04:51:44.547+0000] {processor.py:914} INFO - Processing file /home/airflow/.local/lib/python3.12/site-packages/airflow/example_dags/example_sensors.py for tasks to queue
[2025-01-18T04:51:44.548+0000] {logging_mixin.py:190} INFO - [2025-01-18T04:51:44.548+0000] {dagbag.py:588} INFO - Filling up the DagBag from /home/airflow/.local/lib/python3.12/site-packages/airflow/example_dags/example_sensors.py
[2025-01-18T04:51:44.554+0000] {processor.py:925} INFO - DAG(s) 'example_sensors' retrieved from /home/airflow/.local/lib/python3.12/site-packages/airflow/example_dags/example_sensors.py
[2025-01-18T04:51:44.609+0000] {logging_mixin.py:190} INFO - [2025-01-18T04:51:44.608+0000] {override.py:1911} INFO - Created Permission View: can edit on DAG:example_sensors
[2025-01-18T04:51:44.613+0000] {logging_mixin.py:190} INFO - [2025-01-18T04:51:44.613+0000] {override.py:1911} INFO - Created Permission View: can read on DAG:example_sensors
[2025-01-18T04:51:44.616+0000] {logging_mixin.py:190} INFO - [2025-01-18T04:51:44.616+0000] {override.py:1911} INFO - Created Permission View: can delete on DAG:example_sensors
[2025-01-18T04:51:44.618+0000] {logging_mixin.py:190} INFO - [2025-01-18T04:51:44.618+0000] {override.py:1911} INFO - Created Permission View: can create on DAG Run:example_sensors
[2025-01-18T04:51:44.621+0000] {logging_mixin.py:190} INFO - [2025-01-18T04:51:44.621+0000] {override.py:1911} INFO - Created Permission View: can read on DAG Run:example_sensors
[2025-01-18T04:51:44.625+0000] {logging_mixin.py:190} INFO - [2025-01-18T04:51:44.625+0000] {override.py:1911} INFO - Created Permission View: can delete on DAG Run:example_sensors
[2025-01-18T04:51:44.628+0000] {logging_mixin.py:190} INFO - [2025-01-18T04:51:44.628+0000] {override.py:1911} INFO - Created Permission View: menu access on DAG Run:example_sensors
[2025-01-18T04:51:44.628+0000] {logging_mixin.py:190} INFO - [2025-01-18T04:51:44.628+0000] {dag.py:3239} INFO - Sync 1 DAGs
[2025-01-18T04:51:44.635+0000] {logging_mixin.py:190} INFO - [2025-01-18T04:51:44.635+0000] {dag.py:3262} INFO - Creating ORM DAG for example_sensors
[2025-01-18T04:51:44.636+0000] {logging_mixin.py:190} INFO - [2025-01-18T04:51:44.635+0000] {dag.py:4180} INFO - Setting next_dagrun for example_sensors to None, run_after=None
[2025-01-18T04:51:44.643+0000] {processor.py:208} INFO - Processing /home/airflow/.local/lib/python3.12/site-packages/airflow/example_dags/example_sensors.py took 0.100 seconds
[2025-01-18T04:52:15.595+0000] {processor.py:186} INFO - Started process (PID=136) to work on /home/airflow/.local/lib/python3.12/site-packages/airflow/example_dags/example_sensors.py
[2025-01-18T04:52:15.595+0000] {processor.py:914} INFO - Processing file /home/airflow/.local/lib/python3.12/site-packages/airflow/example_dags/example_sensors.py for tasks to queue
[2025-01-18T04:52:15.597+0000] {logging_mixin.py:190} INFO - [2025-01-18T04:52:15.597+0000] {dagbag.py:588} INFO - Filling up the DagBag from /home/airflow/.local/lib/python3.12/site-packages/airflow/example_dags/example_sensors.py
[2025-01-18T04:52:15.603+0000] {processor.py:925} INFO - DAG(s) 'example_sensors' retrieved from /home/airflow/.local/lib/python3.12/site-packages/airflow/example_dags/example_sensors.py
[2025-01-18T04:52:15.619+0000] {logging_mixin.py:190} INFO - [2025-01-18T04:52:15.619+0000] {dag.py:3239} INFO - Sync 1 DAGs
[2025-01-18T04:52:15.626+0000] {logging_mixin.py:190} INFO - [2025-01-18T04:52:15.625+0000] {dag.py:4180} INFO - Setting next_dagrun for example_sensors to None, run_after=None
[2025-01-18T04:52:15.635+0000] {processor.py:208} INFO - Processing /home/airflow/.local/lib/python3.12/site-packages/airflow/example_dags/example_sensors.py took 0.044 seconds
[2025-01-18T04:52:46.323+0000] {processor.py:186} INFO - Started process (PID=199) to work on /home/airflow/.local/lib/python3.12/site-packages/airflow/example_dags/example_sensors.py
[2025-01-18T04:52:46.326+0000] {processor.py:914} INFO - Processing file /home/airflow/.local/lib/python3.12/site-packages/airflow/example_dags/example_sensors.py for tasks to queue
[2025-01-18T04:52:46.328+0000] {logging_mixin.py:190} INFO - [2025-01-18T04:52:46.327+0000] {dagbag.py:588} INFO - Filling up the DagBag from /home/airflow/.local/lib/python3.12/site-packages/airflow/example_dags/example_sensors.py
[2025-01-18T04:52:46.334+0000] {processor.py:925} INFO - DAG(s) 'example_sensors' retrieved from /home/airflow/.local/lib/python3.12/site-packages/airflow/example_dags/example_sensors.py
[2025-01-18T04:52:46.350+0000] {logging_mixin.py:190} INFO - [2025-01-18T04:52:46.350+0000] {dag.py:3239} INFO - Sync 1 DAGs
[2025-01-18T04:52:46.358+0000] {logging_mixin.py:190} INFO - [2025-01-18T04:52:46.357+0000] {dag.py:4180} INFO - Setting next_dagrun for example_sensors to None, run_after=None
[2025-01-18T04:52:46.371+0000] {processor.py:208} INFO - Processing /home/airflow/.local/lib/python3.12/site-packages/airflow/example_dags/example_sensors.py took 0.050 seconds
[2025-01-18T04:53:17.199+0000] {processor.py:186} INFO - Started process (PID=262) to work on /home/airflow/.local/lib/python3.12/site-packages/airflow/example_dags/example_sensors.py
[2025-01-18T04:53:17.200+0000] {processor.py:914} INFO - Processing file /home/airflow/.local/lib/python3.12/site-packages/airflow/example_dags/example_sensors.py for tasks to queue
[2025-01-18T04:53:17.201+0000] {logging_mixin.py:190} INFO - [2025-01-18T04:53:17.201+0000] {dagbag.py:588} INFO - Filling up the DagBag from /home/airflow/.local/lib/python3.12/site-packages/airflow/example_dags/example_sensors.py
[2025-01-18T04:53:17.208+0000] {processor.py:925} INFO - DAG(s) 'example_sensors' retrieved from /home/airflow/.local/lib/python3.12/site-packages/airflow/example_dags/example_sensors.py
[2025-01-18T04:53:17.221+0000] {logging_mixin.py:190} INFO - [2025-01-18T04:53:17.221+0000] {dag.py:3239} INFO - Sync 1 DAGs
[2025-01-18T04:53:17.229+0000] {logging_mixin.py:190} INFO - [2025-01-18T04:53:17.229+0000] {dag.py:4180} INFO - Setting next_dagrun for example_sensors to None, run_after=None
[2025-01-18T04:53:17.240+0000] {processor.py:208} INFO - Processing /home/airflow/.local/lib/python3.12/site-packages/airflow/example_dags/example_sensors.py took 0.044 seconds
[2025-01-18T04:53:47.904+0000] {processor.py:186} INFO - Started process (PID=325) to work on /home/airflow/.local/lib/python3.12/site-packages/airflow/example_dags/example_sensors.py
[2025-01-18T04:53:47.907+0000] {processor.py:914} INFO - Processing file /home/airflow/.local/lib/python3.12/site-packages/airflow/example_dags/example_sensors.py for tasks to queue
[2025-01-18T04:53:47.908+0000] {logging_mixin.py:190} INFO - [2025-01-18T04:53:47.908+0000] {dagbag.py:588} INFO - Filling up the DagBag from /home/airflow/.local/lib/python3.12/site-packages/airflow/example_dags/example_sensors.py
[2025-01-18T04:53:47.917+0000] {processor.py:925} INFO - DAG(s) 'example_sensors' retrieved from /home/airflow/.local/lib/python3.12/site-packages/airflow/example_dags/example_sensors.py
[2025-01-18T04:53:47.930+0000] {logging_mixin.py:190} INFO - [2025-01-18T04:53:47.930+0000] {dag.py:3239} INFO - Sync 1 DAGs
[2025-01-18T04:53:47.938+0000] {logging_mixin.py:190} INFO - [2025-01-18T04:53:47.938+0000] {dag.py:4180} INFO - Setting next_dagrun for example_sensors to None, run_after=None
[2025-01-18T04:53:47.950+0000] {processor.py:208} INFO - Processing /home/airflow/.local/lib/python3.12/site-packages/airflow/example_dags/example_sensors.py took 0.049 seconds
[2025-01-18T04:54:18.702+0000] {processor.py:186} INFO - Started process (PID=388) to work on /home/airflow/.local/lib/python3.12/site-packages/airflow/example_dags/example_sensors.py
[2025-01-18T04:54:18.706+0000] {processor.py:914} INFO - Processing file /home/airflow/.local/lib/python3.12/site-packages/airflow/example_dags/example_sensors.py for tasks to queue
[2025-01-18T04:54:18.708+0000] {logging_mixin.py:190} INFO - [2025-01-18T04:54:18.708+0000] {dagbag.py:588} INFO - Filling up the DagBag from /home/airflow/.local/lib/python3.12/site-packages/airflow/example_dags/example_sensors.py
[2025-01-18T04:54:18.715+0000] {processor.py:925} INFO - DAG(s) 'example_sensors' retrieved from /home/airflow/.local/lib/python3.12/site-packages/airflow/example_dags/example_sensors.py
[2025-01-18T04:54:18.727+0000] {logging_mixin.py:190} INFO - [2025-01-18T04:54:18.727+0000] {dag.py:3239} INFO - Sync 1 DAGs
[2025-01-18T04:54:18.733+0000] {logging_mixin.py:190} INFO - [2025-01-18T04:54:18.733+0000] {dag.py:4180} INFO - Setting next_dagrun for example_sensors to None, run_after=None
[2025-01-18T04:54:18.743+0000] {processor.py:208} INFO - Processing /home/airflow/.local/lib/python3.12/site-packages/airflow/example_dags/example_sensors.py took 0.044 seconds
[2025-01-18T04:54:49.531+0000] {processor.py:186} INFO - Started process (PID=451) to work on /home/airflow/.local/lib/python3.12/site-packages/airflow/example_dags/example_sensors.py
[2025-01-18T04:54:49.532+0000] {processor.py:914} INFO - Processing file /home/airflow/.local/lib/python3.12/site-packages/airflow/example_dags/example_sensors.py for tasks to queue
[2025-01-18T04:54:49.533+0000] {logging_mixin.py:190} INFO - [2025-01-18T04:54:49.533+0000] {dagbag.py:588} INFO - Filling up the DagBag from /home/airflow/.local/lib/python3.12/site-packages/airflow/example_dags/example_sensors.py
[2025-01-18T04:54:49.541+0000] {processor.py:925} INFO - DAG(s) 'example_sensors' retrieved from /home/airflow/.local/lib/python3.12/site-packages/airflow/example_dags/example_sensors.py
[2025-01-18T04:54:49.557+0000] {logging_mixin.py:190} INFO - [2025-01-18T04:54:49.557+0000] {dag.py:3239} INFO - Sync 1 DAGs
[2025-01-18T04:54:49.568+0000] {logging_mixin.py:190} INFO - [2025-01-18T04:54:49.568+0000] {dag.py:4180} INFO - Setting next_dagrun for example_sensors to None, run_after=None
[2025-01-18T04:54:49.578+0000] {processor.py:208} INFO - Processing /home/airflow/.local/lib/python3.12/site-packages/airflow/example_dags/example_sensors.py took 0.050 seconds
[2025-01-18T04:55:20.503+0000] {processor.py:186} INFO - Started process (PID=514) to work on /home/airflow/.local/lib/python3.12/site-packages/airflow/example_dags/example_sensors.py
[2025-01-18T04:55:20.503+0000] {processor.py:914} INFO - Processing file /home/airflow/.local/lib/python3.12/site-packages/airflow/example_dags/example_sensors.py for tasks to queue
[2025-01-18T04:55:20.504+0000] {logging_mixin.py:190} INFO - [2025-01-18T04:55:20.504+0000] {dagbag.py:588} INFO - Filling up the DagBag from /home/airflow/.local/lib/python3.12/site-packages/airflow/example_dags/example_sensors.py
[2025-01-18T04:55:20.510+0000] {processor.py:925} INFO - DAG(s) 'example_sensors' retrieved from /home/airflow/.local/lib/python3.12/site-packages/airflow/example_dags/example_sensors.py
[2025-01-18T04:55:20.523+0000] {logging_mixin.py:190} INFO - [2025-01-18T04:55:20.523+0000] {dag.py:3239} INFO - Sync 1 DAGs
[2025-01-18T04:55:20.531+0000] {logging_mixin.py:190} INFO - [2025-01-18T04:55:20.530+0000] {dag.py:4180} INFO - Setting next_dagrun for example_sensors to None, run_after=None
[2025-01-18T04:55:20.544+0000] {processor.py:208} INFO - Processing /home/airflow/.local/lib/python3.12/site-packages/airflow/example_dags/example_sensors.py took 0.044 seconds
[2025-01-18T04:55:51.516+0000] {processor.py:186} INFO - Started process (PID=577) to work on /home/airflow/.local/lib/python3.12/site-packages/airflow/example_dags/example_sensors.py
[2025-01-18T04:55:51.518+0000] {processor.py:914} INFO - Processing file /home/airflow/.local/lib/python3.12/site-packages/airflow/example_dags/example_sensors.py for tasks to queue
[2025-01-18T04:55:51.519+0000] {logging_mixin.py:190} INFO - [2025-01-18T04:55:51.519+0000] {dagbag.py:588} INFO - Filling up the DagBag from /home/airflow/.local/lib/python3.12/site-packages/airflow/example_dags/example_sensors.py
[2025-01-18T04:55:51.525+0000] {processor.py:925} INFO - DAG(s) 'example_sensors' retrieved from /home/airflow/.local/lib/python3.12/site-packages/airflow/example_dags/example_sensors.py
[2025-01-18T04:55:51.542+0000] {logging_mixin.py:190} INFO - [2025-01-18T04:55:51.541+0000] {dag.py:3239} INFO - Sync 1 DAGs
[2025-01-18T04:55:51.549+0000] {logging_mixin.py:190} INFO - [2025-01-18T04:55:51.549+0000] {dag.py:4180} INFO - Setting next_dagrun for example_sensors to None, run_after=None
[2025-01-18T04:55:51.558+0000] {processor.py:208} INFO - Processing /home/airflow/.local/lib/python3.12/site-packages/airflow/example_dags/example_sensors.py took 0.045 seconds
[2025-01-18T04:56:22.316+0000] {processor.py:186} INFO - Started process (PID=640) to work on /home/airflow/.local/lib/python3.12/site-packages/airflow/example_dags/example_sensors.py
[2025-01-18T04:56:22.320+0000] {processor.py:914} INFO - Processing file /home/airflow/.local/lib/python3.12/site-packages/airflow/example_dags/example_sensors.py for tasks to queue
[2025-01-18T04:56:22.321+0000] {logging_mixin.py:190} INFO - [2025-01-18T04:56:22.321+0000] {dagbag.py:588} INFO - Filling up the DagBag from /home/airflow/.local/lib/python3.12/site-packages/airflow/example_dags/example_sensors.py
[2025-01-18T04:56:22.330+0000] {processor.py:925} INFO - DAG(s) 'example_sensors' retrieved from /home/airflow/.local/lib/python3.12/site-packages/airflow/example_dags/example_sensors.py
[2025-01-18T04:56:22.343+0000] {logging_mixin.py:190} INFO - [2025-01-18T04:56:22.343+0000] {dag.py:3239} INFO - Sync 1 DAGs
[2025-01-18T04:56:22.352+0000] {logging_mixin.py:190} INFO - [2025-01-18T04:56:22.352+0000] {dag.py:4180} INFO - Setting next_dagrun for example_sensors to None, run_after=None
[2025-01-18T04:56:22.362+0000] {processor.py:208} INFO - Processing /home/airflow/.local/lib/python3.12/site-packages/airflow/example_dags/example_sensors.py took 0.050 seconds
[2025-01-18T04:56:53.181+0000] {processor.py:186} INFO - Started process (PID=703) to work on /home/airflow/.local/lib/python3.12/site-packages/airflow/example_dags/example_sensors.py
[2025-01-18T04:56:53.182+0000] {processor.py:914} INFO - Processing file /home/airflow/.local/lib/python3.12/site-packages/airflow/example_dags/example_sensors.py for tasks to queue
[2025-01-18T04:56:53.184+0000] {logging_mixin.py:190} INFO - [2025-01-18T04:56:53.184+0000] {dagbag.py:588} INFO - Filling up the DagBag from /home/airflow/.local/lib/python3.12/site-packages/airflow/example_dags/example_sensors.py
[2025-01-18T04:56:53.190+0000] {processor.py:925} INFO - DAG(s) 'example_sensors' retrieved from /home/airflow/.local/lib/python3.12/site-packages/airflow/example_dags/example_sensors.py
[2025-01-18T04:56:53.207+0000] {logging_mixin.py:190} INFO - [2025-01-18T04:56:53.206+0000] {dag.py:3239} INFO - Sync 1 DAGs
[2025-01-18T04:56:53.214+0000] {logging_mixin.py:190} INFO - [2025-01-18T04:56:53.214+0000] {dag.py:4180} INFO - Setting next_dagrun for example_sensors to None, run_after=None
[2025-01-18T04:56:53.234+0000] {processor.py:208} INFO - Processing /home/airflow/.local/lib/python3.12/site-packages/airflow/example_dags/example_sensors.py took 0.056 seconds
[2025-01-18T04:57:23.914+0000] {processor.py:186} INFO - Started process (PID=773) to work on /home/airflow/.local/lib/python3.12/site-packages/airflow/example_dags/example_sensors.py
[2025-01-18T04:57:23.918+0000] {processor.py:914} INFO - Processing file /home/airflow/.local/lib/python3.12/site-packages/airflow/example_dags/example_sensors.py for tasks to queue
[2025-01-18T04:57:23.919+0000] {logging_mixin.py:190} INFO - [2025-01-18T04:57:23.919+0000] {dagbag.py:588} INFO - Filling up the DagBag from /home/airflow/.local/lib/python3.12/site-packages/airflow/example_dags/example_sensors.py
[2025-01-18T04:57:23.926+0000] {processor.py:925} INFO - DAG(s) 'example_sensors' retrieved from /home/airflow/.local/lib/python3.12/site-packages/airflow/example_dags/example_sensors.py
[2025-01-18T04:57:23.943+0000] {logging_mixin.py:190} INFO - [2025-01-18T04:57:23.942+0000] {dag.py:3239} INFO - Sync 1 DAGs
[2025-01-18T04:57:23.950+0000] {logging_mixin.py:190} INFO - [2025-01-18T04:57:23.950+0000] {dag.py:4180} INFO - Setting next_dagrun for example_sensors to None, run_after=None
[2025-01-18T04:57:23.959+0000] {processor.py:208} INFO - Processing /home/airflow/.local/lib/python3.12/site-packages/airflow/example_dags/example_sensors.py took 0.049 seconds
[2025-01-18T04:57:54.739+0000] {processor.py:186} INFO - Started process (PID=836) to work on /home/airflow/.local/lib/python3.12/site-packages/airflow/example_dags/example_sensors.py
[2025-01-18T04:57:54.741+0000] {processor.py:914} INFO - Processing file /home/airflow/.local/lib/python3.12/site-packages/airflow/example_dags/example_sensors.py for tasks to queue
[2025-01-18T04:57:54.744+0000] {logging_mixin.py:190} INFO - [2025-01-18T04:57:54.744+0000] {dagbag.py:588} INFO - Filling up the DagBag from /home/airflow/.local/lib/python3.12/site-packages/airflow/example_dags/example_sensors.py
[2025-01-18T04:57:54.751+0000] {processor.py:925} INFO - DAG(s) 'example_sensors' retrieved from /home/airflow/.local/lib/python3.12/site-packages/airflow/example_dags/example_sensors.py
[2025-01-18T04:57:54.767+0000] {logging_mixin.py:190} INFO - [2025-01-18T04:57:54.767+0000] {dag.py:3239} INFO - Sync 1 DAGs
[2025-01-18T04:57:54.775+0000] {logging_mixin.py:190} INFO - [2025-01-18T04:57:54.775+0000] {dag.py:4180} INFO - Setting next_dagrun for example_sensors to None, run_after=None
[2025-01-18T04:57:54.792+0000] {processor.py:208} INFO - Processing /home/airflow/.local/lib/python3.12/site-packages/airflow/example_dags/example_sensors.py took 0.056 seconds
[2025-01-18T04:58:25.651+0000] {processor.py:186} INFO - Started process (PID=899) to work on /home/airflow/.local/lib/python3.12/site-packages/airflow/example_dags/example_sensors.py
[2025-01-18T04:58:25.651+0000] {processor.py:914} INFO - Processing file /home/airflow/.local/lib/python3.12/site-packages/airflow/example_dags/example_sensors.py for tasks to queue
[2025-01-18T04:58:25.653+0000] {logging_mixin.py:190} INFO - [2025-01-18T04:58:25.653+0000] {dagbag.py:588} INFO - Filling up the DagBag from /home/airflow/.local/lib/python3.12/site-packages/airflow/example_dags/example_sensors.py
[2025-01-18T04:58:25.658+0000] {processor.py:925} INFO - DAG(s) 'example_sensors' retrieved from /home/airflow/.local/lib/python3.12/site-packages/airflow/example_dags/example_sensors.py
[2025-01-18T04:58:25.676+0000] {logging_mixin.py:190} INFO - [2025-01-18T04:58:25.676+0000] {dag.py:3239} INFO - Sync 1 DAGs
[2025-01-18T04:58:25.685+0000] {logging_mixin.py:190} INFO - [2025-01-18T04:58:25.685+0000] {dag.py:4180} INFO - Setting next_dagrun for example_sensors to None, run_after=None
[2025-01-18T04:58:25.694+0000] {processor.py:208} INFO - Processing /home/airflow/.local/lib/python3.12/site-packages/airflow/example_dags/example_sensors.py took 0.047 seconds
[2025-01-18T04:58:56.569+0000] {processor.py:186} INFO - Started process (PID=962) to work on /home/airflow/.local/lib/python3.12/site-packages/airflow/example_dags/example_sensors.py
[2025-01-18T04:58:56.569+0000] {processor.py:914} INFO - Processing file /home/airflow/.local/lib/python3.12/site-packages/airflow/example_dags/example_sensors.py for tasks to queue
[2025-01-18T04:58:56.571+0000] {logging_mixin.py:190} INFO - [2025-01-18T04:58:56.571+0000] {dagbag.py:588} INFO - Filling up the DagBag from /home/airflow/.local/lib/python3.12/site-packages/airflow/example_dags/example_sensors.py
[2025-01-18T04:58:56.576+0000] {processor.py:925} INFO - DAG(s) 'example_sensors' retrieved from /home/airflow/.local/lib/python3.12/site-packages/airflow/example_dags/example_sensors.py
[2025-01-18T04:58:56.590+0000] {logging_mixin.py:190} INFO - [2025-01-18T04:58:56.590+0000] {dag.py:3239} INFO - Sync 1 DAGs
[2025-01-18T04:58:56.598+0000] {logging_mixin.py:190} INFO - [2025-01-18T04:58:56.598+0000] {dag.py:4180} INFO - Setting next_dagrun for example_sensors to None, run_after=None
[2025-01-18T04:58:56.608+0000] {processor.py:208} INFO - Processing /home/airflow/.local/lib/python3.12/site-packages/airflow/example_dags/example_sensors.py took 0.043 seconds
[2025-01-18T04:59:27.378+0000] {processor.py:186} INFO - Started process (PID=1025) to work on /home/airflow/.local/lib/python3.12/site-packages/airflow/example_dags/example_sensors.py
[2025-01-18T04:59:27.383+0000] {processor.py:914} INFO - Processing file /home/airflow/.local/lib/python3.12/site-packages/airflow/example_dags/example_sensors.py for tasks to queue
[2025-01-18T04:59:27.385+0000] {logging_mixin.py:190} INFO - [2025-01-18T04:59:27.385+0000] {dagbag.py:588} INFO - Filling up the DagBag from /home/airflow/.local/lib/python3.12/site-packages/airflow/example_dags/example_sensors.py
[2025-01-18T04:59:27.391+0000] {processor.py:925} INFO - DAG(s) 'example_sensors' retrieved from /home/airflow/.local/lib/python3.12/site-packages/airflow/example_dags/example_sensors.py
[2025-01-18T04:59:27.407+0000] {logging_mixin.py:190} INFO - [2025-01-18T04:59:27.407+0000] {dag.py:3239} INFO - Sync 1 DAGs
[2025-01-18T04:59:27.414+0000] {logging_mixin.py:190} INFO - [2025-01-18T04:59:27.414+0000] {dag.py:4180} INFO - Setting next_dagrun for example_sensors to None, run_after=None
[2025-01-18T04:59:27.424+0000] {processor.py:208} INFO - Processing /home/airflow/.local/lib/python3.12/site-packages/airflow/example_dags/example_sensors.py took 0.048 seconds
[2025-01-18T04:59:58.526+0000] {processor.py:186} INFO - Started process (PID=1088) to work on /home/airflow/.local/lib/python3.12/site-packages/airflow/example_dags/example_sensors.py
[2025-01-18T04:59:58.526+0000] {processor.py:914} INFO - Processing file /home/airflow/.local/lib/python3.12/site-packages/airflow/example_dags/example_sensors.py for tasks to queue
[2025-01-18T04:59:58.528+0000] {logging_mixin.py:190} INFO - [2025-01-18T04:59:58.527+0000] {dagbag.py:588} INFO - Filling up the DagBag from /home/airflow/.local/lib/python3.12/site-packages/airflow/example_dags/example_sensors.py
[2025-01-18T04:59:58.533+0000] {processor.py:925} INFO - DAG(s) 'example_sensors' retrieved from /home/airflow/.local/lib/python3.12/site-packages/airflow/example_dags/example_sensors.py
[2025-01-18T04:59:58.550+0000] {logging_mixin.py:190} INFO - [2025-01-18T04:59:58.549+0000] {dag.py:3239} INFO - Sync 1 DAGs
[2025-01-18T04:59:58.556+0000] {logging_mixin.py:190} INFO - [2025-01-18T04:59:58.556+0000] {dag.py:4180} INFO - Setting next_dagrun for example_sensors to None, run_after=None
[2025-01-18T04:59:58.566+0000] {processor.py:208} INFO - Processing /home/airflow/.local/lib/python3.12/site-packages/airflow/example_dags/example_sensors.py took 0.043 seconds
