[2025-01-18T04:51:46.064+0000] {processor.py:186} INFO - Started process (PID=94) to work on /home/airflow/.local/lib/python3.12/site-packages/airflow/example_dags/example_branch_python_dop_operator_3.py
[2025-01-18T04:51:46.065+0000] {processor.py:914} INFO - Processing file /home/airflow/.local/lib/python3.12/site-packages/airflow/example_dags/example_branch_python_dop_operator_3.py for tasks to queue
[2025-01-18T04:51:46.066+0000] {logging_mixin.py:190} INFO - [2025-01-18T04:51:46.066+0000] {dagbag.py:588} INFO - Filling up the DagBag from /home/airflow/.local/lib/python3.12/site-packages/airflow/example_dags/example_branch_python_dop_operator_3.py
[2025-01-18T04:51:46.073+0000] {processor.py:925} INFO - DAG(s) 'example_branch_dop_operator_v3' retrieved from /home/airflow/.local/lib/python3.12/site-packages/airflow/example_dags/example_branch_python_dop_operator_3.py
[2025-01-18T04:51:46.121+0000] {logging_mixin.py:190} INFO - [2025-01-18T04:51:46.121+0000] {override.py:1911} INFO - Created Permission View: can edit on DAG:example_branch_dop_operator_v3
[2025-01-18T04:51:46.127+0000] {logging_mixin.py:190} INFO - [2025-01-18T04:51:46.127+0000] {override.py:1911} INFO - Created Permission View: can read on DAG:example_branch_dop_operator_v3
[2025-01-18T04:51:46.130+0000] {logging_mixin.py:190} INFO - [2025-01-18T04:51:46.130+0000] {override.py:1911} INFO - Created Permission View: can delete on DAG:example_branch_dop_operator_v3
[2025-01-18T04:51:46.133+0000] {logging_mixin.py:190} INFO - [2025-01-18T04:51:46.133+0000] {override.py:1911} INFO - Created Permission View: can create on DAG Run:example_branch_dop_operator_v3
[2025-01-18T04:51:46.136+0000] {logging_mixin.py:190} INFO - [2025-01-18T04:51:46.136+0000] {override.py:1911} INFO - Created Permission View: can read on DAG Run:example_branch_dop_operator_v3
[2025-01-18T04:51:46.138+0000] {logging_mixin.py:190} INFO - [2025-01-18T04:51:46.138+0000] {override.py:1911} INFO - Created Permission View: can delete on DAG Run:example_branch_dop_operator_v3
[2025-01-18T04:51:46.141+0000] {logging_mixin.py:190} INFO - [2025-01-18T04:51:46.141+0000] {override.py:1911} INFO - Created Permission View: menu access on DAG Run:example_branch_dop_operator_v3
[2025-01-18T04:51:46.141+0000] {logging_mixin.py:190} INFO - [2025-01-18T04:51:46.141+0000] {dag.py:3239} INFO - Sync 1 DAGs
[2025-01-18T04:51:46.148+0000] {logging_mixin.py:190} INFO - [2025-01-18T04:51:46.147+0000] {dag.py:3262} INFO - Creating ORM DAG for example_branch_dop_operator_v3
[2025-01-18T04:51:46.153+0000] {logging_mixin.py:190} INFO - [2025-01-18T04:51:46.153+0000] {dag.py:4180} INFO - Setting next_dagrun for example_branch_dop_operator_v3 to 2025-01-18 04:50:00+00:00, run_after=2025-01-18 04:51:00+00:00
[2025-01-18T04:51:46.161+0000] {processor.py:208} INFO - Processing /home/airflow/.local/lib/python3.12/site-packages/airflow/example_dags/example_branch_python_dop_operator_3.py took 0.101 seconds
[2025-01-18T04:52:16.411+0000] {processor.py:186} INFO - Started process (PID=157) to work on /home/airflow/.local/lib/python3.12/site-packages/airflow/example_dags/example_branch_python_dop_operator_3.py
[2025-01-18T04:52:16.412+0000] {processor.py:914} INFO - Processing file /home/airflow/.local/lib/python3.12/site-packages/airflow/example_dags/example_branch_python_dop_operator_3.py for tasks to queue
[2025-01-18T04:52:16.414+0000] {logging_mixin.py:190} INFO - [2025-01-18T04:52:16.414+0000] {dagbag.py:588} INFO - Filling up the DagBag from /home/airflow/.local/lib/python3.12/site-packages/airflow/example_dags/example_branch_python_dop_operator_3.py
[2025-01-18T04:52:16.420+0000] {processor.py:925} INFO - DAG(s) 'example_branch_dop_operator_v3' retrieved from /home/airflow/.local/lib/python3.12/site-packages/airflow/example_dags/example_branch_python_dop_operator_3.py
[2025-01-18T04:52:16.430+0000] {logging_mixin.py:190} INFO - [2025-01-18T04:52:16.430+0000] {dag.py:3239} INFO - Sync 1 DAGs
[2025-01-18T04:52:16.446+0000] {logging_mixin.py:190} INFO - [2025-01-18T04:52:16.445+0000] {dag.py:4180} INFO - Setting next_dagrun for example_branch_dop_operator_v3 to 2025-01-18 04:51:00+00:00, run_after=2025-01-18 04:52:00+00:00
[2025-01-18T04:52:16.454+0000] {processor.py:208} INFO - Processing /home/airflow/.local/lib/python3.12/site-packages/airflow/example_dags/example_branch_python_dop_operator_3.py took 0.046 seconds
[2025-01-18T04:52:47.172+0000] {processor.py:186} INFO - Started process (PID=220) to work on /home/airflow/.local/lib/python3.12/site-packages/airflow/example_dags/example_branch_python_dop_operator_3.py
[2025-01-18T04:52:47.172+0000] {processor.py:914} INFO - Processing file /home/airflow/.local/lib/python3.12/site-packages/airflow/example_dags/example_branch_python_dop_operator_3.py for tasks to queue
[2025-01-18T04:52:47.174+0000] {logging_mixin.py:190} INFO - [2025-01-18T04:52:47.174+0000] {dagbag.py:588} INFO - Filling up the DagBag from /home/airflow/.local/lib/python3.12/site-packages/airflow/example_dags/example_branch_python_dop_operator_3.py
[2025-01-18T04:52:47.180+0000] {processor.py:925} INFO - DAG(s) 'example_branch_dop_operator_v3' retrieved from /home/airflow/.local/lib/python3.12/site-packages/airflow/example_dags/example_branch_python_dop_operator_3.py
[2025-01-18T04:52:47.191+0000] {logging_mixin.py:190} INFO - [2025-01-18T04:52:47.191+0000] {dag.py:3239} INFO - Sync 1 DAGs
[2025-01-18T04:52:47.204+0000] {logging_mixin.py:190} INFO - [2025-01-18T04:52:47.204+0000] {dag.py:4180} INFO - Setting next_dagrun for example_branch_dop_operator_v3 to 2025-01-18 04:51:00+00:00, run_after=2025-01-18 04:52:00+00:00
[2025-01-18T04:52:47.214+0000] {processor.py:208} INFO - Processing /home/airflow/.local/lib/python3.12/site-packages/airflow/example_dags/example_branch_python_dop_operator_3.py took 0.045 seconds
[2025-01-18T04:53:18.041+0000] {processor.py:186} INFO - Started process (PID=283) to work on /home/airflow/.local/lib/python3.12/site-packages/airflow/example_dags/example_branch_python_dop_operator_3.py
[2025-01-18T04:53:18.042+0000] {processor.py:914} INFO - Processing file /home/airflow/.local/lib/python3.12/site-packages/airflow/example_dags/example_branch_python_dop_operator_3.py for tasks to queue
[2025-01-18T04:53:18.043+0000] {logging_mixin.py:190} INFO - [2025-01-18T04:53:18.043+0000] {dagbag.py:588} INFO - Filling up the DagBag from /home/airflow/.local/lib/python3.12/site-packages/airflow/example_dags/example_branch_python_dop_operator_3.py
[2025-01-18T04:53:18.049+0000] {processor.py:925} INFO - DAG(s) 'example_branch_dop_operator_v3' retrieved from /home/airflow/.local/lib/python3.12/site-packages/airflow/example_dags/example_branch_python_dop_operator_3.py
[2025-01-18T04:53:18.061+0000] {logging_mixin.py:190} INFO - [2025-01-18T04:53:18.061+0000] {dag.py:3239} INFO - Sync 1 DAGs
[2025-01-18T04:53:18.077+0000] {logging_mixin.py:190} INFO - [2025-01-18T04:53:18.077+0000] {dag.py:4180} INFO - Setting next_dagrun for example_branch_dop_operator_v3 to 2025-01-18 04:52:00+00:00, run_after=2025-01-18 04:53:00+00:00
[2025-01-18T04:53:18.086+0000] {processor.py:208} INFO - Processing /home/airflow/.local/lib/python3.12/site-packages/airflow/example_dags/example_branch_python_dop_operator_3.py took 0.048 seconds
[2025-01-18T04:53:48.687+0000] {processor.py:186} INFO - Started process (PID=346) to work on /home/airflow/.local/lib/python3.12/site-packages/airflow/example_dags/example_branch_python_dop_operator_3.py
[2025-01-18T04:53:48.688+0000] {processor.py:914} INFO - Processing file /home/airflow/.local/lib/python3.12/site-packages/airflow/example_dags/example_branch_python_dop_operator_3.py for tasks to queue
[2025-01-18T04:53:48.690+0000] {logging_mixin.py:190} INFO - [2025-01-18T04:53:48.690+0000] {dagbag.py:588} INFO - Filling up the DagBag from /home/airflow/.local/lib/python3.12/site-packages/airflow/example_dags/example_branch_python_dop_operator_3.py
[2025-01-18T04:53:48.695+0000] {processor.py:925} INFO - DAG(s) 'example_branch_dop_operator_v3' retrieved from /home/airflow/.local/lib/python3.12/site-packages/airflow/example_dags/example_branch_python_dop_operator_3.py
[2025-01-18T04:53:48.706+0000] {logging_mixin.py:190} INFO - [2025-01-18T04:53:48.706+0000] {dag.py:3239} INFO - Sync 1 DAGs
[2025-01-18T04:53:48.719+0000] {logging_mixin.py:190} INFO - [2025-01-18T04:53:48.718+0000] {dag.py:4180} INFO - Setting next_dagrun for example_branch_dop_operator_v3 to 2025-01-18 04:52:00+00:00, run_after=2025-01-18 04:53:00+00:00
[2025-01-18T04:53:48.728+0000] {processor.py:208} INFO - Processing /home/airflow/.local/lib/python3.12/site-packages/airflow/example_dags/example_branch_python_dop_operator_3.py took 0.044 seconds
[2025-01-18T04:54:19.628+0000] {processor.py:186} INFO - Started process (PID=409) to work on /home/airflow/.local/lib/python3.12/site-packages/airflow/example_dags/example_branch_python_dop_operator_3.py
[2025-01-18T04:54:19.630+0000] {processor.py:914} INFO - Processing file /home/airflow/.local/lib/python3.12/site-packages/airflow/example_dags/example_branch_python_dop_operator_3.py for tasks to queue
[2025-01-18T04:54:19.632+0000] {logging_mixin.py:190} INFO - [2025-01-18T04:54:19.632+0000] {dagbag.py:588} INFO - Filling up the DagBag from /home/airflow/.local/lib/python3.12/site-packages/airflow/example_dags/example_branch_python_dop_operator_3.py
[2025-01-18T04:54:19.637+0000] {processor.py:925} INFO - DAG(s) 'example_branch_dop_operator_v3' retrieved from /home/airflow/.local/lib/python3.12/site-packages/airflow/example_dags/example_branch_python_dop_operator_3.py
[2025-01-18T04:54:19.648+0000] {logging_mixin.py:190} INFO - [2025-01-18T04:54:19.648+0000] {dag.py:3239} INFO - Sync 1 DAGs
[2025-01-18T04:54:19.661+0000] {logging_mixin.py:190} INFO - [2025-01-18T04:54:19.661+0000] {dag.py:4180} INFO - Setting next_dagrun for example_branch_dop_operator_v3 to 2025-01-18 04:53:00+00:00, run_after=2025-01-18 04:54:00+00:00
[2025-01-18T04:54:19.671+0000] {processor.py:208} INFO - Processing /home/airflow/.local/lib/python3.12/site-packages/airflow/example_dags/example_branch_python_dop_operator_3.py took 0.046 seconds
[2025-01-18T04:54:50.417+0000] {processor.py:186} INFO - Started process (PID=472) to work on /home/airflow/.local/lib/python3.12/site-packages/airflow/example_dags/example_branch_python_dop_operator_3.py
[2025-01-18T04:54:50.418+0000] {processor.py:914} INFO - Processing file /home/airflow/.local/lib/python3.12/site-packages/airflow/example_dags/example_branch_python_dop_operator_3.py for tasks to queue
[2025-01-18T04:54:50.421+0000] {logging_mixin.py:190} INFO - [2025-01-18T04:54:50.421+0000] {dagbag.py:588} INFO - Filling up the DagBag from /home/airflow/.local/lib/python3.12/site-packages/airflow/example_dags/example_branch_python_dop_operator_3.py
[2025-01-18T04:54:50.428+0000] {processor.py:925} INFO - DAG(s) 'example_branch_dop_operator_v3' retrieved from /home/airflow/.local/lib/python3.12/site-packages/airflow/example_dags/example_branch_python_dop_operator_3.py
[2025-01-18T04:54:50.441+0000] {logging_mixin.py:190} INFO - [2025-01-18T04:54:50.440+0000] {dag.py:3239} INFO - Sync 1 DAGs
[2025-01-18T04:54:50.454+0000] {logging_mixin.py:190} INFO - [2025-01-18T04:54:50.454+0000] {dag.py:4180} INFO - Setting next_dagrun for example_branch_dop_operator_v3 to 2025-01-18 04:53:00+00:00, run_after=2025-01-18 04:54:00+00:00
[2025-01-18T04:54:50.465+0000] {processor.py:208} INFO - Processing /home/airflow/.local/lib/python3.12/site-packages/airflow/example_dags/example_branch_python_dop_operator_3.py took 0.051 seconds
[2025-01-18T04:55:21.407+0000] {processor.py:186} INFO - Started process (PID=535) to work on /home/airflow/.local/lib/python3.12/site-packages/airflow/example_dags/example_branch_python_dop_operator_3.py
[2025-01-18T04:55:21.408+0000] {processor.py:914} INFO - Processing file /home/airflow/.local/lib/python3.12/site-packages/airflow/example_dags/example_branch_python_dop_operator_3.py for tasks to queue
[2025-01-18T04:55:21.410+0000] {logging_mixin.py:190} INFO - [2025-01-18T04:55:21.409+0000] {dagbag.py:588} INFO - Filling up the DagBag from /home/airflow/.local/lib/python3.12/site-packages/airflow/example_dags/example_branch_python_dop_operator_3.py
[2025-01-18T04:55:21.416+0000] {processor.py:925} INFO - DAG(s) 'example_branch_dop_operator_v3' retrieved from /home/airflow/.local/lib/python3.12/site-packages/airflow/example_dags/example_branch_python_dop_operator_3.py
[2025-01-18T04:55:21.431+0000] {logging_mixin.py:190} INFO - [2025-01-18T04:55:21.430+0000] {dag.py:3239} INFO - Sync 1 DAGs
[2025-01-18T04:55:21.445+0000] {logging_mixin.py:190} INFO - [2025-01-18T04:55:21.445+0000] {dag.py:4180} INFO - Setting next_dagrun for example_branch_dop_operator_v3 to 2025-01-18 04:54:00+00:00, run_after=2025-01-18 04:55:00+00:00
[2025-01-18T04:55:21.457+0000] {processor.py:208} INFO - Processing /home/airflow/.local/lib/python3.12/site-packages/airflow/example_dags/example_branch_python_dop_operator_3.py took 0.055 seconds
[2025-01-18T04:55:52.369+0000] {processor.py:186} INFO - Started process (PID=598) to work on /home/airflow/.local/lib/python3.12/site-packages/airflow/example_dags/example_branch_python_dop_operator_3.py
[2025-01-18T04:55:52.369+0000] {processor.py:914} INFO - Processing file /home/airflow/.local/lib/python3.12/site-packages/airflow/example_dags/example_branch_python_dop_operator_3.py for tasks to queue
[2025-01-18T04:55:52.371+0000] {logging_mixin.py:190} INFO - [2025-01-18T04:55:52.371+0000] {dagbag.py:588} INFO - Filling up the DagBag from /home/airflow/.local/lib/python3.12/site-packages/airflow/example_dags/example_branch_python_dop_operator_3.py
[2025-01-18T04:55:52.378+0000] {processor.py:925} INFO - DAG(s) 'example_branch_dop_operator_v3' retrieved from /home/airflow/.local/lib/python3.12/site-packages/airflow/example_dags/example_branch_python_dop_operator_3.py
[2025-01-18T04:55:52.389+0000] {logging_mixin.py:190} INFO - [2025-01-18T04:55:52.389+0000] {dag.py:3239} INFO - Sync 1 DAGs
[2025-01-18T04:55:52.402+0000] {logging_mixin.py:190} INFO - [2025-01-18T04:55:52.401+0000] {dag.py:4180} INFO - Setting next_dagrun for example_branch_dop_operator_v3 to 2025-01-18 04:54:00+00:00, run_after=2025-01-18 04:55:00+00:00
[2025-01-18T04:55:52.412+0000] {processor.py:208} INFO - Processing /home/airflow/.local/lib/python3.12/site-packages/airflow/example_dags/example_branch_python_dop_operator_3.py took 0.047 seconds
[2025-01-18T04:56:23.072+0000] {processor.py:186} INFO - Started process (PID=661) to work on /home/airflow/.local/lib/python3.12/site-packages/airflow/example_dags/example_branch_python_dop_operator_3.py
[2025-01-18T04:56:23.076+0000] {processor.py:914} INFO - Processing file /home/airflow/.local/lib/python3.12/site-packages/airflow/example_dags/example_branch_python_dop_operator_3.py for tasks to queue
[2025-01-18T04:56:23.078+0000] {logging_mixin.py:190} INFO - [2025-01-18T04:56:23.078+0000] {dagbag.py:588} INFO - Filling up the DagBag from /home/airflow/.local/lib/python3.12/site-packages/airflow/example_dags/example_branch_python_dop_operator_3.py
[2025-01-18T04:56:23.083+0000] {processor.py:925} INFO - DAG(s) 'example_branch_dop_operator_v3' retrieved from /home/airflow/.local/lib/python3.12/site-packages/airflow/example_dags/example_branch_python_dop_operator_3.py
[2025-01-18T04:56:23.093+0000] {logging_mixin.py:190} INFO - [2025-01-18T04:56:23.093+0000] {dag.py:3239} INFO - Sync 1 DAGs
[2025-01-18T04:56:23.108+0000] {logging_mixin.py:190} INFO - [2025-01-18T04:56:23.108+0000] {dag.py:4180} INFO - Setting next_dagrun for example_branch_dop_operator_v3 to 2025-01-18 04:55:00+00:00, run_after=2025-01-18 04:56:00+00:00
[2025-01-18T04:56:23.118+0000] {processor.py:208} INFO - Processing /home/airflow/.local/lib/python3.12/site-packages/airflow/example_dags/example_branch_python_dop_operator_3.py took 0.049 seconds
[2025-01-18T04:56:54.005+0000] {processor.py:186} INFO - Started process (PID=724) to work on /home/airflow/.local/lib/python3.12/site-packages/airflow/example_dags/example_branch_python_dop_operator_3.py
[2025-01-18T04:56:54.006+0000] {processor.py:914} INFO - Processing file /home/airflow/.local/lib/python3.12/site-packages/airflow/example_dags/example_branch_python_dop_operator_3.py for tasks to queue
[2025-01-18T04:56:54.008+0000] {logging_mixin.py:190} INFO - [2025-01-18T04:56:54.008+0000] {dagbag.py:588} INFO - Filling up the DagBag from /home/airflow/.local/lib/python3.12/site-packages/airflow/example_dags/example_branch_python_dop_operator_3.py
[2025-01-18T04:56:54.014+0000] {processor.py:925} INFO - DAG(s) 'example_branch_dop_operator_v3' retrieved from /home/airflow/.local/lib/python3.12/site-packages/airflow/example_dags/example_branch_python_dop_operator_3.py
[2025-01-18T04:56:54.028+0000] {logging_mixin.py:190} INFO - [2025-01-18T04:56:54.027+0000] {dag.py:3239} INFO - Sync 1 DAGs
[2025-01-18T04:56:54.040+0000] {logging_mixin.py:190} INFO - [2025-01-18T04:56:54.040+0000] {dag.py:4180} INFO - Setting next_dagrun for example_branch_dop_operator_v3 to 2025-01-18 04:55:00+00:00, run_after=2025-01-18 04:56:00+00:00
[2025-01-18T04:56:54.056+0000] {processor.py:208} INFO - Processing /home/airflow/.local/lib/python3.12/site-packages/airflow/example_dags/example_branch_python_dop_operator_3.py took 0.054 seconds
[2025-01-18T04:57:24.701+0000] {processor.py:186} INFO - Started process (PID=794) to work on /home/airflow/.local/lib/python3.12/site-packages/airflow/example_dags/example_branch_python_dop_operator_3.py
[2025-01-18T04:57:24.701+0000] {processor.py:914} INFO - Processing file /home/airflow/.local/lib/python3.12/site-packages/airflow/example_dags/example_branch_python_dop_operator_3.py for tasks to queue
[2025-01-18T04:57:24.703+0000] {logging_mixin.py:190} INFO - [2025-01-18T04:57:24.703+0000] {dagbag.py:588} INFO - Filling up the DagBag from /home/airflow/.local/lib/python3.12/site-packages/airflow/example_dags/example_branch_python_dop_operator_3.py
[2025-01-18T04:57:24.708+0000] {processor.py:925} INFO - DAG(s) 'example_branch_dop_operator_v3' retrieved from /home/airflow/.local/lib/python3.12/site-packages/airflow/example_dags/example_branch_python_dop_operator_3.py
[2025-01-18T04:57:24.722+0000] {logging_mixin.py:190} INFO - [2025-01-18T04:57:24.722+0000] {dag.py:3239} INFO - Sync 1 DAGs
[2025-01-18T04:57:24.735+0000] {logging_mixin.py:190} INFO - [2025-01-18T04:57:24.735+0000] {dag.py:4180} INFO - Setting next_dagrun for example_branch_dop_operator_v3 to 2025-01-18 04:56:00+00:00, run_after=2025-01-18 04:57:00+00:00
[2025-01-18T04:57:24.751+0000] {processor.py:208} INFO - Processing /home/airflow/.local/lib/python3.12/site-packages/airflow/example_dags/example_branch_python_dop_operator_3.py took 0.053 seconds
[2025-01-18T04:57:55.573+0000] {processor.py:186} INFO - Started process (PID=857) to work on /home/airflow/.local/lib/python3.12/site-packages/airflow/example_dags/example_branch_python_dop_operator_3.py
[2025-01-18T04:57:55.575+0000] {processor.py:914} INFO - Processing file /home/airflow/.local/lib/python3.12/site-packages/airflow/example_dags/example_branch_python_dop_operator_3.py for tasks to queue
[2025-01-18T04:57:55.577+0000] {logging_mixin.py:190} INFO - [2025-01-18T04:57:55.577+0000] {dagbag.py:588} INFO - Filling up the DagBag from /home/airflow/.local/lib/python3.12/site-packages/airflow/example_dags/example_branch_python_dop_operator_3.py
[2025-01-18T04:57:55.582+0000] {processor.py:925} INFO - DAG(s) 'example_branch_dop_operator_v3' retrieved from /home/airflow/.local/lib/python3.12/site-packages/airflow/example_dags/example_branch_python_dop_operator_3.py
[2025-01-18T04:57:55.598+0000] {logging_mixin.py:190} INFO - [2025-01-18T04:57:55.598+0000] {dag.py:3239} INFO - Sync 1 DAGs
[2025-01-18T04:57:55.612+0000] {logging_mixin.py:190} INFO - [2025-01-18T04:57:55.612+0000] {dag.py:4180} INFO - Setting next_dagrun for example_branch_dop_operator_v3 to 2025-01-18 04:56:00+00:00, run_after=2025-01-18 04:57:00+00:00
[2025-01-18T04:57:55.626+0000] {processor.py:208} INFO - Processing /home/airflow/.local/lib/python3.12/site-packages/airflow/example_dags/example_branch_python_dop_operator_3.py took 0.056 seconds
[2025-01-18T04:58:26.493+0000] {processor.py:186} INFO - Started process (PID=920) to work on /home/airflow/.local/lib/python3.12/site-packages/airflow/example_dags/example_branch_python_dop_operator_3.py
[2025-01-18T04:58:26.493+0000] {processor.py:914} INFO - Processing file /home/airflow/.local/lib/python3.12/site-packages/airflow/example_dags/example_branch_python_dop_operator_3.py for tasks to queue
[2025-01-18T04:58:26.495+0000] {logging_mixin.py:190} INFO - [2025-01-18T04:58:26.495+0000] {dagbag.py:588} INFO - Filling up the DagBag from /home/airflow/.local/lib/python3.12/site-packages/airflow/example_dags/example_branch_python_dop_operator_3.py
[2025-01-18T04:58:26.500+0000] {processor.py:925} INFO - DAG(s) 'example_branch_dop_operator_v3' retrieved from /home/airflow/.local/lib/python3.12/site-packages/airflow/example_dags/example_branch_python_dop_operator_3.py
[2025-01-18T04:58:26.516+0000] {logging_mixin.py:190} INFO - [2025-01-18T04:58:26.516+0000] {dag.py:3239} INFO - Sync 1 DAGs
[2025-01-18T04:58:26.530+0000] {logging_mixin.py:190} INFO - [2025-01-18T04:58:26.530+0000] {dag.py:4180} INFO - Setting next_dagrun for example_branch_dop_operator_v3 to 2025-01-18 04:57:00+00:00, run_after=2025-01-18 04:58:00+00:00
[2025-01-18T04:58:26.545+0000] {processor.py:208} INFO - Processing /home/airflow/.local/lib/python3.12/site-packages/airflow/example_dags/example_branch_python_dop_operator_3.py took 0.055 seconds
[2025-01-18T04:58:57.377+0000] {processor.py:186} INFO - Started process (PID=983) to work on /home/airflow/.local/lib/python3.12/site-packages/airflow/example_dags/example_branch_python_dop_operator_3.py
[2025-01-18T04:58:57.378+0000] {processor.py:914} INFO - Processing file /home/airflow/.local/lib/python3.12/site-packages/airflow/example_dags/example_branch_python_dop_operator_3.py for tasks to queue
[2025-01-18T04:58:57.380+0000] {logging_mixin.py:190} INFO - [2025-01-18T04:58:57.380+0000] {dagbag.py:588} INFO - Filling up the DagBag from /home/airflow/.local/lib/python3.12/site-packages/airflow/example_dags/example_branch_python_dop_operator_3.py
[2025-01-18T04:58:57.385+0000] {processor.py:925} INFO - DAG(s) 'example_branch_dop_operator_v3' retrieved from /home/airflow/.local/lib/python3.12/site-packages/airflow/example_dags/example_branch_python_dop_operator_3.py
[2025-01-18T04:58:57.397+0000] {logging_mixin.py:190} INFO - [2025-01-18T04:58:57.396+0000] {dag.py:3239} INFO - Sync 1 DAGs
[2025-01-18T04:58:57.409+0000] {logging_mixin.py:190} INFO - [2025-01-18T04:58:57.409+0000] {dag.py:4180} INFO - Setting next_dagrun for example_branch_dop_operator_v3 to 2025-01-18 04:57:00+00:00, run_after=2025-01-18 04:58:00+00:00
[2025-01-18T04:58:57.418+0000] {processor.py:208} INFO - Processing /home/airflow/.local/lib/python3.12/site-packages/airflow/example_dags/example_branch_python_dop_operator_3.py took 0.044 seconds
[2025-01-18T04:59:28.403+0000] {processor.py:186} INFO - Started process (PID=1046) to work on /home/airflow/.local/lib/python3.12/site-packages/airflow/example_dags/example_branch_python_dop_operator_3.py
[2025-01-18T04:59:28.407+0000] {processor.py:914} INFO - Processing file /home/airflow/.local/lib/python3.12/site-packages/airflow/example_dags/example_branch_python_dop_operator_3.py for tasks to queue
[2025-01-18T04:59:28.409+0000] {logging_mixin.py:190} INFO - [2025-01-18T04:59:28.408+0000] {dagbag.py:588} INFO - Filling up the DagBag from /home/airflow/.local/lib/python3.12/site-packages/airflow/example_dags/example_branch_python_dop_operator_3.py
[2025-01-18T04:59:28.417+0000] {processor.py:925} INFO - DAG(s) 'example_branch_dop_operator_v3' retrieved from /home/airflow/.local/lib/python3.12/site-packages/airflow/example_dags/example_branch_python_dop_operator_3.py
[2025-01-18T04:59:28.430+0000] {logging_mixin.py:190} INFO - [2025-01-18T04:59:28.430+0000] {dag.py:3239} INFO - Sync 1 DAGs
[2025-01-18T04:59:28.445+0000] {logging_mixin.py:190} INFO - [2025-01-18T04:59:28.445+0000] {dag.py:4180} INFO - Setting next_dagrun for example_branch_dop_operator_v3 to 2025-01-18 04:58:00+00:00, run_after=2025-01-18 04:59:00+00:00
[2025-01-18T04:59:28.458+0000] {processor.py:208} INFO - Processing /home/airflow/.local/lib/python3.12/site-packages/airflow/example_dags/example_branch_python_dop_operator_3.py took 0.058 seconds
[2025-01-18T04:59:59.534+0000] {processor.py:186} INFO - Started process (PID=1109) to work on /home/airflow/.local/lib/python3.12/site-packages/airflow/example_dags/example_branch_python_dop_operator_3.py
[2025-01-18T04:59:59.534+0000] {processor.py:914} INFO - Processing file /home/airflow/.local/lib/python3.12/site-packages/airflow/example_dags/example_branch_python_dop_operator_3.py for tasks to queue
[2025-01-18T04:59:59.535+0000] {logging_mixin.py:190} INFO - [2025-01-18T04:59:59.535+0000] {dagbag.py:588} INFO - Filling up the DagBag from /home/airflow/.local/lib/python3.12/site-packages/airflow/example_dags/example_branch_python_dop_operator_3.py
[2025-01-18T04:59:59.541+0000] {processor.py:925} INFO - DAG(s) 'example_branch_dop_operator_v3' retrieved from /home/airflow/.local/lib/python3.12/site-packages/airflow/example_dags/example_branch_python_dop_operator_3.py
[2025-01-18T04:59:59.553+0000] {logging_mixin.py:190} INFO - [2025-01-18T04:59:59.553+0000] {dag.py:3239} INFO - Sync 1 DAGs
[2025-01-18T04:59:59.565+0000] {logging_mixin.py:190} INFO - [2025-01-18T04:59:59.565+0000] {dag.py:4180} INFO - Setting next_dagrun for example_branch_dop_operator_v3 to 2025-01-18 04:58:00+00:00, run_after=2025-01-18 04:59:00+00:00
[2025-01-18T04:59:59.576+0000] {processor.py:208} INFO - Processing /home/airflow/.local/lib/python3.12/site-packages/airflow/example_dags/example_branch_python_dop_operator_3.py took 0.046 seconds
