[2025-01-18T04:51:46.178+0000] {processor.py:186} INFO - Started process (PID=96) to work on /home/airflow/.local/lib/python3.12/site-packages/airflow/example_dags/example_python_operator.py
[2025-01-18T04:51:46.178+0000] {processor.py:914} INFO - Processing file /home/airflow/.local/lib/python3.12/site-packages/airflow/example_dags/example_python_operator.py for tasks to queue
[2025-01-18T04:51:46.180+0000] {logging_mixin.py:190} INFO - [2025-01-18T04:51:46.179+0000] {dagbag.py:588} INFO - Filling up the DagBag from /home/airflow/.local/lib/python3.12/site-packages/airflow/example_dags/example_python_operator.py
[2025-01-18T04:51:46.187+0000] {processor.py:925} INFO - DAG(s) 'example_python_operator' retrieved from /home/airflow/.local/lib/python3.12/site-packages/airflow/example_dags/example_python_operator.py
[2025-01-18T04:51:46.239+0000] {logging_mixin.py:190} INFO - [2025-01-18T04:51:46.238+0000] {override.py:1911} INFO - Created Permission View: can edit on DAG:example_python_operator
[2025-01-18T04:51:46.251+0000] {logging_mixin.py:190} INFO - [2025-01-18T04:51:46.251+0000] {override.py:1911} INFO - Created Permission View: can read on DAG:example_python_operator
[2025-01-18T04:51:46.257+0000] {logging_mixin.py:190} INFO - [2025-01-18T04:51:46.257+0000] {override.py:1911} INFO - Created Permission View: can delete on DAG:example_python_operator
[2025-01-18T04:51:46.265+0000] {logging_mixin.py:190} INFO - [2025-01-18T04:51:46.265+0000] {override.py:1911} INFO - Created Permission View: can create on DAG Run:example_python_operator
[2025-01-18T04:51:46.272+0000] {logging_mixin.py:190} INFO - [2025-01-18T04:51:46.272+0000] {override.py:1911} INFO - Created Permission View: can read on DAG Run:example_python_operator
[2025-01-18T04:51:46.280+0000] {logging_mixin.py:190} INFO - [2025-01-18T04:51:46.280+0000] {override.py:1911} INFO - Created Permission View: can delete on DAG Run:example_python_operator
[2025-01-18T04:51:46.286+0000] {logging_mixin.py:190} INFO - [2025-01-18T04:51:46.286+0000] {override.py:1911} INFO - Created Permission View: menu access on DAG Run:example_python_operator
[2025-01-18T04:51:46.286+0000] {logging_mixin.py:190} INFO - [2025-01-18T04:51:46.286+0000] {dag.py:3239} INFO - Sync 1 DAGs
[2025-01-18T04:51:46.295+0000] {logging_mixin.py:190} INFO - [2025-01-18T04:51:46.295+0000] {dag.py:3262} INFO - Creating ORM DAG for example_python_operator
[2025-01-18T04:51:46.296+0000] {logging_mixin.py:190} INFO - [2025-01-18T04:51:46.296+0000] {dag.py:4180} INFO - Setting next_dagrun for example_python_operator to None, run_after=None
[2025-01-18T04:51:46.306+0000] {processor.py:208} INFO - Processing /home/airflow/.local/lib/python3.12/site-packages/airflow/example_dags/example_python_operator.py took 0.131 seconds
[2025-01-18T04:52:16.422+0000] {processor.py:186} INFO - Started process (PID=158) to work on /home/airflow/.local/lib/python3.12/site-packages/airflow/example_dags/example_python_operator.py
[2025-01-18T04:52:16.423+0000] {processor.py:914} INFO - Processing file /home/airflow/.local/lib/python3.12/site-packages/airflow/example_dags/example_python_operator.py for tasks to queue
[2025-01-18T04:52:16.424+0000] {logging_mixin.py:190} INFO - [2025-01-18T04:52:16.424+0000] {dagbag.py:588} INFO - Filling up the DagBag from /home/airflow/.local/lib/python3.12/site-packages/airflow/example_dags/example_python_operator.py
[2025-01-18T04:52:16.431+0000] {processor.py:925} INFO - DAG(s) 'example_python_operator' retrieved from /home/airflow/.local/lib/python3.12/site-packages/airflow/example_dags/example_python_operator.py
[2025-01-18T04:52:16.446+0000] {logging_mixin.py:190} INFO - [2025-01-18T04:52:16.445+0000] {dag.py:3239} INFO - Sync 1 DAGs
[2025-01-18T04:52:16.453+0000] {logging_mixin.py:190} INFO - [2025-01-18T04:52:16.453+0000] {dag.py:4180} INFO - Setting next_dagrun for example_python_operator to None, run_after=None
[2025-01-18T04:52:16.463+0000] {processor.py:208} INFO - Processing /home/airflow/.local/lib/python3.12/site-packages/airflow/example_dags/example_python_operator.py took 0.044 seconds
[2025-01-18T04:52:47.193+0000] {processor.py:186} INFO - Started process (PID=221) to work on /home/airflow/.local/lib/python3.12/site-packages/airflow/example_dags/example_python_operator.py
[2025-01-18T04:52:47.195+0000] {processor.py:914} INFO - Processing file /home/airflow/.local/lib/python3.12/site-packages/airflow/example_dags/example_python_operator.py for tasks to queue
[2025-01-18T04:52:47.198+0000] {logging_mixin.py:190} INFO - [2025-01-18T04:52:47.198+0000] {dagbag.py:588} INFO - Filling up the DagBag from /home/airflow/.local/lib/python3.12/site-packages/airflow/example_dags/example_python_operator.py
[2025-01-18T04:52:47.205+0000] {processor.py:925} INFO - DAG(s) 'example_python_operator' retrieved from /home/airflow/.local/lib/python3.12/site-packages/airflow/example_dags/example_python_operator.py
[2025-01-18T04:52:47.216+0000] {logging_mixin.py:190} INFO - [2025-01-18T04:52:47.216+0000] {dag.py:3239} INFO - Sync 1 DAGs
[2025-01-18T04:52:47.223+0000] {logging_mixin.py:190} INFO - [2025-01-18T04:52:47.223+0000] {dag.py:4180} INFO - Setting next_dagrun for example_python_operator to None, run_after=None
[2025-01-18T04:52:47.233+0000] {processor.py:208} INFO - Processing /home/airflow/.local/lib/python3.12/site-packages/airflow/example_dags/example_python_operator.py took 0.043 seconds
[2025-01-18T04:53:18.076+0000] {processor.py:186} INFO - Started process (PID=284) to work on /home/airflow/.local/lib/python3.12/site-packages/airflow/example_dags/example_python_operator.py
[2025-01-18T04:53:18.077+0000] {processor.py:914} INFO - Processing file /home/airflow/.local/lib/python3.12/site-packages/airflow/example_dags/example_python_operator.py for tasks to queue
[2025-01-18T04:53:18.079+0000] {logging_mixin.py:190} INFO - [2025-01-18T04:53:18.079+0000] {dagbag.py:588} INFO - Filling up the DagBag from /home/airflow/.local/lib/python3.12/site-packages/airflow/example_dags/example_python_operator.py
[2025-01-18T04:53:18.086+0000] {processor.py:925} INFO - DAG(s) 'example_python_operator' retrieved from /home/airflow/.local/lib/python3.12/site-packages/airflow/example_dags/example_python_operator.py
[2025-01-18T04:53:18.097+0000] {logging_mixin.py:190} INFO - [2025-01-18T04:53:18.097+0000] {dag.py:3239} INFO - Sync 1 DAGs
[2025-01-18T04:53:18.104+0000] {logging_mixin.py:190} INFO - [2025-01-18T04:53:18.104+0000] {dag.py:4180} INFO - Setting next_dagrun for example_python_operator to None, run_after=None
[2025-01-18T04:53:18.113+0000] {processor.py:208} INFO - Processing /home/airflow/.local/lib/python3.12/site-packages/airflow/example_dags/example_python_operator.py took 0.039 seconds
[2025-01-18T04:53:48.718+0000] {processor.py:186} INFO - Started process (PID=347) to work on /home/airflow/.local/lib/python3.12/site-packages/airflow/example_dags/example_python_operator.py
[2025-01-18T04:53:48.719+0000] {processor.py:914} INFO - Processing file /home/airflow/.local/lib/python3.12/site-packages/airflow/example_dags/example_python_operator.py for tasks to queue
[2025-01-18T04:53:48.720+0000] {logging_mixin.py:190} INFO - [2025-01-18T04:53:48.720+0000] {dagbag.py:588} INFO - Filling up the DagBag from /home/airflow/.local/lib/python3.12/site-packages/airflow/example_dags/example_python_operator.py
[2025-01-18T04:53:48.727+0000] {processor.py:925} INFO - DAG(s) 'example_python_operator' retrieved from /home/airflow/.local/lib/python3.12/site-packages/airflow/example_dags/example_python_operator.py
[2025-01-18T04:53:48.739+0000] {logging_mixin.py:190} INFO - [2025-01-18T04:53:48.738+0000] {dag.py:3239} INFO - Sync 1 DAGs
[2025-01-18T04:53:48.745+0000] {logging_mixin.py:190} INFO - [2025-01-18T04:53:48.745+0000] {dag.py:4180} INFO - Setting next_dagrun for example_python_operator to None, run_after=None
[2025-01-18T04:53:48.754+0000] {processor.py:208} INFO - Processing /home/airflow/.local/lib/python3.12/site-packages/airflow/example_dags/example_python_operator.py took 0.040 seconds
[2025-01-18T04:54:19.664+0000] {processor.py:186} INFO - Started process (PID=410) to work on /home/airflow/.local/lib/python3.12/site-packages/airflow/example_dags/example_python_operator.py
[2025-01-18T04:54:19.664+0000] {processor.py:914} INFO - Processing file /home/airflow/.local/lib/python3.12/site-packages/airflow/example_dags/example_python_operator.py for tasks to queue
[2025-01-18T04:54:19.666+0000] {logging_mixin.py:190} INFO - [2025-01-18T04:54:19.666+0000] {dagbag.py:588} INFO - Filling up the DagBag from /home/airflow/.local/lib/python3.12/site-packages/airflow/example_dags/example_python_operator.py
[2025-01-18T04:54:19.673+0000] {processor.py:925} INFO - DAG(s) 'example_python_operator' retrieved from /home/airflow/.local/lib/python3.12/site-packages/airflow/example_dags/example_python_operator.py
[2025-01-18T04:54:19.693+0000] {logging_mixin.py:190} INFO - [2025-01-18T04:54:19.689+0000] {dag.py:3239} INFO - Sync 1 DAGs
[2025-01-18T04:54:19.701+0000] {logging_mixin.py:190} INFO - [2025-01-18T04:54:19.701+0000] {dag.py:4180} INFO - Setting next_dagrun for example_python_operator to None, run_after=None
[2025-01-18T04:54:19.711+0000] {processor.py:208} INFO - Processing /home/airflow/.local/lib/python3.12/site-packages/airflow/example_dags/example_python_operator.py took 0.051 seconds
[2025-01-18T04:54:50.458+0000] {processor.py:186} INFO - Started process (PID=473) to work on /home/airflow/.local/lib/python3.12/site-packages/airflow/example_dags/example_python_operator.py
[2025-01-18T04:54:50.459+0000] {processor.py:914} INFO - Processing file /home/airflow/.local/lib/python3.12/site-packages/airflow/example_dags/example_python_operator.py for tasks to queue
[2025-01-18T04:54:50.460+0000] {logging_mixin.py:190} INFO - [2025-01-18T04:54:50.460+0000] {dagbag.py:588} INFO - Filling up the DagBag from /home/airflow/.local/lib/python3.12/site-packages/airflow/example_dags/example_python_operator.py
[2025-01-18T04:54:50.467+0000] {processor.py:925} INFO - DAG(s) 'example_python_operator' retrieved from /home/airflow/.local/lib/python3.12/site-packages/airflow/example_dags/example_python_operator.py
[2025-01-18T04:54:50.486+0000] {logging_mixin.py:190} INFO - [2025-01-18T04:54:50.486+0000] {dag.py:3239} INFO - Sync 1 DAGs
[2025-01-18T04:54:50.493+0000] {logging_mixin.py:190} INFO - [2025-01-18T04:54:50.493+0000] {dag.py:4180} INFO - Setting next_dagrun for example_python_operator to None, run_after=None
[2025-01-18T04:54:50.504+0000] {processor.py:208} INFO - Processing /home/airflow/.local/lib/python3.12/site-packages/airflow/example_dags/example_python_operator.py took 0.050 seconds
[2025-01-18T04:55:21.434+0000] {processor.py:186} INFO - Started process (PID=536) to work on /home/airflow/.local/lib/python3.12/site-packages/airflow/example_dags/example_python_operator.py
[2025-01-18T04:55:21.435+0000] {processor.py:914} INFO - Processing file /home/airflow/.local/lib/python3.12/site-packages/airflow/example_dags/example_python_operator.py for tasks to queue
[2025-01-18T04:55:21.436+0000] {logging_mixin.py:190} INFO - [2025-01-18T04:55:21.436+0000] {dagbag.py:588} INFO - Filling up the DagBag from /home/airflow/.local/lib/python3.12/site-packages/airflow/example_dags/example_python_operator.py
[2025-01-18T04:55:21.443+0000] {processor.py:925} INFO - DAG(s) 'example_python_operator' retrieved from /home/airflow/.local/lib/python3.12/site-packages/airflow/example_dags/example_python_operator.py
[2025-01-18T04:55:21.457+0000] {logging_mixin.py:190} INFO - [2025-01-18T04:55:21.456+0000] {dag.py:3239} INFO - Sync 1 DAGs
[2025-01-18T04:55:21.465+0000] {logging_mixin.py:190} INFO - [2025-01-18T04:55:21.465+0000] {dag.py:4180} INFO - Setting next_dagrun for example_python_operator to None, run_after=None
[2025-01-18T04:55:21.478+0000] {processor.py:208} INFO - Processing /home/airflow/.local/lib/python3.12/site-packages/airflow/example_dags/example_python_operator.py took 0.047 seconds
[2025-01-18T04:55:52.397+0000] {processor.py:186} INFO - Started process (PID=599) to work on /home/airflow/.local/lib/python3.12/site-packages/airflow/example_dags/example_python_operator.py
[2025-01-18T04:55:52.398+0000] {processor.py:914} INFO - Processing file /home/airflow/.local/lib/python3.12/site-packages/airflow/example_dags/example_python_operator.py for tasks to queue
[2025-01-18T04:55:52.399+0000] {logging_mixin.py:190} INFO - [2025-01-18T04:55:52.399+0000] {dagbag.py:588} INFO - Filling up the DagBag from /home/airflow/.local/lib/python3.12/site-packages/airflow/example_dags/example_python_operator.py
[2025-01-18T04:55:52.406+0000] {processor.py:925} INFO - DAG(s) 'example_python_operator' retrieved from /home/airflow/.local/lib/python3.12/site-packages/airflow/example_dags/example_python_operator.py
[2025-01-18T04:55:52.417+0000] {logging_mixin.py:190} INFO - [2025-01-18T04:55:52.417+0000] {dag.py:3239} INFO - Sync 1 DAGs
[2025-01-18T04:55:52.426+0000] {logging_mixin.py:190} INFO - [2025-01-18T04:55:52.426+0000] {dag.py:4180} INFO - Setting next_dagrun for example_python_operator to None, run_after=None
[2025-01-18T04:55:52.437+0000] {processor.py:208} INFO - Processing /home/airflow/.local/lib/python3.12/site-packages/airflow/example_dags/example_python_operator.py took 0.043 seconds
[2025-01-18T04:56:23.111+0000] {processor.py:186} INFO - Started process (PID=662) to work on /home/airflow/.local/lib/python3.12/site-packages/airflow/example_dags/example_python_operator.py
[2025-01-18T04:56:23.112+0000] {processor.py:914} INFO - Processing file /home/airflow/.local/lib/python3.12/site-packages/airflow/example_dags/example_python_operator.py for tasks to queue
[2025-01-18T04:56:23.114+0000] {logging_mixin.py:190} INFO - [2025-01-18T04:56:23.114+0000] {dagbag.py:588} INFO - Filling up the DagBag from /home/airflow/.local/lib/python3.12/site-packages/airflow/example_dags/example_python_operator.py
[2025-01-18T04:56:23.121+0000] {processor.py:925} INFO - DAG(s) 'example_python_operator' retrieved from /home/airflow/.local/lib/python3.12/site-packages/airflow/example_dags/example_python_operator.py
[2025-01-18T04:56:23.132+0000] {logging_mixin.py:190} INFO - [2025-01-18T04:56:23.132+0000] {dag.py:3239} INFO - Sync 1 DAGs
[2025-01-18T04:56:23.139+0000] {logging_mixin.py:190} INFO - [2025-01-18T04:56:23.139+0000] {dag.py:4180} INFO - Setting next_dagrun for example_python_operator to None, run_after=None
[2025-01-18T04:56:23.151+0000] {processor.py:208} INFO - Processing /home/airflow/.local/lib/python3.12/site-packages/airflow/example_dags/example_python_operator.py took 0.043 seconds
[2025-01-18T04:56:54.044+0000] {processor.py:186} INFO - Started process (PID=725) to work on /home/airflow/.local/lib/python3.12/site-packages/airflow/example_dags/example_python_operator.py
[2025-01-18T04:56:54.045+0000] {processor.py:914} INFO - Processing file /home/airflow/.local/lib/python3.12/site-packages/airflow/example_dags/example_python_operator.py for tasks to queue
[2025-01-18T04:56:54.047+0000] {logging_mixin.py:190} INFO - [2025-01-18T04:56:54.047+0000] {dagbag.py:588} INFO - Filling up the DagBag from /home/airflow/.local/lib/python3.12/site-packages/airflow/example_dags/example_python_operator.py
[2025-01-18T04:56:54.054+0000] {processor.py:925} INFO - DAG(s) 'example_python_operator' retrieved from /home/airflow/.local/lib/python3.12/site-packages/airflow/example_dags/example_python_operator.py
[2025-01-18T04:56:54.068+0000] {logging_mixin.py:190} INFO - [2025-01-18T04:56:54.068+0000] {dag.py:3239} INFO - Sync 1 DAGs
[2025-01-18T04:56:54.075+0000] {logging_mixin.py:190} INFO - [2025-01-18T04:56:54.075+0000] {dag.py:4180} INFO - Setting next_dagrun for example_python_operator to None, run_after=None
[2025-01-18T04:56:54.090+0000] {processor.py:208} INFO - Processing /home/airflow/.local/lib/python3.12/site-packages/airflow/example_dags/example_python_operator.py took 0.049 seconds
[2025-01-18T04:57:24.737+0000] {processor.py:186} INFO - Started process (PID=795) to work on /home/airflow/.local/lib/python3.12/site-packages/airflow/example_dags/example_python_operator.py
[2025-01-18T04:57:24.737+0000] {processor.py:914} INFO - Processing file /home/airflow/.local/lib/python3.12/site-packages/airflow/example_dags/example_python_operator.py for tasks to queue
[2025-01-18T04:57:24.740+0000] {logging_mixin.py:190} INFO - [2025-01-18T04:57:24.739+0000] {dagbag.py:588} INFO - Filling up the DagBag from /home/airflow/.local/lib/python3.12/site-packages/airflow/example_dags/example_python_operator.py
[2025-01-18T04:57:24.747+0000] {processor.py:925} INFO - DAG(s) 'example_python_operator' retrieved from /home/airflow/.local/lib/python3.12/site-packages/airflow/example_dags/example_python_operator.py
[2025-01-18T04:57:24.762+0000] {logging_mixin.py:190} INFO - [2025-01-18T04:57:24.761+0000] {dag.py:3239} INFO - Sync 1 DAGs
[2025-01-18T04:57:24.769+0000] {logging_mixin.py:190} INFO - [2025-01-18T04:57:24.769+0000] {dag.py:4180} INFO - Setting next_dagrun for example_python_operator to None, run_after=None
[2025-01-18T04:57:24.786+0000] {processor.py:208} INFO - Processing /home/airflow/.local/lib/python3.12/site-packages/airflow/example_dags/example_python_operator.py took 0.052 seconds
[2025-01-18T04:57:55.612+0000] {processor.py:186} INFO - Started process (PID=858) to work on /home/airflow/.local/lib/python3.12/site-packages/airflow/example_dags/example_python_operator.py
[2025-01-18T04:57:55.612+0000] {processor.py:914} INFO - Processing file /home/airflow/.local/lib/python3.12/site-packages/airflow/example_dags/example_python_operator.py for tasks to queue
[2025-01-18T04:57:55.614+0000] {logging_mixin.py:190} INFO - [2025-01-18T04:57:55.614+0000] {dagbag.py:588} INFO - Filling up the DagBag from /home/airflow/.local/lib/python3.12/site-packages/airflow/example_dags/example_python_operator.py
[2025-01-18T04:57:55.622+0000] {processor.py:925} INFO - DAG(s) 'example_python_operator' retrieved from /home/airflow/.local/lib/python3.12/site-packages/airflow/example_dags/example_python_operator.py
[2025-01-18T04:57:55.637+0000] {logging_mixin.py:190} INFO - [2025-01-18T04:57:55.637+0000] {dag.py:3239} INFO - Sync 1 DAGs
[2025-01-18T04:57:55.644+0000] {logging_mixin.py:190} INFO - [2025-01-18T04:57:55.644+0000] {dag.py:4180} INFO - Setting next_dagrun for example_python_operator to None, run_after=None
[2025-01-18T04:57:55.661+0000] {processor.py:208} INFO - Processing /home/airflow/.local/lib/python3.12/site-packages/airflow/example_dags/example_python_operator.py took 0.052 seconds
[2025-01-18T04:58:26.503+0000] {processor.py:186} INFO - Started process (PID=921) to work on /home/airflow/.local/lib/python3.12/site-packages/airflow/example_dags/example_python_operator.py
[2025-01-18T04:58:26.504+0000] {processor.py:914} INFO - Processing file /home/airflow/.local/lib/python3.12/site-packages/airflow/example_dags/example_python_operator.py for tasks to queue
[2025-01-18T04:58:26.505+0000] {logging_mixin.py:190} INFO - [2025-01-18T04:58:26.505+0000] {dagbag.py:588} INFO - Filling up the DagBag from /home/airflow/.local/lib/python3.12/site-packages/airflow/example_dags/example_python_operator.py
[2025-01-18T04:58:26.513+0000] {processor.py:925} INFO - DAG(s) 'example_python_operator' retrieved from /home/airflow/.local/lib/python3.12/site-packages/airflow/example_dags/example_python_operator.py
[2025-01-18T04:58:26.527+0000] {logging_mixin.py:190} INFO - [2025-01-18T04:58:26.527+0000] {dag.py:3239} INFO - Sync 1 DAGs
[2025-01-18T04:58:26.534+0000] {logging_mixin.py:190} INFO - [2025-01-18T04:58:26.534+0000] {dag.py:4180} INFO - Setting next_dagrun for example_python_operator to None, run_after=None
[2025-01-18T04:58:26.550+0000] {processor.py:208} INFO - Processing /home/airflow/.local/lib/python3.12/site-packages/airflow/example_dags/example_python_operator.py took 0.050 seconds
[2025-01-18T04:58:57.432+0000] {processor.py:186} INFO - Started process (PID=984) to work on /home/airflow/.local/lib/python3.12/site-packages/airflow/example_dags/example_python_operator.py
[2025-01-18T04:58:57.435+0000] {processor.py:914} INFO - Processing file /home/airflow/.local/lib/python3.12/site-packages/airflow/example_dags/example_python_operator.py for tasks to queue
[2025-01-18T04:58:57.438+0000] {logging_mixin.py:190} INFO - [2025-01-18T04:58:57.437+0000] {dagbag.py:588} INFO - Filling up the DagBag from /home/airflow/.local/lib/python3.12/site-packages/airflow/example_dags/example_python_operator.py
[2025-01-18T04:58:57.445+0000] {processor.py:925} INFO - DAG(s) 'example_python_operator' retrieved from /home/airflow/.local/lib/python3.12/site-packages/airflow/example_dags/example_python_operator.py
[2025-01-18T04:58:57.458+0000] {logging_mixin.py:190} INFO - [2025-01-18T04:58:57.458+0000] {dag.py:3239} INFO - Sync 1 DAGs
[2025-01-18T04:58:57.466+0000] {logging_mixin.py:190} INFO - [2025-01-18T04:58:57.466+0000] {dag.py:4180} INFO - Setting next_dagrun for example_python_operator to None, run_after=None
[2025-01-18T04:58:57.480+0000] {processor.py:208} INFO - Processing /home/airflow/.local/lib/python3.12/site-packages/airflow/example_dags/example_python_operator.py took 0.052 seconds
[2025-01-18T04:59:28.406+0000] {processor.py:186} INFO - Started process (PID=1047) to work on /home/airflow/.local/lib/python3.12/site-packages/airflow/example_dags/example_python_operator.py
[2025-01-18T04:59:28.406+0000] {processor.py:914} INFO - Processing file /home/airflow/.local/lib/python3.12/site-packages/airflow/example_dags/example_python_operator.py for tasks to queue
[2025-01-18T04:59:28.409+0000] {logging_mixin.py:190} INFO - [2025-01-18T04:59:28.409+0000] {dagbag.py:588} INFO - Filling up the DagBag from /home/airflow/.local/lib/python3.12/site-packages/airflow/example_dags/example_python_operator.py
[2025-01-18T04:59:28.421+0000] {processor.py:925} INFO - DAG(s) 'example_python_operator' retrieved from /home/airflow/.local/lib/python3.12/site-packages/airflow/example_dags/example_python_operator.py
[2025-01-18T04:59:28.436+0000] {logging_mixin.py:190} INFO - [2025-01-18T04:59:28.436+0000] {dag.py:3239} INFO - Sync 1 DAGs
[2025-01-18T04:59:28.443+0000] {logging_mixin.py:190} INFO - [2025-01-18T04:59:28.443+0000] {dag.py:4180} INFO - Setting next_dagrun for example_python_operator to None, run_after=None
[2025-01-18T04:59:28.454+0000] {processor.py:208} INFO - Processing /home/airflow/.local/lib/python3.12/site-packages/airflow/example_dags/example_python_operator.py took 0.051 seconds
[2025-01-18T04:59:59.545+0000] {processor.py:186} INFO - Started process (PID=1110) to work on /home/airflow/.local/lib/python3.12/site-packages/airflow/example_dags/example_python_operator.py
[2025-01-18T04:59:59.546+0000] {processor.py:914} INFO - Processing file /home/airflow/.local/lib/python3.12/site-packages/airflow/example_dags/example_python_operator.py for tasks to queue
[2025-01-18T04:59:59.548+0000] {logging_mixin.py:190} INFO - [2025-01-18T04:59:59.548+0000] {dagbag.py:588} INFO - Filling up the DagBag from /home/airflow/.local/lib/python3.12/site-packages/airflow/example_dags/example_python_operator.py
[2025-01-18T04:59:59.555+0000] {processor.py:925} INFO - DAG(s) 'example_python_operator' retrieved from /home/airflow/.local/lib/python3.12/site-packages/airflow/example_dags/example_python_operator.py
[2025-01-18T04:59:59.572+0000] {logging_mixin.py:190} INFO - [2025-01-18T04:59:59.571+0000] {dag.py:3239} INFO - Sync 1 DAGs
[2025-01-18T04:59:59.578+0000] {logging_mixin.py:190} INFO - [2025-01-18T04:59:59.578+0000] {dag.py:4180} INFO - Setting next_dagrun for example_python_operator to None, run_after=None
[2025-01-18T04:59:59.587+0000] {processor.py:208} INFO - Processing /home/airflow/.local/lib/python3.12/site-packages/airflow/example_dags/example_python_operator.py took 0.045 seconds
