[2025-01-18T04:51:42.732+0000] {processor.py:186} INFO - Started process (PID=55) to work on /home/airflow/.local/lib/python3.12/site-packages/airflow/example_dags/example_dataset_alias.py
[2025-01-18T04:51:42.736+0000] {processor.py:914} INFO - Processing file /home/airflow/.local/lib/python3.12/site-packages/airflow/example_dags/example_dataset_alias.py for tasks to queue
[2025-01-18T04:51:42.738+0000] {logging_mixin.py:190} INFO - [2025-01-18T04:51:42.738+0000] {dagbag.py:588} INFO - Filling up the DagBag from /home/airflow/.local/lib/python3.12/site-packages/airflow/example_dags/example_dataset_alias.py
[2025-01-18T04:51:43.795+0000] {processor.py:925} INFO - DAG(s) 'dataset_s3_bucket_consumer', 'dataset_s3_bucket_producer', 'dataset_alias_example_alias_consumer', 'dataset_alias_example_alias_producer' retrieved from /home/airflow/.local/lib/python3.12/site-packages/airflow/example_dags/example_dataset_alias.py
[2025-01-18T04:51:43.835+0000] {logging_mixin.py:190} INFO - [2025-01-18T04:51:43.835+0000] {override.py:1911} INFO - Created Permission View: can edit on DAG:dataset_s3_bucket_consumer
[2025-01-18T04:51:43.840+0000] {logging_mixin.py:190} INFO - [2025-01-18T04:51:43.840+0000] {override.py:1911} INFO - Created Permission View: can read on DAG:dataset_s3_bucket_consumer
[2025-01-18T04:51:43.843+0000] {logging_mixin.py:190} INFO - [2025-01-18T04:51:43.843+0000] {override.py:1911} INFO - Created Permission View: can delete on DAG:dataset_s3_bucket_consumer
[2025-01-18T04:51:43.846+0000] {logging_mixin.py:190} INFO - [2025-01-18T04:51:43.846+0000] {override.py:1911} INFO - Created Permission View: can create on DAG Run:dataset_s3_bucket_consumer
[2025-01-18T04:51:43.849+0000] {logging_mixin.py:190} INFO - [2025-01-18T04:51:43.848+0000] {override.py:1911} INFO - Created Permission View: can read on DAG Run:dataset_s3_bucket_consumer
[2025-01-18T04:51:43.851+0000] {logging_mixin.py:190} INFO - [2025-01-18T04:51:43.851+0000] {override.py:1911} INFO - Created Permission View: can delete on DAG Run:dataset_s3_bucket_consumer
[2025-01-18T04:51:43.853+0000] {logging_mixin.py:190} INFO - [2025-01-18T04:51:43.853+0000] {override.py:1911} INFO - Created Permission View: menu access on DAG Run:dataset_s3_bucket_consumer
[2025-01-18T04:51:43.859+0000] {logging_mixin.py:190} INFO - [2025-01-18T04:51:43.859+0000] {override.py:1911} INFO - Created Permission View: can edit on DAG:dataset_s3_bucket_producer
[2025-01-18T04:51:43.862+0000] {logging_mixin.py:190} INFO - [2025-01-18T04:51:43.862+0000] {override.py:1911} INFO - Created Permission View: can read on DAG:dataset_s3_bucket_producer
[2025-01-18T04:51:43.865+0000] {logging_mixin.py:190} INFO - [2025-01-18T04:51:43.864+0000] {override.py:1911} INFO - Created Permission View: can delete on DAG:dataset_s3_bucket_producer
[2025-01-18T04:51:43.867+0000] {logging_mixin.py:190} INFO - [2025-01-18T04:51:43.867+0000] {override.py:1911} INFO - Created Permission View: can create on DAG Run:dataset_s3_bucket_producer
[2025-01-18T04:51:43.870+0000] {logging_mixin.py:190} INFO - [2025-01-18T04:51:43.870+0000] {override.py:1911} INFO - Created Permission View: can read on DAG Run:dataset_s3_bucket_producer
[2025-01-18T04:51:43.873+0000] {logging_mixin.py:190} INFO - [2025-01-18T04:51:43.873+0000] {override.py:1911} INFO - Created Permission View: can delete on DAG Run:dataset_s3_bucket_producer
[2025-01-18T04:51:43.876+0000] {logging_mixin.py:190} INFO - [2025-01-18T04:51:43.876+0000] {override.py:1911} INFO - Created Permission View: menu access on DAG Run:dataset_s3_bucket_producer
[2025-01-18T04:51:43.882+0000] {logging_mixin.py:190} INFO - [2025-01-18T04:51:43.881+0000] {override.py:1911} INFO - Created Permission View: can edit on DAG:dataset_alias_example_alias_consumer
[2025-01-18T04:51:43.884+0000] {logging_mixin.py:190} INFO - [2025-01-18T04:51:43.884+0000] {override.py:1911} INFO - Created Permission View: can read on DAG:dataset_alias_example_alias_consumer
[2025-01-18T04:51:43.887+0000] {logging_mixin.py:190} INFO - [2025-01-18T04:51:43.887+0000] {override.py:1911} INFO - Created Permission View: can delete on DAG:dataset_alias_example_alias_consumer
[2025-01-18T04:51:43.890+0000] {logging_mixin.py:190} INFO - [2025-01-18T04:51:43.890+0000] {override.py:1911} INFO - Created Permission View: can create on DAG Run:dataset_alias_example_alias_consumer
[2025-01-18T04:51:43.893+0000] {logging_mixin.py:190} INFO - [2025-01-18T04:51:43.892+0000] {override.py:1911} INFO - Created Permission View: can read on DAG Run:dataset_alias_example_alias_consumer
[2025-01-18T04:51:43.895+0000] {logging_mixin.py:190} INFO - [2025-01-18T04:51:43.895+0000] {override.py:1911} INFO - Created Permission View: can delete on DAG Run:dataset_alias_example_alias_consumer
[2025-01-18T04:51:43.899+0000] {logging_mixin.py:190} INFO - [2025-01-18T04:51:43.898+0000] {override.py:1911} INFO - Created Permission View: menu access on DAG Run:dataset_alias_example_alias_consumer
[2025-01-18T04:51:43.906+0000] {logging_mixin.py:190} INFO - [2025-01-18T04:51:43.906+0000] {override.py:1911} INFO - Created Permission View: can edit on DAG:dataset_alias_example_alias_producer
[2025-01-18T04:51:43.910+0000] {logging_mixin.py:190} INFO - [2025-01-18T04:51:43.910+0000] {override.py:1911} INFO - Created Permission View: can read on DAG:dataset_alias_example_alias_producer
[2025-01-18T04:51:43.913+0000] {logging_mixin.py:190} INFO - [2025-01-18T04:51:43.913+0000] {override.py:1911} INFO - Created Permission View: can delete on DAG:dataset_alias_example_alias_producer
[2025-01-18T04:51:43.917+0000] {logging_mixin.py:190} INFO - [2025-01-18T04:51:43.917+0000] {override.py:1911} INFO - Created Permission View: can create on DAG Run:dataset_alias_example_alias_producer
[2025-01-18T04:51:43.920+0000] {logging_mixin.py:190} INFO - [2025-01-18T04:51:43.920+0000] {override.py:1911} INFO - Created Permission View: can read on DAG Run:dataset_alias_example_alias_producer
[2025-01-18T04:51:43.924+0000] {logging_mixin.py:190} INFO - [2025-01-18T04:51:43.924+0000] {override.py:1911} INFO - Created Permission View: can delete on DAG Run:dataset_alias_example_alias_producer
[2025-01-18T04:51:43.926+0000] {logging_mixin.py:190} INFO - [2025-01-18T04:51:43.926+0000] {override.py:1911} INFO - Created Permission View: menu access on DAG Run:dataset_alias_example_alias_producer
[2025-01-18T04:51:43.927+0000] {logging_mixin.py:190} INFO - [2025-01-18T04:51:43.927+0000] {dag.py:3239} INFO - Sync 4 DAGs
[2025-01-18T04:51:43.933+0000] {logging_mixin.py:190} INFO - [2025-01-18T04:51:43.933+0000] {dag.py:3262} INFO - Creating ORM DAG for dataset_alias_example_alias_producer
[2025-01-18T04:51:43.933+0000] {logging_mixin.py:190} INFO - [2025-01-18T04:51:43.933+0000] {dag.py:3262} INFO - Creating ORM DAG for dataset_s3_bucket_producer
[2025-01-18T04:51:43.934+0000] {logging_mixin.py:190} INFO - [2025-01-18T04:51:43.933+0000] {dag.py:3262} INFO - Creating ORM DAG for dataset_s3_bucket_consumer
[2025-01-18T04:51:43.934+0000] {logging_mixin.py:190} INFO - [2025-01-18T04:51:43.934+0000] {dag.py:3262} INFO - Creating ORM DAG for dataset_alias_example_alias_consumer
[2025-01-18T04:51:43.938+0000] {logging_mixin.py:190} INFO - [2025-01-18T04:51:43.938+0000] {dag.py:4180} INFO - Setting next_dagrun for dataset_alias_example_alias_consumer to None, run_after=None
[2025-01-18T04:51:43.939+0000] {logging_mixin.py:190} INFO - [2025-01-18T04:51:43.938+0000] {dag.py:4180} INFO - Setting next_dagrun for dataset_alias_example_alias_producer to None, run_after=None
[2025-01-18T04:51:43.939+0000] {logging_mixin.py:190} INFO - [2025-01-18T04:51:43.939+0000] {dag.py:4180} INFO - Setting next_dagrun for dataset_s3_bucket_consumer to None, run_after=None
[2025-01-18T04:51:43.939+0000] {logging_mixin.py:190} INFO - [2025-01-18T04:51:43.939+0000] {dag.py:4180} INFO - Setting next_dagrun for dataset_s3_bucket_producer to None, run_after=None
[2025-01-18T04:51:43.954+0000] {processor.py:208} INFO - Processing /home/airflow/.local/lib/python3.12/site-packages/airflow/example_dags/example_dataset_alias.py took 1.226 seconds
[2025-01-18T04:52:14.969+0000] {processor.py:186} INFO - Started process (PID=126) to work on /home/airflow/.local/lib/python3.12/site-packages/airflow/example_dags/example_dataset_alias.py
[2025-01-18T04:52:14.970+0000] {processor.py:914} INFO - Processing file /home/airflow/.local/lib/python3.12/site-packages/airflow/example_dags/example_dataset_alias.py for tasks to queue
[2025-01-18T04:52:14.971+0000] {logging_mixin.py:190} INFO - [2025-01-18T04:52:14.971+0000] {dagbag.py:588} INFO - Filling up the DagBag from /home/airflow/.local/lib/python3.12/site-packages/airflow/example_dags/example_dataset_alias.py
[2025-01-18T04:52:15.320+0000] {processor.py:925} INFO - DAG(s) 'dataset_s3_bucket_consumer', 'dataset_alias_example_alias_producer', 'dataset_alias_example_alias_consumer', 'dataset_s3_bucket_producer' retrieved from /home/airflow/.local/lib/python3.12/site-packages/airflow/example_dags/example_dataset_alias.py
[2025-01-18T04:52:15.333+0000] {logging_mixin.py:190} INFO - [2025-01-18T04:52:15.332+0000] {dag.py:3239} INFO - Sync 4 DAGs
[2025-01-18T04:52:15.343+0000] {logging_mixin.py:190} INFO - [2025-01-18T04:52:15.343+0000] {dag.py:4180} INFO - Setting next_dagrun for dataset_alias_example_alias_consumer to None, run_after=None
[2025-01-18T04:52:15.346+0000] {logging_mixin.py:190} INFO - [2025-01-18T04:52:15.346+0000] {dag.py:4180} INFO - Setting next_dagrun for dataset_alias_example_alias_producer to None, run_after=None
[2025-01-18T04:52:15.347+0000] {logging_mixin.py:190} INFO - [2025-01-18T04:52:15.347+0000] {dag.py:4180} INFO - Setting next_dagrun for dataset_s3_bucket_consumer to None, run_after=None
[2025-01-18T04:52:15.348+0000] {logging_mixin.py:190} INFO - [2025-01-18T04:52:15.348+0000] {dag.py:4180} INFO - Setting next_dagrun for dataset_s3_bucket_producer to None, run_after=None
[2025-01-18T04:52:15.358+0000] {processor.py:208} INFO - Processing /home/airflow/.local/lib/python3.12/site-packages/airflow/example_dags/example_dataset_alias.py took 0.392 seconds
[2025-01-18T04:52:45.736+0000] {processor.py:186} INFO - Started process (PID=189) to work on /home/airflow/.local/lib/python3.12/site-packages/airflow/example_dags/example_dataset_alias.py
[2025-01-18T04:52:45.737+0000] {processor.py:914} INFO - Processing file /home/airflow/.local/lib/python3.12/site-packages/airflow/example_dags/example_dataset_alias.py for tasks to queue
[2025-01-18T04:52:45.738+0000] {logging_mixin.py:190} INFO - [2025-01-18T04:52:45.738+0000] {dagbag.py:588} INFO - Filling up the DagBag from /home/airflow/.local/lib/python3.12/site-packages/airflow/example_dags/example_dataset_alias.py
[2025-01-18T04:52:46.035+0000] {processor.py:925} INFO - DAG(s) 'dataset_alias_example_alias_producer', 'dataset_s3_bucket_producer', 'dataset_alias_example_alias_consumer', 'dataset_s3_bucket_consumer' retrieved from /home/airflow/.local/lib/python3.12/site-packages/airflow/example_dags/example_dataset_alias.py
[2025-01-18T04:52:46.046+0000] {logging_mixin.py:190} INFO - [2025-01-18T04:52:46.046+0000] {dag.py:3239} INFO - Sync 4 DAGs
[2025-01-18T04:52:46.056+0000] {logging_mixin.py:190} INFO - [2025-01-18T04:52:46.056+0000] {dag.py:4180} INFO - Setting next_dagrun for dataset_alias_example_alias_consumer to None, run_after=None
[2025-01-18T04:52:46.059+0000] {logging_mixin.py:190} INFO - [2025-01-18T04:52:46.059+0000] {dag.py:4180} INFO - Setting next_dagrun for dataset_alias_example_alias_producer to None, run_after=None
[2025-01-18T04:52:46.060+0000] {logging_mixin.py:190} INFO - [2025-01-18T04:52:46.060+0000] {dag.py:4180} INFO - Setting next_dagrun for dataset_s3_bucket_consumer to None, run_after=None
[2025-01-18T04:52:46.061+0000] {logging_mixin.py:190} INFO - [2025-01-18T04:52:46.061+0000] {dag.py:4180} INFO - Setting next_dagrun for dataset_s3_bucket_producer to None, run_after=None
[2025-01-18T04:52:46.073+0000] {processor.py:208} INFO - Processing /home/airflow/.local/lib/python3.12/site-packages/airflow/example_dags/example_dataset_alias.py took 0.340 seconds
[2025-01-18T04:53:16.604+0000] {processor.py:186} INFO - Started process (PID=252) to work on /home/airflow/.local/lib/python3.12/site-packages/airflow/example_dags/example_dataset_alias.py
[2025-01-18T04:53:16.606+0000] {processor.py:914} INFO - Processing file /home/airflow/.local/lib/python3.12/site-packages/airflow/example_dags/example_dataset_alias.py for tasks to queue
[2025-01-18T04:53:16.608+0000] {logging_mixin.py:190} INFO - [2025-01-18T04:53:16.608+0000] {dagbag.py:588} INFO - Filling up the DagBag from /home/airflow/.local/lib/python3.12/site-packages/airflow/example_dags/example_dataset_alias.py
[2025-01-18T04:53:16.926+0000] {processor.py:925} INFO - DAG(s) 'dataset_s3_bucket_consumer', 'dataset_s3_bucket_producer', 'dataset_alias_example_alias_producer', 'dataset_alias_example_alias_consumer' retrieved from /home/airflow/.local/lib/python3.12/site-packages/airflow/example_dags/example_dataset_alias.py
[2025-01-18T04:53:16.938+0000] {logging_mixin.py:190} INFO - [2025-01-18T04:53:16.938+0000] {dag.py:3239} INFO - Sync 4 DAGs
[2025-01-18T04:53:16.946+0000] {logging_mixin.py:190} INFO - [2025-01-18T04:53:16.946+0000] {dag.py:4180} INFO - Setting next_dagrun for dataset_alias_example_alias_consumer to None, run_after=None
[2025-01-18T04:53:16.948+0000] {logging_mixin.py:190} INFO - [2025-01-18T04:53:16.948+0000] {dag.py:4180} INFO - Setting next_dagrun for dataset_alias_example_alias_producer to None, run_after=None
[2025-01-18T04:53:16.949+0000] {logging_mixin.py:190} INFO - [2025-01-18T04:53:16.948+0000] {dag.py:4180} INFO - Setting next_dagrun for dataset_s3_bucket_consumer to None, run_after=None
[2025-01-18T04:53:16.949+0000] {logging_mixin.py:190} INFO - [2025-01-18T04:53:16.949+0000] {dag.py:4180} INFO - Setting next_dagrun for dataset_s3_bucket_producer to None, run_after=None
[2025-01-18T04:53:16.958+0000] {processor.py:208} INFO - Processing /home/airflow/.local/lib/python3.12/site-packages/airflow/example_dags/example_dataset_alias.py took 0.361 seconds
[2025-01-18T04:53:47.334+0000] {processor.py:186} INFO - Started process (PID=315) to work on /home/airflow/.local/lib/python3.12/site-packages/airflow/example_dags/example_dataset_alias.py
[2025-01-18T04:53:47.336+0000] {processor.py:914} INFO - Processing file /home/airflow/.local/lib/python3.12/site-packages/airflow/example_dags/example_dataset_alias.py for tasks to queue
[2025-01-18T04:53:47.338+0000] {logging_mixin.py:190} INFO - [2025-01-18T04:53:47.338+0000] {dagbag.py:588} INFO - Filling up the DagBag from /home/airflow/.local/lib/python3.12/site-packages/airflow/example_dags/example_dataset_alias.py
[2025-01-18T04:53:47.637+0000] {processor.py:925} INFO - DAG(s) 'dataset_alias_example_alias_producer', 'dataset_s3_bucket_consumer', 'dataset_s3_bucket_producer', 'dataset_alias_example_alias_consumer' retrieved from /home/airflow/.local/lib/python3.12/site-packages/airflow/example_dags/example_dataset_alias.py
[2025-01-18T04:53:47.647+0000] {logging_mixin.py:190} INFO - [2025-01-18T04:53:47.647+0000] {dag.py:3239} INFO - Sync 4 DAGs
[2025-01-18T04:53:47.657+0000] {logging_mixin.py:190} INFO - [2025-01-18T04:53:47.657+0000] {dag.py:4180} INFO - Setting next_dagrun for dataset_alias_example_alias_consumer to None, run_after=None
[2025-01-18T04:53:47.659+0000] {logging_mixin.py:190} INFO - [2025-01-18T04:53:47.659+0000] {dag.py:4180} INFO - Setting next_dagrun for dataset_alias_example_alias_producer to None, run_after=None
[2025-01-18T04:53:47.660+0000] {logging_mixin.py:190} INFO - [2025-01-18T04:53:47.660+0000] {dag.py:4180} INFO - Setting next_dagrun for dataset_s3_bucket_consumer to None, run_after=None
[2025-01-18T04:53:47.661+0000] {logging_mixin.py:190} INFO - [2025-01-18T04:53:47.661+0000] {dag.py:4180} INFO - Setting next_dagrun for dataset_s3_bucket_producer to None, run_after=None
[2025-01-18T04:53:47.672+0000] {processor.py:208} INFO - Processing /home/airflow/.local/lib/python3.12/site-packages/airflow/example_dags/example_dataset_alias.py took 0.345 seconds
[2025-01-18T04:54:18.115+0000] {processor.py:186} INFO - Started process (PID=378) to work on /home/airflow/.local/lib/python3.12/site-packages/airflow/example_dags/example_dataset_alias.py
[2025-01-18T04:54:18.117+0000] {processor.py:914} INFO - Processing file /home/airflow/.local/lib/python3.12/site-packages/airflow/example_dags/example_dataset_alias.py for tasks to queue
[2025-01-18T04:54:18.120+0000] {logging_mixin.py:190} INFO - [2025-01-18T04:54:18.120+0000] {dagbag.py:588} INFO - Filling up the DagBag from /home/airflow/.local/lib/python3.12/site-packages/airflow/example_dags/example_dataset_alias.py
[2025-01-18T04:54:18.430+0000] {processor.py:925} INFO - DAG(s) 'dataset_alias_example_alias_producer', 'dataset_s3_bucket_consumer', 'dataset_alias_example_alias_consumer', 'dataset_s3_bucket_producer' retrieved from /home/airflow/.local/lib/python3.12/site-packages/airflow/example_dags/example_dataset_alias.py
[2025-01-18T04:54:18.440+0000] {logging_mixin.py:190} INFO - [2025-01-18T04:54:18.440+0000] {dag.py:3239} INFO - Sync 4 DAGs
[2025-01-18T04:54:18.450+0000] {logging_mixin.py:190} INFO - [2025-01-18T04:54:18.450+0000] {dag.py:4180} INFO - Setting next_dagrun for dataset_alias_example_alias_consumer to None, run_after=None
[2025-01-18T04:54:18.452+0000] {logging_mixin.py:190} INFO - [2025-01-18T04:54:18.452+0000] {dag.py:4180} INFO - Setting next_dagrun for dataset_alias_example_alias_producer to None, run_after=None
[2025-01-18T04:54:18.454+0000] {logging_mixin.py:190} INFO - [2025-01-18T04:54:18.454+0000] {dag.py:4180} INFO - Setting next_dagrun for dataset_s3_bucket_consumer to None, run_after=None
[2025-01-18T04:54:18.455+0000] {logging_mixin.py:190} INFO - [2025-01-18T04:54:18.455+0000] {dag.py:4180} INFO - Setting next_dagrun for dataset_s3_bucket_producer to None, run_after=None
[2025-01-18T04:54:18.465+0000] {processor.py:208} INFO - Processing /home/airflow/.local/lib/python3.12/site-packages/airflow/example_dags/example_dataset_alias.py took 0.356 seconds
[2025-01-18T04:54:48.926+0000] {processor.py:186} INFO - Started process (PID=441) to work on /home/airflow/.local/lib/python3.12/site-packages/airflow/example_dags/example_dataset_alias.py
[2025-01-18T04:54:48.927+0000] {processor.py:914} INFO - Processing file /home/airflow/.local/lib/python3.12/site-packages/airflow/example_dags/example_dataset_alias.py for tasks to queue
[2025-01-18T04:54:48.929+0000] {logging_mixin.py:190} INFO - [2025-01-18T04:54:48.928+0000] {dagbag.py:588} INFO - Filling up the DagBag from /home/airflow/.local/lib/python3.12/site-packages/airflow/example_dags/example_dataset_alias.py
[2025-01-18T04:54:49.219+0000] {processor.py:925} INFO - DAG(s) 'dataset_s3_bucket_producer', 'dataset_alias_example_alias_producer', 'dataset_alias_example_alias_consumer', 'dataset_s3_bucket_consumer' retrieved from /home/airflow/.local/lib/python3.12/site-packages/airflow/example_dags/example_dataset_alias.py
[2025-01-18T04:54:49.229+0000] {logging_mixin.py:190} INFO - [2025-01-18T04:54:49.228+0000] {dag.py:3239} INFO - Sync 4 DAGs
[2025-01-18T04:54:49.238+0000] {logging_mixin.py:190} INFO - [2025-01-18T04:54:49.238+0000] {dag.py:4180} INFO - Setting next_dagrun for dataset_alias_example_alias_consumer to None, run_after=None
[2025-01-18T04:54:49.243+0000] {logging_mixin.py:190} INFO - [2025-01-18T04:54:49.243+0000] {dag.py:4180} INFO - Setting next_dagrun for dataset_alias_example_alias_producer to None, run_after=None
[2025-01-18T04:54:49.244+0000] {logging_mixin.py:190} INFO - [2025-01-18T04:54:49.244+0000] {dag.py:4180} INFO - Setting next_dagrun for dataset_s3_bucket_consumer to None, run_after=None
[2025-01-18T04:54:49.244+0000] {logging_mixin.py:190} INFO - [2025-01-18T04:54:49.244+0000] {dag.py:4180} INFO - Setting next_dagrun for dataset_s3_bucket_producer to None, run_after=None
[2025-01-18T04:54:49.256+0000] {processor.py:208} INFO - Processing /home/airflow/.local/lib/python3.12/site-packages/airflow/example_dags/example_dataset_alias.py took 0.338 seconds
[2025-01-18T04:55:19.910+0000] {processor.py:186} INFO - Started process (PID=504) to work on /home/airflow/.local/lib/python3.12/site-packages/airflow/example_dags/example_dataset_alias.py
[2025-01-18T04:55:19.911+0000] {processor.py:914} INFO - Processing file /home/airflow/.local/lib/python3.12/site-packages/airflow/example_dags/example_dataset_alias.py for tasks to queue
[2025-01-18T04:55:19.913+0000] {logging_mixin.py:190} INFO - [2025-01-18T04:55:19.913+0000] {dagbag.py:588} INFO - Filling up the DagBag from /home/airflow/.local/lib/python3.12/site-packages/airflow/example_dags/example_dataset_alias.py
[2025-01-18T04:55:20.206+0000] {processor.py:925} INFO - DAG(s) 'dataset_s3_bucket_producer', 'dataset_s3_bucket_consumer', 'dataset_alias_example_alias_producer', 'dataset_alias_example_alias_consumer' retrieved from /home/airflow/.local/lib/python3.12/site-packages/airflow/example_dags/example_dataset_alias.py
[2025-01-18T04:55:20.216+0000] {logging_mixin.py:190} INFO - [2025-01-18T04:55:20.216+0000] {dag.py:3239} INFO - Sync 4 DAGs
[2025-01-18T04:55:20.226+0000] {logging_mixin.py:190} INFO - [2025-01-18T04:55:20.226+0000] {dag.py:4180} INFO - Setting next_dagrun for dataset_alias_example_alias_consumer to None, run_after=None
[2025-01-18T04:55:20.228+0000] {logging_mixin.py:190} INFO - [2025-01-18T04:55:20.228+0000] {dag.py:4180} INFO - Setting next_dagrun for dataset_alias_example_alias_producer to None, run_after=None
[2025-01-18T04:55:20.232+0000] {logging_mixin.py:190} INFO - [2025-01-18T04:55:20.232+0000] {dag.py:4180} INFO - Setting next_dagrun for dataset_s3_bucket_consumer to None, run_after=None
[2025-01-18T04:55:20.233+0000] {logging_mixin.py:190} INFO - [2025-01-18T04:55:20.233+0000] {dag.py:4180} INFO - Setting next_dagrun for dataset_s3_bucket_producer to None, run_after=None
[2025-01-18T04:55:20.243+0000] {processor.py:208} INFO - Processing /home/airflow/.local/lib/python3.12/site-packages/airflow/example_dags/example_dataset_alias.py took 0.338 seconds
[2025-01-18T04:55:50.909+0000] {processor.py:186} INFO - Started process (PID=567) to work on /home/airflow/.local/lib/python3.12/site-packages/airflow/example_dags/example_dataset_alias.py
[2025-01-18T04:55:50.910+0000] {processor.py:914} INFO - Processing file /home/airflow/.local/lib/python3.12/site-packages/airflow/example_dags/example_dataset_alias.py for tasks to queue
[2025-01-18T04:55:50.913+0000] {logging_mixin.py:190} INFO - [2025-01-18T04:55:50.913+0000] {dagbag.py:588} INFO - Filling up the DagBag from /home/airflow/.local/lib/python3.12/site-packages/airflow/example_dags/example_dataset_alias.py
[2025-01-18T04:55:51.211+0000] {processor.py:925} INFO - DAG(s) 'dataset_s3_bucket_consumer', 'dataset_s3_bucket_producer', 'dataset_alias_example_alias_consumer', 'dataset_alias_example_alias_producer' retrieved from /home/airflow/.local/lib/python3.12/site-packages/airflow/example_dags/example_dataset_alias.py
[2025-01-18T04:55:51.220+0000] {logging_mixin.py:190} INFO - [2025-01-18T04:55:51.220+0000] {dag.py:3239} INFO - Sync 4 DAGs
[2025-01-18T04:55:51.230+0000] {logging_mixin.py:190} INFO - [2025-01-18T04:55:51.230+0000] {dag.py:4180} INFO - Setting next_dagrun for dataset_alias_example_alias_consumer to None, run_after=None
[2025-01-18T04:55:51.232+0000] {logging_mixin.py:190} INFO - [2025-01-18T04:55:51.232+0000] {dag.py:4180} INFO - Setting next_dagrun for dataset_alias_example_alias_producer to None, run_after=None
[2025-01-18T04:55:51.236+0000] {logging_mixin.py:190} INFO - [2025-01-18T04:55:51.236+0000] {dag.py:4180} INFO - Setting next_dagrun for dataset_s3_bucket_consumer to None, run_after=None
[2025-01-18T04:55:51.237+0000] {logging_mixin.py:190} INFO - [2025-01-18T04:55:51.237+0000] {dag.py:4180} INFO - Setting next_dagrun for dataset_s3_bucket_producer to None, run_after=None
[2025-01-18T04:55:51.247+0000] {processor.py:208} INFO - Processing /home/airflow/.local/lib/python3.12/site-packages/airflow/example_dags/example_dataset_alias.py took 0.345 seconds
[2025-01-18T04:56:21.696+0000] {processor.py:186} INFO - Started process (PID=630) to work on /home/airflow/.local/lib/python3.12/site-packages/airflow/example_dags/example_dataset_alias.py
[2025-01-18T04:56:21.698+0000] {processor.py:914} INFO - Processing file /home/airflow/.local/lib/python3.12/site-packages/airflow/example_dags/example_dataset_alias.py for tasks to queue
[2025-01-18T04:56:21.703+0000] {logging_mixin.py:190} INFO - [2025-01-18T04:56:21.703+0000] {dagbag.py:588} INFO - Filling up the DagBag from /home/airflow/.local/lib/python3.12/site-packages/airflow/example_dags/example_dataset_alias.py
[2025-01-18T04:56:22.009+0000] {processor.py:925} INFO - DAG(s) 'dataset_alias_example_alias_producer', 'dataset_s3_bucket_producer', 'dataset_s3_bucket_consumer', 'dataset_alias_example_alias_consumer' retrieved from /home/airflow/.local/lib/python3.12/site-packages/airflow/example_dags/example_dataset_alias.py
[2025-01-18T04:56:22.024+0000] {logging_mixin.py:190} INFO - [2025-01-18T04:56:22.023+0000] {dag.py:3239} INFO - Sync 4 DAGs
[2025-01-18T04:56:22.036+0000] {logging_mixin.py:190} INFO - [2025-01-18T04:56:22.035+0000] {dag.py:4180} INFO - Setting next_dagrun for dataset_alias_example_alias_consumer to None, run_after=None
[2025-01-18T04:56:22.037+0000] {logging_mixin.py:190} INFO - [2025-01-18T04:56:22.037+0000] {dag.py:4180} INFO - Setting next_dagrun for dataset_alias_example_alias_producer to None, run_after=None
[2025-01-18T04:56:22.039+0000] {logging_mixin.py:190} INFO - [2025-01-18T04:56:22.039+0000] {dag.py:4180} INFO - Setting next_dagrun for dataset_s3_bucket_consumer to None, run_after=None
[2025-01-18T04:56:22.040+0000] {logging_mixin.py:190} INFO - [2025-01-18T04:56:22.040+0000] {dag.py:4180} INFO - Setting next_dagrun for dataset_s3_bucket_producer to None, run_after=None
[2025-01-18T04:56:22.052+0000] {processor.py:208} INFO - Processing /home/airflow/.local/lib/python3.12/site-packages/airflow/example_dags/example_dataset_alias.py took 0.363 seconds
[2025-01-18T04:56:52.504+0000] {processor.py:186} INFO - Started process (PID=693) to work on /home/airflow/.local/lib/python3.12/site-packages/airflow/example_dags/example_dataset_alias.py
[2025-01-18T04:56:52.507+0000] {processor.py:914} INFO - Processing file /home/airflow/.local/lib/python3.12/site-packages/airflow/example_dags/example_dataset_alias.py for tasks to queue
[2025-01-18T04:56:52.510+0000] {logging_mixin.py:190} INFO - [2025-01-18T04:56:52.510+0000] {dagbag.py:588} INFO - Filling up the DagBag from /home/airflow/.local/lib/python3.12/site-packages/airflow/example_dags/example_dataset_alias.py
[2025-01-18T04:56:52.845+0000] {processor.py:925} INFO - DAG(s) 'dataset_s3_bucket_consumer', 'dataset_alias_example_alias_producer', 'dataset_s3_bucket_producer', 'dataset_alias_example_alias_consumer' retrieved from /home/airflow/.local/lib/python3.12/site-packages/airflow/example_dags/example_dataset_alias.py
[2025-01-18T04:56:52.861+0000] {logging_mixin.py:190} INFO - [2025-01-18T04:56:52.861+0000] {dag.py:3239} INFO - Sync 4 DAGs
[2025-01-18T04:56:52.875+0000] {logging_mixin.py:190} INFO - [2025-01-18T04:56:52.875+0000] {dag.py:4180} INFO - Setting next_dagrun for dataset_alias_example_alias_consumer to None, run_after=None
[2025-01-18T04:56:52.879+0000] {logging_mixin.py:190} INFO - [2025-01-18T04:56:52.879+0000] {dag.py:4180} INFO - Setting next_dagrun for dataset_alias_example_alias_producer to None, run_after=None
[2025-01-18T04:56:52.881+0000] {logging_mixin.py:190} INFO - [2025-01-18T04:56:52.881+0000] {dag.py:4180} INFO - Setting next_dagrun for dataset_s3_bucket_consumer to None, run_after=None
[2025-01-18T04:56:52.881+0000] {logging_mixin.py:190} INFO - [2025-01-18T04:56:52.881+0000] {dag.py:4180} INFO - Setting next_dagrun for dataset_s3_bucket_producer to None, run_after=None
[2025-01-18T04:56:52.899+0000] {processor.py:208} INFO - Processing /home/airflow/.local/lib/python3.12/site-packages/airflow/example_dags/example_dataset_alias.py took 0.398 seconds
[2025-01-18T04:57:23.269+0000] {processor.py:186} INFO - Started process (PID=763) to work on /home/airflow/.local/lib/python3.12/site-packages/airflow/example_dags/example_dataset_alias.py
[2025-01-18T04:57:23.271+0000] {processor.py:914} INFO - Processing file /home/airflow/.local/lib/python3.12/site-packages/airflow/example_dags/example_dataset_alias.py for tasks to queue
[2025-01-18T04:57:23.274+0000] {logging_mixin.py:190} INFO - [2025-01-18T04:57:23.273+0000] {dagbag.py:588} INFO - Filling up the DagBag from /home/airflow/.local/lib/python3.12/site-packages/airflow/example_dags/example_dataset_alias.py
[2025-01-18T04:57:23.585+0000] {processor.py:925} INFO - DAG(s) 'dataset_s3_bucket_consumer', 'dataset_s3_bucket_producer', 'dataset_alias_example_alias_consumer', 'dataset_alias_example_alias_producer' retrieved from /home/airflow/.local/lib/python3.12/site-packages/airflow/example_dags/example_dataset_alias.py
[2025-01-18T04:57:23.601+0000] {logging_mixin.py:190} INFO - [2025-01-18T04:57:23.601+0000] {dag.py:3239} INFO - Sync 4 DAGs
[2025-01-18T04:57:23.612+0000] {logging_mixin.py:190} INFO - [2025-01-18T04:57:23.612+0000] {dag.py:4180} INFO - Setting next_dagrun for dataset_alias_example_alias_consumer to None, run_after=None
[2025-01-18T04:57:23.617+0000] {logging_mixin.py:190} INFO - [2025-01-18T04:57:23.616+0000] {dag.py:4180} INFO - Setting next_dagrun for dataset_alias_example_alias_producer to None, run_after=None
[2025-01-18T04:57:23.617+0000] {logging_mixin.py:190} INFO - [2025-01-18T04:57:23.617+0000] {dag.py:4180} INFO - Setting next_dagrun for dataset_s3_bucket_consumer to None, run_after=None
[2025-01-18T04:57:23.618+0000] {logging_mixin.py:190} INFO - [2025-01-18T04:57:23.618+0000] {dag.py:4180} INFO - Setting next_dagrun for dataset_s3_bucket_producer to None, run_after=None
[2025-01-18T04:57:23.632+0000] {processor.py:208} INFO - Processing /home/airflow/.local/lib/python3.12/site-packages/airflow/example_dags/example_dataset_alias.py took 0.370 seconds
[2025-01-18T04:57:54.096+0000] {processor.py:186} INFO - Started process (PID=826) to work on /home/airflow/.local/lib/python3.12/site-packages/airflow/example_dags/example_dataset_alias.py
[2025-01-18T04:57:54.097+0000] {processor.py:914} INFO - Processing file /home/airflow/.local/lib/python3.12/site-packages/airflow/example_dags/example_dataset_alias.py for tasks to queue
[2025-01-18T04:57:54.101+0000] {logging_mixin.py:190} INFO - [2025-01-18T04:57:54.101+0000] {dagbag.py:588} INFO - Filling up the DagBag from /home/airflow/.local/lib/python3.12/site-packages/airflow/example_dags/example_dataset_alias.py
[2025-01-18T04:57:54.420+0000] {processor.py:925} INFO - DAG(s) 'dataset_s3_bucket_producer', 'dataset_alias_example_alias_producer', 'dataset_s3_bucket_consumer', 'dataset_alias_example_alias_consumer' retrieved from /home/airflow/.local/lib/python3.12/site-packages/airflow/example_dags/example_dataset_alias.py
[2025-01-18T04:57:54.434+0000] {logging_mixin.py:190} INFO - [2025-01-18T04:57:54.434+0000] {dag.py:3239} INFO - Sync 4 DAGs
[2025-01-18T04:57:54.445+0000] {logging_mixin.py:190} INFO - [2025-01-18T04:57:54.445+0000] {dag.py:4180} INFO - Setting next_dagrun for dataset_alias_example_alias_consumer to None, run_after=None
[2025-01-18T04:57:54.448+0000] {logging_mixin.py:190} INFO - [2025-01-18T04:57:54.448+0000] {dag.py:4180} INFO - Setting next_dagrun for dataset_alias_example_alias_producer to None, run_after=None
[2025-01-18T04:57:54.448+0000] {logging_mixin.py:190} INFO - [2025-01-18T04:57:54.448+0000] {dag.py:4180} INFO - Setting next_dagrun for dataset_s3_bucket_consumer to None, run_after=None
[2025-01-18T04:57:54.449+0000] {logging_mixin.py:190} INFO - [2025-01-18T04:57:54.449+0000] {dag.py:4180} INFO - Setting next_dagrun for dataset_s3_bucket_producer to None, run_after=None
[2025-01-18T04:57:54.461+0000] {processor.py:208} INFO - Processing /home/airflow/.local/lib/python3.12/site-packages/airflow/example_dags/example_dataset_alias.py took 0.371 seconds
[2025-01-18T04:58:24.986+0000] {processor.py:186} INFO - Started process (PID=889) to work on /home/airflow/.local/lib/python3.12/site-packages/airflow/example_dags/example_dataset_alias.py
[2025-01-18T04:58:24.988+0000] {processor.py:914} INFO - Processing file /home/airflow/.local/lib/python3.12/site-packages/airflow/example_dags/example_dataset_alias.py for tasks to queue
[2025-01-18T04:58:24.991+0000] {logging_mixin.py:190} INFO - [2025-01-18T04:58:24.991+0000] {dagbag.py:588} INFO - Filling up the DagBag from /home/airflow/.local/lib/python3.12/site-packages/airflow/example_dags/example_dataset_alias.py
[2025-01-18T04:58:25.298+0000] {processor.py:925} INFO - DAG(s) 'dataset_alias_example_alias_producer', 'dataset_alias_example_alias_consumer', 'dataset_s3_bucket_producer', 'dataset_s3_bucket_consumer' retrieved from /home/airflow/.local/lib/python3.12/site-packages/airflow/example_dags/example_dataset_alias.py
[2025-01-18T04:58:25.316+0000] {logging_mixin.py:190} INFO - [2025-01-18T04:58:25.316+0000] {dag.py:3239} INFO - Sync 4 DAGs
[2025-01-18T04:58:25.328+0000] {logging_mixin.py:190} INFO - [2025-01-18T04:58:25.328+0000] {dag.py:4180} INFO - Setting next_dagrun for dataset_alias_example_alias_consumer to None, run_after=None
[2025-01-18T04:58:25.330+0000] {logging_mixin.py:190} INFO - [2025-01-18T04:58:25.330+0000] {dag.py:4180} INFO - Setting next_dagrun for dataset_alias_example_alias_producer to None, run_after=None
[2025-01-18T04:58:25.331+0000] {logging_mixin.py:190} INFO - [2025-01-18T04:58:25.331+0000] {dag.py:4180} INFO - Setting next_dagrun for dataset_s3_bucket_consumer to None, run_after=None
[2025-01-18T04:58:25.332+0000] {logging_mixin.py:190} INFO - [2025-01-18T04:58:25.332+0000] {dag.py:4180} INFO - Setting next_dagrun for dataset_s3_bucket_producer to None, run_after=None
[2025-01-18T04:58:25.348+0000] {processor.py:208} INFO - Processing /home/airflow/.local/lib/python3.12/site-packages/airflow/example_dags/example_dataset_alias.py took 0.369 seconds
[2025-01-18T04:58:55.935+0000] {processor.py:186} INFO - Started process (PID=952) to work on /home/airflow/.local/lib/python3.12/site-packages/airflow/example_dags/example_dataset_alias.py
[2025-01-18T04:58:55.935+0000] {processor.py:914} INFO - Processing file /home/airflow/.local/lib/python3.12/site-packages/airflow/example_dags/example_dataset_alias.py for tasks to queue
[2025-01-18T04:58:55.937+0000] {logging_mixin.py:190} INFO - [2025-01-18T04:58:55.937+0000] {dagbag.py:588} INFO - Filling up the DagBag from /home/airflow/.local/lib/python3.12/site-packages/airflow/example_dags/example_dataset_alias.py
[2025-01-18T04:58:56.242+0000] {processor.py:925} INFO - DAG(s) 'dataset_s3_bucket_consumer', 'dataset_alias_example_alias_consumer', 'dataset_s3_bucket_producer', 'dataset_alias_example_alias_producer' retrieved from /home/airflow/.local/lib/python3.12/site-packages/airflow/example_dags/example_dataset_alias.py
[2025-01-18T04:58:56.253+0000] {logging_mixin.py:190} INFO - [2025-01-18T04:58:56.252+0000] {dag.py:3239} INFO - Sync 4 DAGs
[2025-01-18T04:58:56.264+0000] {logging_mixin.py:190} INFO - [2025-01-18T04:58:56.264+0000] {dag.py:4180} INFO - Setting next_dagrun for dataset_alias_example_alias_consumer to None, run_after=None
[2025-01-18T04:58:56.267+0000] {logging_mixin.py:190} INFO - [2025-01-18T04:58:56.267+0000] {dag.py:4180} INFO - Setting next_dagrun for dataset_alias_example_alias_producer to None, run_after=None
[2025-01-18T04:58:56.269+0000] {logging_mixin.py:190} INFO - [2025-01-18T04:58:56.269+0000] {dag.py:4180} INFO - Setting next_dagrun for dataset_s3_bucket_consumer to None, run_after=None
[2025-01-18T04:58:56.269+0000] {logging_mixin.py:190} INFO - [2025-01-18T04:58:56.269+0000] {dag.py:4180} INFO - Setting next_dagrun for dataset_s3_bucket_producer to None, run_after=None
[2025-01-18T04:58:56.281+0000] {processor.py:208} INFO - Processing /home/airflow/.local/lib/python3.12/site-packages/airflow/example_dags/example_dataset_alias.py took 0.351 seconds
[2025-01-18T04:59:26.781+0000] {processor.py:186} INFO - Started process (PID=1015) to work on /home/airflow/.local/lib/python3.12/site-packages/airflow/example_dags/example_dataset_alias.py
[2025-01-18T04:59:26.782+0000] {processor.py:914} INFO - Processing file /home/airflow/.local/lib/python3.12/site-packages/airflow/example_dags/example_dataset_alias.py for tasks to queue
[2025-01-18T04:59:26.784+0000] {logging_mixin.py:190} INFO - [2025-01-18T04:59:26.784+0000] {dagbag.py:588} INFO - Filling up the DagBag from /home/airflow/.local/lib/python3.12/site-packages/airflow/example_dags/example_dataset_alias.py
[2025-01-18T04:59:27.092+0000] {processor.py:925} INFO - DAG(s) 'dataset_alias_example_alias_producer', 'dataset_s3_bucket_consumer', 'dataset_s3_bucket_producer', 'dataset_alias_example_alias_consumer' retrieved from /home/airflow/.local/lib/python3.12/site-packages/airflow/example_dags/example_dataset_alias.py
[2025-01-18T04:59:27.103+0000] {logging_mixin.py:190} INFO - [2025-01-18T04:59:27.103+0000] {dag.py:3239} INFO - Sync 4 DAGs
[2025-01-18T04:59:27.113+0000] {logging_mixin.py:190} INFO - [2025-01-18T04:59:27.113+0000] {dag.py:4180} INFO - Setting next_dagrun for dataset_alias_example_alias_consumer to None, run_after=None
[2025-01-18T04:59:27.116+0000] {logging_mixin.py:190} INFO - [2025-01-18T04:59:27.116+0000] {dag.py:4180} INFO - Setting next_dagrun for dataset_alias_example_alias_producer to None, run_after=None
[2025-01-18T04:59:27.118+0000] {logging_mixin.py:190} INFO - [2025-01-18T04:59:27.117+0000] {dag.py:4180} INFO - Setting next_dagrun for dataset_s3_bucket_consumer to None, run_after=None
[2025-01-18T04:59:27.118+0000] {logging_mixin.py:190} INFO - [2025-01-18T04:59:27.118+0000] {dag.py:4180} INFO - Setting next_dagrun for dataset_s3_bucket_producer to None, run_after=None
[2025-01-18T04:59:27.131+0000] {processor.py:208} INFO - Processing /home/airflow/.local/lib/python3.12/site-packages/airflow/example_dags/example_dataset_alias.py took 0.357 seconds
[2025-01-18T04:59:57.863+0000] {processor.py:186} INFO - Started process (PID=1078) to work on /home/airflow/.local/lib/python3.12/site-packages/airflow/example_dags/example_dataset_alias.py
[2025-01-18T04:59:57.864+0000] {processor.py:914} INFO - Processing file /home/airflow/.local/lib/python3.12/site-packages/airflow/example_dags/example_dataset_alias.py for tasks to queue
[2025-01-18T04:59:57.867+0000] {logging_mixin.py:190} INFO - [2025-01-18T04:59:57.867+0000] {dagbag.py:588} INFO - Filling up the DagBag from /home/airflow/.local/lib/python3.12/site-packages/airflow/example_dags/example_dataset_alias.py
[2025-01-18T04:59:58.169+0000] {processor.py:925} INFO - DAG(s) 'dataset_alias_example_alias_consumer', 'dataset_s3_bucket_producer', 'dataset_s3_bucket_consumer', 'dataset_alias_example_alias_producer' retrieved from /home/airflow/.local/lib/python3.12/site-packages/airflow/example_dags/example_dataset_alias.py
[2025-01-18T04:59:58.182+0000] {logging_mixin.py:190} INFO - [2025-01-18T04:59:58.182+0000] {dag.py:3239} INFO - Sync 4 DAGs
[2025-01-18T04:59:58.194+0000] {logging_mixin.py:190} INFO - [2025-01-18T04:59:58.194+0000] {dag.py:4180} INFO - Setting next_dagrun for dataset_alias_example_alias_consumer to None, run_after=None
[2025-01-18T04:59:58.195+0000] {logging_mixin.py:190} INFO - [2025-01-18T04:59:58.195+0000] {dag.py:4180} INFO - Setting next_dagrun for dataset_alias_example_alias_producer to None, run_after=None
[2025-01-18T04:59:58.197+0000] {logging_mixin.py:190} INFO - [2025-01-18T04:59:58.197+0000] {dag.py:4180} INFO - Setting next_dagrun for dataset_s3_bucket_consumer to None, run_after=None
[2025-01-18T04:59:58.198+0000] {logging_mixin.py:190} INFO - [2025-01-18T04:59:58.198+0000] {dag.py:4180} INFO - Setting next_dagrun for dataset_s3_bucket_producer to None, run_after=None
[2025-01-18T04:59:58.213+0000] {processor.py:208} INFO - Processing /home/airflow/.local/lib/python3.12/site-packages/airflow/example_dags/example_dataset_alias.py took 0.358 seconds
