[2025-01-18T04:51:46.086+0000] {processor.py:186} INFO - Started process (PID=95) to work on /home/airflow/.local/lib/python3.12/site-packages/airflow/example_dags/example_outlet_event_extra.py
[2025-01-18T04:51:46.087+0000] {processor.py:914} INFO - Processing file /home/airflow/.local/lib/python3.12/site-packages/airflow/example_dags/example_outlet_event_extra.py for tasks to queue
[2025-01-18T04:51:46.088+0000] {logging_mixin.py:190} INFO - [2025-01-18T04:51:46.088+0000] {dagbag.py:588} INFO - Filling up the DagBag from /home/airflow/.local/lib/python3.12/site-packages/airflow/example_dags/example_outlet_event_extra.py
[2025-01-18T04:51:46.407+0000] {processor.py:925} INFO - DAG(s) 'dataset_with_extra_from_classic_operator', 'dataset_with_extra_by_context', 'dataset_with_extra_by_yield' retrieved from /home/airflow/.local/lib/python3.12/site-packages/airflow/example_dags/example_outlet_event_extra.py
[2025-01-18T04:51:46.449+0000] {logging_mixin.py:190} INFO - [2025-01-18T04:51:46.449+0000] {override.py:1911} INFO - Created Permission View: can edit on DAG:dataset_with_extra_from_classic_operator
[2025-01-18T04:51:46.453+0000] {logging_mixin.py:190} INFO - [2025-01-18T04:51:46.453+0000] {override.py:1911} INFO - Created Permission View: can read on DAG:dataset_with_extra_from_classic_operator
[2025-01-18T04:51:46.457+0000] {logging_mixin.py:190} INFO - [2025-01-18T04:51:46.456+0000] {override.py:1911} INFO - Created Permission View: can delete on DAG:dataset_with_extra_from_classic_operator
[2025-01-18T04:51:46.460+0000] {logging_mixin.py:190} INFO - [2025-01-18T04:51:46.460+0000] {override.py:1911} INFO - Created Permission View: can create on DAG Run:dataset_with_extra_from_classic_operator
[2025-01-18T04:51:46.463+0000] {logging_mixin.py:190} INFO - [2025-01-18T04:51:46.463+0000] {override.py:1911} INFO - Created Permission View: can read on DAG Run:dataset_with_extra_from_classic_operator
[2025-01-18T04:51:46.467+0000] {logging_mixin.py:190} INFO - [2025-01-18T04:51:46.467+0000] {override.py:1911} INFO - Created Permission View: can delete on DAG Run:dataset_with_extra_from_classic_operator
[2025-01-18T04:51:46.471+0000] {logging_mixin.py:190} INFO - [2025-01-18T04:51:46.470+0000] {override.py:1911} INFO - Created Permission View: menu access on DAG Run:dataset_with_extra_from_classic_operator
[2025-01-18T04:51:46.479+0000] {logging_mixin.py:190} INFO - [2025-01-18T04:51:46.479+0000] {override.py:1911} INFO - Created Permission View: can edit on DAG:dataset_with_extra_by_context
[2025-01-18T04:51:46.483+0000] {logging_mixin.py:190} INFO - [2025-01-18T04:51:46.482+0000] {override.py:1911} INFO - Created Permission View: can read on DAG:dataset_with_extra_by_context
[2025-01-18T04:51:46.486+0000] {logging_mixin.py:190} INFO - [2025-01-18T04:51:46.486+0000] {override.py:1911} INFO - Created Permission View: can delete on DAG:dataset_with_extra_by_context
[2025-01-18T04:51:46.488+0000] {logging_mixin.py:190} INFO - [2025-01-18T04:51:46.488+0000] {override.py:1911} INFO - Created Permission View: can create on DAG Run:dataset_with_extra_by_context
[2025-01-18T04:51:46.491+0000] {logging_mixin.py:190} INFO - [2025-01-18T04:51:46.491+0000] {override.py:1911} INFO - Created Permission View: can read on DAG Run:dataset_with_extra_by_context
[2025-01-18T04:51:46.494+0000] {logging_mixin.py:190} INFO - [2025-01-18T04:51:46.494+0000] {override.py:1911} INFO - Created Permission View: can delete on DAG Run:dataset_with_extra_by_context
[2025-01-18T04:51:46.496+0000] {logging_mixin.py:190} INFO - [2025-01-18T04:51:46.496+0000] {override.py:1911} INFO - Created Permission View: menu access on DAG Run:dataset_with_extra_by_context
[2025-01-18T04:51:46.501+0000] {logging_mixin.py:190} INFO - [2025-01-18T04:51:46.501+0000] {override.py:1911} INFO - Created Permission View: can edit on DAG:dataset_with_extra_by_yield
[2025-01-18T04:51:46.505+0000] {logging_mixin.py:190} INFO - [2025-01-18T04:51:46.505+0000] {override.py:1911} INFO - Created Permission View: can read on DAG:dataset_with_extra_by_yield
[2025-01-18T04:51:46.509+0000] {logging_mixin.py:190} INFO - [2025-01-18T04:51:46.509+0000] {override.py:1911} INFO - Created Permission View: can delete on DAG:dataset_with_extra_by_yield
[2025-01-18T04:51:46.513+0000] {logging_mixin.py:190} INFO - [2025-01-18T04:51:46.513+0000] {override.py:1911} INFO - Created Permission View: can create on DAG Run:dataset_with_extra_by_yield
[2025-01-18T04:51:46.517+0000] {logging_mixin.py:190} INFO - [2025-01-18T04:51:46.516+0000] {override.py:1911} INFO - Created Permission View: can read on DAG Run:dataset_with_extra_by_yield
[2025-01-18T04:51:46.519+0000] {logging_mixin.py:190} INFO - [2025-01-18T04:51:46.519+0000] {override.py:1911} INFO - Created Permission View: can delete on DAG Run:dataset_with_extra_by_yield
[2025-01-18T04:51:46.522+0000] {logging_mixin.py:190} INFO - [2025-01-18T04:51:46.522+0000] {override.py:1911} INFO - Created Permission View: menu access on DAG Run:dataset_with_extra_by_yield
[2025-01-18T04:51:46.523+0000] {logging_mixin.py:190} INFO - [2025-01-18T04:51:46.523+0000] {dag.py:3239} INFO - Sync 3 DAGs
[2025-01-18T04:51:46.529+0000] {logging_mixin.py:190} INFO - [2025-01-18T04:51:46.529+0000] {dag.py:3262} INFO - Creating ORM DAG for dataset_with_extra_by_yield
[2025-01-18T04:51:46.530+0000] {logging_mixin.py:190} INFO - [2025-01-18T04:51:46.529+0000] {dag.py:3262} INFO - Creating ORM DAG for dataset_with_extra_by_context
[2025-01-18T04:51:46.530+0000] {logging_mixin.py:190} INFO - [2025-01-18T04:51:46.530+0000] {dag.py:3262} INFO - Creating ORM DAG for dataset_with_extra_from_classic_operator
[2025-01-18T04:51:46.535+0000] {logging_mixin.py:190} INFO - [2025-01-18T04:51:46.535+0000] {dag.py:4180} INFO - Setting next_dagrun for dataset_with_extra_by_context to 2025-01-17 00:00:00+00:00, run_after=2025-01-18 00:00:00+00:00
[2025-01-18T04:51:46.535+0000] {logging_mixin.py:190} INFO - [2025-01-18T04:51:46.535+0000] {dag.py:4180} INFO - Setting next_dagrun for dataset_with_extra_by_yield to 2025-01-17 00:00:00+00:00, run_after=2025-01-18 00:00:00+00:00
[2025-01-18T04:51:46.536+0000] {logging_mixin.py:190} INFO - [2025-01-18T04:51:46.536+0000] {dag.py:4180} INFO - Setting next_dagrun for dataset_with_extra_from_classic_operator to 2025-01-17 00:00:00+00:00, run_after=2025-01-18 00:00:00+00:00
[2025-01-18T04:51:46.547+0000] {processor.py:208} INFO - Processing /home/airflow/.local/lib/python3.12/site-packages/airflow/example_dags/example_outlet_event_extra.py took 0.464 seconds
[2025-01-18T04:52:17.486+0000] {processor.py:186} INFO - Started process (PID=160) to work on /home/airflow/.local/lib/python3.12/site-packages/airflow/example_dags/example_outlet_event_extra.py
[2025-01-18T04:52:17.486+0000] {processor.py:914} INFO - Processing file /home/airflow/.local/lib/python3.12/site-packages/airflow/example_dags/example_outlet_event_extra.py for tasks to queue
[2025-01-18T04:52:17.487+0000] {logging_mixin.py:190} INFO - [2025-01-18T04:52:17.487+0000] {dagbag.py:588} INFO - Filling up the DagBag from /home/airflow/.local/lib/python3.12/site-packages/airflow/example_dags/example_outlet_event_extra.py
[2025-01-18T04:52:17.777+0000] {processor.py:925} INFO - DAG(s) 'dataset_with_extra_by_context', 'dataset_with_extra_from_classic_operator', 'dataset_with_extra_by_yield' retrieved from /home/airflow/.local/lib/python3.12/site-packages/airflow/example_dags/example_outlet_event_extra.py
[2025-01-18T04:52:17.788+0000] {logging_mixin.py:190} INFO - [2025-01-18T04:52:17.788+0000] {dag.py:3239} INFO - Sync 3 DAGs
[2025-01-18T04:52:17.799+0000] {logging_mixin.py:190} INFO - [2025-01-18T04:52:17.799+0000] {dag.py:4180} INFO - Setting next_dagrun for dataset_with_extra_by_context to 2025-01-17 00:00:00+00:00, run_after=2025-01-18 00:00:00+00:00
[2025-01-18T04:52:17.801+0000] {logging_mixin.py:190} INFO - [2025-01-18T04:52:17.801+0000] {dag.py:4180} INFO - Setting next_dagrun for dataset_with_extra_by_yield to 2025-01-17 00:00:00+00:00, run_after=2025-01-18 00:00:00+00:00
[2025-01-18T04:52:17.802+0000] {logging_mixin.py:190} INFO - [2025-01-18T04:52:17.802+0000] {dag.py:4180} INFO - Setting next_dagrun for dataset_with_extra_from_classic_operator to 2025-01-17 00:00:00+00:00, run_after=2025-01-18 00:00:00+00:00
[2025-01-18T04:52:17.812+0000] {processor.py:208} INFO - Processing /home/airflow/.local/lib/python3.12/site-packages/airflow/example_dags/example_outlet_event_extra.py took 0.330 seconds
[2025-01-18T04:52:48.281+0000] {processor.py:186} INFO - Started process (PID=223) to work on /home/airflow/.local/lib/python3.12/site-packages/airflow/example_dags/example_outlet_event_extra.py
[2025-01-18T04:52:48.283+0000] {processor.py:914} INFO - Processing file /home/airflow/.local/lib/python3.12/site-packages/airflow/example_dags/example_outlet_event_extra.py for tasks to queue
[2025-01-18T04:52:48.286+0000] {logging_mixin.py:190} INFO - [2025-01-18T04:52:48.286+0000] {dagbag.py:588} INFO - Filling up the DagBag from /home/airflow/.local/lib/python3.12/site-packages/airflow/example_dags/example_outlet_event_extra.py
[2025-01-18T04:52:48.586+0000] {processor.py:925} INFO - DAG(s) 'dataset_with_extra_by_yield', 'dataset_with_extra_from_classic_operator', 'dataset_with_extra_by_context' retrieved from /home/airflow/.local/lib/python3.12/site-packages/airflow/example_dags/example_outlet_event_extra.py
[2025-01-18T04:52:48.599+0000] {logging_mixin.py:190} INFO - [2025-01-18T04:52:48.599+0000] {dag.py:3239} INFO - Sync 3 DAGs
[2025-01-18T04:52:48.611+0000] {logging_mixin.py:190} INFO - [2025-01-18T04:52:48.611+0000] {dag.py:4180} INFO - Setting next_dagrun for dataset_with_extra_by_context to 2025-01-17 00:00:00+00:00, run_after=2025-01-18 00:00:00+00:00
[2025-01-18T04:52:48.613+0000] {logging_mixin.py:190} INFO - [2025-01-18T04:52:48.613+0000] {dag.py:4180} INFO - Setting next_dagrun for dataset_with_extra_by_yield to 2025-01-17 00:00:00+00:00, run_after=2025-01-18 00:00:00+00:00
[2025-01-18T04:52:48.614+0000] {logging_mixin.py:190} INFO - [2025-01-18T04:52:48.614+0000] {dag.py:4180} INFO - Setting next_dagrun for dataset_with_extra_from_classic_operator to 2025-01-17 00:00:00+00:00, run_after=2025-01-18 00:00:00+00:00
[2025-01-18T04:52:48.624+0000] {processor.py:208} INFO - Processing /home/airflow/.local/lib/python3.12/site-packages/airflow/example_dags/example_outlet_event_extra.py took 0.350 seconds
[2025-01-18T04:53:19.156+0000] {processor.py:186} INFO - Started process (PID=286) to work on /home/airflow/.local/lib/python3.12/site-packages/airflow/example_dags/example_outlet_event_extra.py
[2025-01-18T04:53:19.159+0000] {processor.py:914} INFO - Processing file /home/airflow/.local/lib/python3.12/site-packages/airflow/example_dags/example_outlet_event_extra.py for tasks to queue
[2025-01-18T04:53:19.161+0000] {logging_mixin.py:190} INFO - [2025-01-18T04:53:19.161+0000] {dagbag.py:588} INFO - Filling up the DagBag from /home/airflow/.local/lib/python3.12/site-packages/airflow/example_dags/example_outlet_event_extra.py
[2025-01-18T04:53:19.464+0000] {processor.py:925} INFO - DAG(s) 'dataset_with_extra_from_classic_operator', 'dataset_with_extra_by_yield', 'dataset_with_extra_by_context' retrieved from /home/airflow/.local/lib/python3.12/site-packages/airflow/example_dags/example_outlet_event_extra.py
[2025-01-18T04:53:19.475+0000] {logging_mixin.py:190} INFO - [2025-01-18T04:53:19.475+0000] {dag.py:3239} INFO - Sync 3 DAGs
[2025-01-18T04:53:19.485+0000] {logging_mixin.py:190} INFO - [2025-01-18T04:53:19.485+0000] {dag.py:4180} INFO - Setting next_dagrun for dataset_with_extra_by_context to 2025-01-17 00:00:00+00:00, run_after=2025-01-18 00:00:00+00:00
[2025-01-18T04:53:19.487+0000] {logging_mixin.py:190} INFO - [2025-01-18T04:53:19.487+0000] {dag.py:4180} INFO - Setting next_dagrun for dataset_with_extra_by_yield to 2025-01-17 00:00:00+00:00, run_after=2025-01-18 00:00:00+00:00
[2025-01-18T04:53:19.488+0000] {logging_mixin.py:190} INFO - [2025-01-18T04:53:19.488+0000] {dag.py:4180} INFO - Setting next_dagrun for dataset_with_extra_from_classic_operator to 2025-01-17 00:00:00+00:00, run_after=2025-01-18 00:00:00+00:00
[2025-01-18T04:53:19.497+0000] {processor.py:208} INFO - Processing /home/airflow/.local/lib/python3.12/site-packages/airflow/example_dags/example_outlet_event_extra.py took 0.349 seconds
[2025-01-18T04:53:49.775+0000] {processor.py:186} INFO - Started process (PID=349) to work on /home/airflow/.local/lib/python3.12/site-packages/airflow/example_dags/example_outlet_event_extra.py
[2025-01-18T04:53:49.776+0000] {processor.py:914} INFO - Processing file /home/airflow/.local/lib/python3.12/site-packages/airflow/example_dags/example_outlet_event_extra.py for tasks to queue
[2025-01-18T04:53:49.777+0000] {logging_mixin.py:190} INFO - [2025-01-18T04:53:49.777+0000] {dagbag.py:588} INFO - Filling up the DagBag from /home/airflow/.local/lib/python3.12/site-packages/airflow/example_dags/example_outlet_event_extra.py
[2025-01-18T04:53:50.124+0000] {processor.py:925} INFO - DAG(s) 'dataset_with_extra_by_context', 'dataset_with_extra_by_yield', 'dataset_with_extra_from_classic_operator' retrieved from /home/airflow/.local/lib/python3.12/site-packages/airflow/example_dags/example_outlet_event_extra.py
[2025-01-18T04:53:50.136+0000] {logging_mixin.py:190} INFO - [2025-01-18T04:53:50.136+0000] {dag.py:3239} INFO - Sync 3 DAGs
[2025-01-18T04:53:50.147+0000] {logging_mixin.py:190} INFO - [2025-01-18T04:53:50.147+0000] {dag.py:4180} INFO - Setting next_dagrun for dataset_with_extra_by_context to 2025-01-17 00:00:00+00:00, run_after=2025-01-18 00:00:00+00:00
[2025-01-18T04:53:50.150+0000] {logging_mixin.py:190} INFO - [2025-01-18T04:53:50.150+0000] {dag.py:4180} INFO - Setting next_dagrun for dataset_with_extra_by_yield to 2025-01-17 00:00:00+00:00, run_after=2025-01-18 00:00:00+00:00
[2025-01-18T04:53:50.151+0000] {logging_mixin.py:190} INFO - [2025-01-18T04:53:50.151+0000] {dag.py:4180} INFO - Setting next_dagrun for dataset_with_extra_from_classic_operator to 2025-01-17 00:00:00+00:00, run_after=2025-01-18 00:00:00+00:00
[2025-01-18T04:53:50.163+0000] {processor.py:208} INFO - Processing /home/airflow/.local/lib/python3.12/site-packages/airflow/example_dags/example_outlet_event_extra.py took 0.392 seconds
[2025-01-18T04:54:20.737+0000] {processor.py:186} INFO - Started process (PID=412) to work on /home/airflow/.local/lib/python3.12/site-packages/airflow/example_dags/example_outlet_event_extra.py
[2025-01-18T04:54:20.738+0000] {processor.py:914} INFO - Processing file /home/airflow/.local/lib/python3.12/site-packages/airflow/example_dags/example_outlet_event_extra.py for tasks to queue
[2025-01-18T04:54:20.739+0000] {logging_mixin.py:190} INFO - [2025-01-18T04:54:20.739+0000] {dagbag.py:588} INFO - Filling up the DagBag from /home/airflow/.local/lib/python3.12/site-packages/airflow/example_dags/example_outlet_event_extra.py
[2025-01-18T04:54:21.034+0000] {processor.py:925} INFO - DAG(s) 'dataset_with_extra_by_yield', 'dataset_with_extra_by_context', 'dataset_with_extra_from_classic_operator' retrieved from /home/airflow/.local/lib/python3.12/site-packages/airflow/example_dags/example_outlet_event_extra.py
[2025-01-18T04:54:21.045+0000] {logging_mixin.py:190} INFO - [2025-01-18T04:54:21.045+0000] {dag.py:3239} INFO - Sync 3 DAGs
[2025-01-18T04:54:21.056+0000] {logging_mixin.py:190} INFO - [2025-01-18T04:54:21.056+0000] {dag.py:4180} INFO - Setting next_dagrun for dataset_with_extra_by_context to 2025-01-17 00:00:00+00:00, run_after=2025-01-18 00:00:00+00:00
[2025-01-18T04:54:21.058+0000] {logging_mixin.py:190} INFO - [2025-01-18T04:54:21.058+0000] {dag.py:4180} INFO - Setting next_dagrun for dataset_with_extra_by_yield to 2025-01-17 00:00:00+00:00, run_after=2025-01-18 00:00:00+00:00
[2025-01-18T04:54:21.059+0000] {logging_mixin.py:190} INFO - [2025-01-18T04:54:21.059+0000] {dag.py:4180} INFO - Setting next_dagrun for dataset_with_extra_from_classic_operator to 2025-01-17 00:00:00+00:00, run_after=2025-01-18 00:00:00+00:00
[2025-01-18T04:54:21.069+0000] {processor.py:208} INFO - Processing /home/airflow/.local/lib/python3.12/site-packages/airflow/example_dags/example_outlet_event_extra.py took 0.335 seconds
[2025-01-18T04:54:51.540+0000] {processor.py:186} INFO - Started process (PID=475) to work on /home/airflow/.local/lib/python3.12/site-packages/airflow/example_dags/example_outlet_event_extra.py
[2025-01-18T04:54:51.541+0000] {processor.py:914} INFO - Processing file /home/airflow/.local/lib/python3.12/site-packages/airflow/example_dags/example_outlet_event_extra.py for tasks to queue
[2025-01-18T04:54:51.542+0000] {logging_mixin.py:190} INFO - [2025-01-18T04:54:51.542+0000] {dagbag.py:588} INFO - Filling up the DagBag from /home/airflow/.local/lib/python3.12/site-packages/airflow/example_dags/example_outlet_event_extra.py
[2025-01-18T04:54:51.843+0000] {processor.py:925} INFO - DAG(s) 'dataset_with_extra_from_classic_operator', 'dataset_with_extra_by_context', 'dataset_with_extra_by_yield' retrieved from /home/airflow/.local/lib/python3.12/site-packages/airflow/example_dags/example_outlet_event_extra.py
[2025-01-18T04:54:51.856+0000] {logging_mixin.py:190} INFO - [2025-01-18T04:54:51.855+0000] {dag.py:3239} INFO - Sync 3 DAGs
[2025-01-18T04:54:51.866+0000] {logging_mixin.py:190} INFO - [2025-01-18T04:54:51.866+0000] {dag.py:4180} INFO - Setting next_dagrun for dataset_with_extra_by_context to 2025-01-17 00:00:00+00:00, run_after=2025-01-18 00:00:00+00:00
[2025-01-18T04:54:51.868+0000] {logging_mixin.py:190} INFO - [2025-01-18T04:54:51.868+0000] {dag.py:4180} INFO - Setting next_dagrun for dataset_with_extra_by_yield to 2025-01-17 00:00:00+00:00, run_after=2025-01-18 00:00:00+00:00
[2025-01-18T04:54:51.870+0000] {logging_mixin.py:190} INFO - [2025-01-18T04:54:51.869+0000] {dag.py:4180} INFO - Setting next_dagrun for dataset_with_extra_from_classic_operator to 2025-01-17 00:00:00+00:00, run_after=2025-01-18 00:00:00+00:00
[2025-01-18T04:54:51.879+0000] {processor.py:208} INFO - Processing /home/airflow/.local/lib/python3.12/site-packages/airflow/example_dags/example_outlet_event_extra.py took 0.345 seconds
[2025-01-18T04:55:22.517+0000] {processor.py:186} INFO - Started process (PID=538) to work on /home/airflow/.local/lib/python3.12/site-packages/airflow/example_dags/example_outlet_event_extra.py
[2025-01-18T04:55:22.518+0000] {processor.py:914} INFO - Processing file /home/airflow/.local/lib/python3.12/site-packages/airflow/example_dags/example_outlet_event_extra.py for tasks to queue
[2025-01-18T04:55:22.519+0000] {logging_mixin.py:190} INFO - [2025-01-18T04:55:22.519+0000] {dagbag.py:588} INFO - Filling up the DagBag from /home/airflow/.local/lib/python3.12/site-packages/airflow/example_dags/example_outlet_event_extra.py
[2025-01-18T04:55:22.881+0000] {processor.py:925} INFO - DAG(s) 'dataset_with_extra_by_context', 'dataset_with_extra_by_yield', 'dataset_with_extra_from_classic_operator' retrieved from /home/airflow/.local/lib/python3.12/site-packages/airflow/example_dags/example_outlet_event_extra.py
[2025-01-18T04:55:22.893+0000] {logging_mixin.py:190} INFO - [2025-01-18T04:55:22.893+0000] {dag.py:3239} INFO - Sync 3 DAGs
[2025-01-18T04:55:22.909+0000] {logging_mixin.py:190} INFO - [2025-01-18T04:55:22.909+0000] {dag.py:4180} INFO - Setting next_dagrun for dataset_with_extra_by_context to 2025-01-17 00:00:00+00:00, run_after=2025-01-18 00:00:00+00:00
[2025-01-18T04:55:22.911+0000] {logging_mixin.py:190} INFO - [2025-01-18T04:55:22.911+0000] {dag.py:4180} INFO - Setting next_dagrun for dataset_with_extra_by_yield to 2025-01-17 00:00:00+00:00, run_after=2025-01-18 00:00:00+00:00
[2025-01-18T04:55:22.912+0000] {logging_mixin.py:190} INFO - [2025-01-18T04:55:22.912+0000] {dag.py:4180} INFO - Setting next_dagrun for dataset_with_extra_from_classic_operator to 2025-01-17 00:00:00+00:00, run_after=2025-01-18 00:00:00+00:00
[2025-01-18T04:55:22.924+0000] {processor.py:208} INFO - Processing /home/airflow/.local/lib/python3.12/site-packages/airflow/example_dags/example_outlet_event_extra.py took 0.412 seconds
[2025-01-18T04:55:53.465+0000] {processor.py:186} INFO - Started process (PID=601) to work on /home/airflow/.local/lib/python3.12/site-packages/airflow/example_dags/example_outlet_event_extra.py
[2025-01-18T04:55:53.466+0000] {processor.py:914} INFO - Processing file /home/airflow/.local/lib/python3.12/site-packages/airflow/example_dags/example_outlet_event_extra.py for tasks to queue
[2025-01-18T04:55:53.467+0000] {logging_mixin.py:190} INFO - [2025-01-18T04:55:53.467+0000] {dagbag.py:588} INFO - Filling up the DagBag from /home/airflow/.local/lib/python3.12/site-packages/airflow/example_dags/example_outlet_event_extra.py
[2025-01-18T04:55:53.769+0000] {processor.py:925} INFO - DAG(s) 'dataset_with_extra_from_classic_operator', 'dataset_with_extra_by_context', 'dataset_with_extra_by_yield' retrieved from /home/airflow/.local/lib/python3.12/site-packages/airflow/example_dags/example_outlet_event_extra.py
[2025-01-18T04:55:53.783+0000] {logging_mixin.py:190} INFO - [2025-01-18T04:55:53.782+0000] {dag.py:3239} INFO - Sync 3 DAGs
[2025-01-18T04:55:53.793+0000] {logging_mixin.py:190} INFO - [2025-01-18T04:55:53.793+0000] {dag.py:4180} INFO - Setting next_dagrun for dataset_with_extra_by_context to 2025-01-17 00:00:00+00:00, run_after=2025-01-18 00:00:00+00:00
[2025-01-18T04:55:53.796+0000] {logging_mixin.py:190} INFO - [2025-01-18T04:55:53.795+0000] {dag.py:4180} INFO - Setting next_dagrun for dataset_with_extra_by_yield to 2025-01-17 00:00:00+00:00, run_after=2025-01-18 00:00:00+00:00
[2025-01-18T04:55:53.797+0000] {logging_mixin.py:190} INFO - [2025-01-18T04:55:53.797+0000] {dag.py:4180} INFO - Setting next_dagrun for dataset_with_extra_from_classic_operator to 2025-01-17 00:00:00+00:00, run_after=2025-01-18 00:00:00+00:00
[2025-01-18T04:55:53.806+0000] {processor.py:208} INFO - Processing /home/airflow/.local/lib/python3.12/site-packages/airflow/example_dags/example_outlet_event_extra.py took 0.345 seconds
[2025-01-18T04:56:24.199+0000] {processor.py:186} INFO - Started process (PID=664) to work on /home/airflow/.local/lib/python3.12/site-packages/airflow/example_dags/example_outlet_event_extra.py
[2025-01-18T04:56:24.200+0000] {processor.py:914} INFO - Processing file /home/airflow/.local/lib/python3.12/site-packages/airflow/example_dags/example_outlet_event_extra.py for tasks to queue
[2025-01-18T04:56:24.203+0000] {logging_mixin.py:190} INFO - [2025-01-18T04:56:24.203+0000] {dagbag.py:588} INFO - Filling up the DagBag from /home/airflow/.local/lib/python3.12/site-packages/airflow/example_dags/example_outlet_event_extra.py
[2025-01-18T04:56:24.501+0000] {processor.py:925} INFO - DAG(s) 'dataset_with_extra_by_yield', 'dataset_with_extra_by_context', 'dataset_with_extra_from_classic_operator' retrieved from /home/airflow/.local/lib/python3.12/site-packages/airflow/example_dags/example_outlet_event_extra.py
[2025-01-18T04:56:24.513+0000] {logging_mixin.py:190} INFO - [2025-01-18T04:56:24.513+0000] {dag.py:3239} INFO - Sync 3 DAGs
[2025-01-18T04:56:24.523+0000] {logging_mixin.py:190} INFO - [2025-01-18T04:56:24.523+0000] {dag.py:4180} INFO - Setting next_dagrun for dataset_with_extra_by_context to 2025-01-17 00:00:00+00:00, run_after=2025-01-18 00:00:00+00:00
[2025-01-18T04:56:24.525+0000] {logging_mixin.py:190} INFO - [2025-01-18T04:56:24.525+0000] {dag.py:4180} INFO - Setting next_dagrun for dataset_with_extra_by_yield to 2025-01-17 00:00:00+00:00, run_after=2025-01-18 00:00:00+00:00
[2025-01-18T04:56:24.526+0000] {logging_mixin.py:190} INFO - [2025-01-18T04:56:24.526+0000] {dag.py:4180} INFO - Setting next_dagrun for dataset_with_extra_from_classic_operator to 2025-01-17 00:00:00+00:00, run_after=2025-01-18 00:00:00+00:00
[2025-01-18T04:56:24.535+0000] {processor.py:208} INFO - Processing /home/airflow/.local/lib/python3.12/site-packages/airflow/example_dags/example_outlet_event_extra.py took 0.343 seconds
[2025-01-18T04:56:55.135+0000] {processor.py:186} INFO - Started process (PID=727) to work on /home/airflow/.local/lib/python3.12/site-packages/airflow/example_dags/example_outlet_event_extra.py
[2025-01-18T04:56:55.136+0000] {processor.py:914} INFO - Processing file /home/airflow/.local/lib/python3.12/site-packages/airflow/example_dags/example_outlet_event_extra.py for tasks to queue
[2025-01-18T04:56:55.139+0000] {logging_mixin.py:190} INFO - [2025-01-18T04:56:55.139+0000] {dagbag.py:588} INFO - Filling up the DagBag from /home/airflow/.local/lib/python3.12/site-packages/airflow/example_dags/example_outlet_event_extra.py
[2025-01-18T04:56:55.438+0000] {processor.py:925} INFO - DAG(s) 'dataset_with_extra_from_classic_operator', 'dataset_with_extra_by_context', 'dataset_with_extra_by_yield' retrieved from /home/airflow/.local/lib/python3.12/site-packages/airflow/example_dags/example_outlet_event_extra.py
[2025-01-18T04:56:55.449+0000] {logging_mixin.py:190} INFO - [2025-01-18T04:56:55.449+0000] {dag.py:3239} INFO - Sync 3 DAGs
[2025-01-18T04:56:55.460+0000] {logging_mixin.py:190} INFO - [2025-01-18T04:56:55.460+0000] {dag.py:4180} INFO - Setting next_dagrun for dataset_with_extra_by_context to 2025-01-17 00:00:00+00:00, run_after=2025-01-18 00:00:00+00:00
[2025-01-18T04:56:55.461+0000] {logging_mixin.py:190} INFO - [2025-01-18T04:56:55.461+0000] {dag.py:4180} INFO - Setting next_dagrun for dataset_with_extra_by_yield to 2025-01-17 00:00:00+00:00, run_after=2025-01-18 00:00:00+00:00
[2025-01-18T04:56:55.463+0000] {logging_mixin.py:190} INFO - [2025-01-18T04:56:55.462+0000] {dag.py:4180} INFO - Setting next_dagrun for dataset_with_extra_from_classic_operator to 2025-01-17 00:00:00+00:00, run_after=2025-01-18 00:00:00+00:00
[2025-01-18T04:56:55.472+0000] {processor.py:208} INFO - Processing /home/airflow/.local/lib/python3.12/site-packages/airflow/example_dags/example_outlet_event_extra.py took 0.346 seconds
[2025-01-18T04:57:25.815+0000] {processor.py:186} INFO - Started process (PID=797) to work on /home/airflow/.local/lib/python3.12/site-packages/airflow/example_dags/example_outlet_event_extra.py
[2025-01-18T04:57:25.815+0000] {processor.py:914} INFO - Processing file /home/airflow/.local/lib/python3.12/site-packages/airflow/example_dags/example_outlet_event_extra.py for tasks to queue
[2025-01-18T04:57:25.817+0000] {logging_mixin.py:190} INFO - [2025-01-18T04:57:25.817+0000] {dagbag.py:588} INFO - Filling up the DagBag from /home/airflow/.local/lib/python3.12/site-packages/airflow/example_dags/example_outlet_event_extra.py
[2025-01-18T04:57:26.129+0000] {processor.py:925} INFO - DAG(s) 'dataset_with_extra_by_context', 'dataset_with_extra_by_yield', 'dataset_with_extra_from_classic_operator' retrieved from /home/airflow/.local/lib/python3.12/site-packages/airflow/example_dags/example_outlet_event_extra.py
[2025-01-18T04:57:26.143+0000] {logging_mixin.py:190} INFO - [2025-01-18T04:57:26.142+0000] {dag.py:3239} INFO - Sync 3 DAGs
[2025-01-18T04:57:26.153+0000] {logging_mixin.py:190} INFO - [2025-01-18T04:57:26.153+0000] {dag.py:4180} INFO - Setting next_dagrun for dataset_with_extra_by_context to 2025-01-17 00:00:00+00:00, run_after=2025-01-18 00:00:00+00:00
[2025-01-18T04:57:26.155+0000] {logging_mixin.py:190} INFO - [2025-01-18T04:57:26.155+0000] {dag.py:4180} INFO - Setting next_dagrun for dataset_with_extra_by_yield to 2025-01-17 00:00:00+00:00, run_after=2025-01-18 00:00:00+00:00
[2025-01-18T04:57:26.156+0000] {logging_mixin.py:190} INFO - [2025-01-18T04:57:26.156+0000] {dag.py:4180} INFO - Setting next_dagrun for dataset_with_extra_from_classic_operator to 2025-01-17 00:00:00+00:00, run_after=2025-01-18 00:00:00+00:00
[2025-01-18T04:57:26.165+0000] {processor.py:208} INFO - Processing /home/airflow/.local/lib/python3.12/site-packages/airflow/example_dags/example_outlet_event_extra.py took 0.354 seconds
[2025-01-18T04:57:56.704+0000] {processor.py:186} INFO - Started process (PID=860) to work on /home/airflow/.local/lib/python3.12/site-packages/airflow/example_dags/example_outlet_event_extra.py
[2025-01-18T04:57:56.707+0000] {processor.py:914} INFO - Processing file /home/airflow/.local/lib/python3.12/site-packages/airflow/example_dags/example_outlet_event_extra.py for tasks to queue
[2025-01-18T04:57:56.711+0000] {logging_mixin.py:190} INFO - [2025-01-18T04:57:56.710+0000] {dagbag.py:588} INFO - Filling up the DagBag from /home/airflow/.local/lib/python3.12/site-packages/airflow/example_dags/example_outlet_event_extra.py
[2025-01-18T04:57:57.004+0000] {processor.py:925} INFO - DAG(s) 'dataset_with_extra_by_context', 'dataset_with_extra_by_yield', 'dataset_with_extra_from_classic_operator' retrieved from /home/airflow/.local/lib/python3.12/site-packages/airflow/example_dags/example_outlet_event_extra.py
[2025-01-18T04:57:57.015+0000] {logging_mixin.py:190} INFO - [2025-01-18T04:57:57.015+0000] {dag.py:3239} INFO - Sync 3 DAGs
[2025-01-18T04:57:57.026+0000] {logging_mixin.py:190} INFO - [2025-01-18T04:57:57.025+0000] {dag.py:4180} INFO - Setting next_dagrun for dataset_with_extra_by_context to 2025-01-17 00:00:00+00:00, run_after=2025-01-18 00:00:00+00:00
[2025-01-18T04:57:57.028+0000] {logging_mixin.py:190} INFO - [2025-01-18T04:57:57.028+0000] {dag.py:4180} INFO - Setting next_dagrun for dataset_with_extra_by_yield to 2025-01-17 00:00:00+00:00, run_after=2025-01-18 00:00:00+00:00
[2025-01-18T04:57:57.029+0000] {logging_mixin.py:190} INFO - [2025-01-18T04:57:57.029+0000] {dag.py:4180} INFO - Setting next_dagrun for dataset_with_extra_from_classic_operator to 2025-01-17 00:00:00+00:00, run_after=2025-01-18 00:00:00+00:00
[2025-01-18T04:57:57.039+0000] {processor.py:208} INFO - Processing /home/airflow/.local/lib/python3.12/site-packages/airflow/example_dags/example_outlet_event_extra.py took 0.343 seconds
[2025-01-18T04:58:27.591+0000] {processor.py:186} INFO - Started process (PID=923) to work on /home/airflow/.local/lib/python3.12/site-packages/airflow/example_dags/example_outlet_event_extra.py
[2025-01-18T04:58:27.593+0000] {processor.py:914} INFO - Processing file /home/airflow/.local/lib/python3.12/site-packages/airflow/example_dags/example_outlet_event_extra.py for tasks to queue
[2025-01-18T04:58:27.596+0000] {logging_mixin.py:190} INFO - [2025-01-18T04:58:27.596+0000] {dagbag.py:588} INFO - Filling up the DagBag from /home/airflow/.local/lib/python3.12/site-packages/airflow/example_dags/example_outlet_event_extra.py
[2025-01-18T04:58:27.910+0000] {processor.py:925} INFO - DAG(s) 'dataset_with_extra_by_context', 'dataset_with_extra_by_yield', 'dataset_with_extra_from_classic_operator' retrieved from /home/airflow/.local/lib/python3.12/site-packages/airflow/example_dags/example_outlet_event_extra.py
[2025-01-18T04:58:27.922+0000] {logging_mixin.py:190} INFO - [2025-01-18T04:58:27.921+0000] {dag.py:3239} INFO - Sync 3 DAGs
[2025-01-18T04:58:27.931+0000] {logging_mixin.py:190} INFO - [2025-01-18T04:58:27.930+0000] {dag.py:4180} INFO - Setting next_dagrun for dataset_with_extra_by_context to 2025-01-17 00:00:00+00:00, run_after=2025-01-18 00:00:00+00:00
[2025-01-18T04:58:27.933+0000] {logging_mixin.py:190} INFO - [2025-01-18T04:58:27.933+0000] {dag.py:4180} INFO - Setting next_dagrun for dataset_with_extra_by_yield to 2025-01-17 00:00:00+00:00, run_after=2025-01-18 00:00:00+00:00
[2025-01-18T04:58:27.934+0000] {logging_mixin.py:190} INFO - [2025-01-18T04:58:27.934+0000] {dag.py:4180} INFO - Setting next_dagrun for dataset_with_extra_from_classic_operator to 2025-01-17 00:00:00+00:00, run_after=2025-01-18 00:00:00+00:00
[2025-01-18T04:58:27.943+0000] {processor.py:208} INFO - Processing /home/airflow/.local/lib/python3.12/site-packages/airflow/example_dags/example_outlet_event_extra.py took 0.360 seconds
[2025-01-18T04:58:58.524+0000] {processor.py:186} INFO - Started process (PID=986) to work on /home/airflow/.local/lib/python3.12/site-packages/airflow/example_dags/example_outlet_event_extra.py
[2025-01-18T04:58:58.525+0000] {processor.py:914} INFO - Processing file /home/airflow/.local/lib/python3.12/site-packages/airflow/example_dags/example_outlet_event_extra.py for tasks to queue
[2025-01-18T04:58:58.528+0000] {logging_mixin.py:190} INFO - [2025-01-18T04:58:58.528+0000] {dagbag.py:588} INFO - Filling up the DagBag from /home/airflow/.local/lib/python3.12/site-packages/airflow/example_dags/example_outlet_event_extra.py
[2025-01-18T04:58:58.826+0000] {processor.py:925} INFO - DAG(s) 'dataset_with_extra_by_context', 'dataset_with_extra_by_yield', 'dataset_with_extra_from_classic_operator' retrieved from /home/airflow/.local/lib/python3.12/site-packages/airflow/example_dags/example_outlet_event_extra.py
[2025-01-18T04:58:58.838+0000] {logging_mixin.py:190} INFO - [2025-01-18T04:58:58.838+0000] {dag.py:3239} INFO - Sync 3 DAGs
[2025-01-18T04:58:58.848+0000] {logging_mixin.py:190} INFO - [2025-01-18T04:58:58.848+0000] {dag.py:4180} INFO - Setting next_dagrun for dataset_with_extra_by_context to 2025-01-17 00:00:00+00:00, run_after=2025-01-18 00:00:00+00:00
[2025-01-18T04:58:58.850+0000] {logging_mixin.py:190} INFO - [2025-01-18T04:58:58.850+0000] {dag.py:4180} INFO - Setting next_dagrun for dataset_with_extra_by_yield to 2025-01-17 00:00:00+00:00, run_after=2025-01-18 00:00:00+00:00
[2025-01-18T04:58:58.851+0000] {logging_mixin.py:190} INFO - [2025-01-18T04:58:58.851+0000] {dag.py:4180} INFO - Setting next_dagrun for dataset_with_extra_from_classic_operator to 2025-01-17 00:00:00+00:00, run_after=2025-01-18 00:00:00+00:00
[2025-01-18T04:58:58.861+0000] {processor.py:208} INFO - Processing /home/airflow/.local/lib/python3.12/site-packages/airflow/example_dags/example_outlet_event_extra.py took 0.344 seconds
[2025-01-18T04:59:29.486+0000] {processor.py:186} INFO - Started process (PID=1049) to work on /home/airflow/.local/lib/python3.12/site-packages/airflow/example_dags/example_outlet_event_extra.py
[2025-01-18T04:59:29.493+0000] {processor.py:914} INFO - Processing file /home/airflow/.local/lib/python3.12/site-packages/airflow/example_dags/example_outlet_event_extra.py for tasks to queue
[2025-01-18T04:59:29.496+0000] {logging_mixin.py:190} INFO - [2025-01-18T04:59:29.496+0000] {dagbag.py:588} INFO - Filling up the DagBag from /home/airflow/.local/lib/python3.12/site-packages/airflow/example_dags/example_outlet_event_extra.py
[2025-01-18T04:59:29.794+0000] {processor.py:925} INFO - DAG(s) 'dataset_with_extra_by_yield', 'dataset_with_extra_from_classic_operator', 'dataset_with_extra_by_context' retrieved from /home/airflow/.local/lib/python3.12/site-packages/airflow/example_dags/example_outlet_event_extra.py
[2025-01-18T04:59:29.806+0000] {logging_mixin.py:190} INFO - [2025-01-18T04:59:29.806+0000] {dag.py:3239} INFO - Sync 3 DAGs
[2025-01-18T04:59:29.818+0000] {logging_mixin.py:190} INFO - [2025-01-18T04:59:29.817+0000] {dag.py:4180} INFO - Setting next_dagrun for dataset_with_extra_by_context to 2025-01-17 00:00:00+00:00, run_after=2025-01-18 00:00:00+00:00
[2025-01-18T04:59:29.820+0000] {logging_mixin.py:190} INFO - [2025-01-18T04:59:29.820+0000] {dag.py:4180} INFO - Setting next_dagrun for dataset_with_extra_by_yield to 2025-01-17 00:00:00+00:00, run_after=2025-01-18 00:00:00+00:00
[2025-01-18T04:59:29.821+0000] {logging_mixin.py:190} INFO - [2025-01-18T04:59:29.821+0000] {dag.py:4180} INFO - Setting next_dagrun for dataset_with_extra_from_classic_operator to 2025-01-17 00:00:00+00:00, run_after=2025-01-18 00:00:00+00:00
[2025-01-18T04:59:29.830+0000] {processor.py:208} INFO - Processing /home/airflow/.local/lib/python3.12/site-packages/airflow/example_dags/example_outlet_event_extra.py took 0.349 seconds
[2025-01-18T05:00:00.781+0000] {processor.py:186} INFO - Started process (PID=1116) to work on /home/airflow/.local/lib/python3.12/site-packages/airflow/example_dags/example_outlet_event_extra.py
[2025-01-18T05:00:00.782+0000] {processor.py:914} INFO - Processing file /home/airflow/.local/lib/python3.12/site-packages/airflow/example_dags/example_outlet_event_extra.py for tasks to queue
[2025-01-18T05:00:00.784+0000] {logging_mixin.py:190} INFO - [2025-01-18T05:00:00.784+0000] {dagbag.py:588} INFO - Filling up the DagBag from /home/airflow/.local/lib/python3.12/site-packages/airflow/example_dags/example_outlet_event_extra.py
[2025-01-18T05:00:01.086+0000] {processor.py:925} INFO - DAG(s) 'dataset_with_extra_from_classic_operator', 'dataset_with_extra_by_yield', 'dataset_with_extra_by_context' retrieved from /home/airflow/.local/lib/python3.12/site-packages/airflow/example_dags/example_outlet_event_extra.py
[2025-01-18T05:00:01.098+0000] {logging_mixin.py:190} INFO - [2025-01-18T05:00:01.098+0000] {dag.py:3239} INFO - Sync 3 DAGs
[2025-01-18T05:00:01.109+0000] {logging_mixin.py:190} INFO - [2025-01-18T05:00:01.109+0000] {dag.py:4180} INFO - Setting next_dagrun for dataset_with_extra_by_context to 2025-01-17 00:00:00+00:00, run_after=2025-01-18 00:00:00+00:00
[2025-01-18T05:00:01.112+0000] {logging_mixin.py:190} INFO - [2025-01-18T05:00:01.112+0000] {dag.py:4180} INFO - Setting next_dagrun for dataset_with_extra_by_yield to 2025-01-17 00:00:00+00:00, run_after=2025-01-18 00:00:00+00:00
[2025-01-18T05:00:01.113+0000] {logging_mixin.py:190} INFO - [2025-01-18T05:00:01.113+0000] {dag.py:4180} INFO - Setting next_dagrun for dataset_with_extra_from_classic_operator to 2025-01-17 00:00:00+00:00, run_after=2025-01-18 00:00:00+00:00
[2025-01-18T05:00:01.127+0000] {processor.py:208} INFO - Processing /home/airflow/.local/lib/python3.12/site-packages/airflow/example_dags/example_outlet_event_extra.py took 0.352 seconds
