[2025-01-18T04:51:46.562+0000] {processor.py:186} INFO - Started process (PID=99) to work on /home/airflow/.local/lib/python3.12/site-packages/airflow/example_dags/example_sla_dag.py
[2025-01-18T04:51:46.564+0000] {processor.py:914} INFO - Processing file /home/airflow/.local/lib/python3.12/site-packages/airflow/example_dags/example_sla_dag.py for tasks to queue
[2025-01-18T04:51:46.566+0000] {logging_mixin.py:190} INFO - [2025-01-18T04:51:46.566+0000] {dagbag.py:588} INFO - Filling up the DagBag from /home/airflow/.local/lib/python3.12/site-packages/airflow/example_dags/example_sla_dag.py
[2025-01-18T04:51:46.572+0000] {processor.py:925} INFO - DAG(s) 'example_sla_dag' retrieved from /home/airflow/.local/lib/python3.12/site-packages/airflow/example_dags/example_sla_dag.py
[2025-01-18T04:51:46.623+0000] {logging_mixin.py:190} INFO - [2025-01-18T04:51:46.623+0000] {override.py:1911} INFO - Created Permission View: can edit on DAG:example_sla_dag
[2025-01-18T04:51:46.628+0000] {logging_mixin.py:190} INFO - [2025-01-18T04:51:46.628+0000] {override.py:1911} INFO - Created Permission View: can read on DAG:example_sla_dag
[2025-01-18T04:51:46.631+0000] {logging_mixin.py:190} INFO - [2025-01-18T04:51:46.631+0000] {override.py:1911} INFO - Created Permission View: can delete on DAG:example_sla_dag
[2025-01-18T04:51:46.634+0000] {logging_mixin.py:190} INFO - [2025-01-18T04:51:46.634+0000] {override.py:1911} INFO - Created Permission View: can create on DAG Run:example_sla_dag
[2025-01-18T04:51:46.637+0000] {logging_mixin.py:190} INFO - [2025-01-18T04:51:46.637+0000] {override.py:1911} INFO - Created Permission View: can read on DAG Run:example_sla_dag
[2025-01-18T04:51:46.640+0000] {logging_mixin.py:190} INFO - [2025-01-18T04:51:46.640+0000] {override.py:1911} INFO - Created Permission View: can delete on DAG Run:example_sla_dag
[2025-01-18T04:51:46.643+0000] {logging_mixin.py:190} INFO - [2025-01-18T04:51:46.643+0000] {override.py:1911} INFO - Created Permission View: menu access on DAG Run:example_sla_dag
[2025-01-18T04:51:46.643+0000] {logging_mixin.py:190} INFO - [2025-01-18T04:51:46.643+0000] {dag.py:3239} INFO - Sync 1 DAGs
[2025-01-18T04:51:46.649+0000] {logging_mixin.py:190} INFO - [2025-01-18T04:51:46.649+0000] {dag.py:3262} INFO - Creating ORM DAG for example_sla_dag
[2025-01-18T04:51:46.654+0000] {logging_mixin.py:190} INFO - [2025-01-18T04:51:46.654+0000] {dag.py:4180} INFO - Setting next_dagrun for example_sla_dag to 2025-01-18 04:48:00+00:00, run_after=2025-01-18 04:50:00+00:00
[2025-01-18T04:51:46.662+0000] {processor.py:208} INFO - Processing /home/airflow/.local/lib/python3.12/site-packages/airflow/example_dags/example_sla_dag.py took 0.103 seconds
[2025-01-18T04:52:17.828+0000] {processor.py:186} INFO - Started process (PID=162) to work on /home/airflow/.local/lib/python3.12/site-packages/airflow/example_dags/example_sla_dag.py
[2025-01-18T04:52:17.829+0000] {processor.py:914} INFO - Processing file /home/airflow/.local/lib/python3.12/site-packages/airflow/example_dags/example_sla_dag.py for tasks to queue
[2025-01-18T04:52:17.831+0000] {logging_mixin.py:190} INFO - [2025-01-18T04:52:17.830+0000] {dagbag.py:588} INFO - Filling up the DagBag from /home/airflow/.local/lib/python3.12/site-packages/airflow/example_dags/example_sla_dag.py
[2025-01-18T04:52:17.836+0000] {processor.py:925} INFO - DAG(s) 'example_sla_dag' retrieved from /home/airflow/.local/lib/python3.12/site-packages/airflow/example_dags/example_sla_dag.py
[2025-01-18T04:52:17.845+0000] {logging_mixin.py:190} INFO - [2025-01-18T04:52:17.845+0000] {dag.py:3239} INFO - Sync 1 DAGs
[2025-01-18T04:52:17.857+0000] {logging_mixin.py:190} INFO - [2025-01-18T04:52:17.857+0000] {dag.py:4180} INFO - Setting next_dagrun for example_sla_dag to 2025-01-18 04:50:00+00:00, run_after=2025-01-18 04:52:00+00:00
[2025-01-18T04:52:17.866+0000] {processor.py:208} INFO - Processing /home/airflow/.local/lib/python3.12/site-packages/airflow/example_dags/example_sla_dag.py took 0.040 seconds
[2025-01-18T04:52:48.343+0000] {processor.py:186} INFO - Started process (PID=225) to work on /home/airflow/.local/lib/python3.12/site-packages/airflow/example_dags/example_sla_dag.py
[2025-01-18T04:52:48.343+0000] {processor.py:914} INFO - Processing file /home/airflow/.local/lib/python3.12/site-packages/airflow/example_dags/example_sla_dag.py for tasks to queue
[2025-01-18T04:52:48.345+0000] {logging_mixin.py:190} INFO - [2025-01-18T04:52:48.345+0000] {dagbag.py:588} INFO - Filling up the DagBag from /home/airflow/.local/lib/python3.12/site-packages/airflow/example_dags/example_sla_dag.py
[2025-01-18T04:52:48.351+0000] {processor.py:925} INFO - DAG(s) 'example_sla_dag' retrieved from /home/airflow/.local/lib/python3.12/site-packages/airflow/example_dags/example_sla_dag.py
[2025-01-18T04:52:48.361+0000] {logging_mixin.py:190} INFO - [2025-01-18T04:52:48.361+0000] {dag.py:3239} INFO - Sync 1 DAGs
[2025-01-18T04:52:48.372+0000] {logging_mixin.py:190} INFO - [2025-01-18T04:52:48.372+0000] {dag.py:4180} INFO - Setting next_dagrun for example_sla_dag to 2025-01-18 04:50:00+00:00, run_after=2025-01-18 04:52:00+00:00
[2025-01-18T04:52:48.380+0000] {processor.py:208} INFO - Processing /home/airflow/.local/lib/python3.12/site-packages/airflow/example_dags/example_sla_dag.py took 0.041 seconds
[2025-01-18T04:53:19.214+0000] {processor.py:186} INFO - Started process (PID=288) to work on /home/airflow/.local/lib/python3.12/site-packages/airflow/example_dags/example_sla_dag.py
[2025-01-18T04:53:19.214+0000] {processor.py:914} INFO - Processing file /home/airflow/.local/lib/python3.12/site-packages/airflow/example_dags/example_sla_dag.py for tasks to queue
[2025-01-18T04:53:19.215+0000] {logging_mixin.py:190} INFO - [2025-01-18T04:53:19.215+0000] {dagbag.py:588} INFO - Filling up the DagBag from /home/airflow/.local/lib/python3.12/site-packages/airflow/example_dags/example_sla_dag.py
[2025-01-18T04:53:19.221+0000] {processor.py:925} INFO - DAG(s) 'example_sla_dag' retrieved from /home/airflow/.local/lib/python3.12/site-packages/airflow/example_dags/example_sla_dag.py
[2025-01-18T04:53:19.231+0000] {logging_mixin.py:190} INFO - [2025-01-18T04:53:19.231+0000] {dag.py:3239} INFO - Sync 1 DAGs
[2025-01-18T04:53:19.241+0000] {logging_mixin.py:190} INFO - [2025-01-18T04:53:19.241+0000] {dag.py:4180} INFO - Setting next_dagrun for example_sla_dag to 2025-01-18 04:50:00+00:00, run_after=2025-01-18 04:52:00+00:00
[2025-01-18T04:53:19.250+0000] {processor.py:208} INFO - Processing /home/airflow/.local/lib/python3.12/site-packages/airflow/example_dags/example_sla_dag.py took 0.039 seconds
[2025-01-18T04:53:49.832+0000] {processor.py:186} INFO - Started process (PID=351) to work on /home/airflow/.local/lib/python3.12/site-packages/airflow/example_dags/example_sla_dag.py
[2025-01-18T04:53:49.832+0000] {processor.py:914} INFO - Processing file /home/airflow/.local/lib/python3.12/site-packages/airflow/example_dags/example_sla_dag.py for tasks to queue
[2025-01-18T04:53:49.833+0000] {logging_mixin.py:190} INFO - [2025-01-18T04:53:49.833+0000] {dagbag.py:588} INFO - Filling up the DagBag from /home/airflow/.local/lib/python3.12/site-packages/airflow/example_dags/example_sla_dag.py
[2025-01-18T04:53:49.839+0000] {processor.py:925} INFO - DAG(s) 'example_sla_dag' retrieved from /home/airflow/.local/lib/python3.12/site-packages/airflow/example_dags/example_sla_dag.py
[2025-01-18T04:53:49.850+0000] {logging_mixin.py:190} INFO - [2025-01-18T04:53:49.850+0000] {dag.py:3239} INFO - Sync 1 DAGs
[2025-01-18T04:53:49.862+0000] {logging_mixin.py:190} INFO - [2025-01-18T04:53:49.862+0000] {dag.py:4180} INFO - Setting next_dagrun for example_sla_dag to 2025-01-18 04:50:00+00:00, run_after=2025-01-18 04:52:00+00:00
[2025-01-18T04:53:49.872+0000] {processor.py:208} INFO - Processing /home/airflow/.local/lib/python3.12/site-packages/airflow/example_dags/example_sla_dag.py took 0.043 seconds
[2025-01-18T04:54:20.784+0000] {processor.py:186} INFO - Started process (PID=414) to work on /home/airflow/.local/lib/python3.12/site-packages/airflow/example_dags/example_sla_dag.py
[2025-01-18T04:54:20.784+0000] {processor.py:914} INFO - Processing file /home/airflow/.local/lib/python3.12/site-packages/airflow/example_dags/example_sla_dag.py for tasks to queue
[2025-01-18T04:54:20.786+0000] {logging_mixin.py:190} INFO - [2025-01-18T04:54:20.785+0000] {dagbag.py:588} INFO - Filling up the DagBag from /home/airflow/.local/lib/python3.12/site-packages/airflow/example_dags/example_sla_dag.py
[2025-01-18T04:54:20.791+0000] {processor.py:925} INFO - DAG(s) 'example_sla_dag' retrieved from /home/airflow/.local/lib/python3.12/site-packages/airflow/example_dags/example_sla_dag.py
[2025-01-18T04:54:20.801+0000] {logging_mixin.py:190} INFO - [2025-01-18T04:54:20.801+0000] {dag.py:3239} INFO - Sync 1 DAGs
[2025-01-18T04:54:20.813+0000] {logging_mixin.py:190} INFO - [2025-01-18T04:54:20.813+0000] {dag.py:4180} INFO - Setting next_dagrun for example_sla_dag to 2025-01-18 04:52:00+00:00, run_after=2025-01-18 04:54:00+00:00
[2025-01-18T04:54:20.821+0000] {processor.py:208} INFO - Processing /home/airflow/.local/lib/python3.12/site-packages/airflow/example_dags/example_sla_dag.py took 0.040 seconds
[2025-01-18T04:54:51.592+0000] {processor.py:186} INFO - Started process (PID=477) to work on /home/airflow/.local/lib/python3.12/site-packages/airflow/example_dags/example_sla_dag.py
[2025-01-18T04:54:51.593+0000] {processor.py:914} INFO - Processing file /home/airflow/.local/lib/python3.12/site-packages/airflow/example_dags/example_sla_dag.py for tasks to queue
[2025-01-18T04:54:51.594+0000] {logging_mixin.py:190} INFO - [2025-01-18T04:54:51.593+0000] {dagbag.py:588} INFO - Filling up the DagBag from /home/airflow/.local/lib/python3.12/site-packages/airflow/example_dags/example_sla_dag.py
[2025-01-18T04:54:51.599+0000] {processor.py:925} INFO - DAG(s) 'example_sla_dag' retrieved from /home/airflow/.local/lib/python3.12/site-packages/airflow/example_dags/example_sla_dag.py
[2025-01-18T04:54:51.610+0000] {logging_mixin.py:190} INFO - [2025-01-18T04:54:51.610+0000] {dag.py:3239} INFO - Sync 1 DAGs
[2025-01-18T04:54:51.621+0000] {logging_mixin.py:190} INFO - [2025-01-18T04:54:51.621+0000] {dag.py:4180} INFO - Setting next_dagrun for example_sla_dag to 2025-01-18 04:52:00+00:00, run_after=2025-01-18 04:54:00+00:00
[2025-01-18T04:54:51.630+0000] {processor.py:208} INFO - Processing /home/airflow/.local/lib/python3.12/site-packages/airflow/example_dags/example_sla_dag.py took 0.040 seconds
[2025-01-18T04:55:22.584+0000] {processor.py:186} INFO - Started process (PID=540) to work on /home/airflow/.local/lib/python3.12/site-packages/airflow/example_dags/example_sla_dag.py
[2025-01-18T04:55:22.585+0000] {processor.py:914} INFO - Processing file /home/airflow/.local/lib/python3.12/site-packages/airflow/example_dags/example_sla_dag.py for tasks to queue
[2025-01-18T04:55:22.587+0000] {logging_mixin.py:190} INFO - [2025-01-18T04:55:22.586+0000] {dagbag.py:588} INFO - Filling up the DagBag from /home/airflow/.local/lib/python3.12/site-packages/airflow/example_dags/example_sla_dag.py
[2025-01-18T04:55:22.593+0000] {processor.py:925} INFO - DAG(s) 'example_sla_dag' retrieved from /home/airflow/.local/lib/python3.12/site-packages/airflow/example_dags/example_sla_dag.py
[2025-01-18T04:55:22.607+0000] {logging_mixin.py:190} INFO - [2025-01-18T04:55:22.606+0000] {dag.py:3239} INFO - Sync 1 DAGs
[2025-01-18T04:55:22.622+0000] {logging_mixin.py:190} INFO - [2025-01-18T04:55:22.622+0000] {dag.py:4180} INFO - Setting next_dagrun for example_sla_dag to 2025-01-18 04:52:00+00:00, run_after=2025-01-18 04:54:00+00:00
[2025-01-18T04:55:22.636+0000] {processor.py:208} INFO - Processing /home/airflow/.local/lib/python3.12/site-packages/airflow/example_dags/example_sla_dag.py took 0.056 seconds
[2025-01-18T04:55:53.524+0000] {processor.py:186} INFO - Started process (PID=603) to work on /home/airflow/.local/lib/python3.12/site-packages/airflow/example_dags/example_sla_dag.py
[2025-01-18T04:55:53.525+0000] {processor.py:914} INFO - Processing file /home/airflow/.local/lib/python3.12/site-packages/airflow/example_dags/example_sla_dag.py for tasks to queue
[2025-01-18T04:55:53.526+0000] {logging_mixin.py:190} INFO - [2025-01-18T04:55:53.526+0000] {dagbag.py:588} INFO - Filling up the DagBag from /home/airflow/.local/lib/python3.12/site-packages/airflow/example_dags/example_sla_dag.py
[2025-01-18T04:55:53.531+0000] {processor.py:925} INFO - DAG(s) 'example_sla_dag' retrieved from /home/airflow/.local/lib/python3.12/site-packages/airflow/example_dags/example_sla_dag.py
[2025-01-18T04:55:53.543+0000] {logging_mixin.py:190} INFO - [2025-01-18T04:55:53.543+0000] {dag.py:3239} INFO - Sync 1 DAGs
[2025-01-18T04:55:53.554+0000] {logging_mixin.py:190} INFO - [2025-01-18T04:55:53.554+0000] {dag.py:4180} INFO - Setting next_dagrun for example_sla_dag to 2025-01-18 04:52:00+00:00, run_after=2025-01-18 04:54:00+00:00
[2025-01-18T04:55:53.563+0000] {processor.py:208} INFO - Processing /home/airflow/.local/lib/python3.12/site-packages/airflow/example_dags/example_sla_dag.py took 0.042 seconds
[2025-01-18T04:56:24.263+0000] {processor.py:186} INFO - Started process (PID=666) to work on /home/airflow/.local/lib/python3.12/site-packages/airflow/example_dags/example_sla_dag.py
[2025-01-18T04:56:24.264+0000] {processor.py:914} INFO - Processing file /home/airflow/.local/lib/python3.12/site-packages/airflow/example_dags/example_sla_dag.py for tasks to queue
[2025-01-18T04:56:24.265+0000] {logging_mixin.py:190} INFO - [2025-01-18T04:56:24.265+0000] {dagbag.py:588} INFO - Filling up the DagBag from /home/airflow/.local/lib/python3.12/site-packages/airflow/example_dags/example_sla_dag.py
[2025-01-18T04:56:24.271+0000] {processor.py:925} INFO - DAG(s) 'example_sla_dag' retrieved from /home/airflow/.local/lib/python3.12/site-packages/airflow/example_dags/example_sla_dag.py
[2025-01-18T04:56:24.281+0000] {logging_mixin.py:190} INFO - [2025-01-18T04:56:24.281+0000] {dag.py:3239} INFO - Sync 1 DAGs
[2025-01-18T04:56:24.293+0000] {logging_mixin.py:190} INFO - [2025-01-18T04:56:24.293+0000] {dag.py:4180} INFO - Setting next_dagrun for example_sla_dag to 2025-01-18 04:54:00+00:00, run_after=2025-01-18 04:56:00+00:00
[2025-01-18T04:56:24.301+0000] {processor.py:208} INFO - Processing /home/airflow/.local/lib/python3.12/site-packages/airflow/example_dags/example_sla_dag.py took 0.041 seconds
[2025-01-18T04:56:55.202+0000] {processor.py:186} INFO - Started process (PID=729) to work on /home/airflow/.local/lib/python3.12/site-packages/airflow/example_dags/example_sla_dag.py
[2025-01-18T04:56:55.203+0000] {processor.py:914} INFO - Processing file /home/airflow/.local/lib/python3.12/site-packages/airflow/example_dags/example_sla_dag.py for tasks to queue
[2025-01-18T04:56:55.204+0000] {logging_mixin.py:190} INFO - [2025-01-18T04:56:55.204+0000] {dagbag.py:588} INFO - Filling up the DagBag from /home/airflow/.local/lib/python3.12/site-packages/airflow/example_dags/example_sla_dag.py
[2025-01-18T04:56:55.210+0000] {processor.py:925} INFO - DAG(s) 'example_sla_dag' retrieved from /home/airflow/.local/lib/python3.12/site-packages/airflow/example_dags/example_sla_dag.py
[2025-01-18T04:56:55.220+0000] {logging_mixin.py:190} INFO - [2025-01-18T04:56:55.220+0000] {dag.py:3239} INFO - Sync 1 DAGs
[2025-01-18T04:56:55.232+0000] {logging_mixin.py:190} INFO - [2025-01-18T04:56:55.231+0000] {dag.py:4180} INFO - Setting next_dagrun for example_sla_dag to 2025-01-18 04:54:00+00:00, run_after=2025-01-18 04:56:00+00:00
[2025-01-18T04:56:55.240+0000] {processor.py:208} INFO - Processing /home/airflow/.local/lib/python3.12/site-packages/airflow/example_dags/example_sla_dag.py took 0.041 seconds
[2025-01-18T04:57:25.883+0000] {processor.py:186} INFO - Started process (PID=799) to work on /home/airflow/.local/lib/python3.12/site-packages/airflow/example_dags/example_sla_dag.py
[2025-01-18T04:57:25.883+0000] {processor.py:914} INFO - Processing file /home/airflow/.local/lib/python3.12/site-packages/airflow/example_dags/example_sla_dag.py for tasks to queue
[2025-01-18T04:57:25.885+0000] {logging_mixin.py:190} INFO - [2025-01-18T04:57:25.885+0000] {dagbag.py:588} INFO - Filling up the DagBag from /home/airflow/.local/lib/python3.12/site-packages/airflow/example_dags/example_sla_dag.py
[2025-01-18T04:57:25.891+0000] {processor.py:925} INFO - DAG(s) 'example_sla_dag' retrieved from /home/airflow/.local/lib/python3.12/site-packages/airflow/example_dags/example_sla_dag.py
[2025-01-18T04:57:25.903+0000] {logging_mixin.py:190} INFO - [2025-01-18T04:57:25.902+0000] {dag.py:3239} INFO - Sync 1 DAGs
[2025-01-18T04:57:25.915+0000] {logging_mixin.py:190} INFO - [2025-01-18T04:57:25.915+0000] {dag.py:4180} INFO - Setting next_dagrun for example_sla_dag to 2025-01-18 04:54:00+00:00, run_after=2025-01-18 04:56:00+00:00
[2025-01-18T04:57:25.944+0000] {processor.py:208} INFO - Processing /home/airflow/.local/lib/python3.12/site-packages/airflow/example_dags/example_sla_dag.py took 0.064 seconds
[2025-01-18T04:57:56.779+0000] {processor.py:186} INFO - Started process (PID=862) to work on /home/airflow/.local/lib/python3.12/site-packages/airflow/example_dags/example_sla_dag.py
[2025-01-18T04:57:56.780+0000] {processor.py:914} INFO - Processing file /home/airflow/.local/lib/python3.12/site-packages/airflow/example_dags/example_sla_dag.py for tasks to queue
[2025-01-18T04:57:56.781+0000] {logging_mixin.py:190} INFO - [2025-01-18T04:57:56.780+0000] {dagbag.py:588} INFO - Filling up the DagBag from /home/airflow/.local/lib/python3.12/site-packages/airflow/example_dags/example_sla_dag.py
[2025-01-18T04:57:56.786+0000] {processor.py:925} INFO - DAG(s) 'example_sla_dag' retrieved from /home/airflow/.local/lib/python3.12/site-packages/airflow/example_dags/example_sla_dag.py
[2025-01-18T04:57:56.796+0000] {logging_mixin.py:190} INFO - [2025-01-18T04:57:56.796+0000] {dag.py:3239} INFO - Sync 1 DAGs
[2025-01-18T04:57:56.807+0000] {logging_mixin.py:190} INFO - [2025-01-18T04:57:56.807+0000] {dag.py:4180} INFO - Setting next_dagrun for example_sla_dag to 2025-01-18 04:54:00+00:00, run_after=2025-01-18 04:56:00+00:00
[2025-01-18T04:57:56.815+0000] {processor.py:208} INFO - Processing /home/airflow/.local/lib/python3.12/site-packages/airflow/example_dags/example_sla_dag.py took 0.039 seconds
[2025-01-18T04:58:27.668+0000] {processor.py:186} INFO - Started process (PID=925) to work on /home/airflow/.local/lib/python3.12/site-packages/airflow/example_dags/example_sla_dag.py
[2025-01-18T04:58:27.669+0000] {processor.py:914} INFO - Processing file /home/airflow/.local/lib/python3.12/site-packages/airflow/example_dags/example_sla_dag.py for tasks to queue
[2025-01-18T04:58:27.670+0000] {logging_mixin.py:190} INFO - [2025-01-18T04:58:27.670+0000] {dagbag.py:588} INFO - Filling up the DagBag from /home/airflow/.local/lib/python3.12/site-packages/airflow/example_dags/example_sla_dag.py
[2025-01-18T04:58:27.676+0000] {processor.py:925} INFO - DAG(s) 'example_sla_dag' retrieved from /home/airflow/.local/lib/python3.12/site-packages/airflow/example_dags/example_sla_dag.py
[2025-01-18T04:58:27.687+0000] {logging_mixin.py:190} INFO - [2025-01-18T04:58:27.687+0000] {dag.py:3239} INFO - Sync 1 DAGs
[2025-01-18T04:58:27.699+0000] {logging_mixin.py:190} INFO - [2025-01-18T04:58:27.699+0000] {dag.py:4180} INFO - Setting next_dagrun for example_sla_dag to 2025-01-18 04:56:00+00:00, run_after=2025-01-18 04:58:00+00:00
[2025-01-18T04:58:27.708+0000] {processor.py:208} INFO - Processing /home/airflow/.local/lib/python3.12/site-packages/airflow/example_dags/example_sla_dag.py took 0.043 seconds
[2025-01-18T04:58:58.581+0000] {processor.py:186} INFO - Started process (PID=988) to work on /home/airflow/.local/lib/python3.12/site-packages/airflow/example_dags/example_sla_dag.py
[2025-01-18T04:58:58.582+0000] {processor.py:914} INFO - Processing file /home/airflow/.local/lib/python3.12/site-packages/airflow/example_dags/example_sla_dag.py for tasks to queue
[2025-01-18T04:58:58.583+0000] {logging_mixin.py:190} INFO - [2025-01-18T04:58:58.583+0000] {dagbag.py:588} INFO - Filling up the DagBag from /home/airflow/.local/lib/python3.12/site-packages/airflow/example_dags/example_sla_dag.py
[2025-01-18T04:58:58.588+0000] {processor.py:925} INFO - DAG(s) 'example_sla_dag' retrieved from /home/airflow/.local/lib/python3.12/site-packages/airflow/example_dags/example_sla_dag.py
[2025-01-18T04:58:58.598+0000] {logging_mixin.py:190} INFO - [2025-01-18T04:58:58.598+0000] {dag.py:3239} INFO - Sync 1 DAGs
[2025-01-18T04:58:58.610+0000] {logging_mixin.py:190} INFO - [2025-01-18T04:58:58.610+0000] {dag.py:4180} INFO - Setting next_dagrun for example_sla_dag to 2025-01-18 04:56:00+00:00, run_after=2025-01-18 04:58:00+00:00
[2025-01-18T04:58:58.618+0000] {processor.py:208} INFO - Processing /home/airflow/.local/lib/python3.12/site-packages/airflow/example_dags/example_sla_dag.py took 0.040 seconds
[2025-01-18T04:59:29.554+0000] {processor.py:186} INFO - Started process (PID=1051) to work on /home/airflow/.local/lib/python3.12/site-packages/airflow/example_dags/example_sla_dag.py
[2025-01-18T04:59:29.555+0000] {processor.py:914} INFO - Processing file /home/airflow/.local/lib/python3.12/site-packages/airflow/example_dags/example_sla_dag.py for tasks to queue
[2025-01-18T04:59:29.556+0000] {logging_mixin.py:190} INFO - [2025-01-18T04:59:29.556+0000] {dagbag.py:588} INFO - Filling up the DagBag from /home/airflow/.local/lib/python3.12/site-packages/airflow/example_dags/example_sla_dag.py
[2025-01-18T04:59:29.562+0000] {processor.py:925} INFO - DAG(s) 'example_sla_dag' retrieved from /home/airflow/.local/lib/python3.12/site-packages/airflow/example_dags/example_sla_dag.py
[2025-01-18T04:59:29.575+0000] {logging_mixin.py:190} INFO - [2025-01-18T04:59:29.575+0000] {dag.py:3239} INFO - Sync 1 DAGs
[2025-01-18T04:59:29.587+0000] {logging_mixin.py:190} INFO - [2025-01-18T04:59:29.587+0000] {dag.py:4180} INFO - Setting next_dagrun for example_sla_dag to 2025-01-18 04:56:00+00:00, run_after=2025-01-18 04:58:00+00:00
[2025-01-18T04:59:29.595+0000] {processor.py:208} INFO - Processing /home/airflow/.local/lib/python3.12/site-packages/airflow/example_dags/example_sla_dag.py took 0.045 seconds
[2025-01-18T04:59:59.651+0000] {processor.py:186} INFO - Started process (PID=1113) to work on /home/airflow/.local/lib/python3.12/site-packages/airflow/example_dags/example_sla_dag.py
[2025-01-18T04:59:59.652+0000] {processor.py:914} INFO - Processing file /home/airflow/.local/lib/python3.12/site-packages/airflow/example_dags/example_sla_dag.py for tasks to queue
[2025-01-18T04:59:59.654+0000] {logging_mixin.py:190} INFO - [2025-01-18T04:59:59.653+0000] {dagbag.py:588} INFO - Filling up the DagBag from /home/airflow/.local/lib/python3.12/site-packages/airflow/example_dags/example_sla_dag.py
[2025-01-18T04:59:59.659+0000] {processor.py:925} INFO - DAG(s) 'example_sla_dag' retrieved from /home/airflow/.local/lib/python3.12/site-packages/airflow/example_dags/example_sla_dag.py
[2025-01-18T04:59:59.669+0000] {logging_mixin.py:190} INFO - [2025-01-18T04:59:59.669+0000] {dag.py:3239} INFO - Sync 1 DAGs
[2025-01-18T04:59:59.680+0000] {logging_mixin.py:190} INFO - [2025-01-18T04:59:59.680+0000] {dag.py:4180} INFO - Setting next_dagrun for example_sla_dag to 2025-01-18 04:56:00+00:00, run_after=2025-01-18 04:58:00+00:00
[2025-01-18T04:59:59.687+0000] {processor.py:208} INFO - Processing /home/airflow/.local/lib/python3.12/site-packages/airflow/example_dags/example_sla_dag.py took 0.039 seconds
