[2025-01-18T04:51:44.228+0000] {processor.py:186} INFO - Started process (PID=63) to work on /home/airflow/.local/lib/python3.12/site-packages/airflow/example_dags/example_xcom.py
[2025-01-18T04:51:44.229+0000] {processor.py:914} INFO - Processing file /home/airflow/.local/lib/python3.12/site-packages/airflow/example_dags/example_xcom.py for tasks to queue
[2025-01-18T04:51:44.230+0000] {logging_mixin.py:190} INFO - [2025-01-18T04:51:44.230+0000] {dagbag.py:588} INFO - Filling up the DagBag from /home/airflow/.local/lib/python3.12/site-packages/airflow/example_dags/example_xcom.py
[2025-01-18T04:51:44.235+0000] {processor.py:925} INFO - DAG(s) 'example_xcom' retrieved from /home/airflow/.local/lib/python3.12/site-packages/airflow/example_dags/example_xcom.py
[2025-01-18T04:51:44.284+0000] {logging_mixin.py:190} INFO - [2025-01-18T04:51:44.284+0000] {override.py:1911} INFO - Created Permission View: can edit on DAG:example_xcom
[2025-01-18T04:51:44.288+0000] {logging_mixin.py:190} INFO - [2025-01-18T04:51:44.288+0000] {override.py:1911} INFO - Created Permission View: can read on DAG:example_xcom
[2025-01-18T04:51:44.291+0000] {logging_mixin.py:190} INFO - [2025-01-18T04:51:44.291+0000] {override.py:1911} INFO - Created Permission View: can delete on DAG:example_xcom
[2025-01-18T04:51:44.294+0000] {logging_mixin.py:190} INFO - [2025-01-18T04:51:44.294+0000] {override.py:1911} INFO - Created Permission View: can create on DAG Run:example_xcom
[2025-01-18T04:51:44.297+0000] {logging_mixin.py:190} INFO - [2025-01-18T04:51:44.297+0000] {override.py:1911} INFO - Created Permission View: can read on DAG Run:example_xcom
[2025-01-18T04:51:44.301+0000] {logging_mixin.py:190} INFO - [2025-01-18T04:51:44.301+0000] {override.py:1911} INFO - Created Permission View: can delete on DAG Run:example_xcom
[2025-01-18T04:51:44.307+0000] {logging_mixin.py:190} INFO - [2025-01-18T04:51:44.307+0000] {override.py:1911} INFO - Created Permission View: menu access on DAG Run:example_xcom
[2025-01-18T04:51:44.308+0000] {logging_mixin.py:190} INFO - [2025-01-18T04:51:44.307+0000] {dag.py:3239} INFO - Sync 1 DAGs
[2025-01-18T04:51:44.314+0000] {logging_mixin.py:190} INFO - [2025-01-18T04:51:44.314+0000] {dag.py:3262} INFO - Creating ORM DAG for example_xcom
[2025-01-18T04:51:44.319+0000] {logging_mixin.py:190} INFO - [2025-01-18T04:51:44.319+0000] {dag.py:4180} INFO - Setting next_dagrun for example_xcom to 2021-01-01 00:00:00+00:00, run_after=2021-01-01 00:00:00+00:00
[2025-01-18T04:51:44.328+0000] {processor.py:208} INFO - Processing /home/airflow/.local/lib/python3.12/site-packages/airflow/example_dags/example_xcom.py took 0.103 seconds
[2025-01-18T04:52:15.488+0000] {processor.py:186} INFO - Started process (PID=132) to work on /home/airflow/.local/lib/python3.12/site-packages/airflow/example_dags/example_xcom.py
[2025-01-18T04:52:15.491+0000] {processor.py:914} INFO - Processing file /home/airflow/.local/lib/python3.12/site-packages/airflow/example_dags/example_xcom.py for tasks to queue
[2025-01-18T04:52:15.492+0000] {logging_mixin.py:190} INFO - [2025-01-18T04:52:15.492+0000] {dagbag.py:588} INFO - Filling up the DagBag from /home/airflow/.local/lib/python3.12/site-packages/airflow/example_dags/example_xcom.py
[2025-01-18T04:52:15.498+0000] {processor.py:925} INFO - DAG(s) 'example_xcom' retrieved from /home/airflow/.local/lib/python3.12/site-packages/airflow/example_dags/example_xcom.py
[2025-01-18T04:52:15.509+0000] {logging_mixin.py:190} INFO - [2025-01-18T04:52:15.508+0000] {dag.py:3239} INFO - Sync 1 DAGs
[2025-01-18T04:52:15.519+0000] {logging_mixin.py:190} INFO - [2025-01-18T04:52:15.519+0000] {dag.py:4180} INFO - Setting next_dagrun for example_xcom to 2021-01-01 00:00:00+00:00, run_after=2021-01-01 00:00:00+00:00
[2025-01-18T04:52:15.528+0000] {processor.py:208} INFO - Processing /home/airflow/.local/lib/python3.12/site-packages/airflow/example_dags/example_xcom.py took 0.043 seconds
[2025-01-18T04:52:46.206+0000] {processor.py:186} INFO - Started process (PID=195) to work on /home/airflow/.local/lib/python3.12/site-packages/airflow/example_dags/example_xcom.py
[2025-01-18T04:52:46.207+0000] {processor.py:914} INFO - Processing file /home/airflow/.local/lib/python3.12/site-packages/airflow/example_dags/example_xcom.py for tasks to queue
[2025-01-18T04:52:46.209+0000] {logging_mixin.py:190} INFO - [2025-01-18T04:52:46.209+0000] {dagbag.py:588} INFO - Filling up the DagBag from /home/airflow/.local/lib/python3.12/site-packages/airflow/example_dags/example_xcom.py
[2025-01-18T04:52:46.213+0000] {processor.py:925} INFO - DAG(s) 'example_xcom' retrieved from /home/airflow/.local/lib/python3.12/site-packages/airflow/example_dags/example_xcom.py
[2025-01-18T04:52:46.225+0000] {logging_mixin.py:190} INFO - [2025-01-18T04:52:46.225+0000] {dag.py:3239} INFO - Sync 1 DAGs
[2025-01-18T04:52:46.236+0000] {logging_mixin.py:190} INFO - [2025-01-18T04:52:46.236+0000] {dag.py:4180} INFO - Setting next_dagrun for example_xcom to 2021-01-01 00:00:00+00:00, run_after=2021-01-01 00:00:00+00:00
[2025-01-18T04:52:46.245+0000] {processor.py:208} INFO - Processing /home/airflow/.local/lib/python3.12/site-packages/airflow/example_dags/example_xcom.py took 0.041 seconds
[2025-01-18T04:53:17.084+0000] {processor.py:186} INFO - Started process (PID=258) to work on /home/airflow/.local/lib/python3.12/site-packages/airflow/example_dags/example_xcom.py
[2025-01-18T04:53:17.087+0000] {processor.py:914} INFO - Processing file /home/airflow/.local/lib/python3.12/site-packages/airflow/example_dags/example_xcom.py for tasks to queue
[2025-01-18T04:53:17.089+0000] {logging_mixin.py:190} INFO - [2025-01-18T04:53:17.088+0000] {dagbag.py:588} INFO - Filling up the DagBag from /home/airflow/.local/lib/python3.12/site-packages/airflow/example_dags/example_xcom.py
[2025-01-18T04:53:17.094+0000] {processor.py:925} INFO - DAG(s) 'example_xcom' retrieved from /home/airflow/.local/lib/python3.12/site-packages/airflow/example_dags/example_xcom.py
[2025-01-18T04:53:17.106+0000] {logging_mixin.py:190} INFO - [2025-01-18T04:53:17.105+0000] {dag.py:3239} INFO - Sync 1 DAGs
[2025-01-18T04:53:17.119+0000] {logging_mixin.py:190} INFO - [2025-01-18T04:53:17.119+0000] {dag.py:4180} INFO - Setting next_dagrun for example_xcom to 2021-01-01 00:00:00+00:00, run_after=2021-01-01 00:00:00+00:00
[2025-01-18T04:53:17.129+0000] {processor.py:208} INFO - Processing /home/airflow/.local/lib/python3.12/site-packages/airflow/example_dags/example_xcom.py took 0.048 seconds
[2025-01-18T04:53:47.796+0000] {processor.py:186} INFO - Started process (PID=321) to work on /home/airflow/.local/lib/python3.12/site-packages/airflow/example_dags/example_xcom.py
[2025-01-18T04:53:47.797+0000] {processor.py:914} INFO - Processing file /home/airflow/.local/lib/python3.12/site-packages/airflow/example_dags/example_xcom.py for tasks to queue
[2025-01-18T04:53:47.799+0000] {logging_mixin.py:190} INFO - [2025-01-18T04:53:47.799+0000] {dagbag.py:588} INFO - Filling up the DagBag from /home/airflow/.local/lib/python3.12/site-packages/airflow/example_dags/example_xcom.py
[2025-01-18T04:53:47.804+0000] {processor.py:925} INFO - DAG(s) 'example_xcom' retrieved from /home/airflow/.local/lib/python3.12/site-packages/airflow/example_dags/example_xcom.py
[2025-01-18T04:53:47.817+0000] {logging_mixin.py:190} INFO - [2025-01-18T04:53:47.817+0000] {dag.py:3239} INFO - Sync 1 DAGs
[2025-01-18T04:53:47.828+0000] {logging_mixin.py:190} INFO - [2025-01-18T04:53:47.828+0000] {dag.py:4180} INFO - Setting next_dagrun for example_xcom to 2021-01-01 00:00:00+00:00, run_after=2021-01-01 00:00:00+00:00
[2025-01-18T04:53:47.837+0000] {processor.py:208} INFO - Processing /home/airflow/.local/lib/python3.12/site-packages/airflow/example_dags/example_xcom.py took 0.044 seconds
[2025-01-18T04:54:18.592+0000] {processor.py:186} INFO - Started process (PID=384) to work on /home/airflow/.local/lib/python3.12/site-packages/airflow/example_dags/example_xcom.py
[2025-01-18T04:54:18.594+0000] {processor.py:914} INFO - Processing file /home/airflow/.local/lib/python3.12/site-packages/airflow/example_dags/example_xcom.py for tasks to queue
[2025-01-18T04:54:18.595+0000] {logging_mixin.py:190} INFO - [2025-01-18T04:54:18.595+0000] {dagbag.py:588} INFO - Filling up the DagBag from /home/airflow/.local/lib/python3.12/site-packages/airflow/example_dags/example_xcom.py
[2025-01-18T04:54:18.601+0000] {processor.py:925} INFO - DAG(s) 'example_xcom' retrieved from /home/airflow/.local/lib/python3.12/site-packages/airflow/example_dags/example_xcom.py
[2025-01-18T04:54:18.613+0000] {logging_mixin.py:190} INFO - [2025-01-18T04:54:18.613+0000] {dag.py:3239} INFO - Sync 1 DAGs
[2025-01-18T04:54:18.625+0000] {logging_mixin.py:190} INFO - [2025-01-18T04:54:18.625+0000] {dag.py:4180} INFO - Setting next_dagrun for example_xcom to 2021-01-01 00:00:00+00:00, run_after=2021-01-01 00:00:00+00:00
[2025-01-18T04:54:18.635+0000] {processor.py:208} INFO - Processing /home/airflow/.local/lib/python3.12/site-packages/airflow/example_dags/example_xcom.py took 0.046 seconds
[2025-01-18T04:54:49.405+0000] {processor.py:186} INFO - Started process (PID=447) to work on /home/airflow/.local/lib/python3.12/site-packages/airflow/example_dags/example_xcom.py
[2025-01-18T04:54:49.408+0000] {processor.py:914} INFO - Processing file /home/airflow/.local/lib/python3.12/site-packages/airflow/example_dags/example_xcom.py for tasks to queue
[2025-01-18T04:54:49.410+0000] {logging_mixin.py:190} INFO - [2025-01-18T04:54:49.410+0000] {dagbag.py:588} INFO - Filling up the DagBag from /home/airflow/.local/lib/python3.12/site-packages/airflow/example_dags/example_xcom.py
[2025-01-18T04:54:49.415+0000] {processor.py:925} INFO - DAG(s) 'example_xcom' retrieved from /home/airflow/.local/lib/python3.12/site-packages/airflow/example_dags/example_xcom.py
[2025-01-18T04:54:49.427+0000] {logging_mixin.py:190} INFO - [2025-01-18T04:54:49.427+0000] {dag.py:3239} INFO - Sync 1 DAGs
[2025-01-18T04:54:49.443+0000] {logging_mixin.py:190} INFO - [2025-01-18T04:54:49.443+0000] {dag.py:4180} INFO - Setting next_dagrun for example_xcom to 2021-01-01 00:00:00+00:00, run_after=2021-01-01 00:00:00+00:00
[2025-01-18T04:54:49.453+0000] {processor.py:208} INFO - Processing /home/airflow/.local/lib/python3.12/site-packages/airflow/example_dags/example_xcom.py took 0.051 seconds
[2025-01-18T04:55:20.390+0000] {processor.py:186} INFO - Started process (PID=510) to work on /home/airflow/.local/lib/python3.12/site-packages/airflow/example_dags/example_xcom.py
[2025-01-18T04:55:20.392+0000] {processor.py:914} INFO - Processing file /home/airflow/.local/lib/python3.12/site-packages/airflow/example_dags/example_xcom.py for tasks to queue
[2025-01-18T04:55:20.393+0000] {logging_mixin.py:190} INFO - [2025-01-18T04:55:20.393+0000] {dagbag.py:588} INFO - Filling up the DagBag from /home/airflow/.local/lib/python3.12/site-packages/airflow/example_dags/example_xcom.py
[2025-01-18T04:55:20.398+0000] {processor.py:925} INFO - DAG(s) 'example_xcom' retrieved from /home/airflow/.local/lib/python3.12/site-packages/airflow/example_dags/example_xcom.py
[2025-01-18T04:55:20.411+0000] {logging_mixin.py:190} INFO - [2025-01-18T04:55:20.411+0000] {dag.py:3239} INFO - Sync 1 DAGs
[2025-01-18T04:55:20.423+0000] {logging_mixin.py:190} INFO - [2025-01-18T04:55:20.422+0000] {dag.py:4180} INFO - Setting next_dagrun for example_xcom to 2021-01-01 00:00:00+00:00, run_after=2021-01-01 00:00:00+00:00
[2025-01-18T04:55:20.432+0000] {processor.py:208} INFO - Processing /home/airflow/.local/lib/python3.12/site-packages/airflow/example_dags/example_xcom.py took 0.045 seconds
[2025-01-18T04:55:51.396+0000] {processor.py:186} INFO - Started process (PID=573) to work on /home/airflow/.local/lib/python3.12/site-packages/airflow/example_dags/example_xcom.py
[2025-01-18T04:55:51.397+0000] {processor.py:914} INFO - Processing file /home/airflow/.local/lib/python3.12/site-packages/airflow/example_dags/example_xcom.py for tasks to queue
[2025-01-18T04:55:51.399+0000] {logging_mixin.py:190} INFO - [2025-01-18T04:55:51.399+0000] {dagbag.py:588} INFO - Filling up the DagBag from /home/airflow/.local/lib/python3.12/site-packages/airflow/example_dags/example_xcom.py
[2025-01-18T04:55:51.405+0000] {processor.py:925} INFO - DAG(s) 'example_xcom' retrieved from /home/airflow/.local/lib/python3.12/site-packages/airflow/example_dags/example_xcom.py
[2025-01-18T04:55:51.416+0000] {logging_mixin.py:190} INFO - [2025-01-18T04:55:51.416+0000] {dag.py:3239} INFO - Sync 1 DAGs
[2025-01-18T04:55:51.427+0000] {logging_mixin.py:190} INFO - [2025-01-18T04:55:51.427+0000] {dag.py:4180} INFO - Setting next_dagrun for example_xcom to 2021-01-01 00:00:00+00:00, run_after=2021-01-01 00:00:00+00:00
[2025-01-18T04:55:51.439+0000] {processor.py:208} INFO - Processing /home/airflow/.local/lib/python3.12/site-packages/airflow/example_dags/example_xcom.py took 0.046 seconds
[2025-01-18T04:56:22.201+0000] {processor.py:186} INFO - Started process (PID=636) to work on /home/airflow/.local/lib/python3.12/site-packages/airflow/example_dags/example_xcom.py
[2025-01-18T04:56:22.203+0000] {processor.py:914} INFO - Processing file /home/airflow/.local/lib/python3.12/site-packages/airflow/example_dags/example_xcom.py for tasks to queue
[2025-01-18T04:56:22.204+0000] {logging_mixin.py:190} INFO - [2025-01-18T04:56:22.204+0000] {dagbag.py:588} INFO - Filling up the DagBag from /home/airflow/.local/lib/python3.12/site-packages/airflow/example_dags/example_xcom.py
[2025-01-18T04:56:22.210+0000] {processor.py:925} INFO - DAG(s) 'example_xcom' retrieved from /home/airflow/.local/lib/python3.12/site-packages/airflow/example_dags/example_xcom.py
[2025-01-18T04:56:22.220+0000] {logging_mixin.py:190} INFO - [2025-01-18T04:56:22.220+0000] {dag.py:3239} INFO - Sync 1 DAGs
[2025-01-18T04:56:22.232+0000] {logging_mixin.py:190} INFO - [2025-01-18T04:56:22.232+0000] {dag.py:4180} INFO - Setting next_dagrun for example_xcom to 2021-01-01 00:00:00+00:00, run_after=2021-01-01 00:00:00+00:00
[2025-01-18T04:56:22.241+0000] {processor.py:208} INFO - Processing /home/airflow/.local/lib/python3.12/site-packages/airflow/example_dags/example_xcom.py took 0.043 seconds
[2025-01-18T04:56:53.056+0000] {processor.py:186} INFO - Started process (PID=699) to work on /home/airflow/.local/lib/python3.12/site-packages/airflow/example_dags/example_xcom.py
[2025-01-18T04:56:53.056+0000] {processor.py:914} INFO - Processing file /home/airflow/.local/lib/python3.12/site-packages/airflow/example_dags/example_xcom.py for tasks to queue
[2025-01-18T04:56:53.058+0000] {logging_mixin.py:190} INFO - [2025-01-18T04:56:53.058+0000] {dagbag.py:588} INFO - Filling up the DagBag from /home/airflow/.local/lib/python3.12/site-packages/airflow/example_dags/example_xcom.py
[2025-01-18T04:56:53.063+0000] {processor.py:925} INFO - DAG(s) 'example_xcom' retrieved from /home/airflow/.local/lib/python3.12/site-packages/airflow/example_dags/example_xcom.py
[2025-01-18T04:56:53.074+0000] {logging_mixin.py:190} INFO - [2025-01-18T04:56:53.074+0000] {dag.py:3239} INFO - Sync 1 DAGs
[2025-01-18T04:56:53.089+0000] {logging_mixin.py:190} INFO - [2025-01-18T04:56:53.089+0000] {dag.py:4180} INFO - Setting next_dagrun for example_xcom to 2021-01-01 00:00:00+00:00, run_after=2021-01-01 00:00:00+00:00
[2025-01-18T04:56:53.107+0000] {processor.py:208} INFO - Processing /home/airflow/.local/lib/python3.12/site-packages/airflow/example_dags/example_xcom.py took 0.054 seconds
[2025-01-18T04:57:23.802+0000] {processor.py:186} INFO - Started process (PID=769) to work on /home/airflow/.local/lib/python3.12/site-packages/airflow/example_dags/example_xcom.py
[2025-01-18T04:57:23.803+0000] {processor.py:914} INFO - Processing file /home/airflow/.local/lib/python3.12/site-packages/airflow/example_dags/example_xcom.py for tasks to queue
[2025-01-18T04:57:23.805+0000] {logging_mixin.py:190} INFO - [2025-01-18T04:57:23.805+0000] {dagbag.py:588} INFO - Filling up the DagBag from /home/airflow/.local/lib/python3.12/site-packages/airflow/example_dags/example_xcom.py
[2025-01-18T04:57:23.810+0000] {processor.py:925} INFO - DAG(s) 'example_xcom' retrieved from /home/airflow/.local/lib/python3.12/site-packages/airflow/example_dags/example_xcom.py
[2025-01-18T04:57:23.821+0000] {logging_mixin.py:190} INFO - [2025-01-18T04:57:23.821+0000] {dag.py:3239} INFO - Sync 1 DAGs
[2025-01-18T04:57:23.832+0000] {logging_mixin.py:190} INFO - [2025-01-18T04:57:23.832+0000] {dag.py:4180} INFO - Setting next_dagrun for example_xcom to 2021-01-01 00:00:00+00:00, run_after=2021-01-01 00:00:00+00:00
[2025-01-18T04:57:23.843+0000] {processor.py:208} INFO - Processing /home/airflow/.local/lib/python3.12/site-packages/airflow/example_dags/example_xcom.py took 0.044 seconds
[2025-01-18T04:57:54.616+0000] {processor.py:186} INFO - Started process (PID=832) to work on /home/airflow/.local/lib/python3.12/site-packages/airflow/example_dags/example_xcom.py
[2025-01-18T04:57:54.616+0000] {processor.py:914} INFO - Processing file /home/airflow/.local/lib/python3.12/site-packages/airflow/example_dags/example_xcom.py for tasks to queue
[2025-01-18T04:57:54.618+0000] {logging_mixin.py:190} INFO - [2025-01-18T04:57:54.618+0000] {dagbag.py:588} INFO - Filling up the DagBag from /home/airflow/.local/lib/python3.12/site-packages/airflow/example_dags/example_xcom.py
[2025-01-18T04:57:54.624+0000] {processor.py:925} INFO - DAG(s) 'example_xcom' retrieved from /home/airflow/.local/lib/python3.12/site-packages/airflow/example_dags/example_xcom.py
[2025-01-18T04:57:54.635+0000] {logging_mixin.py:190} INFO - [2025-01-18T04:57:54.634+0000] {dag.py:3239} INFO - Sync 1 DAGs
[2025-01-18T04:57:54.647+0000] {logging_mixin.py:190} INFO - [2025-01-18T04:57:54.647+0000] {dag.py:4180} INFO - Setting next_dagrun for example_xcom to 2021-01-01 00:00:00+00:00, run_after=2021-01-01 00:00:00+00:00
[2025-01-18T04:57:54.663+0000] {processor.py:208} INFO - Processing /home/airflow/.local/lib/python3.12/site-packages/airflow/example_dags/example_xcom.py took 0.050 seconds
[2025-01-18T04:58:25.488+0000] {processor.py:186} INFO - Started process (PID=895) to work on /home/airflow/.local/lib/python3.12/site-packages/airflow/example_dags/example_xcom.py
[2025-01-18T04:58:25.489+0000] {processor.py:914} INFO - Processing file /home/airflow/.local/lib/python3.12/site-packages/airflow/example_dags/example_xcom.py for tasks to queue
[2025-01-18T04:58:25.490+0000] {logging_mixin.py:190} INFO - [2025-01-18T04:58:25.490+0000] {dagbag.py:588} INFO - Filling up the DagBag from /home/airflow/.local/lib/python3.12/site-packages/airflow/example_dags/example_xcom.py
[2025-01-18T04:58:25.498+0000] {processor.py:925} INFO - DAG(s) 'example_xcom' retrieved from /home/airflow/.local/lib/python3.12/site-packages/airflow/example_dags/example_xcom.py
[2025-01-18T04:58:25.513+0000] {logging_mixin.py:190} INFO - [2025-01-18T04:58:25.513+0000] {dag.py:3239} INFO - Sync 1 DAGs
[2025-01-18T04:58:25.524+0000] {logging_mixin.py:190} INFO - [2025-01-18T04:58:25.524+0000] {dag.py:4180} INFO - Setting next_dagrun for example_xcom to 2021-01-01 00:00:00+00:00, run_after=2021-01-01 00:00:00+00:00
[2025-01-18T04:58:25.533+0000] {processor.py:208} INFO - Processing /home/airflow/.local/lib/python3.12/site-packages/airflow/example_dags/example_xcom.py took 0.048 seconds
[2025-01-18T04:58:56.449+0000] {processor.py:186} INFO - Started process (PID=958) to work on /home/airflow/.local/lib/python3.12/site-packages/airflow/example_dags/example_xcom.py
[2025-01-18T04:58:56.450+0000] {processor.py:914} INFO - Processing file /home/airflow/.local/lib/python3.12/site-packages/airflow/example_dags/example_xcom.py for tasks to queue
[2025-01-18T04:58:56.451+0000] {logging_mixin.py:190} INFO - [2025-01-18T04:58:56.451+0000] {dagbag.py:588} INFO - Filling up the DagBag from /home/airflow/.local/lib/python3.12/site-packages/airflow/example_dags/example_xcom.py
[2025-01-18T04:58:56.457+0000] {processor.py:925} INFO - DAG(s) 'example_xcom' retrieved from /home/airflow/.local/lib/python3.12/site-packages/airflow/example_dags/example_xcom.py
[2025-01-18T04:58:56.471+0000] {logging_mixin.py:190} INFO - [2025-01-18T04:58:56.471+0000] {dag.py:3239} INFO - Sync 1 DAGs
[2025-01-18T04:58:56.483+0000] {logging_mixin.py:190} INFO - [2025-01-18T04:58:56.483+0000] {dag.py:4180} INFO - Setting next_dagrun for example_xcom to 2021-01-01 00:00:00+00:00, run_after=2021-01-01 00:00:00+00:00
[2025-01-18T04:58:56.492+0000] {processor.py:208} INFO - Processing /home/airflow/.local/lib/python3.12/site-packages/airflow/example_dags/example_xcom.py took 0.046 seconds
[2025-01-18T04:59:27.269+0000] {processor.py:186} INFO - Started process (PID=1021) to work on /home/airflow/.local/lib/python3.12/site-packages/airflow/example_dags/example_xcom.py
[2025-01-18T04:59:27.270+0000] {processor.py:914} INFO - Processing file /home/airflow/.local/lib/python3.12/site-packages/airflow/example_dags/example_xcom.py for tasks to queue
[2025-01-18T04:59:27.271+0000] {logging_mixin.py:190} INFO - [2025-01-18T04:59:27.271+0000] {dagbag.py:588} INFO - Filling up the DagBag from /home/airflow/.local/lib/python3.12/site-packages/airflow/example_dags/example_xcom.py
[2025-01-18T04:59:27.277+0000] {processor.py:925} INFO - DAG(s) 'example_xcom' retrieved from /home/airflow/.local/lib/python3.12/site-packages/airflow/example_dags/example_xcom.py
[2025-01-18T04:59:27.289+0000] {logging_mixin.py:190} INFO - [2025-01-18T04:59:27.288+0000] {dag.py:3239} INFO - Sync 1 DAGs
[2025-01-18T04:59:27.301+0000] {logging_mixin.py:190} INFO - [2025-01-18T04:59:27.300+0000] {dag.py:4180} INFO - Setting next_dagrun for example_xcom to 2021-01-01 00:00:00+00:00, run_after=2021-01-01 00:00:00+00:00
[2025-01-18T04:59:27.313+0000] {processor.py:208} INFO - Processing /home/airflow/.local/lib/python3.12/site-packages/airflow/example_dags/example_xcom.py took 0.047 seconds
[2025-01-18T04:59:58.351+0000] {processor.py:186} INFO - Started process (PID=1084) to work on /home/airflow/.local/lib/python3.12/site-packages/airflow/example_dags/example_xcom.py
[2025-01-18T04:59:58.351+0000] {processor.py:914} INFO - Processing file /home/airflow/.local/lib/python3.12/site-packages/airflow/example_dags/example_xcom.py for tasks to queue
[2025-01-18T04:59:58.353+0000] {logging_mixin.py:190} INFO - [2025-01-18T04:59:58.353+0000] {dagbag.py:588} INFO - Filling up the DagBag from /home/airflow/.local/lib/python3.12/site-packages/airflow/example_dags/example_xcom.py
[2025-01-18T04:59:58.358+0000] {processor.py:925} INFO - DAG(s) 'example_xcom' retrieved from /home/airflow/.local/lib/python3.12/site-packages/airflow/example_dags/example_xcom.py
[2025-01-18T04:59:58.371+0000] {logging_mixin.py:190} INFO - [2025-01-18T04:59:58.371+0000] {dag.py:3239} INFO - Sync 1 DAGs
[2025-01-18T04:59:58.384+0000] {logging_mixin.py:190} INFO - [2025-01-18T04:59:58.384+0000] {dag.py:4180} INFO - Setting next_dagrun for example_xcom to 2021-01-01 00:00:00+00:00, run_after=2021-01-01 00:00:00+00:00
[2025-01-18T04:59:58.396+0000] {processor.py:208} INFO - Processing /home/airflow/.local/lib/python3.12/site-packages/airflow/example_dags/example_xcom.py took 0.048 seconds
