[2025-01-18T04:51:42.707+0000] {processor.py:186} INFO - Started process (PID=54) to work on /home/airflow/.local/lib/python3.12/site-packages/airflow/example_dags/example_subdag_operator.py
[2025-01-18T04:51:42.708+0000] {processor.py:914} INFO - Processing file /home/airflow/.local/lib/python3.12/site-packages/airflow/example_dags/example_subdag_operator.py for tasks to queue
[2025-01-18T04:51:42.710+0000] {logging_mixin.py:190} INFO - [2025-01-18T04:51:42.710+0000] {dagbag.py:588} INFO - Filling up the DagBag from /home/airflow/.local/lib/python3.12/site-packages/airflow/example_dags/example_subdag_operator.py
[2025-01-18T04:51:42.730+0000] {processor.py:925} INFO - DAG(s) 'example_subdag_operator.section-1', 'example_subdag_operator.section-2', 'example_subdag_operator' retrieved from /home/airflow/.local/lib/python3.12/site-packages/airflow/example_dags/example_subdag_operator.py
[2025-01-18T04:51:42.786+0000] {logging_mixin.py:190} INFO - [2025-01-18T04:51:42.785+0000] {override.py:1911} INFO - Created Permission View: can edit on DAG:example_subdag_operator
[2025-01-18T04:51:42.791+0000] {logging_mixin.py:190} INFO - [2025-01-18T04:51:42.791+0000] {override.py:1911} INFO - Created Permission View: can read on DAG:example_subdag_operator
[2025-01-18T04:51:42.794+0000] {logging_mixin.py:190} INFO - [2025-01-18T04:51:42.794+0000] {override.py:1911} INFO - Created Permission View: can delete on DAG:example_subdag_operator
[2025-01-18T04:51:42.799+0000] {logging_mixin.py:190} INFO - [2025-01-18T04:51:42.799+0000] {override.py:1911} INFO - Created Permission View: can create on DAG Run:example_subdag_operator
[2025-01-18T04:51:42.802+0000] {logging_mixin.py:190} INFO - [2025-01-18T04:51:42.802+0000] {override.py:1911} INFO - Created Permission View: can read on DAG Run:example_subdag_operator
[2025-01-18T04:51:42.805+0000] {logging_mixin.py:190} INFO - [2025-01-18T04:51:42.805+0000] {override.py:1911} INFO - Created Permission View: can delete on DAG Run:example_subdag_operator
[2025-01-18T04:51:42.808+0000] {logging_mixin.py:190} INFO - [2025-01-18T04:51:42.808+0000] {override.py:1911} INFO - Created Permission View: menu access on DAG Run:example_subdag_operator
[2025-01-18T04:51:42.808+0000] {logging_mixin.py:190} INFO - [2025-01-18T04:51:42.808+0000] {dag.py:3239} INFO - Sync 3 DAGs
[2025-01-18T04:51:42.815+0000] {logging_mixin.py:190} INFO - [2025-01-18T04:51:42.814+0000] {dag.py:3262} INFO - Creating ORM DAG for example_subdag_operator.section-1
[2025-01-18T04:51:42.815+0000] {logging_mixin.py:190} INFO - [2025-01-18T04:51:42.815+0000] {dag.py:3262} INFO - Creating ORM DAG for example_subdag_operator.section-2
[2025-01-18T04:51:42.815+0000] {logging_mixin.py:190} INFO - [2025-01-18T04:51:42.815+0000] {dag.py:3262} INFO - Creating ORM DAG for example_subdag_operator
[2025-01-18T04:51:42.820+0000] {logging_mixin.py:190} INFO - [2025-01-18T04:51:42.820+0000] {dag.py:4180} INFO - Setting next_dagrun for example_subdag_operator to 2022-01-01 00:00:00+00:00, run_after=2022-01-01 00:00:00+00:00
[2025-01-18T04:51:42.821+0000] {logging_mixin.py:190} INFO - [2025-01-18T04:51:42.821+0000] {dag.py:4180} INFO - Setting next_dagrun for example_subdag_operator.section-1 to None, run_after=None
[2025-01-18T04:51:42.821+0000] {logging_mixin.py:190} INFO - [2025-01-18T04:51:42.821+0000] {dag.py:4180} INFO - Setting next_dagrun for example_subdag_operator.section-2 to None, run_after=None
[2025-01-18T04:51:42.825+0000] {logging_mixin.py:190} INFO - [2025-01-18T04:51:42.825+0000] {dag.py:3239} INFO - Sync 2 DAGs
[2025-01-18T04:51:42.829+0000] {logging_mixin.py:190} INFO - [2025-01-18T04:51:42.829+0000] {dag.py:4180} INFO - Setting next_dagrun for example_subdag_operator.section-1 to None, run_after=None
[2025-01-18T04:51:42.830+0000] {logging_mixin.py:190} INFO - [2025-01-18T04:51:42.830+0000] {dag.py:4180} INFO - Setting next_dagrun for example_subdag_operator.section-2 to None, run_after=None
[2025-01-18T04:51:42.837+0000] {processor.py:208} INFO - Processing /home/airflow/.local/lib/python3.12/site-packages/airflow/example_dags/example_subdag_operator.py took 0.135 seconds
[2025-01-18T04:52:12.857+0000] {processor.py:186} INFO - Started process (PID=117) to work on /home/airflow/.local/lib/python3.12/site-packages/airflow/example_dags/example_subdag_operator.py
[2025-01-18T04:52:12.858+0000] {processor.py:914} INFO - Processing file /home/airflow/.local/lib/python3.12/site-packages/airflow/example_dags/example_subdag_operator.py for tasks to queue
[2025-01-18T04:52:12.859+0000] {logging_mixin.py:190} INFO - [2025-01-18T04:52:12.859+0000] {dagbag.py:588} INFO - Filling up the DagBag from /home/airflow/.local/lib/python3.12/site-packages/airflow/example_dags/example_subdag_operator.py
[2025-01-18T04:52:12.878+0000] {processor.py:925} INFO - DAG(s) 'example_subdag_operator.section-1', 'example_subdag_operator.section-2', 'example_subdag_operator' retrieved from /home/airflow/.local/lib/python3.12/site-packages/airflow/example_dags/example_subdag_operator.py
[2025-01-18T04:52:12.887+0000] {logging_mixin.py:190} INFO - [2025-01-18T04:52:12.886+0000] {dag.py:3239} INFO - Sync 3 DAGs
[2025-01-18T04:52:12.898+0000] {logging_mixin.py:190} INFO - [2025-01-18T04:52:12.898+0000] {dag.py:4180} INFO - Setting next_dagrun for example_subdag_operator to 2022-01-01 00:00:00+00:00, run_after=2022-01-01 00:00:00+00:00
[2025-01-18T04:52:12.900+0000] {logging_mixin.py:190} INFO - [2025-01-18T04:52:12.900+0000] {dag.py:4180} INFO - Setting next_dagrun for example_subdag_operator.section-1 to None, run_after=None
[2025-01-18T04:52:12.901+0000] {logging_mixin.py:190} INFO - [2025-01-18T04:52:12.901+0000] {dag.py:4180} INFO - Setting next_dagrun for example_subdag_operator.section-2 to None, run_after=None
[2025-01-18T04:52:12.906+0000] {logging_mixin.py:190} INFO - [2025-01-18T04:52:12.906+0000] {dag.py:3239} INFO - Sync 2 DAGs
[2025-01-18T04:52:12.910+0000] {logging_mixin.py:190} INFO - [2025-01-18T04:52:12.909+0000] {dag.py:4180} INFO - Setting next_dagrun for example_subdag_operator.section-1 to None, run_after=None
[2025-01-18T04:52:12.910+0000] {logging_mixin.py:190} INFO - [2025-01-18T04:52:12.910+0000] {dag.py:4180} INFO - Setting next_dagrun for example_subdag_operator.section-2 to None, run_after=None
[2025-01-18T04:52:12.918+0000] {processor.py:208} INFO - Processing /home/airflow/.local/lib/python3.12/site-packages/airflow/example_dags/example_subdag_operator.py took 0.065 seconds
[2025-01-18T04:52:43.624+0000] {processor.py:186} INFO - Started process (PID=180) to work on /home/airflow/.local/lib/python3.12/site-packages/airflow/example_dags/example_subdag_operator.py
[2025-01-18T04:52:43.624+0000] {processor.py:914} INFO - Processing file /home/airflow/.local/lib/python3.12/site-packages/airflow/example_dags/example_subdag_operator.py for tasks to queue
[2025-01-18T04:52:43.625+0000] {logging_mixin.py:190} INFO - [2025-01-18T04:52:43.625+0000] {dagbag.py:588} INFO - Filling up the DagBag from /home/airflow/.local/lib/python3.12/site-packages/airflow/example_dags/example_subdag_operator.py
[2025-01-18T04:52:43.640+0000] {processor.py:925} INFO - DAG(s) 'example_subdag_operator.section-1', 'example_subdag_operator.section-2', 'example_subdag_operator' retrieved from /home/airflow/.local/lib/python3.12/site-packages/airflow/example_dags/example_subdag_operator.py
[2025-01-18T04:52:43.647+0000] {logging_mixin.py:190} INFO - [2025-01-18T04:52:43.647+0000] {dag.py:3239} INFO - Sync 3 DAGs
[2025-01-18T04:52:43.659+0000] {logging_mixin.py:190} INFO - [2025-01-18T04:52:43.659+0000] {dag.py:4180} INFO - Setting next_dagrun for example_subdag_operator to 2022-01-01 00:00:00+00:00, run_after=2022-01-01 00:00:00+00:00
[2025-01-18T04:52:43.661+0000] {logging_mixin.py:190} INFO - [2025-01-18T04:52:43.660+0000] {dag.py:4180} INFO - Setting next_dagrun for example_subdag_operator.section-1 to None, run_after=None
[2025-01-18T04:52:43.661+0000] {logging_mixin.py:190} INFO - [2025-01-18T04:52:43.661+0000] {dag.py:4180} INFO - Setting next_dagrun for example_subdag_operator.section-2 to None, run_after=None
[2025-01-18T04:52:43.665+0000] {logging_mixin.py:190} INFO - [2025-01-18T04:52:43.665+0000] {dag.py:3239} INFO - Sync 2 DAGs
[2025-01-18T04:52:43.667+0000] {logging_mixin.py:190} INFO - [2025-01-18T04:52:43.667+0000] {dag.py:4180} INFO - Setting next_dagrun for example_subdag_operator.section-1 to None, run_after=None
[2025-01-18T04:52:43.667+0000] {logging_mixin.py:190} INFO - [2025-01-18T04:52:43.667+0000] {dag.py:4180} INFO - Setting next_dagrun for example_subdag_operator.section-2 to None, run_after=None
[2025-01-18T04:52:43.672+0000] {processor.py:208} INFO - Processing /home/airflow/.local/lib/python3.12/site-packages/airflow/example_dags/example_subdag_operator.py took 0.052 seconds
[2025-01-18T04:53:14.436+0000] {processor.py:186} INFO - Started process (PID=243) to work on /home/airflow/.local/lib/python3.12/site-packages/airflow/example_dags/example_subdag_operator.py
[2025-01-18T04:53:14.437+0000] {processor.py:914} INFO - Processing file /home/airflow/.local/lib/python3.12/site-packages/airflow/example_dags/example_subdag_operator.py for tasks to queue
[2025-01-18T04:53:14.438+0000] {logging_mixin.py:190} INFO - [2025-01-18T04:53:14.438+0000] {dagbag.py:588} INFO - Filling up the DagBag from /home/airflow/.local/lib/python3.12/site-packages/airflow/example_dags/example_subdag_operator.py
[2025-01-18T04:53:14.452+0000] {processor.py:925} INFO - DAG(s) 'example_subdag_operator.section-1', 'example_subdag_operator.section-2', 'example_subdag_operator' retrieved from /home/airflow/.local/lib/python3.12/site-packages/airflow/example_dags/example_subdag_operator.py
[2025-01-18T04:53:14.462+0000] {logging_mixin.py:190} INFO - [2025-01-18T04:53:14.462+0000] {dag.py:3239} INFO - Sync 3 DAGs
[2025-01-18T04:53:14.473+0000] {logging_mixin.py:190} INFO - [2025-01-18T04:53:14.473+0000] {dag.py:4180} INFO - Setting next_dagrun for example_subdag_operator to 2022-01-01 00:00:00+00:00, run_after=2022-01-01 00:00:00+00:00
[2025-01-18T04:53:14.476+0000] {logging_mixin.py:190} INFO - [2025-01-18T04:53:14.476+0000] {dag.py:4180} INFO - Setting next_dagrun for example_subdag_operator.section-1 to None, run_after=None
[2025-01-18T04:53:14.477+0000] {logging_mixin.py:190} INFO - [2025-01-18T04:53:14.477+0000] {dag.py:4180} INFO - Setting next_dagrun for example_subdag_operator.section-2 to None, run_after=None
[2025-01-18T04:53:14.480+0000] {logging_mixin.py:190} INFO - [2025-01-18T04:53:14.480+0000] {dag.py:3239} INFO - Sync 2 DAGs
[2025-01-18T04:53:14.483+0000] {logging_mixin.py:190} INFO - [2025-01-18T04:53:14.483+0000] {dag.py:4180} INFO - Setting next_dagrun for example_subdag_operator.section-1 to None, run_after=None
[2025-01-18T04:53:14.483+0000] {logging_mixin.py:190} INFO - [2025-01-18T04:53:14.483+0000] {dag.py:4180} INFO - Setting next_dagrun for example_subdag_operator.section-2 to None, run_after=None
[2025-01-18T04:53:14.488+0000] {processor.py:208} INFO - Processing /home/airflow/.local/lib/python3.12/site-packages/airflow/example_dags/example_subdag_operator.py took 0.055 seconds
[2025-01-18T04:53:45.232+0000] {processor.py:186} INFO - Started process (PID=312) to work on /home/airflow/.local/lib/python3.12/site-packages/airflow/example_dags/example_subdag_operator.py
[2025-01-18T04:53:45.233+0000] {processor.py:914} INFO - Processing file /home/airflow/.local/lib/python3.12/site-packages/airflow/example_dags/example_subdag_operator.py for tasks to queue
[2025-01-18T04:53:45.234+0000] {logging_mixin.py:190} INFO - [2025-01-18T04:53:45.234+0000] {dagbag.py:588} INFO - Filling up the DagBag from /home/airflow/.local/lib/python3.12/site-packages/airflow/example_dags/example_subdag_operator.py
[2025-01-18T04:53:45.250+0000] {processor.py:925} INFO - DAG(s) 'example_subdag_operator.section-1', 'example_subdag_operator.section-2', 'example_subdag_operator' retrieved from /home/airflow/.local/lib/python3.12/site-packages/airflow/example_dags/example_subdag_operator.py
[2025-01-18T04:53:45.257+0000] {logging_mixin.py:190} INFO - [2025-01-18T04:53:45.257+0000] {dag.py:3239} INFO - Sync 3 DAGs
[2025-01-18T04:53:45.269+0000] {logging_mixin.py:190} INFO - [2025-01-18T04:53:45.268+0000] {dag.py:4180} INFO - Setting next_dagrun for example_subdag_operator to 2022-01-01 00:00:00+00:00, run_after=2022-01-01 00:00:00+00:00
[2025-01-18T04:53:45.270+0000] {logging_mixin.py:190} INFO - [2025-01-18T04:53:45.270+0000] {dag.py:4180} INFO - Setting next_dagrun for example_subdag_operator.section-1 to None, run_after=None
[2025-01-18T04:53:45.271+0000] {logging_mixin.py:190} INFO - [2025-01-18T04:53:45.271+0000] {dag.py:4180} INFO - Setting next_dagrun for example_subdag_operator.section-2 to None, run_after=None
[2025-01-18T04:53:45.274+0000] {logging_mixin.py:190} INFO - [2025-01-18T04:53:45.274+0000] {dag.py:3239} INFO - Sync 2 DAGs
[2025-01-18T04:53:45.277+0000] {logging_mixin.py:190} INFO - [2025-01-18T04:53:45.277+0000] {dag.py:4180} INFO - Setting next_dagrun for example_subdag_operator.section-1 to None, run_after=None
[2025-01-18T04:53:45.278+0000] {logging_mixin.py:190} INFO - [2025-01-18T04:53:45.278+0000] {dag.py:4180} INFO - Setting next_dagrun for example_subdag_operator.section-2 to None, run_after=None
[2025-01-18T04:53:45.283+0000] {processor.py:208} INFO - Processing /home/airflow/.local/lib/python3.12/site-packages/airflow/example_dags/example_subdag_operator.py took 0.054 seconds
[2025-01-18T04:54:15.963+0000] {processor.py:186} INFO - Started process (PID=375) to work on /home/airflow/.local/lib/python3.12/site-packages/airflow/example_dags/example_subdag_operator.py
[2025-01-18T04:54:15.964+0000] {processor.py:914} INFO - Processing file /home/airflow/.local/lib/python3.12/site-packages/airflow/example_dags/example_subdag_operator.py for tasks to queue
[2025-01-18T04:54:15.965+0000] {logging_mixin.py:190} INFO - [2025-01-18T04:54:15.965+0000] {dagbag.py:588} INFO - Filling up the DagBag from /home/airflow/.local/lib/python3.12/site-packages/airflow/example_dags/example_subdag_operator.py
[2025-01-18T04:54:15.979+0000] {processor.py:925} INFO - DAG(s) 'example_subdag_operator.section-1', 'example_subdag_operator.section-2', 'example_subdag_operator' retrieved from /home/airflow/.local/lib/python3.12/site-packages/airflow/example_dags/example_subdag_operator.py
[2025-01-18T04:54:15.986+0000] {logging_mixin.py:190} INFO - [2025-01-18T04:54:15.986+0000] {dag.py:3239} INFO - Sync 3 DAGs
[2025-01-18T04:54:15.997+0000] {logging_mixin.py:190} INFO - [2025-01-18T04:54:15.997+0000] {dag.py:4180} INFO - Setting next_dagrun for example_subdag_operator to 2022-01-01 00:00:00+00:00, run_after=2022-01-01 00:00:00+00:00
[2025-01-18T04:54:15.999+0000] {logging_mixin.py:190} INFO - [2025-01-18T04:54:15.999+0000] {dag.py:4180} INFO - Setting next_dagrun for example_subdag_operator.section-1 to None, run_after=None
[2025-01-18T04:54:16.000+0000] {logging_mixin.py:190} INFO - [2025-01-18T04:54:16.000+0000] {dag.py:4180} INFO - Setting next_dagrun for example_subdag_operator.section-2 to None, run_after=None
[2025-01-18T04:54:16.003+0000] {logging_mixin.py:190} INFO - [2025-01-18T04:54:16.003+0000] {dag.py:3239} INFO - Sync 2 DAGs
[2025-01-18T04:54:16.006+0000] {logging_mixin.py:190} INFO - [2025-01-18T04:54:16.006+0000] {dag.py:4180} INFO - Setting next_dagrun for example_subdag_operator.section-1 to None, run_after=None
[2025-01-18T04:54:16.006+0000] {logging_mixin.py:190} INFO - [2025-01-18T04:54:16.006+0000] {dag.py:4180} INFO - Setting next_dagrun for example_subdag_operator.section-2 to None, run_after=None
[2025-01-18T04:54:16.011+0000] {processor.py:208} INFO - Processing /home/airflow/.local/lib/python3.12/site-packages/airflow/example_dags/example_subdag_operator.py took 0.051 seconds
[2025-01-18T04:54:46.807+0000] {processor.py:186} INFO - Started process (PID=438) to work on /home/airflow/.local/lib/python3.12/site-packages/airflow/example_dags/example_subdag_operator.py
[2025-01-18T04:54:46.808+0000] {processor.py:914} INFO - Processing file /home/airflow/.local/lib/python3.12/site-packages/airflow/example_dags/example_subdag_operator.py for tasks to queue
[2025-01-18T04:54:46.809+0000] {logging_mixin.py:190} INFO - [2025-01-18T04:54:46.809+0000] {dagbag.py:588} INFO - Filling up the DagBag from /home/airflow/.local/lib/python3.12/site-packages/airflow/example_dags/example_subdag_operator.py
[2025-01-18T04:54:46.822+0000] {processor.py:925} INFO - DAG(s) 'example_subdag_operator.section-1', 'example_subdag_operator.section-2', 'example_subdag_operator' retrieved from /home/airflow/.local/lib/python3.12/site-packages/airflow/example_dags/example_subdag_operator.py
[2025-01-18T04:54:46.829+0000] {logging_mixin.py:190} INFO - [2025-01-18T04:54:46.829+0000] {dag.py:3239} INFO - Sync 3 DAGs
[2025-01-18T04:54:46.840+0000] {logging_mixin.py:190} INFO - [2025-01-18T04:54:46.840+0000] {dag.py:4180} INFO - Setting next_dagrun for example_subdag_operator to 2022-01-01 00:00:00+00:00, run_after=2022-01-01 00:00:00+00:00
[2025-01-18T04:54:46.842+0000] {logging_mixin.py:190} INFO - [2025-01-18T04:54:46.842+0000] {dag.py:4180} INFO - Setting next_dagrun for example_subdag_operator.section-1 to None, run_after=None
[2025-01-18T04:54:46.843+0000] {logging_mixin.py:190} INFO - [2025-01-18T04:54:46.843+0000] {dag.py:4180} INFO - Setting next_dagrun for example_subdag_operator.section-2 to None, run_after=None
[2025-01-18T04:54:46.846+0000] {logging_mixin.py:190} INFO - [2025-01-18T04:54:46.846+0000] {dag.py:3239} INFO - Sync 2 DAGs
[2025-01-18T04:54:46.849+0000] {logging_mixin.py:190} INFO - [2025-01-18T04:54:46.849+0000] {dag.py:4180} INFO - Setting next_dagrun for example_subdag_operator.section-1 to None, run_after=None
[2025-01-18T04:54:46.849+0000] {logging_mixin.py:190} INFO - [2025-01-18T04:54:46.849+0000] {dag.py:4180} INFO - Setting next_dagrun for example_subdag_operator.section-2 to None, run_after=None
[2025-01-18T04:54:46.853+0000] {processor.py:208} INFO - Processing /home/airflow/.local/lib/python3.12/site-packages/airflow/example_dags/example_subdag_operator.py took 0.049 seconds
[2025-01-18T04:55:17.764+0000] {processor.py:186} INFO - Started process (PID=501) to work on /home/airflow/.local/lib/python3.12/site-packages/airflow/example_dags/example_subdag_operator.py
[2025-01-18T04:55:17.766+0000] {processor.py:914} INFO - Processing file /home/airflow/.local/lib/python3.12/site-packages/airflow/example_dags/example_subdag_operator.py for tasks to queue
[2025-01-18T04:55:17.768+0000] {logging_mixin.py:190} INFO - [2025-01-18T04:55:17.767+0000] {dagbag.py:588} INFO - Filling up the DagBag from /home/airflow/.local/lib/python3.12/site-packages/airflow/example_dags/example_subdag_operator.py
[2025-01-18T04:55:17.781+0000] {processor.py:925} INFO - DAG(s) 'example_subdag_operator.section-1', 'example_subdag_operator.section-2', 'example_subdag_operator' retrieved from /home/airflow/.local/lib/python3.12/site-packages/airflow/example_dags/example_subdag_operator.py
[2025-01-18T04:55:17.790+0000] {logging_mixin.py:190} INFO - [2025-01-18T04:55:17.790+0000] {dag.py:3239} INFO - Sync 3 DAGs
[2025-01-18T04:55:17.801+0000] {logging_mixin.py:190} INFO - [2025-01-18T04:55:17.801+0000] {dag.py:4180} INFO - Setting next_dagrun for example_subdag_operator to 2022-01-01 00:00:00+00:00, run_after=2022-01-01 00:00:00+00:00
[2025-01-18T04:55:17.804+0000] {logging_mixin.py:190} INFO - [2025-01-18T04:55:17.804+0000] {dag.py:4180} INFO - Setting next_dagrun for example_subdag_operator.section-1 to None, run_after=None
[2025-01-18T04:55:17.806+0000] {logging_mixin.py:190} INFO - [2025-01-18T04:55:17.806+0000] {dag.py:4180} INFO - Setting next_dagrun for example_subdag_operator.section-2 to None, run_after=None
[2025-01-18T04:55:17.809+0000] {logging_mixin.py:190} INFO - [2025-01-18T04:55:17.809+0000] {dag.py:3239} INFO - Sync 2 DAGs
[2025-01-18T04:55:17.812+0000] {logging_mixin.py:190} INFO - [2025-01-18T04:55:17.812+0000] {dag.py:4180} INFO - Setting next_dagrun for example_subdag_operator.section-1 to None, run_after=None
[2025-01-18T04:55:17.812+0000] {logging_mixin.py:190} INFO - [2025-01-18T04:55:17.812+0000] {dag.py:4180} INFO - Setting next_dagrun for example_subdag_operator.section-2 to None, run_after=None
[2025-01-18T04:55:17.817+0000] {processor.py:208} INFO - Processing /home/airflow/.local/lib/python3.12/site-packages/airflow/example_dags/example_subdag_operator.py took 0.056 seconds
[2025-01-18T04:55:48.731+0000] {processor.py:186} INFO - Started process (PID=564) to work on /home/airflow/.local/lib/python3.12/site-packages/airflow/example_dags/example_subdag_operator.py
[2025-01-18T04:55:48.732+0000] {processor.py:914} INFO - Processing file /home/airflow/.local/lib/python3.12/site-packages/airflow/example_dags/example_subdag_operator.py for tasks to queue
[2025-01-18T04:55:48.734+0000] {logging_mixin.py:190} INFO - [2025-01-18T04:55:48.733+0000] {dagbag.py:588} INFO - Filling up the DagBag from /home/airflow/.local/lib/python3.12/site-packages/airflow/example_dags/example_subdag_operator.py
[2025-01-18T04:55:48.749+0000] {processor.py:925} INFO - DAG(s) 'example_subdag_operator.section-1', 'example_subdag_operator.section-2', 'example_subdag_operator' retrieved from /home/airflow/.local/lib/python3.12/site-packages/airflow/example_dags/example_subdag_operator.py
[2025-01-18T04:55:48.758+0000] {logging_mixin.py:190} INFO - [2025-01-18T04:55:48.758+0000] {dag.py:3239} INFO - Sync 3 DAGs
[2025-01-18T04:55:48.771+0000] {logging_mixin.py:190} INFO - [2025-01-18T04:55:48.771+0000] {dag.py:4180} INFO - Setting next_dagrun for example_subdag_operator to 2022-01-01 00:00:00+00:00, run_after=2022-01-01 00:00:00+00:00
[2025-01-18T04:55:48.774+0000] {logging_mixin.py:190} INFO - [2025-01-18T04:55:48.773+0000] {dag.py:4180} INFO - Setting next_dagrun for example_subdag_operator.section-1 to None, run_after=None
[2025-01-18T04:55:48.776+0000] {logging_mixin.py:190} INFO - [2025-01-18T04:55:48.776+0000] {dag.py:4180} INFO - Setting next_dagrun for example_subdag_operator.section-2 to None, run_after=None
[2025-01-18T04:55:48.781+0000] {logging_mixin.py:190} INFO - [2025-01-18T04:55:48.781+0000] {dag.py:3239} INFO - Sync 2 DAGs
[2025-01-18T04:55:48.785+0000] {logging_mixin.py:190} INFO - [2025-01-18T04:55:48.784+0000] {dag.py:4180} INFO - Setting next_dagrun for example_subdag_operator.section-1 to None, run_after=None
[2025-01-18T04:55:48.785+0000] {logging_mixin.py:190} INFO - [2025-01-18T04:55:48.785+0000] {dag.py:4180} INFO - Setting next_dagrun for example_subdag_operator.section-2 to None, run_after=None
[2025-01-18T04:55:48.791+0000] {processor.py:208} INFO - Processing /home/airflow/.local/lib/python3.12/site-packages/airflow/example_dags/example_subdag_operator.py took 0.062 seconds
[2025-01-18T04:56:19.571+0000] {processor.py:186} INFO - Started process (PID=627) to work on /home/airflow/.local/lib/python3.12/site-packages/airflow/example_dags/example_subdag_operator.py
[2025-01-18T04:56:19.572+0000] {processor.py:914} INFO - Processing file /home/airflow/.local/lib/python3.12/site-packages/airflow/example_dags/example_subdag_operator.py for tasks to queue
[2025-01-18T04:56:19.573+0000] {logging_mixin.py:190} INFO - [2025-01-18T04:56:19.573+0000] {dagbag.py:588} INFO - Filling up the DagBag from /home/airflow/.local/lib/python3.12/site-packages/airflow/example_dags/example_subdag_operator.py
[2025-01-18T04:56:19.586+0000] {processor.py:925} INFO - DAG(s) 'example_subdag_operator.section-1', 'example_subdag_operator.section-2', 'example_subdag_operator' retrieved from /home/airflow/.local/lib/python3.12/site-packages/airflow/example_dags/example_subdag_operator.py
[2025-01-18T04:56:19.594+0000] {logging_mixin.py:190} INFO - [2025-01-18T04:56:19.594+0000] {dag.py:3239} INFO - Sync 3 DAGs
[2025-01-18T04:56:19.606+0000] {logging_mixin.py:190} INFO - [2025-01-18T04:56:19.605+0000] {dag.py:4180} INFO - Setting next_dagrun for example_subdag_operator to 2022-01-01 00:00:00+00:00, run_after=2022-01-01 00:00:00+00:00
[2025-01-18T04:56:19.607+0000] {logging_mixin.py:190} INFO - [2025-01-18T04:56:19.607+0000] {dag.py:4180} INFO - Setting next_dagrun for example_subdag_operator.section-1 to None, run_after=None
[2025-01-18T04:56:19.608+0000] {logging_mixin.py:190} INFO - [2025-01-18T04:56:19.608+0000] {dag.py:4180} INFO - Setting next_dagrun for example_subdag_operator.section-2 to None, run_after=None
[2025-01-18T04:56:19.611+0000] {logging_mixin.py:190} INFO - [2025-01-18T04:56:19.611+0000] {dag.py:3239} INFO - Sync 2 DAGs
[2025-01-18T04:56:19.614+0000] {logging_mixin.py:190} INFO - [2025-01-18T04:56:19.614+0000] {dag.py:4180} INFO - Setting next_dagrun for example_subdag_operator.section-1 to None, run_after=None
[2025-01-18T04:56:19.614+0000] {logging_mixin.py:190} INFO - [2025-01-18T04:56:19.614+0000] {dag.py:4180} INFO - Setting next_dagrun for example_subdag_operator.section-2 to None, run_after=None
[2025-01-18T04:56:19.618+0000] {processor.py:208} INFO - Processing /home/airflow/.local/lib/python3.12/site-packages/airflow/example_dags/example_subdag_operator.py took 0.050 seconds
[2025-01-18T04:56:50.383+0000] {processor.py:186} INFO - Started process (PID=690) to work on /home/airflow/.local/lib/python3.12/site-packages/airflow/example_dags/example_subdag_operator.py
[2025-01-18T04:56:50.384+0000] {processor.py:914} INFO - Processing file /home/airflow/.local/lib/python3.12/site-packages/airflow/example_dags/example_subdag_operator.py for tasks to queue
[2025-01-18T04:56:50.385+0000] {logging_mixin.py:190} INFO - [2025-01-18T04:56:50.385+0000] {dagbag.py:588} INFO - Filling up the DagBag from /home/airflow/.local/lib/python3.12/site-packages/airflow/example_dags/example_subdag_operator.py
[2025-01-18T04:56:50.399+0000] {processor.py:925} INFO - DAG(s) 'example_subdag_operator.section-1', 'example_subdag_operator.section-2', 'example_subdag_operator' retrieved from /home/airflow/.local/lib/python3.12/site-packages/airflow/example_dags/example_subdag_operator.py
[2025-01-18T04:56:50.407+0000] {logging_mixin.py:190} INFO - [2025-01-18T04:56:50.407+0000] {dag.py:3239} INFO - Sync 3 DAGs
[2025-01-18T04:56:50.421+0000] {logging_mixin.py:190} INFO - [2025-01-18T04:56:50.420+0000] {dag.py:4180} INFO - Setting next_dagrun for example_subdag_operator to 2022-01-01 00:00:00+00:00, run_after=2022-01-01 00:00:00+00:00
[2025-01-18T04:56:50.423+0000] {logging_mixin.py:190} INFO - [2025-01-18T04:56:50.422+0000] {dag.py:4180} INFO - Setting next_dagrun for example_subdag_operator.section-1 to None, run_after=None
[2025-01-18T04:56:50.423+0000] {logging_mixin.py:190} INFO - [2025-01-18T04:56:50.423+0000] {dag.py:4180} INFO - Setting next_dagrun for example_subdag_operator.section-2 to None, run_after=None
[2025-01-18T04:56:50.427+0000] {logging_mixin.py:190} INFO - [2025-01-18T04:56:50.427+0000] {dag.py:3239} INFO - Sync 2 DAGs
[2025-01-18T04:56:50.430+0000] {logging_mixin.py:190} INFO - [2025-01-18T04:56:50.430+0000] {dag.py:4180} INFO - Setting next_dagrun for example_subdag_operator.section-1 to None, run_after=None
[2025-01-18T04:56:50.430+0000] {logging_mixin.py:190} INFO - [2025-01-18T04:56:50.430+0000] {dag.py:4180} INFO - Setting next_dagrun for example_subdag_operator.section-2 to None, run_after=None
[2025-01-18T04:56:50.435+0000] {processor.py:208} INFO - Processing /home/airflow/.local/lib/python3.12/site-packages/airflow/example_dags/example_subdag_operator.py took 0.056 seconds
[2025-01-18T04:57:21.154+0000] {processor.py:186} INFO - Started process (PID=760) to work on /home/airflow/.local/lib/python3.12/site-packages/airflow/example_dags/example_subdag_operator.py
[2025-01-18T04:57:21.155+0000] {processor.py:914} INFO - Processing file /home/airflow/.local/lib/python3.12/site-packages/airflow/example_dags/example_subdag_operator.py for tasks to queue
[2025-01-18T04:57:21.156+0000] {logging_mixin.py:190} INFO - [2025-01-18T04:57:21.156+0000] {dagbag.py:588} INFO - Filling up the DagBag from /home/airflow/.local/lib/python3.12/site-packages/airflow/example_dags/example_subdag_operator.py
[2025-01-18T04:57:21.173+0000] {processor.py:925} INFO - DAG(s) 'example_subdag_operator.section-1', 'example_subdag_operator.section-2', 'example_subdag_operator' retrieved from /home/airflow/.local/lib/python3.12/site-packages/airflow/example_dags/example_subdag_operator.py
[2025-01-18T04:57:21.183+0000] {logging_mixin.py:190} INFO - [2025-01-18T04:57:21.182+0000] {dag.py:3239} INFO - Sync 3 DAGs
[2025-01-18T04:57:21.194+0000] {logging_mixin.py:190} INFO - [2025-01-18T04:57:21.194+0000] {dag.py:4180} INFO - Setting next_dagrun for example_subdag_operator to 2022-01-01 00:00:00+00:00, run_after=2022-01-01 00:00:00+00:00
[2025-01-18T04:57:21.196+0000] {logging_mixin.py:190} INFO - [2025-01-18T04:57:21.196+0000] {dag.py:4180} INFO - Setting next_dagrun for example_subdag_operator.section-1 to None, run_after=None
[2025-01-18T04:57:21.196+0000] {logging_mixin.py:190} INFO - [2025-01-18T04:57:21.196+0000] {dag.py:4180} INFO - Setting next_dagrun for example_subdag_operator.section-2 to None, run_after=None
[2025-01-18T04:57:21.200+0000] {logging_mixin.py:190} INFO - [2025-01-18T04:57:21.200+0000] {dag.py:3239} INFO - Sync 2 DAGs
[2025-01-18T04:57:21.202+0000] {logging_mixin.py:190} INFO - [2025-01-18T04:57:21.202+0000] {dag.py:4180} INFO - Setting next_dagrun for example_subdag_operator.section-1 to None, run_after=None
[2025-01-18T04:57:21.203+0000] {logging_mixin.py:190} INFO - [2025-01-18T04:57:21.203+0000] {dag.py:4180} INFO - Setting next_dagrun for example_subdag_operator.section-2 to None, run_after=None
[2025-01-18T04:57:21.208+0000] {processor.py:208} INFO - Processing /home/airflow/.local/lib/python3.12/site-packages/airflow/example_dags/example_subdag_operator.py took 0.058 seconds
[2025-01-18T04:57:51.944+0000] {processor.py:186} INFO - Started process (PID=823) to work on /home/airflow/.local/lib/python3.12/site-packages/airflow/example_dags/example_subdag_operator.py
[2025-01-18T04:57:51.945+0000] {processor.py:914} INFO - Processing file /home/airflow/.local/lib/python3.12/site-packages/airflow/example_dags/example_subdag_operator.py for tasks to queue
[2025-01-18T04:57:51.946+0000] {logging_mixin.py:190} INFO - [2025-01-18T04:57:51.946+0000] {dagbag.py:588} INFO - Filling up the DagBag from /home/airflow/.local/lib/python3.12/site-packages/airflow/example_dags/example_subdag_operator.py
[2025-01-18T04:57:51.959+0000] {processor.py:925} INFO - DAG(s) 'example_subdag_operator.section-1', 'example_subdag_operator.section-2', 'example_subdag_operator' retrieved from /home/airflow/.local/lib/python3.12/site-packages/airflow/example_dags/example_subdag_operator.py
[2025-01-18T04:57:51.968+0000] {logging_mixin.py:190} INFO - [2025-01-18T04:57:51.968+0000] {dag.py:3239} INFO - Sync 3 DAGs
[2025-01-18T04:57:51.982+0000] {logging_mixin.py:190} INFO - [2025-01-18T04:57:51.982+0000] {dag.py:4180} INFO - Setting next_dagrun for example_subdag_operator to 2022-01-01 00:00:00+00:00, run_after=2022-01-01 00:00:00+00:00
[2025-01-18T04:57:51.984+0000] {logging_mixin.py:190} INFO - [2025-01-18T04:57:51.984+0000] {dag.py:4180} INFO - Setting next_dagrun for example_subdag_operator.section-1 to None, run_after=None
[2025-01-18T04:57:51.985+0000] {logging_mixin.py:190} INFO - [2025-01-18T04:57:51.985+0000] {dag.py:4180} INFO - Setting next_dagrun for example_subdag_operator.section-2 to None, run_after=None
[2025-01-18T04:57:51.988+0000] {logging_mixin.py:190} INFO - [2025-01-18T04:57:51.988+0000] {dag.py:3239} INFO - Sync 2 DAGs
[2025-01-18T04:57:51.990+0000] {logging_mixin.py:190} INFO - [2025-01-18T04:57:51.990+0000] {dag.py:4180} INFO - Setting next_dagrun for example_subdag_operator.section-1 to None, run_after=None
[2025-01-18T04:57:51.991+0000] {logging_mixin.py:190} INFO - [2025-01-18T04:57:51.990+0000] {dag.py:4180} INFO - Setting next_dagrun for example_subdag_operator.section-2 to None, run_after=None
[2025-01-18T04:57:51.996+0000] {processor.py:208} INFO - Processing /home/airflow/.local/lib/python3.12/site-packages/airflow/example_dags/example_subdag_operator.py took 0.055 seconds
[2025-01-18T04:58:22.781+0000] {processor.py:186} INFO - Started process (PID=886) to work on /home/airflow/.local/lib/python3.12/site-packages/airflow/example_dags/example_subdag_operator.py
[2025-01-18T04:58:22.781+0000] {processor.py:914} INFO - Processing file /home/airflow/.local/lib/python3.12/site-packages/airflow/example_dags/example_subdag_operator.py for tasks to queue
[2025-01-18T04:58:22.782+0000] {logging_mixin.py:190} INFO - [2025-01-18T04:58:22.782+0000] {dagbag.py:588} INFO - Filling up the DagBag from /home/airflow/.local/lib/python3.12/site-packages/airflow/example_dags/example_subdag_operator.py
[2025-01-18T04:58:22.814+0000] {processor.py:925} INFO - DAG(s) 'example_subdag_operator.section-1', 'example_subdag_operator.section-2', 'example_subdag_operator' retrieved from /home/airflow/.local/lib/python3.12/site-packages/airflow/example_dags/example_subdag_operator.py
[2025-01-18T04:58:22.822+0000] {logging_mixin.py:190} INFO - [2025-01-18T04:58:22.822+0000] {dag.py:3239} INFO - Sync 3 DAGs
[2025-01-18T04:58:22.833+0000] {logging_mixin.py:190} INFO - [2025-01-18T04:58:22.833+0000] {dag.py:4180} INFO - Setting next_dagrun for example_subdag_operator to 2022-01-01 00:00:00+00:00, run_after=2022-01-01 00:00:00+00:00
[2025-01-18T04:58:22.837+0000] {logging_mixin.py:190} INFO - [2025-01-18T04:58:22.837+0000] {dag.py:4180} INFO - Setting next_dagrun for example_subdag_operator.section-1 to None, run_after=None
[2025-01-18T04:58:22.838+0000] {logging_mixin.py:190} INFO - [2025-01-18T04:58:22.838+0000] {dag.py:4180} INFO - Setting next_dagrun for example_subdag_operator.section-2 to None, run_after=None
[2025-01-18T04:58:22.842+0000] {logging_mixin.py:190} INFO - [2025-01-18T04:58:22.841+0000] {dag.py:3239} INFO - Sync 2 DAGs
[2025-01-18T04:58:22.844+0000] {logging_mixin.py:190} INFO - [2025-01-18T04:58:22.844+0000] {dag.py:4180} INFO - Setting next_dagrun for example_subdag_operator.section-1 to None, run_after=None
[2025-01-18T04:58:22.844+0000] {logging_mixin.py:190} INFO - [2025-01-18T04:58:22.844+0000] {dag.py:4180} INFO - Setting next_dagrun for example_subdag_operator.section-2 to None, run_after=None
[2025-01-18T04:58:22.849+0000] {processor.py:208} INFO - Processing /home/airflow/.local/lib/python3.12/site-packages/airflow/example_dags/example_subdag_operator.py took 0.072 seconds
[2025-01-18T04:58:53.783+0000] {processor.py:186} INFO - Started process (PID=949) to work on /home/airflow/.local/lib/python3.12/site-packages/airflow/example_dags/example_subdag_operator.py
[2025-01-18T04:58:53.784+0000] {processor.py:914} INFO - Processing file /home/airflow/.local/lib/python3.12/site-packages/airflow/example_dags/example_subdag_operator.py for tasks to queue
[2025-01-18T04:58:53.786+0000] {logging_mixin.py:190} INFO - [2025-01-18T04:58:53.786+0000] {dagbag.py:588} INFO - Filling up the DagBag from /home/airflow/.local/lib/python3.12/site-packages/airflow/example_dags/example_subdag_operator.py
[2025-01-18T04:58:53.802+0000] {processor.py:925} INFO - DAG(s) 'example_subdag_operator.section-1', 'example_subdag_operator.section-2', 'example_subdag_operator' retrieved from /home/airflow/.local/lib/python3.12/site-packages/airflow/example_dags/example_subdag_operator.py
[2025-01-18T04:58:53.813+0000] {logging_mixin.py:190} INFO - [2025-01-18T04:58:53.813+0000] {dag.py:3239} INFO - Sync 3 DAGs
[2025-01-18T04:58:53.824+0000] {logging_mixin.py:190} INFO - [2025-01-18T04:58:53.824+0000] {dag.py:4180} INFO - Setting next_dagrun for example_subdag_operator to 2022-01-01 00:00:00+00:00, run_after=2022-01-01 00:00:00+00:00
[2025-01-18T04:58:53.827+0000] {logging_mixin.py:190} INFO - [2025-01-18T04:58:53.827+0000] {dag.py:4180} INFO - Setting next_dagrun for example_subdag_operator.section-1 to None, run_after=None
[2025-01-18T04:58:53.828+0000] {logging_mixin.py:190} INFO - [2025-01-18T04:58:53.828+0000] {dag.py:4180} INFO - Setting next_dagrun for example_subdag_operator.section-2 to None, run_after=None
[2025-01-18T04:58:53.831+0000] {logging_mixin.py:190} INFO - [2025-01-18T04:58:53.831+0000] {dag.py:3239} INFO - Sync 2 DAGs
[2025-01-18T04:58:53.834+0000] {logging_mixin.py:190} INFO - [2025-01-18T04:58:53.834+0000] {dag.py:4180} INFO - Setting next_dagrun for example_subdag_operator.section-1 to None, run_after=None
[2025-01-18T04:58:53.834+0000] {logging_mixin.py:190} INFO - [2025-01-18T04:58:53.834+0000] {dag.py:4180} INFO - Setting next_dagrun for example_subdag_operator.section-2 to None, run_after=None
[2025-01-18T04:58:53.839+0000] {processor.py:208} INFO - Processing /home/airflow/.local/lib/python3.12/site-packages/airflow/example_dags/example_subdag_operator.py took 0.059 seconds
[2025-01-18T04:59:24.653+0000] {processor.py:186} INFO - Started process (PID=1012) to work on /home/airflow/.local/lib/python3.12/site-packages/airflow/example_dags/example_subdag_operator.py
[2025-01-18T04:59:24.653+0000] {processor.py:914} INFO - Processing file /home/airflow/.local/lib/python3.12/site-packages/airflow/example_dags/example_subdag_operator.py for tasks to queue
[2025-01-18T04:59:24.655+0000] {logging_mixin.py:190} INFO - [2025-01-18T04:59:24.655+0000] {dagbag.py:588} INFO - Filling up the DagBag from /home/airflow/.local/lib/python3.12/site-packages/airflow/example_dags/example_subdag_operator.py
[2025-01-18T04:59:24.668+0000] {processor.py:925} INFO - DAG(s) 'example_subdag_operator.section-1', 'example_subdag_operator.section-2', 'example_subdag_operator' retrieved from /home/airflow/.local/lib/python3.12/site-packages/airflow/example_dags/example_subdag_operator.py
[2025-01-18T04:59:24.676+0000] {logging_mixin.py:190} INFO - [2025-01-18T04:59:24.676+0000] {dag.py:3239} INFO - Sync 3 DAGs
[2025-01-18T04:59:24.688+0000] {logging_mixin.py:190} INFO - [2025-01-18T04:59:24.688+0000] {dag.py:4180} INFO - Setting next_dagrun for example_subdag_operator to 2022-01-01 00:00:00+00:00, run_after=2022-01-01 00:00:00+00:00
[2025-01-18T04:59:24.690+0000] {logging_mixin.py:190} INFO - [2025-01-18T04:59:24.690+0000] {dag.py:4180} INFO - Setting next_dagrun for example_subdag_operator.section-1 to None, run_after=None
[2025-01-18T04:59:24.691+0000] {logging_mixin.py:190} INFO - [2025-01-18T04:59:24.691+0000] {dag.py:4180} INFO - Setting next_dagrun for example_subdag_operator.section-2 to None, run_after=None
[2025-01-18T04:59:24.695+0000] {logging_mixin.py:190} INFO - [2025-01-18T04:59:24.695+0000] {dag.py:3239} INFO - Sync 2 DAGs
[2025-01-18T04:59:24.698+0000] {logging_mixin.py:190} INFO - [2025-01-18T04:59:24.697+0000] {dag.py:4180} INFO - Setting next_dagrun for example_subdag_operator.section-1 to None, run_after=None
[2025-01-18T04:59:24.698+0000] {logging_mixin.py:190} INFO - [2025-01-18T04:59:24.698+0000] {dag.py:4180} INFO - Setting next_dagrun for example_subdag_operator.section-2 to None, run_after=None
[2025-01-18T04:59:24.705+0000] {processor.py:208} INFO - Processing /home/airflow/.local/lib/python3.12/site-packages/airflow/example_dags/example_subdag_operator.py took 0.056 seconds
[2025-01-18T04:59:55.694+0000] {processor.py:186} INFO - Started process (PID=1075) to work on /home/airflow/.local/lib/python3.12/site-packages/airflow/example_dags/example_subdag_operator.py
[2025-01-18T04:59:55.695+0000] {processor.py:914} INFO - Processing file /home/airflow/.local/lib/python3.12/site-packages/airflow/example_dags/example_subdag_operator.py for tasks to queue
[2025-01-18T04:59:55.697+0000] {logging_mixin.py:190} INFO - [2025-01-18T04:59:55.696+0000] {dagbag.py:588} INFO - Filling up the DagBag from /home/airflow/.local/lib/python3.12/site-packages/airflow/example_dags/example_subdag_operator.py
[2025-01-18T04:59:55.712+0000] {processor.py:925} INFO - DAG(s) 'example_subdag_operator.section-1', 'example_subdag_operator.section-2', 'example_subdag_operator' retrieved from /home/airflow/.local/lib/python3.12/site-packages/airflow/example_dags/example_subdag_operator.py
[2025-01-18T04:59:55.720+0000] {logging_mixin.py:190} INFO - [2025-01-18T04:59:55.720+0000] {dag.py:3239} INFO - Sync 3 DAGs
[2025-01-18T04:59:55.733+0000] {logging_mixin.py:190} INFO - [2025-01-18T04:59:55.733+0000] {dag.py:4180} INFO - Setting next_dagrun for example_subdag_operator to 2022-01-01 00:00:00+00:00, run_after=2022-01-01 00:00:00+00:00
[2025-01-18T04:59:55.735+0000] {logging_mixin.py:190} INFO - [2025-01-18T04:59:55.735+0000] {dag.py:4180} INFO - Setting next_dagrun for example_subdag_operator.section-1 to None, run_after=None
[2025-01-18T04:59:55.736+0000] {logging_mixin.py:190} INFO - [2025-01-18T04:59:55.735+0000] {dag.py:4180} INFO - Setting next_dagrun for example_subdag_operator.section-2 to None, run_after=None
[2025-01-18T04:59:55.739+0000] {logging_mixin.py:190} INFO - [2025-01-18T04:59:55.739+0000] {dag.py:3239} INFO - Sync 2 DAGs
[2025-01-18T04:59:55.742+0000] {logging_mixin.py:190} INFO - [2025-01-18T04:59:55.742+0000] {dag.py:4180} INFO - Setting next_dagrun for example_subdag_operator.section-1 to None, run_after=None
[2025-01-18T04:59:55.743+0000] {logging_mixin.py:190} INFO - [2025-01-18T04:59:55.742+0000] {dag.py:4180} INFO - Setting next_dagrun for example_subdag_operator.section-2 to None, run_after=None
[2025-01-18T04:59:55.748+0000] {processor.py:208} INFO - Processing /home/airflow/.local/lib/python3.12/site-packages/airflow/example_dags/example_subdag_operator.py took 0.058 seconds
