[2025-01-18T04:51:45.251+0000] {processor.py:186} INFO - Started process (PID=81) to work on /home/airflow/.local/lib/python3.12/site-packages/airflow/example_dags/example_nested_branch_dag.py
[2025-01-18T04:51:45.255+0000] {processor.py:914} INFO - Processing file /home/airflow/.local/lib/python3.12/site-packages/airflow/example_dags/example_nested_branch_dag.py for tasks to queue
[2025-01-18T04:51:45.257+0000] {logging_mixin.py:190} INFO - [2025-01-18T04:51:45.257+0000] {dagbag.py:588} INFO - Filling up the DagBag from /home/airflow/.local/lib/python3.12/site-packages/airflow/example_dags/example_nested_branch_dag.py
[2025-01-18T04:51:45.271+0000] {processor.py:925} INFO - DAG(s) 'example_nested_branch_dag' retrieved from /home/airflow/.local/lib/python3.12/site-packages/airflow/example_dags/example_nested_branch_dag.py
[2025-01-18T04:51:45.326+0000] {logging_mixin.py:190} INFO - [2025-01-18T04:51:45.326+0000] {override.py:1911} INFO - Created Permission View: can edit on DAG:example_nested_branch_dag
[2025-01-18T04:51:45.331+0000] {logging_mixin.py:190} INFO - [2025-01-18T04:51:45.331+0000] {override.py:1911} INFO - Created Permission View: can read on DAG:example_nested_branch_dag
[2025-01-18T04:51:45.334+0000] {logging_mixin.py:190} INFO - [2025-01-18T04:51:45.334+0000] {override.py:1911} INFO - Created Permission View: can delete on DAG:example_nested_branch_dag
[2025-01-18T04:51:45.336+0000] {logging_mixin.py:190} INFO - [2025-01-18T04:51:45.336+0000] {override.py:1911} INFO - Created Permission View: can create on DAG Run:example_nested_branch_dag
[2025-01-18T04:51:45.339+0000] {logging_mixin.py:190} INFO - [2025-01-18T04:51:45.339+0000] {override.py:1911} INFO - Created Permission View: can read on DAG Run:example_nested_branch_dag
[2025-01-18T04:51:45.342+0000] {logging_mixin.py:190} INFO - [2025-01-18T04:51:45.342+0000] {override.py:1911} INFO - Created Permission View: can delete on DAG Run:example_nested_branch_dag
[2025-01-18T04:51:45.344+0000] {logging_mixin.py:190} INFO - [2025-01-18T04:51:45.344+0000] {override.py:1911} INFO - Created Permission View: menu access on DAG Run:example_nested_branch_dag
[2025-01-18T04:51:45.344+0000] {logging_mixin.py:190} INFO - [2025-01-18T04:51:45.344+0000] {dag.py:3239} INFO - Sync 1 DAGs
[2025-01-18T04:51:45.351+0000] {logging_mixin.py:190} INFO - [2025-01-18T04:51:45.351+0000] {dag.py:3262} INFO - Creating ORM DAG for example_nested_branch_dag
[2025-01-18T04:51:45.356+0000] {logging_mixin.py:190} INFO - [2025-01-18T04:51:45.356+0000] {dag.py:4180} INFO - Setting next_dagrun for example_nested_branch_dag to 2025-01-17 00:00:00+00:00, run_after=2025-01-18 00:00:00+00:00
[2025-01-18T04:51:45.363+0000] {processor.py:208} INFO - Processing /home/airflow/.local/lib/python3.12/site-packages/airflow/example_dags/example_nested_branch_dag.py took 0.116 seconds
[2025-01-18T04:52:15.943+0000] {processor.py:186} INFO - Started process (PID=144) to work on /home/airflow/.local/lib/python3.12/site-packages/airflow/example_dags/example_nested_branch_dag.py
[2025-01-18T04:52:15.944+0000] {processor.py:914} INFO - Processing file /home/airflow/.local/lib/python3.12/site-packages/airflow/example_dags/example_nested_branch_dag.py for tasks to queue
[2025-01-18T04:52:15.945+0000] {logging_mixin.py:190} INFO - [2025-01-18T04:52:15.945+0000] {dagbag.py:588} INFO - Filling up the DagBag from /home/airflow/.local/lib/python3.12/site-packages/airflow/example_dags/example_nested_branch_dag.py
[2025-01-18T04:52:15.952+0000] {processor.py:925} INFO - DAG(s) 'example_nested_branch_dag' retrieved from /home/airflow/.local/lib/python3.12/site-packages/airflow/example_dags/example_nested_branch_dag.py
[2025-01-18T04:52:15.963+0000] {logging_mixin.py:190} INFO - [2025-01-18T04:52:15.962+0000] {dag.py:3239} INFO - Sync 1 DAGs
[2025-01-18T04:52:15.974+0000] {logging_mixin.py:190} INFO - [2025-01-18T04:52:15.974+0000] {dag.py:4180} INFO - Setting next_dagrun for example_nested_branch_dag to 2025-01-17 00:00:00+00:00, run_after=2025-01-18 00:00:00+00:00
[2025-01-18T04:52:15.983+0000] {processor.py:208} INFO - Processing /home/airflow/.local/lib/python3.12/site-packages/airflow/example_dags/example_nested_branch_dag.py took 0.042 seconds
[2025-01-18T04:52:46.705+0000] {processor.py:186} INFO - Started process (PID=207) to work on /home/airflow/.local/lib/python3.12/site-packages/airflow/example_dags/example_nested_branch_dag.py
[2025-01-18T04:52:46.706+0000] {processor.py:914} INFO - Processing file /home/airflow/.local/lib/python3.12/site-packages/airflow/example_dags/example_nested_branch_dag.py for tasks to queue
[2025-01-18T04:52:46.707+0000] {logging_mixin.py:190} INFO - [2025-01-18T04:52:46.707+0000] {dagbag.py:588} INFO - Filling up the DagBag from /home/airflow/.local/lib/python3.12/site-packages/airflow/example_dags/example_nested_branch_dag.py
[2025-01-18T04:52:46.713+0000] {processor.py:925} INFO - DAG(s) 'example_nested_branch_dag' retrieved from /home/airflow/.local/lib/python3.12/site-packages/airflow/example_dags/example_nested_branch_dag.py
[2025-01-18T04:52:46.724+0000] {logging_mixin.py:190} INFO - [2025-01-18T04:52:46.724+0000] {dag.py:3239} INFO - Sync 1 DAGs
[2025-01-18T04:52:46.737+0000] {logging_mixin.py:190} INFO - [2025-01-18T04:52:46.737+0000] {dag.py:4180} INFO - Setting next_dagrun for example_nested_branch_dag to 2025-01-17 00:00:00+00:00, run_after=2025-01-18 00:00:00+00:00
[2025-01-18T04:52:46.746+0000] {processor.py:208} INFO - Processing /home/airflow/.local/lib/python3.12/site-packages/airflow/example_dags/example_nested_branch_dag.py took 0.044 seconds
[2025-01-18T04:53:17.531+0000] {processor.py:186} INFO - Started process (PID=270) to work on /home/airflow/.local/lib/python3.12/site-packages/airflow/example_dags/example_nested_branch_dag.py
[2025-01-18T04:53:17.531+0000] {processor.py:914} INFO - Processing file /home/airflow/.local/lib/python3.12/site-packages/airflow/example_dags/example_nested_branch_dag.py for tasks to queue
[2025-01-18T04:53:17.533+0000] {logging_mixin.py:190} INFO - [2025-01-18T04:53:17.533+0000] {dagbag.py:588} INFO - Filling up the DagBag from /home/airflow/.local/lib/python3.12/site-packages/airflow/example_dags/example_nested_branch_dag.py
[2025-01-18T04:53:17.539+0000] {processor.py:925} INFO - DAG(s) 'example_nested_branch_dag' retrieved from /home/airflow/.local/lib/python3.12/site-packages/airflow/example_dags/example_nested_branch_dag.py
[2025-01-18T04:53:17.550+0000] {logging_mixin.py:190} INFO - [2025-01-18T04:53:17.550+0000] {dag.py:3239} INFO - Sync 1 DAGs
[2025-01-18T04:53:17.563+0000] {logging_mixin.py:190} INFO - [2025-01-18T04:53:17.563+0000] {dag.py:4180} INFO - Setting next_dagrun for example_nested_branch_dag to 2025-01-17 00:00:00+00:00, run_after=2025-01-18 00:00:00+00:00
[2025-01-18T04:53:17.574+0000] {processor.py:208} INFO - Processing /home/airflow/.local/lib/python3.12/site-packages/airflow/example_dags/example_nested_branch_dag.py took 0.047 seconds
[2025-01-18T04:53:48.243+0000] {processor.py:186} INFO - Started process (PID=333) to work on /home/airflow/.local/lib/python3.12/site-packages/airflow/example_dags/example_nested_branch_dag.py
[2025-01-18T04:53:48.244+0000] {processor.py:914} INFO - Processing file /home/airflow/.local/lib/python3.12/site-packages/airflow/example_dags/example_nested_branch_dag.py for tasks to queue
[2025-01-18T04:53:48.246+0000] {logging_mixin.py:190} INFO - [2025-01-18T04:53:48.246+0000] {dagbag.py:588} INFO - Filling up the DagBag from /home/airflow/.local/lib/python3.12/site-packages/airflow/example_dags/example_nested_branch_dag.py
[2025-01-18T04:53:48.254+0000] {processor.py:925} INFO - DAG(s) 'example_nested_branch_dag' retrieved from /home/airflow/.local/lib/python3.12/site-packages/airflow/example_dags/example_nested_branch_dag.py
[2025-01-18T04:53:48.266+0000] {logging_mixin.py:190} INFO - [2025-01-18T04:53:48.266+0000] {dag.py:3239} INFO - Sync 1 DAGs
[2025-01-18T04:53:48.308+0000] {logging_mixin.py:190} INFO - [2025-01-18T04:53:48.307+0000] {dag.py:4180} INFO - Setting next_dagrun for example_nested_branch_dag to 2025-01-17 00:00:00+00:00, run_after=2025-01-18 00:00:00+00:00
[2025-01-18T04:53:48.317+0000] {processor.py:208} INFO - Processing /home/airflow/.local/lib/python3.12/site-packages/airflow/example_dags/example_nested_branch_dag.py took 0.081 seconds
[2025-01-18T04:54:19.082+0000] {processor.py:186} INFO - Started process (PID=396) to work on /home/airflow/.local/lib/python3.12/site-packages/airflow/example_dags/example_nested_branch_dag.py
[2025-01-18T04:54:19.083+0000] {processor.py:914} INFO - Processing file /home/airflow/.local/lib/python3.12/site-packages/airflow/example_dags/example_nested_branch_dag.py for tasks to queue
[2025-01-18T04:54:19.085+0000] {logging_mixin.py:190} INFO - [2025-01-18T04:54:19.084+0000] {dagbag.py:588} INFO - Filling up the DagBag from /home/airflow/.local/lib/python3.12/site-packages/airflow/example_dags/example_nested_branch_dag.py
[2025-01-18T04:54:19.091+0000] {processor.py:925} INFO - DAG(s) 'example_nested_branch_dag' retrieved from /home/airflow/.local/lib/python3.12/site-packages/airflow/example_dags/example_nested_branch_dag.py
[2025-01-18T04:54:19.103+0000] {logging_mixin.py:190} INFO - [2025-01-18T04:54:19.103+0000] {dag.py:3239} INFO - Sync 1 DAGs
[2025-01-18T04:54:19.118+0000] {logging_mixin.py:190} INFO - [2025-01-18T04:54:19.118+0000] {dag.py:4180} INFO - Setting next_dagrun for example_nested_branch_dag to 2025-01-17 00:00:00+00:00, run_after=2025-01-18 00:00:00+00:00
[2025-01-18T04:54:19.129+0000] {processor.py:208} INFO - Processing /home/airflow/.local/lib/python3.12/site-packages/airflow/example_dags/example_nested_branch_dag.py took 0.049 seconds
[2025-01-18T04:54:49.902+0000] {processor.py:186} INFO - Started process (PID=459) to work on /home/airflow/.local/lib/python3.12/site-packages/airflow/example_dags/example_nested_branch_dag.py
[2025-01-18T04:54:49.903+0000] {processor.py:914} INFO - Processing file /home/airflow/.local/lib/python3.12/site-packages/airflow/example_dags/example_nested_branch_dag.py for tasks to queue
[2025-01-18T04:54:49.906+0000] {logging_mixin.py:190} INFO - [2025-01-18T04:54:49.906+0000] {dagbag.py:588} INFO - Filling up the DagBag from /home/airflow/.local/lib/python3.12/site-packages/airflow/example_dags/example_nested_branch_dag.py
[2025-01-18T04:54:49.919+0000] {processor.py:925} INFO - DAG(s) 'example_nested_branch_dag' retrieved from /home/airflow/.local/lib/python3.12/site-packages/airflow/example_dags/example_nested_branch_dag.py
[2025-01-18T04:54:49.931+0000] {logging_mixin.py:190} INFO - [2025-01-18T04:54:49.931+0000] {dag.py:3239} INFO - Sync 1 DAGs
[2025-01-18T04:54:49.944+0000] {logging_mixin.py:190} INFO - [2025-01-18T04:54:49.943+0000] {dag.py:4180} INFO - Setting next_dagrun for example_nested_branch_dag to 2025-01-17 00:00:00+00:00, run_after=2025-01-18 00:00:00+00:00
[2025-01-18T04:54:49.953+0000] {processor.py:208} INFO - Processing /home/airflow/.local/lib/python3.12/site-packages/airflow/example_dags/example_nested_branch_dag.py took 0.061 seconds
[2025-01-18T04:55:20.746+0000] {processor.py:186} INFO - Started process (PID=522) to work on /home/airflow/.local/lib/python3.12/site-packages/airflow/example_dags/example_nested_branch_dag.py
[2025-01-18T04:55:20.747+0000] {processor.py:914} INFO - Processing file /home/airflow/.local/lib/python3.12/site-packages/airflow/example_dags/example_nested_branch_dag.py for tasks to queue
[2025-01-18T04:55:20.748+0000] {logging_mixin.py:190} INFO - [2025-01-18T04:55:20.748+0000] {dagbag.py:588} INFO - Filling up the DagBag from /home/airflow/.local/lib/python3.12/site-packages/airflow/example_dags/example_nested_branch_dag.py
[2025-01-18T04:55:20.754+0000] {processor.py:925} INFO - DAG(s) 'example_nested_branch_dag' retrieved from /home/airflow/.local/lib/python3.12/site-packages/airflow/example_dags/example_nested_branch_dag.py
[2025-01-18T04:55:20.765+0000] {logging_mixin.py:190} INFO - [2025-01-18T04:55:20.765+0000] {dag.py:3239} INFO - Sync 1 DAGs
[2025-01-18T04:55:20.776+0000] {logging_mixin.py:190} INFO - [2025-01-18T04:55:20.776+0000] {dag.py:4180} INFO - Setting next_dagrun for example_nested_branch_dag to 2025-01-17 00:00:00+00:00, run_after=2025-01-18 00:00:00+00:00
[2025-01-18T04:55:20.785+0000] {processor.py:208} INFO - Processing /home/airflow/.local/lib/python3.12/site-packages/airflow/example_dags/example_nested_branch_dag.py took 0.042 seconds
[2025-01-18T04:55:51.723+0000] {processor.py:186} INFO - Started process (PID=584) to work on /home/airflow/.local/lib/python3.12/site-packages/airflow/example_dags/example_nested_branch_dag.py
[2025-01-18T04:55:51.723+0000] {processor.py:914} INFO - Processing file /home/airflow/.local/lib/python3.12/site-packages/airflow/example_dags/example_nested_branch_dag.py for tasks to queue
[2025-01-18T04:55:51.725+0000] {logging_mixin.py:190} INFO - [2025-01-18T04:55:51.725+0000] {dagbag.py:588} INFO - Filling up the DagBag from /home/airflow/.local/lib/python3.12/site-packages/airflow/example_dags/example_nested_branch_dag.py
[2025-01-18T04:55:51.731+0000] {processor.py:925} INFO - DAG(s) 'example_nested_branch_dag' retrieved from /home/airflow/.local/lib/python3.12/site-packages/airflow/example_dags/example_nested_branch_dag.py
[2025-01-18T04:55:51.742+0000] {logging_mixin.py:190} INFO - [2025-01-18T04:55:51.742+0000] {dag.py:3239} INFO - Sync 1 DAGs
[2025-01-18T04:55:51.758+0000] {logging_mixin.py:190} INFO - [2025-01-18T04:55:51.758+0000] {dag.py:4180} INFO - Setting next_dagrun for example_nested_branch_dag to 2025-01-17 00:00:00+00:00, run_after=2025-01-18 00:00:00+00:00
[2025-01-18T04:55:51.767+0000] {processor.py:208} INFO - Processing /home/airflow/.local/lib/python3.12/site-packages/airflow/example_dags/example_nested_branch_dag.py took 0.047 seconds
[2025-01-18T04:56:22.631+0000] {processor.py:186} INFO - Started process (PID=648) to work on /home/airflow/.local/lib/python3.12/site-packages/airflow/example_dags/example_nested_branch_dag.py
[2025-01-18T04:56:22.631+0000] {processor.py:914} INFO - Processing file /home/airflow/.local/lib/python3.12/site-packages/airflow/example_dags/example_nested_branch_dag.py for tasks to queue
[2025-01-18T04:56:22.633+0000] {logging_mixin.py:190} INFO - [2025-01-18T04:56:22.633+0000] {dagbag.py:588} INFO - Filling up the DagBag from /home/airflow/.local/lib/python3.12/site-packages/airflow/example_dags/example_nested_branch_dag.py
[2025-01-18T04:56:22.643+0000] {processor.py:925} INFO - DAG(s) 'example_nested_branch_dag' retrieved from /home/airflow/.local/lib/python3.12/site-packages/airflow/example_dags/example_nested_branch_dag.py
[2025-01-18T04:56:22.658+0000] {logging_mixin.py:190} INFO - [2025-01-18T04:56:22.658+0000] {dag.py:3239} INFO - Sync 1 DAGs
[2025-01-18T04:56:22.668+0000] {logging_mixin.py:190} INFO - [2025-01-18T04:56:22.668+0000] {dag.py:4180} INFO - Setting next_dagrun for example_nested_branch_dag to 2025-01-17 00:00:00+00:00, run_after=2025-01-18 00:00:00+00:00
[2025-01-18T04:56:22.677+0000] {processor.py:208} INFO - Processing /home/airflow/.local/lib/python3.12/site-packages/airflow/example_dags/example_nested_branch_dag.py took 0.049 seconds
[2025-01-18T04:56:53.510+0000] {processor.py:186} INFO - Started process (PID=711) to work on /home/airflow/.local/lib/python3.12/site-packages/airflow/example_dags/example_nested_branch_dag.py
[2025-01-18T04:56:53.511+0000] {processor.py:914} INFO - Processing file /home/airflow/.local/lib/python3.12/site-packages/airflow/example_dags/example_nested_branch_dag.py for tasks to queue
[2025-01-18T04:56:53.512+0000] {logging_mixin.py:190} INFO - [2025-01-18T04:56:53.512+0000] {dagbag.py:588} INFO - Filling up the DagBag from /home/airflow/.local/lib/python3.12/site-packages/airflow/example_dags/example_nested_branch_dag.py
[2025-01-18T04:56:53.521+0000] {processor.py:925} INFO - DAG(s) 'example_nested_branch_dag' retrieved from /home/airflow/.local/lib/python3.12/site-packages/airflow/example_dags/example_nested_branch_dag.py
[2025-01-18T04:56:53.536+0000] {logging_mixin.py:190} INFO - [2025-01-18T04:56:53.536+0000] {dag.py:3239} INFO - Sync 1 DAGs
[2025-01-18T04:56:53.547+0000] {logging_mixin.py:190} INFO - [2025-01-18T04:56:53.547+0000] {dag.py:4180} INFO - Setting next_dagrun for example_nested_branch_dag to 2025-01-17 00:00:00+00:00, run_after=2025-01-18 00:00:00+00:00
[2025-01-18T04:56:53.555+0000] {processor.py:208} INFO - Processing /home/airflow/.local/lib/python3.12/site-packages/airflow/example_dags/example_nested_branch_dag.py took 0.049 seconds
[2025-01-18T04:57:24.306+0000] {processor.py:186} INFO - Started process (PID=781) to work on /home/airflow/.local/lib/python3.12/site-packages/airflow/example_dags/example_nested_branch_dag.py
[2025-01-18T04:57:24.307+0000] {processor.py:914} INFO - Processing file /home/airflow/.local/lib/python3.12/site-packages/airflow/example_dags/example_nested_branch_dag.py for tasks to queue
[2025-01-18T04:57:24.308+0000] {logging_mixin.py:190} INFO - [2025-01-18T04:57:24.308+0000] {dagbag.py:588} INFO - Filling up the DagBag from /home/airflow/.local/lib/python3.12/site-packages/airflow/example_dags/example_nested_branch_dag.py
[2025-01-18T04:57:24.314+0000] {processor.py:925} INFO - DAG(s) 'example_nested_branch_dag' retrieved from /home/airflow/.local/lib/python3.12/site-packages/airflow/example_dags/example_nested_branch_dag.py
[2025-01-18T04:57:24.326+0000] {logging_mixin.py:190} INFO - [2025-01-18T04:57:24.326+0000] {dag.py:3239} INFO - Sync 1 DAGs
[2025-01-18T04:57:24.337+0000] {logging_mixin.py:190} INFO - [2025-01-18T04:57:24.337+0000] {dag.py:4180} INFO - Setting next_dagrun for example_nested_branch_dag to 2025-01-17 00:00:00+00:00, run_after=2025-01-18 00:00:00+00:00
[2025-01-18T04:57:24.349+0000] {processor.py:208} INFO - Processing /home/airflow/.local/lib/python3.12/site-packages/airflow/example_dags/example_nested_branch_dag.py took 0.047 seconds
[2025-01-18T04:57:55.129+0000] {processor.py:186} INFO - Started process (PID=844) to work on /home/airflow/.local/lib/python3.12/site-packages/airflow/example_dags/example_nested_branch_dag.py
[2025-01-18T04:57:55.129+0000] {processor.py:914} INFO - Processing file /home/airflow/.local/lib/python3.12/site-packages/airflow/example_dags/example_nested_branch_dag.py for tasks to queue
[2025-01-18T04:57:55.131+0000] {logging_mixin.py:190} INFO - [2025-01-18T04:57:55.130+0000] {dagbag.py:588} INFO - Filling up the DagBag from /home/airflow/.local/lib/python3.12/site-packages/airflow/example_dags/example_nested_branch_dag.py
[2025-01-18T04:57:55.137+0000] {processor.py:925} INFO - DAG(s) 'example_nested_branch_dag' retrieved from /home/airflow/.local/lib/python3.12/site-packages/airflow/example_dags/example_nested_branch_dag.py
[2025-01-18T04:57:55.150+0000] {logging_mixin.py:190} INFO - [2025-01-18T04:57:55.150+0000] {dag.py:3239} INFO - Sync 1 DAGs
[2025-01-18T04:57:55.163+0000] {logging_mixin.py:190} INFO - [2025-01-18T04:57:55.163+0000] {dag.py:4180} INFO - Setting next_dagrun for example_nested_branch_dag to 2025-01-17 00:00:00+00:00, run_after=2025-01-18 00:00:00+00:00
[2025-01-18T04:57:55.181+0000] {processor.py:208} INFO - Processing /home/airflow/.local/lib/python3.12/site-packages/airflow/example_dags/example_nested_branch_dag.py took 0.055 seconds
[2025-01-18T04:58:25.985+0000] {processor.py:186} INFO - Started process (PID=907) to work on /home/airflow/.local/lib/python3.12/site-packages/airflow/example_dags/example_nested_branch_dag.py
[2025-01-18T04:58:25.986+0000] {processor.py:914} INFO - Processing file /home/airflow/.local/lib/python3.12/site-packages/airflow/example_dags/example_nested_branch_dag.py for tasks to queue
[2025-01-18T04:58:25.989+0000] {logging_mixin.py:190} INFO - [2025-01-18T04:58:25.988+0000] {dagbag.py:588} INFO - Filling up the DagBag from /home/airflow/.local/lib/python3.12/site-packages/airflow/example_dags/example_nested_branch_dag.py
[2025-01-18T04:58:25.995+0000] {processor.py:925} INFO - DAG(s) 'example_nested_branch_dag' retrieved from /home/airflow/.local/lib/python3.12/site-packages/airflow/example_dags/example_nested_branch_dag.py
[2025-01-18T04:58:26.007+0000] {logging_mixin.py:190} INFO - [2025-01-18T04:58:26.007+0000] {dag.py:3239} INFO - Sync 1 DAGs
[2025-01-18T04:58:26.019+0000] {logging_mixin.py:190} INFO - [2025-01-18T04:58:26.019+0000] {dag.py:4180} INFO - Setting next_dagrun for example_nested_branch_dag to 2025-01-17 00:00:00+00:00, run_after=2025-01-18 00:00:00+00:00
[2025-01-18T04:58:26.031+0000] {processor.py:208} INFO - Processing /home/airflow/.local/lib/python3.12/site-packages/airflow/example_dags/example_nested_branch_dag.py took 0.054 seconds
[2025-01-18T04:58:56.828+0000] {processor.py:186} INFO - Started process (PID=970) to work on /home/airflow/.local/lib/python3.12/site-packages/airflow/example_dags/example_nested_branch_dag.py
[2025-01-18T04:58:56.828+0000] {processor.py:914} INFO - Processing file /home/airflow/.local/lib/python3.12/site-packages/airflow/example_dags/example_nested_branch_dag.py for tasks to queue
[2025-01-18T04:58:56.830+0000] {logging_mixin.py:190} INFO - [2025-01-18T04:58:56.830+0000] {dagbag.py:588} INFO - Filling up the DagBag from /home/airflow/.local/lib/python3.12/site-packages/airflow/example_dags/example_nested_branch_dag.py
[2025-01-18T04:58:56.836+0000] {processor.py:925} INFO - DAG(s) 'example_nested_branch_dag' retrieved from /home/airflow/.local/lib/python3.12/site-packages/airflow/example_dags/example_nested_branch_dag.py
[2025-01-18T04:58:56.850+0000] {logging_mixin.py:190} INFO - [2025-01-18T04:58:56.850+0000] {dag.py:3239} INFO - Sync 1 DAGs
[2025-01-18T04:58:56.864+0000] {logging_mixin.py:190} INFO - [2025-01-18T04:58:56.863+0000] {dag.py:4180} INFO - Setting next_dagrun for example_nested_branch_dag to 2025-01-17 00:00:00+00:00, run_after=2025-01-18 00:00:00+00:00
[2025-01-18T04:58:56.874+0000] {processor.py:208} INFO - Processing /home/airflow/.local/lib/python3.12/site-packages/airflow/example_dags/example_nested_branch_dag.py took 0.049 seconds
[2025-01-18T04:59:28.002+0000] {processor.py:186} INFO - Started process (PID=1033) to work on /home/airflow/.local/lib/python3.12/site-packages/airflow/example_dags/example_nested_branch_dag.py
[2025-01-18T04:59:28.002+0000] {processor.py:914} INFO - Processing file /home/airflow/.local/lib/python3.12/site-packages/airflow/example_dags/example_nested_branch_dag.py for tasks to queue
[2025-01-18T04:59:28.003+0000] {logging_mixin.py:190} INFO - [2025-01-18T04:59:28.003+0000] {dagbag.py:588} INFO - Filling up the DagBag from /home/airflow/.local/lib/python3.12/site-packages/airflow/example_dags/example_nested_branch_dag.py
[2025-01-18T04:59:28.010+0000] {processor.py:925} INFO - DAG(s) 'example_nested_branch_dag' retrieved from /home/airflow/.local/lib/python3.12/site-packages/airflow/example_dags/example_nested_branch_dag.py
[2025-01-18T04:59:28.024+0000] {logging_mixin.py:190} INFO - [2025-01-18T04:59:28.024+0000] {dag.py:3239} INFO - Sync 1 DAGs
[2025-01-18T04:59:28.036+0000] {logging_mixin.py:190} INFO - [2025-01-18T04:59:28.035+0000] {dag.py:4180} INFO - Setting next_dagrun for example_nested_branch_dag to 2025-01-17 00:00:00+00:00, run_after=2025-01-18 00:00:00+00:00
[2025-01-18T04:59:28.046+0000] {processor.py:208} INFO - Processing /home/airflow/.local/lib/python3.12/site-packages/airflow/example_dags/example_nested_branch_dag.py took 0.048 seconds
[2025-01-18T04:59:59.084+0000] {processor.py:186} INFO - Started process (PID=1096) to work on /home/airflow/.local/lib/python3.12/site-packages/airflow/example_dags/example_nested_branch_dag.py
[2025-01-18T04:59:59.085+0000] {processor.py:914} INFO - Processing file /home/airflow/.local/lib/python3.12/site-packages/airflow/example_dags/example_nested_branch_dag.py for tasks to queue
[2025-01-18T04:59:59.086+0000] {logging_mixin.py:190} INFO - [2025-01-18T04:59:59.086+0000] {dagbag.py:588} INFO - Filling up the DagBag from /home/airflow/.local/lib/python3.12/site-packages/airflow/example_dags/example_nested_branch_dag.py
[2025-01-18T04:59:59.092+0000] {processor.py:925} INFO - DAG(s) 'example_nested_branch_dag' retrieved from /home/airflow/.local/lib/python3.12/site-packages/airflow/example_dags/example_nested_branch_dag.py
[2025-01-18T04:59:59.105+0000] {logging_mixin.py:190} INFO - [2025-01-18T04:59:59.105+0000] {dag.py:3239} INFO - Sync 1 DAGs
[2025-01-18T04:59:59.117+0000] {logging_mixin.py:190} INFO - [2025-01-18T04:59:59.117+0000] {dag.py:4180} INFO - Setting next_dagrun for example_nested_branch_dag to 2025-01-17 00:00:00+00:00, run_after=2025-01-18 00:00:00+00:00
[2025-01-18T04:59:59.127+0000] {processor.py:208} INFO - Processing /home/airflow/.local/lib/python3.12/site-packages/airflow/example_dags/example_nested_branch_dag.py took 0.046 seconds
