[2025-01-18T04:51:45.700+0000] {processor.py:186} INFO - Started process (PID=88) to work on /home/airflow/.local/lib/python3.12/site-packages/airflow/example_dags/example_sensor_decorator.py
[2025-01-18T04:51:45.701+0000] {processor.py:914} INFO - Processing file /home/airflow/.local/lib/python3.12/site-packages/airflow/example_dags/example_sensor_decorator.py for tasks to queue
[2025-01-18T04:51:45.702+0000] {logging_mixin.py:190} INFO - [2025-01-18T04:51:45.702+0000] {dagbag.py:588} INFO - Filling up the DagBag from /home/airflow/.local/lib/python3.12/site-packages/airflow/example_dags/example_sensor_decorator.py
[2025-01-18T04:51:45.707+0000] {processor.py:925} INFO - DAG(s) 'example_sensor_decorator' retrieved from /home/airflow/.local/lib/python3.12/site-packages/airflow/example_dags/example_sensor_decorator.py
[2025-01-18T04:51:45.758+0000] {logging_mixin.py:190} INFO - [2025-01-18T04:51:45.757+0000] {override.py:1911} INFO - Created Permission View: can edit on DAG:example_sensor_decorator
[2025-01-18T04:51:45.764+0000] {logging_mixin.py:190} INFO - [2025-01-18T04:51:45.764+0000] {override.py:1911} INFO - Created Permission View: can read on DAG:example_sensor_decorator
[2025-01-18T04:51:45.767+0000] {logging_mixin.py:190} INFO - [2025-01-18T04:51:45.767+0000] {override.py:1911} INFO - Created Permission View: can delete on DAG:example_sensor_decorator
[2025-01-18T04:51:45.770+0000] {logging_mixin.py:190} INFO - [2025-01-18T04:51:45.769+0000] {override.py:1911} INFO - Created Permission View: can create on DAG Run:example_sensor_decorator
[2025-01-18T04:51:45.773+0000] {logging_mixin.py:190} INFO - [2025-01-18T04:51:45.773+0000] {override.py:1911} INFO - Created Permission View: can read on DAG Run:example_sensor_decorator
[2025-01-18T04:51:45.775+0000] {logging_mixin.py:190} INFO - [2025-01-18T04:51:45.775+0000] {override.py:1911} INFO - Created Permission View: can delete on DAG Run:example_sensor_decorator
[2025-01-18T04:51:45.778+0000] {logging_mixin.py:190} INFO - [2025-01-18T04:51:45.778+0000] {override.py:1911} INFO - Created Permission View: menu access on DAG Run:example_sensor_decorator
[2025-01-18T04:51:45.778+0000] {logging_mixin.py:190} INFO - [2025-01-18T04:51:45.778+0000] {dag.py:3239} INFO - Sync 1 DAGs
[2025-01-18T04:51:45.785+0000] {logging_mixin.py:190} INFO - [2025-01-18T04:51:45.785+0000] {dag.py:3262} INFO - Creating ORM DAG for example_sensor_decorator
[2025-01-18T04:51:45.786+0000] {logging_mixin.py:190} INFO - [2025-01-18T04:51:45.786+0000] {dag.py:4180} INFO - Setting next_dagrun for example_sensor_decorator to None, run_after=None
[2025-01-18T04:51:45.793+0000] {processor.py:208} INFO - Processing /home/airflow/.local/lib/python3.12/site-packages/airflow/example_dags/example_sensor_decorator.py took 0.096 seconds
[2025-01-18T04:52:16.211+0000] {processor.py:186} INFO - Started process (PID=151) to work on /home/airflow/.local/lib/python3.12/site-packages/airflow/example_dags/example_sensor_decorator.py
[2025-01-18T04:52:16.212+0000] {processor.py:914} INFO - Processing file /home/airflow/.local/lib/python3.12/site-packages/airflow/example_dags/example_sensor_decorator.py for tasks to queue
[2025-01-18T04:52:16.213+0000] {logging_mixin.py:190} INFO - [2025-01-18T04:52:16.213+0000] {dagbag.py:588} INFO - Filling up the DagBag from /home/airflow/.local/lib/python3.12/site-packages/airflow/example_dags/example_sensor_decorator.py
[2025-01-18T04:52:16.218+0000] {processor.py:925} INFO - DAG(s) 'example_sensor_decorator' retrieved from /home/airflow/.local/lib/python3.12/site-packages/airflow/example_dags/example_sensor_decorator.py
[2025-01-18T04:52:16.228+0000] {logging_mixin.py:190} INFO - [2025-01-18T04:52:16.228+0000] {dag.py:3239} INFO - Sync 1 DAGs
[2025-01-18T04:52:16.235+0000] {logging_mixin.py:190} INFO - [2025-01-18T04:52:16.235+0000] {dag.py:4180} INFO - Setting next_dagrun for example_sensor_decorator to None, run_after=None
[2025-01-18T04:52:16.245+0000] {processor.py:208} INFO - Processing /home/airflow/.local/lib/python3.12/site-packages/airflow/example_dags/example_sensor_decorator.py took 0.036 seconds
[2025-01-18T04:52:47.008+0000] {processor.py:186} INFO - Started process (PID=214) to work on /home/airflow/.local/lib/python3.12/site-packages/airflow/example_dags/example_sensor_decorator.py
[2025-01-18T04:52:47.009+0000] {processor.py:914} INFO - Processing file /home/airflow/.local/lib/python3.12/site-packages/airflow/example_dags/example_sensor_decorator.py for tasks to queue
[2025-01-18T04:52:47.010+0000] {logging_mixin.py:190} INFO - [2025-01-18T04:52:47.010+0000] {dagbag.py:588} INFO - Filling up the DagBag from /home/airflow/.local/lib/python3.12/site-packages/airflow/example_dags/example_sensor_decorator.py
[2025-01-18T04:52:47.016+0000] {processor.py:925} INFO - DAG(s) 'example_sensor_decorator' retrieved from /home/airflow/.local/lib/python3.12/site-packages/airflow/example_dags/example_sensor_decorator.py
[2025-01-18T04:52:47.029+0000] {logging_mixin.py:190} INFO - [2025-01-18T04:52:47.029+0000] {dag.py:3239} INFO - Sync 1 DAGs
[2025-01-18T04:52:47.036+0000] {logging_mixin.py:190} INFO - [2025-01-18T04:52:47.036+0000] {dag.py:4180} INFO - Setting next_dagrun for example_sensor_decorator to None, run_after=None
[2025-01-18T04:52:47.046+0000] {processor.py:208} INFO - Processing /home/airflow/.local/lib/python3.12/site-packages/airflow/example_dags/example_sensor_decorator.py took 0.042 seconds
[2025-01-18T04:53:17.887+0000] {processor.py:186} INFO - Started process (PID=277) to work on /home/airflow/.local/lib/python3.12/site-packages/airflow/example_dags/example_sensor_decorator.py
[2025-01-18T04:53:17.888+0000] {processor.py:914} INFO - Processing file /home/airflow/.local/lib/python3.12/site-packages/airflow/example_dags/example_sensor_decorator.py for tasks to queue
[2025-01-18T04:53:17.890+0000] {logging_mixin.py:190} INFO - [2025-01-18T04:53:17.889+0000] {dagbag.py:588} INFO - Filling up the DagBag from /home/airflow/.local/lib/python3.12/site-packages/airflow/example_dags/example_sensor_decorator.py
[2025-01-18T04:53:17.894+0000] {processor.py:925} INFO - DAG(s) 'example_sensor_decorator' retrieved from /home/airflow/.local/lib/python3.12/site-packages/airflow/example_dags/example_sensor_decorator.py
[2025-01-18T04:53:17.905+0000] {logging_mixin.py:190} INFO - [2025-01-18T04:53:17.905+0000] {dag.py:3239} INFO - Sync 1 DAGs
[2025-01-18T04:53:17.911+0000] {logging_mixin.py:190} INFO - [2025-01-18T04:53:17.911+0000] {dag.py:4180} INFO - Setting next_dagrun for example_sensor_decorator to None, run_after=None
[2025-01-18T04:53:17.921+0000] {processor.py:208} INFO - Processing /home/airflow/.local/lib/python3.12/site-packages/airflow/example_dags/example_sensor_decorator.py took 0.037 seconds
[2025-01-18T04:53:48.511+0000] {processor.py:186} INFO - Started process (PID=340) to work on /home/airflow/.local/lib/python3.12/site-packages/airflow/example_dags/example_sensor_decorator.py
[2025-01-18T04:53:48.512+0000] {processor.py:914} INFO - Processing file /home/airflow/.local/lib/python3.12/site-packages/airflow/example_dags/example_sensor_decorator.py for tasks to queue
[2025-01-18T04:53:48.516+0000] {logging_mixin.py:190} INFO - [2025-01-18T04:53:48.516+0000] {dagbag.py:588} INFO - Filling up the DagBag from /home/airflow/.local/lib/python3.12/site-packages/airflow/example_dags/example_sensor_decorator.py
[2025-01-18T04:53:48.522+0000] {processor.py:925} INFO - DAG(s) 'example_sensor_decorator' retrieved from /home/airflow/.local/lib/python3.12/site-packages/airflow/example_dags/example_sensor_decorator.py
[2025-01-18T04:53:48.533+0000] {logging_mixin.py:190} INFO - [2025-01-18T04:53:48.533+0000] {dag.py:3239} INFO - Sync 1 DAGs
[2025-01-18T04:53:48.540+0000] {logging_mixin.py:190} INFO - [2025-01-18T04:53:48.540+0000] {dag.py:4180} INFO - Setting next_dagrun for example_sensor_decorator to None, run_after=None
[2025-01-18T04:53:48.550+0000] {processor.py:208} INFO - Processing /home/airflow/.local/lib/python3.12/site-packages/airflow/example_dags/example_sensor_decorator.py took 0.042 seconds
[2025-01-18T04:54:19.468+0000] {processor.py:186} INFO - Started process (PID=403) to work on /home/airflow/.local/lib/python3.12/site-packages/airflow/example_dags/example_sensor_decorator.py
[2025-01-18T04:54:19.469+0000] {processor.py:914} INFO - Processing file /home/airflow/.local/lib/python3.12/site-packages/airflow/example_dags/example_sensor_decorator.py for tasks to queue
[2025-01-18T04:54:19.470+0000] {logging_mixin.py:190} INFO - [2025-01-18T04:54:19.470+0000] {dagbag.py:588} INFO - Filling up the DagBag from /home/airflow/.local/lib/python3.12/site-packages/airflow/example_dags/example_sensor_decorator.py
[2025-01-18T04:54:19.476+0000] {processor.py:925} INFO - DAG(s) 'example_sensor_decorator' retrieved from /home/airflow/.local/lib/python3.12/site-packages/airflow/example_dags/example_sensor_decorator.py
[2025-01-18T04:54:19.490+0000] {logging_mixin.py:190} INFO - [2025-01-18T04:54:19.490+0000] {dag.py:3239} INFO - Sync 1 DAGs
[2025-01-18T04:54:19.497+0000] {logging_mixin.py:190} INFO - [2025-01-18T04:54:19.497+0000] {dag.py:4180} INFO - Setting next_dagrun for example_sensor_decorator to None, run_after=None
[2025-01-18T04:54:19.506+0000] {processor.py:208} INFO - Processing /home/airflow/.local/lib/python3.12/site-packages/airflow/example_dags/example_sensor_decorator.py took 0.042 seconds
[2025-01-18T04:54:50.174+0000] {processor.py:186} INFO - Started process (PID=466) to work on /home/airflow/.local/lib/python3.12/site-packages/airflow/example_dags/example_sensor_decorator.py
[2025-01-18T04:54:50.176+0000] {processor.py:914} INFO - Processing file /home/airflow/.local/lib/python3.12/site-packages/airflow/example_dags/example_sensor_decorator.py for tasks to queue
[2025-01-18T04:54:50.177+0000] {logging_mixin.py:190} INFO - [2025-01-18T04:54:50.177+0000] {dagbag.py:588} INFO - Filling up the DagBag from /home/airflow/.local/lib/python3.12/site-packages/airflow/example_dags/example_sensor_decorator.py
[2025-01-18T04:54:50.182+0000] {processor.py:925} INFO - DAG(s) 'example_sensor_decorator' retrieved from /home/airflow/.local/lib/python3.12/site-packages/airflow/example_dags/example_sensor_decorator.py
[2025-01-18T04:54:50.192+0000] {logging_mixin.py:190} INFO - [2025-01-18T04:54:50.192+0000] {dag.py:3239} INFO - Sync 1 DAGs
[2025-01-18T04:54:50.199+0000] {logging_mixin.py:190} INFO - [2025-01-18T04:54:50.199+0000] {dag.py:4180} INFO - Setting next_dagrun for example_sensor_decorator to None, run_after=None
[2025-01-18T04:54:50.212+0000] {processor.py:208} INFO - Processing /home/airflow/.local/lib/python3.12/site-packages/airflow/example_dags/example_sensor_decorator.py took 0.041 seconds
[2025-01-18T04:55:21.149+0000] {processor.py:186} INFO - Started process (PID=529) to work on /home/airflow/.local/lib/python3.12/site-packages/airflow/example_dags/example_sensor_decorator.py
[2025-01-18T04:55:21.150+0000] {processor.py:914} INFO - Processing file /home/airflow/.local/lib/python3.12/site-packages/airflow/example_dags/example_sensor_decorator.py for tasks to queue
[2025-01-18T04:55:21.152+0000] {logging_mixin.py:190} INFO - [2025-01-18T04:55:21.151+0000] {dagbag.py:588} INFO - Filling up the DagBag from /home/airflow/.local/lib/python3.12/site-packages/airflow/example_dags/example_sensor_decorator.py
[2025-01-18T04:55:21.156+0000] {processor.py:925} INFO - DAG(s) 'example_sensor_decorator' retrieved from /home/airflow/.local/lib/python3.12/site-packages/airflow/example_dags/example_sensor_decorator.py
[2025-01-18T04:55:21.166+0000] {logging_mixin.py:190} INFO - [2025-01-18T04:55:21.166+0000] {dag.py:3239} INFO - Sync 1 DAGs
[2025-01-18T04:55:21.173+0000] {logging_mixin.py:190} INFO - [2025-01-18T04:55:21.173+0000] {dag.py:4180} INFO - Setting next_dagrun for example_sensor_decorator to None, run_after=None
[2025-01-18T04:55:21.182+0000] {processor.py:208} INFO - Processing /home/airflow/.local/lib/python3.12/site-packages/airflow/example_dags/example_sensor_decorator.py took 0.036 seconds
[2025-01-18T04:55:52.122+0000] {processor.py:186} INFO - Started process (PID=592) to work on /home/airflow/.local/lib/python3.12/site-packages/airflow/example_dags/example_sensor_decorator.py
[2025-01-18T04:55:52.123+0000] {processor.py:914} INFO - Processing file /home/airflow/.local/lib/python3.12/site-packages/airflow/example_dags/example_sensor_decorator.py for tasks to queue
[2025-01-18T04:55:52.124+0000] {logging_mixin.py:190} INFO - [2025-01-18T04:55:52.124+0000] {dagbag.py:588} INFO - Filling up the DagBag from /home/airflow/.local/lib/python3.12/site-packages/airflow/example_dags/example_sensor_decorator.py
[2025-01-18T04:55:52.128+0000] {processor.py:925} INFO - DAG(s) 'example_sensor_decorator' retrieved from /home/airflow/.local/lib/python3.12/site-packages/airflow/example_dags/example_sensor_decorator.py
[2025-01-18T04:55:52.140+0000] {logging_mixin.py:190} INFO - [2025-01-18T04:55:52.140+0000] {dag.py:3239} INFO - Sync 1 DAGs
[2025-01-18T04:55:52.147+0000] {logging_mixin.py:190} INFO - [2025-01-18T04:55:52.147+0000] {dag.py:4180} INFO - Setting next_dagrun for example_sensor_decorator to None, run_after=None
[2025-01-18T04:55:52.167+0000] {processor.py:208} INFO - Processing /home/airflow/.local/lib/python3.12/site-packages/airflow/example_dags/example_sensor_decorator.py took 0.048 seconds
[2025-01-18T04:56:22.902+0000] {processor.py:186} INFO - Started process (PID=655) to work on /home/airflow/.local/lib/python3.12/site-packages/airflow/example_dags/example_sensor_decorator.py
[2025-01-18T04:56:22.903+0000] {processor.py:914} INFO - Processing file /home/airflow/.local/lib/python3.12/site-packages/airflow/example_dags/example_sensor_decorator.py for tasks to queue
[2025-01-18T04:56:22.904+0000] {logging_mixin.py:190} INFO - [2025-01-18T04:56:22.904+0000] {dagbag.py:588} INFO - Filling up the DagBag from /home/airflow/.local/lib/python3.12/site-packages/airflow/example_dags/example_sensor_decorator.py
[2025-01-18T04:56:22.909+0000] {processor.py:925} INFO - DAG(s) 'example_sensor_decorator' retrieved from /home/airflow/.local/lib/python3.12/site-packages/airflow/example_dags/example_sensor_decorator.py
[2025-01-18T04:56:22.919+0000] {logging_mixin.py:190} INFO - [2025-01-18T04:56:22.919+0000] {dag.py:3239} INFO - Sync 1 DAGs
[2025-01-18T04:56:22.926+0000] {logging_mixin.py:190} INFO - [2025-01-18T04:56:22.926+0000] {dag.py:4180} INFO - Setting next_dagrun for example_sensor_decorator to None, run_after=None
[2025-01-18T04:56:22.937+0000] {processor.py:208} INFO - Processing /home/airflow/.local/lib/python3.12/site-packages/airflow/example_dags/example_sensor_decorator.py took 0.038 seconds
[2025-01-18T04:56:53.812+0000] {processor.py:186} INFO - Started process (PID=718) to work on /home/airflow/.local/lib/python3.12/site-packages/airflow/example_dags/example_sensor_decorator.py
[2025-01-18T04:56:53.813+0000] {processor.py:914} INFO - Processing file /home/airflow/.local/lib/python3.12/site-packages/airflow/example_dags/example_sensor_decorator.py for tasks to queue
[2025-01-18T04:56:53.815+0000] {logging_mixin.py:190} INFO - [2025-01-18T04:56:53.815+0000] {dagbag.py:588} INFO - Filling up the DagBag from /home/airflow/.local/lib/python3.12/site-packages/airflow/example_dags/example_sensor_decorator.py
[2025-01-18T04:56:53.820+0000] {processor.py:925} INFO - DAG(s) 'example_sensor_decorator' retrieved from /home/airflow/.local/lib/python3.12/site-packages/airflow/example_dags/example_sensor_decorator.py
[2025-01-18T04:56:53.831+0000] {logging_mixin.py:190} INFO - [2025-01-18T04:56:53.830+0000] {dag.py:3239} INFO - Sync 1 DAGs
[2025-01-18T04:56:53.838+0000] {logging_mixin.py:190} INFO - [2025-01-18T04:56:53.838+0000] {dag.py:4180} INFO - Setting next_dagrun for example_sensor_decorator to None, run_after=None
[2025-01-18T04:56:53.852+0000] {processor.py:208} INFO - Processing /home/airflow/.local/lib/python3.12/site-packages/airflow/example_dags/example_sensor_decorator.py took 0.044 seconds
[2025-01-18T04:57:24.525+0000] {processor.py:186} INFO - Started process (PID=788) to work on /home/airflow/.local/lib/python3.12/site-packages/airflow/example_dags/example_sensor_decorator.py
[2025-01-18T04:57:24.525+0000] {processor.py:914} INFO - Processing file /home/airflow/.local/lib/python3.12/site-packages/airflow/example_dags/example_sensor_decorator.py for tasks to queue
[2025-01-18T04:57:24.527+0000] {logging_mixin.py:190} INFO - [2025-01-18T04:57:24.527+0000] {dagbag.py:588} INFO - Filling up the DagBag from /home/airflow/.local/lib/python3.12/site-packages/airflow/example_dags/example_sensor_decorator.py
[2025-01-18T04:57:24.531+0000] {processor.py:925} INFO - DAG(s) 'example_sensor_decorator' retrieved from /home/airflow/.local/lib/python3.12/site-packages/airflow/example_dags/example_sensor_decorator.py
[2025-01-18T04:57:24.542+0000] {logging_mixin.py:190} INFO - [2025-01-18T04:57:24.542+0000] {dag.py:3239} INFO - Sync 1 DAGs
[2025-01-18T04:57:24.550+0000] {logging_mixin.py:190} INFO - [2025-01-18T04:57:24.550+0000] {dag.py:4180} INFO - Setting next_dagrun for example_sensor_decorator to None, run_after=None
[2025-01-18T04:57:24.567+0000] {processor.py:208} INFO - Processing /home/airflow/.local/lib/python3.12/site-packages/airflow/example_dags/example_sensor_decorator.py took 0.045 seconds
[2025-01-18T04:57:55.402+0000] {processor.py:186} INFO - Started process (PID=851) to work on /home/airflow/.local/lib/python3.12/site-packages/airflow/example_dags/example_sensor_decorator.py
[2025-01-18T04:57:55.403+0000] {processor.py:914} INFO - Processing file /home/airflow/.local/lib/python3.12/site-packages/airflow/example_dags/example_sensor_decorator.py for tasks to queue
[2025-01-18T04:57:55.404+0000] {logging_mixin.py:190} INFO - [2025-01-18T04:57:55.404+0000] {dagbag.py:588} INFO - Filling up the DagBag from /home/airflow/.local/lib/python3.12/site-packages/airflow/example_dags/example_sensor_decorator.py
[2025-01-18T04:57:55.409+0000] {processor.py:925} INFO - DAG(s) 'example_sensor_decorator' retrieved from /home/airflow/.local/lib/python3.12/site-packages/airflow/example_dags/example_sensor_decorator.py
[2025-01-18T04:57:55.419+0000] {logging_mixin.py:190} INFO - [2025-01-18T04:57:55.419+0000] {dag.py:3239} INFO - Sync 1 DAGs
[2025-01-18T04:57:55.426+0000] {logging_mixin.py:190} INFO - [2025-01-18T04:57:55.426+0000] {dag.py:4180} INFO - Setting next_dagrun for example_sensor_decorator to None, run_after=None
[2025-01-18T04:57:55.439+0000] {processor.py:208} INFO - Processing /home/airflow/.local/lib/python3.12/site-packages/airflow/example_dags/example_sensor_decorator.py took 0.040 seconds
[2025-01-18T04:58:26.265+0000] {processor.py:186} INFO - Started process (PID=914) to work on /home/airflow/.local/lib/python3.12/site-packages/airflow/example_dags/example_sensor_decorator.py
[2025-01-18T04:58:26.268+0000] {processor.py:914} INFO - Processing file /home/airflow/.local/lib/python3.12/site-packages/airflow/example_dags/example_sensor_decorator.py for tasks to queue
[2025-01-18T04:58:26.270+0000] {logging_mixin.py:190} INFO - [2025-01-18T04:58:26.269+0000] {dagbag.py:588} INFO - Filling up the DagBag from /home/airflow/.local/lib/python3.12/site-packages/airflow/example_dags/example_sensor_decorator.py
[2025-01-18T04:58:26.274+0000] {processor.py:925} INFO - DAG(s) 'example_sensor_decorator' retrieved from /home/airflow/.local/lib/python3.12/site-packages/airflow/example_dags/example_sensor_decorator.py
[2025-01-18T04:58:26.286+0000] {logging_mixin.py:190} INFO - [2025-01-18T04:58:26.286+0000] {dag.py:3239} INFO - Sync 1 DAGs
[2025-01-18T04:58:26.293+0000] {logging_mixin.py:190} INFO - [2025-01-18T04:58:26.293+0000] {dag.py:4180} INFO - Setting next_dagrun for example_sensor_decorator to None, run_after=None
[2025-01-18T04:58:26.303+0000] {processor.py:208} INFO - Processing /home/airflow/.local/lib/python3.12/site-packages/airflow/example_dags/example_sensor_decorator.py took 0.041 seconds
[2025-01-18T04:58:57.165+0000] {processor.py:186} INFO - Started process (PID=977) to work on /home/airflow/.local/lib/python3.12/site-packages/airflow/example_dags/example_sensor_decorator.py
[2025-01-18T04:58:57.167+0000] {processor.py:914} INFO - Processing file /home/airflow/.local/lib/python3.12/site-packages/airflow/example_dags/example_sensor_decorator.py for tasks to queue
[2025-01-18T04:58:57.168+0000] {logging_mixin.py:190} INFO - [2025-01-18T04:58:57.168+0000] {dagbag.py:588} INFO - Filling up the DagBag from /home/airflow/.local/lib/python3.12/site-packages/airflow/example_dags/example_sensor_decorator.py
[2025-01-18T04:58:57.174+0000] {processor.py:925} INFO - DAG(s) 'example_sensor_decorator' retrieved from /home/airflow/.local/lib/python3.12/site-packages/airflow/example_dags/example_sensor_decorator.py
[2025-01-18T04:58:57.184+0000] {logging_mixin.py:190} INFO - [2025-01-18T04:58:57.184+0000] {dag.py:3239} INFO - Sync 1 DAGs
[2025-01-18T04:58:57.191+0000] {logging_mixin.py:190} INFO - [2025-01-18T04:58:57.191+0000] {dag.py:4180} INFO - Setting next_dagrun for example_sensor_decorator to None, run_after=None
[2025-01-18T04:58:57.200+0000] {processor.py:208} INFO - Processing /home/airflow/.local/lib/python3.12/site-packages/airflow/example_dags/example_sensor_decorator.py took 0.038 seconds
[2025-01-18T04:59:28.192+0000] {processor.py:186} INFO - Started process (PID=1040) to work on /home/airflow/.local/lib/python3.12/site-packages/airflow/example_dags/example_sensor_decorator.py
[2025-01-18T04:59:28.193+0000] {processor.py:914} INFO - Processing file /home/airflow/.local/lib/python3.12/site-packages/airflow/example_dags/example_sensor_decorator.py for tasks to queue
[2025-01-18T04:59:28.194+0000] {logging_mixin.py:190} INFO - [2025-01-18T04:59:28.194+0000] {dagbag.py:588} INFO - Filling up the DagBag from /home/airflow/.local/lib/python3.12/site-packages/airflow/example_dags/example_sensor_decorator.py
[2025-01-18T04:59:28.200+0000] {processor.py:925} INFO - DAG(s) 'example_sensor_decorator' retrieved from /home/airflow/.local/lib/python3.12/site-packages/airflow/example_dags/example_sensor_decorator.py
[2025-01-18T04:59:28.210+0000] {logging_mixin.py:190} INFO - [2025-01-18T04:59:28.210+0000] {dag.py:3239} INFO - Sync 1 DAGs
[2025-01-18T04:59:28.218+0000] {logging_mixin.py:190} INFO - [2025-01-18T04:59:28.218+0000] {dag.py:4180} INFO - Setting next_dagrun for example_sensor_decorator to None, run_after=None
[2025-01-18T04:59:28.229+0000] {processor.py:208} INFO - Processing /home/airflow/.local/lib/python3.12/site-packages/airflow/example_dags/example_sensor_decorator.py took 0.040 seconds
[2025-01-18T04:59:59.368+0000] {processor.py:186} INFO - Started process (PID=1103) to work on /home/airflow/.local/lib/python3.12/site-packages/airflow/example_dags/example_sensor_decorator.py
[2025-01-18T04:59:59.368+0000] {processor.py:914} INFO - Processing file /home/airflow/.local/lib/python3.12/site-packages/airflow/example_dags/example_sensor_decorator.py for tasks to queue
[2025-01-18T04:59:59.370+0000] {logging_mixin.py:190} INFO - [2025-01-18T04:59:59.369+0000] {dagbag.py:588} INFO - Filling up the DagBag from /home/airflow/.local/lib/python3.12/site-packages/airflow/example_dags/example_sensor_decorator.py
[2025-01-18T04:59:59.374+0000] {processor.py:925} INFO - DAG(s) 'example_sensor_decorator' retrieved from /home/airflow/.local/lib/python3.12/site-packages/airflow/example_dags/example_sensor_decorator.py
[2025-01-18T04:59:59.387+0000] {logging_mixin.py:190} INFO - [2025-01-18T04:59:59.387+0000] {dag.py:3239} INFO - Sync 1 DAGs
[2025-01-18T04:59:59.394+0000] {logging_mixin.py:190} INFO - [2025-01-18T04:59:59.394+0000] {dag.py:4180} INFO - Setting next_dagrun for example_sensor_decorator to None, run_after=None
[2025-01-18T04:59:59.407+0000] {processor.py:208} INFO - Processing /home/airflow/.local/lib/python3.12/site-packages/airflow/example_dags/example_sensor_decorator.py took 0.042 seconds
