[2025-01-18T04:51:42.027+0000] {processor.py:186} INFO - Started process (PID=48) to work on /home/airflow/.local/lib/python3.12/site-packages/airflow/example_dags/example_complex.py
[2025-01-18T04:51:42.028+0000] {processor.py:914} INFO - Processing file /home/airflow/.local/lib/python3.12/site-packages/airflow/example_dags/example_complex.py for tasks to queue
[2025-01-18T04:51:42.032+0000] {logging_mixin.py:190} INFO - [2025-01-18T04:51:42.031+0000] {dagbag.py:588} INFO - Filling up the DagBag from /home/airflow/.local/lib/python3.12/site-packages/airflow/example_dags/example_complex.py
[2025-01-18T04:51:42.053+0000] {processor.py:925} INFO - DAG(s) 'example_complex' retrieved from /home/airflow/.local/lib/python3.12/site-packages/airflow/example_dags/example_complex.py
[2025-01-18T04:51:42.233+0000] {logging_mixin.py:190} INFO - [2025-01-18T04:51:42.232+0000] {override.py:1911} INFO - Created Permission View: can edit on DAG:example_complex
[2025-01-18T04:51:42.241+0000] {logging_mixin.py:190} INFO - [2025-01-18T04:51:42.241+0000] {override.py:1911} INFO - Created Permission View: can read on DAG:example_complex
[2025-01-18T04:51:42.245+0000] {logging_mixin.py:190} INFO - [2025-01-18T04:51:42.245+0000] {override.py:1911} INFO - Created Permission View: can delete on DAG:example_complex
[2025-01-18T04:51:42.250+0000] {logging_mixin.py:190} INFO - [2025-01-18T04:51:42.250+0000] {override.py:1911} INFO - Created Permission View: can create on DAG Run:example_complex
[2025-01-18T04:51:42.254+0000] {logging_mixin.py:190} INFO - [2025-01-18T04:51:42.254+0000] {override.py:1911} INFO - Created Permission View: can read on DAG Run:example_complex
[2025-01-18T04:51:42.258+0000] {logging_mixin.py:190} INFO - [2025-01-18T04:51:42.258+0000] {override.py:1911} INFO - Created Permission View: can delete on DAG Run:example_complex
[2025-01-18T04:51:42.265+0000] {logging_mixin.py:190} INFO - [2025-01-18T04:51:42.264+0000] {override.py:1911} INFO - Created Permission View: menu access on DAG Run:example_complex
[2025-01-18T04:51:42.265+0000] {logging_mixin.py:190} INFO - [2025-01-18T04:51:42.265+0000] {dag.py:3239} INFO - Sync 1 DAGs
[2025-01-18T04:51:42.276+0000] {logging_mixin.py:190} INFO - [2025-01-18T04:51:42.275+0000] {dag.py:3262} INFO - Creating ORM DAG for example_complex
[2025-01-18T04:51:42.276+0000] {logging_mixin.py:190} INFO - [2025-01-18T04:51:42.276+0000] {dag.py:4180} INFO - Setting next_dagrun for example_complex to None, run_after=None
[2025-01-18T04:51:42.288+0000] {processor.py:208} INFO - Processing /home/airflow/.local/lib/python3.12/site-packages/airflow/example_dags/example_complex.py took 0.271 seconds
[2025-01-18T04:52:12.612+0000] {processor.py:186} INFO - Started process (PID=111) to work on /home/airflow/.local/lib/python3.12/site-packages/airflow/example_dags/example_complex.py
[2025-01-18T04:52:12.612+0000] {processor.py:914} INFO - Processing file /home/airflow/.local/lib/python3.12/site-packages/airflow/example_dags/example_complex.py for tasks to queue
[2025-01-18T04:52:12.615+0000] {logging_mixin.py:190} INFO - [2025-01-18T04:52:12.615+0000] {dagbag.py:588} INFO - Filling up the DagBag from /home/airflow/.local/lib/python3.12/site-packages/airflow/example_dags/example_complex.py
[2025-01-18T04:52:12.624+0000] {processor.py:925} INFO - DAG(s) 'example_complex' retrieved from /home/airflow/.local/lib/python3.12/site-packages/airflow/example_dags/example_complex.py
[2025-01-18T04:52:12.644+0000] {logging_mixin.py:190} INFO - [2025-01-18T04:52:12.644+0000] {dag.py:3239} INFO - Sync 1 DAGs
[2025-01-18T04:52:12.682+0000] {logging_mixin.py:190} INFO - [2025-01-18T04:52:12.682+0000] {dag.py:4180} INFO - Setting next_dagrun for example_complex to None, run_after=None
[2025-01-18T04:52:12.699+0000] {processor.py:208} INFO - Processing /home/airflow/.local/lib/python3.12/site-packages/airflow/example_dags/example_complex.py took 0.094 seconds
[2025-01-18T04:52:43.438+0000] {processor.py:186} INFO - Started process (PID=174) to work on /home/airflow/.local/lib/python3.12/site-packages/airflow/example_dags/example_complex.py
[2025-01-18T04:52:43.439+0000] {processor.py:914} INFO - Processing file /home/airflow/.local/lib/python3.12/site-packages/airflow/example_dags/example_complex.py for tasks to queue
[2025-01-18T04:52:43.441+0000] {logging_mixin.py:190} INFO - [2025-01-18T04:52:43.441+0000] {dagbag.py:588} INFO - Filling up the DagBag from /home/airflow/.local/lib/python3.12/site-packages/airflow/example_dags/example_complex.py
[2025-01-18T04:52:43.448+0000] {processor.py:925} INFO - DAG(s) 'example_complex' retrieved from /home/airflow/.local/lib/python3.12/site-packages/airflow/example_dags/example_complex.py
[2025-01-18T04:52:43.465+0000] {logging_mixin.py:190} INFO - [2025-01-18T04:52:43.465+0000] {dag.py:3239} INFO - Sync 1 DAGs
[2025-01-18T04:52:43.475+0000] {logging_mixin.py:190} INFO - [2025-01-18T04:52:43.475+0000] {dag.py:4180} INFO - Setting next_dagrun for example_complex to None, run_after=None
[2025-01-18T04:52:43.486+0000] {processor.py:208} INFO - Processing /home/airflow/.local/lib/python3.12/site-packages/airflow/example_dags/example_complex.py took 0.051 seconds
[2025-01-18T04:53:14.226+0000] {processor.py:186} INFO - Started process (PID=237) to work on /home/airflow/.local/lib/python3.12/site-packages/airflow/example_dags/example_complex.py
[2025-01-18T04:53:14.226+0000] {processor.py:914} INFO - Processing file /home/airflow/.local/lib/python3.12/site-packages/airflow/example_dags/example_complex.py for tasks to queue
[2025-01-18T04:53:14.228+0000] {logging_mixin.py:190} INFO - [2025-01-18T04:53:14.228+0000] {dagbag.py:588} INFO - Filling up the DagBag from /home/airflow/.local/lib/python3.12/site-packages/airflow/example_dags/example_complex.py
[2025-01-18T04:53:14.236+0000] {processor.py:925} INFO - DAG(s) 'example_complex' retrieved from /home/airflow/.local/lib/python3.12/site-packages/airflow/example_dags/example_complex.py
[2025-01-18T04:53:14.254+0000] {logging_mixin.py:190} INFO - [2025-01-18T04:53:14.254+0000] {dag.py:3239} INFO - Sync 1 DAGs
[2025-01-18T04:53:14.262+0000] {logging_mixin.py:190} INFO - [2025-01-18T04:53:14.262+0000] {dag.py:4180} INFO - Setting next_dagrun for example_complex to None, run_after=None
[2025-01-18T04:53:14.271+0000] {processor.py:208} INFO - Processing /home/airflow/.local/lib/python3.12/site-packages/airflow/example_dags/example_complex.py took 0.050 seconds
[2025-01-18T04:53:45.011+0000] {processor.py:186} INFO - Started process (PID=300) to work on /home/airflow/.local/lib/python3.12/site-packages/airflow/example_dags/example_complex.py
[2025-01-18T04:53:45.011+0000] {processor.py:914} INFO - Processing file /home/airflow/.local/lib/python3.12/site-packages/airflow/example_dags/example_complex.py for tasks to queue
[2025-01-18T04:53:45.013+0000] {logging_mixin.py:190} INFO - [2025-01-18T04:53:45.013+0000] {dagbag.py:588} INFO - Filling up the DagBag from /home/airflow/.local/lib/python3.12/site-packages/airflow/example_dags/example_complex.py
[2025-01-18T04:53:45.021+0000] {processor.py:925} INFO - DAG(s) 'example_complex' retrieved from /home/airflow/.local/lib/python3.12/site-packages/airflow/example_dags/example_complex.py
[2025-01-18T04:53:45.039+0000] {logging_mixin.py:190} INFO - [2025-01-18T04:53:45.039+0000] {dag.py:3239} INFO - Sync 1 DAGs
[2025-01-18T04:53:45.047+0000] {logging_mixin.py:190} INFO - [2025-01-18T04:53:45.047+0000] {dag.py:4180} INFO - Setting next_dagrun for example_complex to None, run_after=None
[2025-01-18T04:53:45.056+0000] {processor.py:208} INFO - Processing /home/airflow/.local/lib/python3.12/site-packages/airflow/example_dags/example_complex.py took 0.051 seconds
[2025-01-18T04:54:15.777+0000] {processor.py:186} INFO - Started process (PID=369) to work on /home/airflow/.local/lib/python3.12/site-packages/airflow/example_dags/example_complex.py
[2025-01-18T04:54:15.780+0000] {processor.py:914} INFO - Processing file /home/airflow/.local/lib/python3.12/site-packages/airflow/example_dags/example_complex.py for tasks to queue
[2025-01-18T04:54:15.783+0000] {logging_mixin.py:190} INFO - [2025-01-18T04:54:15.783+0000] {dagbag.py:588} INFO - Filling up the DagBag from /home/airflow/.local/lib/python3.12/site-packages/airflow/example_dags/example_complex.py
[2025-01-18T04:54:15.790+0000] {processor.py:925} INFO - DAG(s) 'example_complex' retrieved from /home/airflow/.local/lib/python3.12/site-packages/airflow/example_dags/example_complex.py
[2025-01-18T04:54:15.806+0000] {logging_mixin.py:190} INFO - [2025-01-18T04:54:15.806+0000] {dag.py:3239} INFO - Sync 1 DAGs
[2025-01-18T04:54:15.813+0000] {logging_mixin.py:190} INFO - [2025-01-18T04:54:15.813+0000] {dag.py:4180} INFO - Setting next_dagrun for example_complex to None, run_after=None
[2025-01-18T04:54:15.824+0000] {processor.py:208} INFO - Processing /home/airflow/.local/lib/python3.12/site-packages/airflow/example_dags/example_complex.py took 0.051 seconds
[2025-01-18T04:54:46.597+0000] {processor.py:186} INFO - Started process (PID=432) to work on /home/airflow/.local/lib/python3.12/site-packages/airflow/example_dags/example_complex.py
[2025-01-18T04:54:46.598+0000] {processor.py:914} INFO - Processing file /home/airflow/.local/lib/python3.12/site-packages/airflow/example_dags/example_complex.py for tasks to queue
[2025-01-18T04:54:46.600+0000] {logging_mixin.py:190} INFO - [2025-01-18T04:54:46.600+0000] {dagbag.py:588} INFO - Filling up the DagBag from /home/airflow/.local/lib/python3.12/site-packages/airflow/example_dags/example_complex.py
[2025-01-18T04:54:46.608+0000] {processor.py:925} INFO - DAG(s) 'example_complex' retrieved from /home/airflow/.local/lib/python3.12/site-packages/airflow/example_dags/example_complex.py
[2025-01-18T04:54:46.626+0000] {logging_mixin.py:190} INFO - [2025-01-18T04:54:46.625+0000] {dag.py:3239} INFO - Sync 1 DAGs
[2025-01-18T04:54:46.635+0000] {logging_mixin.py:190} INFO - [2025-01-18T04:54:46.635+0000] {dag.py:4180} INFO - Setting next_dagrun for example_complex to None, run_after=None
[2025-01-18T04:54:46.644+0000] {processor.py:208} INFO - Processing /home/airflow/.local/lib/python3.12/site-packages/airflow/example_dags/example_complex.py took 0.053 seconds
[2025-01-18T04:55:17.544+0000] {processor.py:186} INFO - Started process (PID=495) to work on /home/airflow/.local/lib/python3.12/site-packages/airflow/example_dags/example_complex.py
[2025-01-18T04:55:17.545+0000] {processor.py:914} INFO - Processing file /home/airflow/.local/lib/python3.12/site-packages/airflow/example_dags/example_complex.py for tasks to queue
[2025-01-18T04:55:17.547+0000] {logging_mixin.py:190} INFO - [2025-01-18T04:55:17.546+0000] {dagbag.py:588} INFO - Filling up the DagBag from /home/airflow/.local/lib/python3.12/site-packages/airflow/example_dags/example_complex.py
[2025-01-18T04:55:17.554+0000] {processor.py:925} INFO - DAG(s) 'example_complex' retrieved from /home/airflow/.local/lib/python3.12/site-packages/airflow/example_dags/example_complex.py
[2025-01-18T04:55:17.571+0000] {logging_mixin.py:190} INFO - [2025-01-18T04:55:17.571+0000] {dag.py:3239} INFO - Sync 1 DAGs
[2025-01-18T04:55:17.580+0000] {logging_mixin.py:190} INFO - [2025-01-18T04:55:17.580+0000] {dag.py:4180} INFO - Setting next_dagrun for example_complex to None, run_after=None
[2025-01-18T04:55:17.590+0000] {processor.py:208} INFO - Processing /home/airflow/.local/lib/python3.12/site-packages/airflow/example_dags/example_complex.py took 0.052 seconds
[2025-01-18T04:55:48.498+0000] {processor.py:186} INFO - Started process (PID=558) to work on /home/airflow/.local/lib/python3.12/site-packages/airflow/example_dags/example_complex.py
[2025-01-18T04:55:48.500+0000] {processor.py:914} INFO - Processing file /home/airflow/.local/lib/python3.12/site-packages/airflow/example_dags/example_complex.py for tasks to queue
[2025-01-18T04:55:48.502+0000] {logging_mixin.py:190} INFO - [2025-01-18T04:55:48.502+0000] {dagbag.py:588} INFO - Filling up the DagBag from /home/airflow/.local/lib/python3.12/site-packages/airflow/example_dags/example_complex.py
[2025-01-18T04:55:48.510+0000] {processor.py:925} INFO - DAG(s) 'example_complex' retrieved from /home/airflow/.local/lib/python3.12/site-packages/airflow/example_dags/example_complex.py
[2025-01-18T04:55:48.529+0000] {logging_mixin.py:190} INFO - [2025-01-18T04:55:48.529+0000] {dag.py:3239} INFO - Sync 1 DAGs
[2025-01-18T04:55:48.538+0000] {logging_mixin.py:190} INFO - [2025-01-18T04:55:48.538+0000] {dag.py:4180} INFO - Setting next_dagrun for example_complex to None, run_after=None
[2025-01-18T04:55:48.548+0000] {processor.py:208} INFO - Processing /home/airflow/.local/lib/python3.12/site-packages/airflow/example_dags/example_complex.py took 0.056 seconds
[2025-01-18T04:56:19.359+0000] {processor.py:186} INFO - Started process (PID=621) to work on /home/airflow/.local/lib/python3.12/site-packages/airflow/example_dags/example_complex.py
[2025-01-18T04:56:19.359+0000] {processor.py:914} INFO - Processing file /home/airflow/.local/lib/python3.12/site-packages/airflow/example_dags/example_complex.py for tasks to queue
[2025-01-18T04:56:19.361+0000] {logging_mixin.py:190} INFO - [2025-01-18T04:56:19.361+0000] {dagbag.py:588} INFO - Filling up the DagBag from /home/airflow/.local/lib/python3.12/site-packages/airflow/example_dags/example_complex.py
[2025-01-18T04:56:19.368+0000] {processor.py:925} INFO - DAG(s) 'example_complex' retrieved from /home/airflow/.local/lib/python3.12/site-packages/airflow/example_dags/example_complex.py
[2025-01-18T04:56:19.385+0000] {logging_mixin.py:190} INFO - [2025-01-18T04:56:19.385+0000] {dag.py:3239} INFO - Sync 1 DAGs
[2025-01-18T04:56:19.393+0000] {logging_mixin.py:190} INFO - [2025-01-18T04:56:19.393+0000] {dag.py:4180} INFO - Setting next_dagrun for example_complex to None, run_after=None
[2025-01-18T04:56:19.402+0000] {processor.py:208} INFO - Processing /home/airflow/.local/lib/python3.12/site-packages/airflow/example_dags/example_complex.py took 0.047 seconds
[2025-01-18T04:56:50.178+0000] {processor.py:186} INFO - Started process (PID=684) to work on /home/airflow/.local/lib/python3.12/site-packages/airflow/example_dags/example_complex.py
[2025-01-18T04:56:50.179+0000] {processor.py:914} INFO - Processing file /home/airflow/.local/lib/python3.12/site-packages/airflow/example_dags/example_complex.py for tasks to queue
[2025-01-18T04:56:50.183+0000] {logging_mixin.py:190} INFO - [2025-01-18T04:56:50.181+0000] {dagbag.py:588} INFO - Filling up the DagBag from /home/airflow/.local/lib/python3.12/site-packages/airflow/example_dags/example_complex.py
[2025-01-18T04:56:50.190+0000] {processor.py:925} INFO - DAG(s) 'example_complex' retrieved from /home/airflow/.local/lib/python3.12/site-packages/airflow/example_dags/example_complex.py
[2025-01-18T04:56:50.207+0000] {logging_mixin.py:190} INFO - [2025-01-18T04:56:50.207+0000] {dag.py:3239} INFO - Sync 1 DAGs
[2025-01-18T04:56:50.217+0000] {logging_mixin.py:190} INFO - [2025-01-18T04:56:50.217+0000] {dag.py:4180} INFO - Setting next_dagrun for example_complex to None, run_after=None
[2025-01-18T04:56:50.227+0000] {processor.py:208} INFO - Processing /home/airflow/.local/lib/python3.12/site-packages/airflow/example_dags/example_complex.py took 0.054 seconds
[2025-01-18T04:57:20.961+0000] {processor.py:186} INFO - Started process (PID=754) to work on /home/airflow/.local/lib/python3.12/site-packages/airflow/example_dags/example_complex.py
[2025-01-18T04:57:20.965+0000] {processor.py:914} INFO - Processing file /home/airflow/.local/lib/python3.12/site-packages/airflow/example_dags/example_complex.py for tasks to queue
[2025-01-18T04:57:20.967+0000] {logging_mixin.py:190} INFO - [2025-01-18T04:57:20.967+0000] {dagbag.py:588} INFO - Filling up the DagBag from /home/airflow/.local/lib/python3.12/site-packages/airflow/example_dags/example_complex.py
[2025-01-18T04:57:20.974+0000] {processor.py:925} INFO - DAG(s) 'example_complex' retrieved from /home/airflow/.local/lib/python3.12/site-packages/airflow/example_dags/example_complex.py
[2025-01-18T04:57:20.993+0000] {logging_mixin.py:190} INFO - [2025-01-18T04:57:20.993+0000] {dag.py:3239} INFO - Sync 1 DAGs
[2025-01-18T04:57:21.000+0000] {logging_mixin.py:190} INFO - [2025-01-18T04:57:21.000+0000] {dag.py:4180} INFO - Setting next_dagrun for example_complex to None, run_after=None
[2025-01-18T04:57:21.012+0000] {processor.py:208} INFO - Processing /home/airflow/.local/lib/python3.12/site-packages/airflow/example_dags/example_complex.py took 0.054 seconds
[2025-01-18T04:57:51.749+0000] {processor.py:186} INFO - Started process (PID=817) to work on /home/airflow/.local/lib/python3.12/site-packages/airflow/example_dags/example_complex.py
[2025-01-18T04:57:51.749+0000] {processor.py:914} INFO - Processing file /home/airflow/.local/lib/python3.12/site-packages/airflow/example_dags/example_complex.py for tasks to queue
[2025-01-18T04:57:51.751+0000] {logging_mixin.py:190} INFO - [2025-01-18T04:57:51.751+0000] {dagbag.py:588} INFO - Filling up the DagBag from /home/airflow/.local/lib/python3.12/site-packages/airflow/example_dags/example_complex.py
[2025-01-18T04:57:51.760+0000] {processor.py:925} INFO - DAG(s) 'example_complex' retrieved from /home/airflow/.local/lib/python3.12/site-packages/airflow/example_dags/example_complex.py
[2025-01-18T04:57:51.778+0000] {logging_mixin.py:190} INFO - [2025-01-18T04:57:51.778+0000] {dag.py:3239} INFO - Sync 1 DAGs
[2025-01-18T04:57:51.788+0000] {logging_mixin.py:190} INFO - [2025-01-18T04:57:51.788+0000] {dag.py:4180} INFO - Setting next_dagrun for example_complex to None, run_after=None
[2025-01-18T04:57:51.799+0000] {processor.py:208} INFO - Processing /home/airflow/.local/lib/python3.12/site-packages/airflow/example_dags/example_complex.py took 0.056 seconds
[2025-01-18T04:58:22.581+0000] {processor.py:186} INFO - Started process (PID=880) to work on /home/airflow/.local/lib/python3.12/site-packages/airflow/example_dags/example_complex.py
[2025-01-18T04:58:22.583+0000] {processor.py:914} INFO - Processing file /home/airflow/.local/lib/python3.12/site-packages/airflow/example_dags/example_complex.py for tasks to queue
[2025-01-18T04:58:22.586+0000] {logging_mixin.py:190} INFO - [2025-01-18T04:58:22.585+0000] {dagbag.py:588} INFO - Filling up the DagBag from /home/airflow/.local/lib/python3.12/site-packages/airflow/example_dags/example_complex.py
[2025-01-18T04:58:22.596+0000] {processor.py:925} INFO - DAG(s) 'example_complex' retrieved from /home/airflow/.local/lib/python3.12/site-packages/airflow/example_dags/example_complex.py
[2025-01-18T04:58:22.620+0000] {logging_mixin.py:190} INFO - [2025-01-18T04:58:22.620+0000] {dag.py:3239} INFO - Sync 1 DAGs
[2025-01-18T04:58:22.628+0000] {logging_mixin.py:190} INFO - [2025-01-18T04:58:22.628+0000] {dag.py:4180} INFO - Setting next_dagrun for example_complex to None, run_after=None
[2025-01-18T04:58:22.639+0000] {processor.py:208} INFO - Processing /home/airflow/.local/lib/python3.12/site-packages/airflow/example_dags/example_complex.py took 0.063 seconds
[2025-01-18T04:58:53.574+0000] {processor.py:186} INFO - Started process (PID=943) to work on /home/airflow/.local/lib/python3.12/site-packages/airflow/example_dags/example_complex.py
[2025-01-18T04:58:53.575+0000] {processor.py:914} INFO - Processing file /home/airflow/.local/lib/python3.12/site-packages/airflow/example_dags/example_complex.py for tasks to queue
[2025-01-18T04:58:53.579+0000] {logging_mixin.py:190} INFO - [2025-01-18T04:58:53.579+0000] {dagbag.py:588} INFO - Filling up the DagBag from /home/airflow/.local/lib/python3.12/site-packages/airflow/example_dags/example_complex.py
[2025-01-18T04:58:53.588+0000] {processor.py:925} INFO - DAG(s) 'example_complex' retrieved from /home/airflow/.local/lib/python3.12/site-packages/airflow/example_dags/example_complex.py
[2025-01-18T04:58:53.607+0000] {logging_mixin.py:190} INFO - [2025-01-18T04:58:53.607+0000] {dag.py:3239} INFO - Sync 1 DAGs
[2025-01-18T04:58:53.615+0000] {logging_mixin.py:190} INFO - [2025-01-18T04:58:53.614+0000] {dag.py:4180} INFO - Setting next_dagrun for example_complex to None, run_after=None
[2025-01-18T04:58:53.627+0000] {processor.py:208} INFO - Processing /home/airflow/.local/lib/python3.12/site-packages/airflow/example_dags/example_complex.py took 0.058 seconds
[2025-01-18T04:59:24.434+0000] {processor.py:186} INFO - Started process (PID=1006) to work on /home/airflow/.local/lib/python3.12/site-packages/airflow/example_dags/example_complex.py
[2025-01-18T04:59:24.436+0000] {processor.py:914} INFO - Processing file /home/airflow/.local/lib/python3.12/site-packages/airflow/example_dags/example_complex.py for tasks to queue
[2025-01-18T04:59:24.438+0000] {logging_mixin.py:190} INFO - [2025-01-18T04:59:24.438+0000] {dagbag.py:588} INFO - Filling up the DagBag from /home/airflow/.local/lib/python3.12/site-packages/airflow/example_dags/example_complex.py
[2025-01-18T04:59:24.448+0000] {processor.py:925} INFO - DAG(s) 'example_complex' retrieved from /home/airflow/.local/lib/python3.12/site-packages/airflow/example_dags/example_complex.py
[2025-01-18T04:59:24.466+0000] {logging_mixin.py:190} INFO - [2025-01-18T04:59:24.466+0000] {dag.py:3239} INFO - Sync 1 DAGs
[2025-01-18T04:59:24.474+0000] {logging_mixin.py:190} INFO - [2025-01-18T04:59:24.474+0000] {dag.py:4180} INFO - Setting next_dagrun for example_complex to None, run_after=None
[2025-01-18T04:59:24.484+0000] {processor.py:208} INFO - Processing /home/airflow/.local/lib/python3.12/site-packages/airflow/example_dags/example_complex.py took 0.054 seconds
[2025-01-18T04:59:55.436+0000] {processor.py:186} INFO - Started process (PID=1069) to work on /home/airflow/.local/lib/python3.12/site-packages/airflow/example_dags/example_complex.py
[2025-01-18T04:59:55.439+0000] {processor.py:914} INFO - Processing file /home/airflow/.local/lib/python3.12/site-packages/airflow/example_dags/example_complex.py for tasks to queue
[2025-01-18T04:59:55.441+0000] {logging_mixin.py:190} INFO - [2025-01-18T04:59:55.441+0000] {dagbag.py:588} INFO - Filling up the DagBag from /home/airflow/.local/lib/python3.12/site-packages/airflow/example_dags/example_complex.py
[2025-01-18T04:59:55.451+0000] {processor.py:925} INFO - DAG(s) 'example_complex' retrieved from /home/airflow/.local/lib/python3.12/site-packages/airflow/example_dags/example_complex.py
[2025-01-18T04:59:55.473+0000] {logging_mixin.py:190} INFO - [2025-01-18T04:59:55.473+0000] {dag.py:3239} INFO - Sync 1 DAGs
[2025-01-18T04:59:55.482+0000] {logging_mixin.py:190} INFO - [2025-01-18T04:59:55.482+0000] {dag.py:4180} INFO - Setting next_dagrun for example_complex to None, run_after=None
[2025-01-18T04:59:55.497+0000] {processor.py:208} INFO - Processing /home/airflow/.local/lib/python3.12/site-packages/airflow/example_dags/example_complex.py took 0.065 seconds
