[2025-01-18T04:51:44.119+0000] {processor.py:186} INFO - Started process (PID=61) to work on /home/airflow/.local/lib/python3.12/site-packages/airflow/example_dags/example_short_circuit_operator.py
[2025-01-18T04:51:44.120+0000] {processor.py:914} INFO - Processing file /home/airflow/.local/lib/python3.12/site-packages/airflow/example_dags/example_short_circuit_operator.py for tasks to queue
[2025-01-18T04:51:44.121+0000] {logging_mixin.py:190} INFO - [2025-01-18T04:51:44.121+0000] {dagbag.py:588} INFO - Filling up the DagBag from /home/airflow/.local/lib/python3.12/site-packages/airflow/example_dags/example_short_circuit_operator.py
[2025-01-18T04:51:44.126+0000] {processor.py:925} INFO - DAG(s) 'example_short_circuit_operator' retrieved from /home/airflow/.local/lib/python3.12/site-packages/airflow/example_dags/example_short_circuit_operator.py
[2025-01-18T04:51:44.178+0000] {logging_mixin.py:190} INFO - [2025-01-18T04:51:44.178+0000] {override.py:1911} INFO - Created Permission View: can edit on DAG:example_short_circuit_operator
[2025-01-18T04:51:44.182+0000] {logging_mixin.py:190} INFO - [2025-01-18T04:51:44.182+0000] {override.py:1911} INFO - Created Permission View: can read on DAG:example_short_circuit_operator
[2025-01-18T04:51:44.184+0000] {logging_mixin.py:190} INFO - [2025-01-18T04:51:44.184+0000] {override.py:1911} INFO - Created Permission View: can delete on DAG:example_short_circuit_operator
[2025-01-18T04:51:44.188+0000] {logging_mixin.py:190} INFO - [2025-01-18T04:51:44.188+0000] {override.py:1911} INFO - Created Permission View: can create on DAG Run:example_short_circuit_operator
[2025-01-18T04:51:44.194+0000] {logging_mixin.py:190} INFO - [2025-01-18T04:51:44.194+0000] {override.py:1911} INFO - Created Permission View: can read on DAG Run:example_short_circuit_operator
[2025-01-18T04:51:44.197+0000] {logging_mixin.py:190} INFO - [2025-01-18T04:51:44.197+0000] {override.py:1911} INFO - Created Permission View: can delete on DAG Run:example_short_circuit_operator
[2025-01-18T04:51:44.200+0000] {logging_mixin.py:190} INFO - [2025-01-18T04:51:44.200+0000] {override.py:1911} INFO - Created Permission View: menu access on DAG Run:example_short_circuit_operator
[2025-01-18T04:51:44.200+0000] {logging_mixin.py:190} INFO - [2025-01-18T04:51:44.200+0000] {dag.py:3239} INFO - Sync 1 DAGs
[2025-01-18T04:51:44.206+0000] {logging_mixin.py:190} INFO - [2025-01-18T04:51:44.206+0000] {dag.py:3262} INFO - Creating ORM DAG for example_short_circuit_operator
[2025-01-18T04:51:44.206+0000] {logging_mixin.py:190} INFO - [2025-01-18T04:51:44.206+0000] {dag.py:4180} INFO - Setting next_dagrun for example_short_circuit_operator to None, run_after=None
[2025-01-18T04:51:44.214+0000] {processor.py:208} INFO - Processing /home/airflow/.local/lib/python3.12/site-packages/airflow/example_dags/example_short_circuit_operator.py took 0.098 seconds
[2025-01-18T04:52:15.438+0000] {processor.py:186} INFO - Started process (PID=130) to work on /home/airflow/.local/lib/python3.12/site-packages/airflow/example_dags/example_short_circuit_operator.py
[2025-01-18T04:52:15.439+0000] {processor.py:914} INFO - Processing file /home/airflow/.local/lib/python3.12/site-packages/airflow/example_dags/example_short_circuit_operator.py for tasks to queue
[2025-01-18T04:52:15.441+0000] {logging_mixin.py:190} INFO - [2025-01-18T04:52:15.440+0000] {dagbag.py:588} INFO - Filling up the DagBag from /home/airflow/.local/lib/python3.12/site-packages/airflow/example_dags/example_short_circuit_operator.py
[2025-01-18T04:52:15.445+0000] {processor.py:925} INFO - DAG(s) 'example_short_circuit_operator' retrieved from /home/airflow/.local/lib/python3.12/site-packages/airflow/example_dags/example_short_circuit_operator.py
[2025-01-18T04:52:15.457+0000] {logging_mixin.py:190} INFO - [2025-01-18T04:52:15.457+0000] {dag.py:3239} INFO - Sync 1 DAGs
[2025-01-18T04:52:15.464+0000] {logging_mixin.py:190} INFO - [2025-01-18T04:52:15.464+0000] {dag.py:4180} INFO - Setting next_dagrun for example_short_circuit_operator to None, run_after=None
[2025-01-18T04:52:15.472+0000] {processor.py:208} INFO - Processing /home/airflow/.local/lib/python3.12/site-packages/airflow/example_dags/example_short_circuit_operator.py took 0.038 seconds
[2025-01-18T04:52:46.151+0000] {processor.py:186} INFO - Started process (PID=193) to work on /home/airflow/.local/lib/python3.12/site-packages/airflow/example_dags/example_short_circuit_operator.py
[2025-01-18T04:52:46.152+0000] {processor.py:914} INFO - Processing file /home/airflow/.local/lib/python3.12/site-packages/airflow/example_dags/example_short_circuit_operator.py for tasks to queue
[2025-01-18T04:52:46.157+0000] {logging_mixin.py:190} INFO - [2025-01-18T04:52:46.157+0000] {dagbag.py:588} INFO - Filling up the DagBag from /home/airflow/.local/lib/python3.12/site-packages/airflow/example_dags/example_short_circuit_operator.py
[2025-01-18T04:52:46.162+0000] {processor.py:925} INFO - DAG(s) 'example_short_circuit_operator' retrieved from /home/airflow/.local/lib/python3.12/site-packages/airflow/example_dags/example_short_circuit_operator.py
[2025-01-18T04:52:46.175+0000] {logging_mixin.py:190} INFO - [2025-01-18T04:52:46.175+0000] {dag.py:3239} INFO - Sync 1 DAGs
[2025-01-18T04:52:46.183+0000] {logging_mixin.py:190} INFO - [2025-01-18T04:52:46.182+0000] {dag.py:4180} INFO - Setting next_dagrun for example_short_circuit_operator to None, run_after=None
[2025-01-18T04:52:46.192+0000] {processor.py:208} INFO - Processing /home/airflow/.local/lib/python3.12/site-packages/airflow/example_dags/example_short_circuit_operator.py took 0.044 seconds
[2025-01-18T04:53:17.028+0000] {processor.py:186} INFO - Started process (PID=256) to work on /home/airflow/.local/lib/python3.12/site-packages/airflow/example_dags/example_short_circuit_operator.py
[2025-01-18T04:53:17.028+0000] {processor.py:914} INFO - Processing file /home/airflow/.local/lib/python3.12/site-packages/airflow/example_dags/example_short_circuit_operator.py for tasks to queue
[2025-01-18T04:53:17.030+0000] {logging_mixin.py:190} INFO - [2025-01-18T04:53:17.029+0000] {dagbag.py:588} INFO - Filling up the DagBag from /home/airflow/.local/lib/python3.12/site-packages/airflow/example_dags/example_short_circuit_operator.py
[2025-01-18T04:53:17.037+0000] {processor.py:925} INFO - DAG(s) 'example_short_circuit_operator' retrieved from /home/airflow/.local/lib/python3.12/site-packages/airflow/example_dags/example_short_circuit_operator.py
[2025-01-18T04:53:17.051+0000] {logging_mixin.py:190} INFO - [2025-01-18T04:53:17.051+0000] {dag.py:3239} INFO - Sync 1 DAGs
[2025-01-18T04:53:17.058+0000] {logging_mixin.py:190} INFO - [2025-01-18T04:53:17.058+0000] {dag.py:4180} INFO - Setting next_dagrun for example_short_circuit_operator to None, run_after=None
[2025-01-18T04:53:17.068+0000] {processor.py:208} INFO - Processing /home/airflow/.local/lib/python3.12/site-packages/airflow/example_dags/example_short_circuit_operator.py took 0.044 seconds
[2025-01-18T04:53:47.742+0000] {processor.py:186} INFO - Started process (PID=319) to work on /home/airflow/.local/lib/python3.12/site-packages/airflow/example_dags/example_short_circuit_operator.py
[2025-01-18T04:53:47.743+0000] {processor.py:914} INFO - Processing file /home/airflow/.local/lib/python3.12/site-packages/airflow/example_dags/example_short_circuit_operator.py for tasks to queue
[2025-01-18T04:53:47.745+0000] {logging_mixin.py:190} INFO - [2025-01-18T04:53:47.745+0000] {dagbag.py:588} INFO - Filling up the DagBag from /home/airflow/.local/lib/python3.12/site-packages/airflow/example_dags/example_short_circuit_operator.py
[2025-01-18T04:53:47.750+0000] {processor.py:925} INFO - DAG(s) 'example_short_circuit_operator' retrieved from /home/airflow/.local/lib/python3.12/site-packages/airflow/example_dags/example_short_circuit_operator.py
[2025-01-18T04:53:47.766+0000] {logging_mixin.py:190} INFO - [2025-01-18T04:53:47.766+0000] {dag.py:3239} INFO - Sync 1 DAGs
[2025-01-18T04:53:47.773+0000] {logging_mixin.py:190} INFO - [2025-01-18T04:53:47.773+0000] {dag.py:4180} INFO - Setting next_dagrun for example_short_circuit_operator to None, run_after=None
[2025-01-18T04:53:47.782+0000] {processor.py:208} INFO - Processing /home/airflow/.local/lib/python3.12/site-packages/airflow/example_dags/example_short_circuit_operator.py took 0.043 seconds
[2025-01-18T04:54:18.540+0000] {processor.py:186} INFO - Started process (PID=382) to work on /home/airflow/.local/lib/python3.12/site-packages/airflow/example_dags/example_short_circuit_operator.py
[2025-01-18T04:54:18.540+0000] {processor.py:914} INFO - Processing file /home/airflow/.local/lib/python3.12/site-packages/airflow/example_dags/example_short_circuit_operator.py for tasks to queue
[2025-01-18T04:54:18.542+0000] {logging_mixin.py:190} INFO - [2025-01-18T04:54:18.542+0000] {dagbag.py:588} INFO - Filling up the DagBag from /home/airflow/.local/lib/python3.12/site-packages/airflow/example_dags/example_short_circuit_operator.py
[2025-01-18T04:54:18.547+0000] {processor.py:925} INFO - DAG(s) 'example_short_circuit_operator' retrieved from /home/airflow/.local/lib/python3.12/site-packages/airflow/example_dags/example_short_circuit_operator.py
[2025-01-18T04:54:18.561+0000] {logging_mixin.py:190} INFO - [2025-01-18T04:54:18.561+0000] {dag.py:3239} INFO - Sync 1 DAGs
[2025-01-18T04:54:18.568+0000] {logging_mixin.py:190} INFO - [2025-01-18T04:54:18.568+0000] {dag.py:4180} INFO - Setting next_dagrun for example_short_circuit_operator to None, run_after=None
[2025-01-18T04:54:18.577+0000] {processor.py:208} INFO - Processing /home/airflow/.local/lib/python3.12/site-packages/airflow/example_dags/example_short_circuit_operator.py took 0.041 seconds
[2025-01-18T04:54:49.349+0000] {processor.py:186} INFO - Started process (PID=445) to work on /home/airflow/.local/lib/python3.12/site-packages/airflow/example_dags/example_short_circuit_operator.py
[2025-01-18T04:54:49.352+0000] {processor.py:914} INFO - Processing file /home/airflow/.local/lib/python3.12/site-packages/airflow/example_dags/example_short_circuit_operator.py for tasks to queue
[2025-01-18T04:54:49.353+0000] {logging_mixin.py:190} INFO - [2025-01-18T04:54:49.353+0000] {dagbag.py:588} INFO - Filling up the DagBag from /home/airflow/.local/lib/python3.12/site-packages/airflow/example_dags/example_short_circuit_operator.py
[2025-01-18T04:54:49.358+0000] {processor.py:925} INFO - DAG(s) 'example_short_circuit_operator' retrieved from /home/airflow/.local/lib/python3.12/site-packages/airflow/example_dags/example_short_circuit_operator.py
[2025-01-18T04:54:49.372+0000] {logging_mixin.py:190} INFO - [2025-01-18T04:54:49.372+0000] {dag.py:3239} INFO - Sync 1 DAGs
[2025-01-18T04:54:49.380+0000] {logging_mixin.py:190} INFO - [2025-01-18T04:54:49.380+0000] {dag.py:4180} INFO - Setting next_dagrun for example_short_circuit_operator to None, run_after=None
[2025-01-18T04:54:49.390+0000] {processor.py:208} INFO - Processing /home/airflow/.local/lib/python3.12/site-packages/airflow/example_dags/example_short_circuit_operator.py took 0.045 seconds
[2025-01-18T04:55:20.331+0000] {processor.py:186} INFO - Started process (PID=508) to work on /home/airflow/.local/lib/python3.12/site-packages/airflow/example_dags/example_short_circuit_operator.py
[2025-01-18T04:55:20.334+0000] {processor.py:914} INFO - Processing file /home/airflow/.local/lib/python3.12/site-packages/airflow/example_dags/example_short_circuit_operator.py for tasks to queue
[2025-01-18T04:55:20.335+0000] {logging_mixin.py:190} INFO - [2025-01-18T04:55:20.335+0000] {dagbag.py:588} INFO - Filling up the DagBag from /home/airflow/.local/lib/python3.12/site-packages/airflow/example_dags/example_short_circuit_operator.py
[2025-01-18T04:55:20.340+0000] {processor.py:925} INFO - DAG(s) 'example_short_circuit_operator' retrieved from /home/airflow/.local/lib/python3.12/site-packages/airflow/example_dags/example_short_circuit_operator.py
[2025-01-18T04:55:20.351+0000] {logging_mixin.py:190} INFO - [2025-01-18T04:55:20.351+0000] {dag.py:3239} INFO - Sync 1 DAGs
[2025-01-18T04:55:20.359+0000] {logging_mixin.py:190} INFO - [2025-01-18T04:55:20.359+0000] {dag.py:4180} INFO - Setting next_dagrun for example_short_circuit_operator to None, run_after=None
[2025-01-18T04:55:20.369+0000] {processor.py:208} INFO - Processing /home/airflow/.local/lib/python3.12/site-packages/airflow/example_dags/example_short_circuit_operator.py took 0.042 seconds
[2025-01-18T04:55:51.342+0000] {processor.py:186} INFO - Started process (PID=571) to work on /home/airflow/.local/lib/python3.12/site-packages/airflow/example_dags/example_short_circuit_operator.py
[2025-01-18T04:55:51.343+0000] {processor.py:914} INFO - Processing file /home/airflow/.local/lib/python3.12/site-packages/airflow/example_dags/example_short_circuit_operator.py for tasks to queue
[2025-01-18T04:55:51.345+0000] {logging_mixin.py:190} INFO - [2025-01-18T04:55:51.344+0000] {dagbag.py:588} INFO - Filling up the DagBag from /home/airflow/.local/lib/python3.12/site-packages/airflow/example_dags/example_short_circuit_operator.py
[2025-01-18T04:55:51.350+0000] {processor.py:925} INFO - DAG(s) 'example_short_circuit_operator' retrieved from /home/airflow/.local/lib/python3.12/site-packages/airflow/example_dags/example_short_circuit_operator.py
[2025-01-18T04:55:51.363+0000] {logging_mixin.py:190} INFO - [2025-01-18T04:55:51.363+0000] {dag.py:3239} INFO - Sync 1 DAGs
[2025-01-18T04:55:51.370+0000] {logging_mixin.py:190} INFO - [2025-01-18T04:55:51.369+0000] {dag.py:4180} INFO - Setting next_dagrun for example_short_circuit_operator to None, run_after=None
[2025-01-18T04:55:51.378+0000] {processor.py:208} INFO - Processing /home/airflow/.local/lib/python3.12/site-packages/airflow/example_dags/example_short_circuit_operator.py took 0.040 seconds
[2025-01-18T04:56:22.137+0000] {processor.py:186} INFO - Started process (PID=634) to work on /home/airflow/.local/lib/python3.12/site-packages/airflow/example_dags/example_short_circuit_operator.py
[2025-01-18T04:56:22.138+0000] {processor.py:914} INFO - Processing file /home/airflow/.local/lib/python3.12/site-packages/airflow/example_dags/example_short_circuit_operator.py for tasks to queue
[2025-01-18T04:56:22.140+0000] {logging_mixin.py:190} INFO - [2025-01-18T04:56:22.139+0000] {dagbag.py:588} INFO - Filling up the DagBag from /home/airflow/.local/lib/python3.12/site-packages/airflow/example_dags/example_short_circuit_operator.py
[2025-01-18T04:56:22.145+0000] {processor.py:925} INFO - DAG(s) 'example_short_circuit_operator' retrieved from /home/airflow/.local/lib/python3.12/site-packages/airflow/example_dags/example_short_circuit_operator.py
[2025-01-18T04:56:22.157+0000] {logging_mixin.py:190} INFO - [2025-01-18T04:56:22.157+0000] {dag.py:3239} INFO - Sync 1 DAGs
[2025-01-18T04:56:22.168+0000] {logging_mixin.py:190} INFO - [2025-01-18T04:56:22.168+0000] {dag.py:4180} INFO - Setting next_dagrun for example_short_circuit_operator to None, run_after=None
[2025-01-18T04:56:22.178+0000] {processor.py:208} INFO - Processing /home/airflow/.local/lib/python3.12/site-packages/airflow/example_dags/example_short_circuit_operator.py took 0.043 seconds
[2025-01-18T04:56:52.997+0000] {processor.py:186} INFO - Started process (PID=697) to work on /home/airflow/.local/lib/python3.12/site-packages/airflow/example_dags/example_short_circuit_operator.py
[2025-01-18T04:56:52.998+0000] {processor.py:914} INFO - Processing file /home/airflow/.local/lib/python3.12/site-packages/airflow/example_dags/example_short_circuit_operator.py for tasks to queue
[2025-01-18T04:56:53.000+0000] {logging_mixin.py:190} INFO - [2025-01-18T04:56:52.999+0000] {dagbag.py:588} INFO - Filling up the DagBag from /home/airflow/.local/lib/python3.12/site-packages/airflow/example_dags/example_short_circuit_operator.py
[2025-01-18T04:56:53.004+0000] {processor.py:925} INFO - DAG(s) 'example_short_circuit_operator' retrieved from /home/airflow/.local/lib/python3.12/site-packages/airflow/example_dags/example_short_circuit_operator.py
[2025-01-18T04:56:53.017+0000] {logging_mixin.py:190} INFO - [2025-01-18T04:56:53.017+0000] {dag.py:3239} INFO - Sync 1 DAGs
[2025-01-18T04:56:53.028+0000] {logging_mixin.py:190} INFO - [2025-01-18T04:56:53.028+0000] {dag.py:4180} INFO - Setting next_dagrun for example_short_circuit_operator to None, run_after=None
[2025-01-18T04:56:53.037+0000] {processor.py:208} INFO - Processing /home/airflow/.local/lib/python3.12/site-packages/airflow/example_dags/example_short_circuit_operator.py took 0.043 seconds
[2025-01-18T04:57:23.739+0000] {processor.py:186} INFO - Started process (PID=767) to work on /home/airflow/.local/lib/python3.12/site-packages/airflow/example_dags/example_short_circuit_operator.py
[2025-01-18T04:57:23.740+0000] {processor.py:914} INFO - Processing file /home/airflow/.local/lib/python3.12/site-packages/airflow/example_dags/example_short_circuit_operator.py for tasks to queue
[2025-01-18T04:57:23.741+0000] {logging_mixin.py:190} INFO - [2025-01-18T04:57:23.741+0000] {dagbag.py:588} INFO - Filling up the DagBag from /home/airflow/.local/lib/python3.12/site-packages/airflow/example_dags/example_short_circuit_operator.py
[2025-01-18T04:57:23.746+0000] {processor.py:925} INFO - DAG(s) 'example_short_circuit_operator' retrieved from /home/airflow/.local/lib/python3.12/site-packages/airflow/example_dags/example_short_circuit_operator.py
[2025-01-18T04:57:23.759+0000] {logging_mixin.py:190} INFO - [2025-01-18T04:57:23.759+0000] {dag.py:3239} INFO - Sync 1 DAGs
[2025-01-18T04:57:23.766+0000] {logging_mixin.py:190} INFO - [2025-01-18T04:57:23.766+0000] {dag.py:4180} INFO - Setting next_dagrun for example_short_circuit_operator to None, run_after=None
[2025-01-18T04:57:23.783+0000] {processor.py:208} INFO - Processing /home/airflow/.local/lib/python3.12/site-packages/airflow/example_dags/example_short_circuit_operator.py took 0.048 seconds
[2025-01-18T04:57:54.552+0000] {processor.py:186} INFO - Started process (PID=830) to work on /home/airflow/.local/lib/python3.12/site-packages/airflow/example_dags/example_short_circuit_operator.py
[2025-01-18T04:57:54.553+0000] {processor.py:914} INFO - Processing file /home/airflow/.local/lib/python3.12/site-packages/airflow/example_dags/example_short_circuit_operator.py for tasks to queue
[2025-01-18T04:57:54.555+0000] {logging_mixin.py:190} INFO - [2025-01-18T04:57:54.555+0000] {dagbag.py:588} INFO - Filling up the DagBag from /home/airflow/.local/lib/python3.12/site-packages/airflow/example_dags/example_short_circuit_operator.py
[2025-01-18T04:57:54.560+0000] {processor.py:925} INFO - DAG(s) 'example_short_circuit_operator' retrieved from /home/airflow/.local/lib/python3.12/site-packages/airflow/example_dags/example_short_circuit_operator.py
[2025-01-18T04:57:54.575+0000] {logging_mixin.py:190} INFO - [2025-01-18T04:57:54.575+0000] {dag.py:3239} INFO - Sync 1 DAGs
[2025-01-18T04:57:54.582+0000] {logging_mixin.py:190} INFO - [2025-01-18T04:57:54.582+0000] {dag.py:4180} INFO - Setting next_dagrun for example_short_circuit_operator to None, run_after=None
[2025-01-18T04:57:54.599+0000] {processor.py:208} INFO - Processing /home/airflow/.local/lib/python3.12/site-packages/airflow/example_dags/example_short_circuit_operator.py took 0.050 seconds
[2025-01-18T04:58:25.431+0000] {processor.py:186} INFO - Started process (PID=893) to work on /home/airflow/.local/lib/python3.12/site-packages/airflow/example_dags/example_short_circuit_operator.py
[2025-01-18T04:58:25.432+0000] {processor.py:914} INFO - Processing file /home/airflow/.local/lib/python3.12/site-packages/airflow/example_dags/example_short_circuit_operator.py for tasks to queue
[2025-01-18T04:58:25.433+0000] {logging_mixin.py:190} INFO - [2025-01-18T04:58:25.433+0000] {dagbag.py:588} INFO - Filling up the DagBag from /home/airflow/.local/lib/python3.12/site-packages/airflow/example_dags/example_short_circuit_operator.py
[2025-01-18T04:58:25.438+0000] {processor.py:925} INFO - DAG(s) 'example_short_circuit_operator' retrieved from /home/airflow/.local/lib/python3.12/site-packages/airflow/example_dags/example_short_circuit_operator.py
[2025-01-18T04:58:25.453+0000] {logging_mixin.py:190} INFO - [2025-01-18T04:58:25.453+0000] {dag.py:3239} INFO - Sync 1 DAGs
[2025-01-18T04:58:25.459+0000] {logging_mixin.py:190} INFO - [2025-01-18T04:58:25.459+0000] {dag.py:4180} INFO - Setting next_dagrun for example_short_circuit_operator to None, run_after=None
[2025-01-18T04:58:25.470+0000] {processor.py:208} INFO - Processing /home/airflow/.local/lib/python3.12/site-packages/airflow/example_dags/example_short_circuit_operator.py took 0.042 seconds
[2025-01-18T04:58:56.388+0000] {processor.py:186} INFO - Started process (PID=956) to work on /home/airflow/.local/lib/python3.12/site-packages/airflow/example_dags/example_short_circuit_operator.py
[2025-01-18T04:58:56.390+0000] {processor.py:914} INFO - Processing file /home/airflow/.local/lib/python3.12/site-packages/airflow/example_dags/example_short_circuit_operator.py for tasks to queue
[2025-01-18T04:58:56.392+0000] {logging_mixin.py:190} INFO - [2025-01-18T04:58:56.392+0000] {dagbag.py:588} INFO - Filling up the DagBag from /home/airflow/.local/lib/python3.12/site-packages/airflow/example_dags/example_short_circuit_operator.py
[2025-01-18T04:58:56.397+0000] {processor.py:925} INFO - DAG(s) 'example_short_circuit_operator' retrieved from /home/airflow/.local/lib/python3.12/site-packages/airflow/example_dags/example_short_circuit_operator.py
[2025-01-18T04:58:56.409+0000] {logging_mixin.py:190} INFO - [2025-01-18T04:58:56.408+0000] {dag.py:3239} INFO - Sync 1 DAGs
[2025-01-18T04:58:56.419+0000] {logging_mixin.py:190} INFO - [2025-01-18T04:58:56.419+0000] {dag.py:4180} INFO - Setting next_dagrun for example_short_circuit_operator to None, run_after=None
[2025-01-18T04:58:56.432+0000] {processor.py:208} INFO - Processing /home/airflow/.local/lib/python3.12/site-packages/airflow/example_dags/example_short_circuit_operator.py took 0.047 seconds
[2025-01-18T04:59:27.211+0000] {processor.py:186} INFO - Started process (PID=1019) to work on /home/airflow/.local/lib/python3.12/site-packages/airflow/example_dags/example_short_circuit_operator.py
[2025-01-18T04:59:27.212+0000] {processor.py:914} INFO - Processing file /home/airflow/.local/lib/python3.12/site-packages/airflow/example_dags/example_short_circuit_operator.py for tasks to queue
[2025-01-18T04:59:27.213+0000] {logging_mixin.py:190} INFO - [2025-01-18T04:59:27.213+0000] {dagbag.py:588} INFO - Filling up the DagBag from /home/airflow/.local/lib/python3.12/site-packages/airflow/example_dags/example_short_circuit_operator.py
[2025-01-18T04:59:27.219+0000] {processor.py:925} INFO - DAG(s) 'example_short_circuit_operator' retrieved from /home/airflow/.local/lib/python3.12/site-packages/airflow/example_dags/example_short_circuit_operator.py
[2025-01-18T04:59:27.231+0000] {logging_mixin.py:190} INFO - [2025-01-18T04:59:27.231+0000] {dag.py:3239} INFO - Sync 1 DAGs
[2025-01-18T04:59:27.238+0000] {logging_mixin.py:190} INFO - [2025-01-18T04:59:27.238+0000] {dag.py:4180} INFO - Setting next_dagrun for example_short_circuit_operator to None, run_after=None
[2025-01-18T04:59:27.252+0000] {processor.py:208} INFO - Processing /home/airflow/.local/lib/python3.12/site-packages/airflow/example_dags/example_short_circuit_operator.py took 0.045 seconds
[2025-01-18T04:59:58.301+0000] {processor.py:186} INFO - Started process (PID=1082) to work on /home/airflow/.local/lib/python3.12/site-packages/airflow/example_dags/example_short_circuit_operator.py
[2025-01-18T04:59:58.301+0000] {processor.py:914} INFO - Processing file /home/airflow/.local/lib/python3.12/site-packages/airflow/example_dags/example_short_circuit_operator.py for tasks to queue
[2025-01-18T04:59:58.303+0000] {logging_mixin.py:190} INFO - [2025-01-18T04:59:58.302+0000] {dagbag.py:588} INFO - Filling up the DagBag from /home/airflow/.local/lib/python3.12/site-packages/airflow/example_dags/example_short_circuit_operator.py
[2025-01-18T04:59:58.307+0000] {processor.py:925} INFO - DAG(s) 'example_short_circuit_operator' retrieved from /home/airflow/.local/lib/python3.12/site-packages/airflow/example_dags/example_short_circuit_operator.py
[2025-01-18T04:59:58.319+0000] {logging_mixin.py:190} INFO - [2025-01-18T04:59:58.319+0000] {dag.py:3239} INFO - Sync 1 DAGs
[2025-01-18T04:59:58.327+0000] {logging_mixin.py:190} INFO - [2025-01-18T04:59:58.326+0000] {dag.py:4180} INFO - Setting next_dagrun for example_short_circuit_operator to None, run_after=None
[2025-01-18T04:59:58.335+0000] {processor.py:208} INFO - Processing /home/airflow/.local/lib/python3.12/site-packages/airflow/example_dags/example_short_circuit_operator.py took 0.038 seconds
