[2025-01-18T04:51:42.579+0000] {processor.py:186} INFO - Started process (PID=52) to work on /home/airflow/.local/lib/python3.12/site-packages/airflow/example_dags/example_latest_only.py
[2025-01-18T04:51:42.582+0000] {processor.py:914} INFO - Processing file /home/airflow/.local/lib/python3.12/site-packages/airflow/example_dags/example_latest_only.py for tasks to queue
[2025-01-18T04:51:42.584+0000] {logging_mixin.py:190} INFO - [2025-01-18T04:51:42.584+0000] {dagbag.py:588} INFO - Filling up the DagBag from /home/airflow/.local/lib/python3.12/site-packages/airflow/example_dags/example_latest_only.py
[2025-01-18T04:51:42.595+0000] {processor.py:925} INFO - DAG(s) 'latest_only' retrieved from /home/airflow/.local/lib/python3.12/site-packages/airflow/example_dags/example_latest_only.py
[2025-01-18T04:51:42.654+0000] {logging_mixin.py:190} INFO - [2025-01-18T04:51:42.653+0000] {override.py:1911} INFO - Created Permission View: can edit on DAG:latest_only
[2025-01-18T04:51:42.659+0000] {logging_mixin.py:190} INFO - [2025-01-18T04:51:42.658+0000] {override.py:1911} INFO - Created Permission View: can read on DAG:latest_only
[2025-01-18T04:51:42.661+0000] {logging_mixin.py:190} INFO - [2025-01-18T04:51:42.661+0000] {override.py:1911} INFO - Created Permission View: can delete on DAG:latest_only
[2025-01-18T04:51:42.664+0000] {logging_mixin.py:190} INFO - [2025-01-18T04:51:42.664+0000] {override.py:1911} INFO - Created Permission View: can create on DAG Run:latest_only
[2025-01-18T04:51:42.666+0000] {logging_mixin.py:190} INFO - [2025-01-18T04:51:42.666+0000] {override.py:1911} INFO - Created Permission View: can read on DAG Run:latest_only
[2025-01-18T04:51:42.668+0000] {logging_mixin.py:190} INFO - [2025-01-18T04:51:42.668+0000] {override.py:1911} INFO - Created Permission View: can delete on DAG Run:latest_only
[2025-01-18T04:51:42.670+0000] {logging_mixin.py:190} INFO - [2025-01-18T04:51:42.670+0000] {override.py:1911} INFO - Created Permission View: menu access on DAG Run:latest_only
[2025-01-18T04:51:42.670+0000] {logging_mixin.py:190} INFO - [2025-01-18T04:51:42.670+0000] {dag.py:3239} INFO - Sync 1 DAGs
[2025-01-18T04:51:42.677+0000] {logging_mixin.py:190} INFO - [2025-01-18T04:51:42.676+0000] {dag.py:3262} INFO - Creating ORM DAG for latest_only
[2025-01-18T04:51:42.682+0000] {logging_mixin.py:190} INFO - [2025-01-18T04:51:42.681+0000] {dag.py:4180} INFO - Setting next_dagrun for latest_only to 2025-01-18 00:00:00+00:00, run_after=2025-01-18 04:00:00+00:00
[2025-01-18T04:51:42.690+0000] {processor.py:208} INFO - Processing /home/airflow/.local/lib/python3.12/site-packages/airflow/example_dags/example_latest_only.py took 0.114 seconds
[2025-01-18T04:52:12.782+0000] {processor.py:186} INFO - Started process (PID=115) to work on /home/airflow/.local/lib/python3.12/site-packages/airflow/example_dags/example_latest_only.py
[2025-01-18T04:52:12.783+0000] {processor.py:914} INFO - Processing file /home/airflow/.local/lib/python3.12/site-packages/airflow/example_dags/example_latest_only.py for tasks to queue
[2025-01-18T04:52:12.785+0000] {logging_mixin.py:190} INFO - [2025-01-18T04:52:12.785+0000] {dagbag.py:588} INFO - Filling up the DagBag from /home/airflow/.local/lib/python3.12/site-packages/airflow/example_dags/example_latest_only.py
[2025-01-18T04:52:12.790+0000] {processor.py:925} INFO - DAG(s) 'latest_only' retrieved from /home/airflow/.local/lib/python3.12/site-packages/airflow/example_dags/example_latest_only.py
[2025-01-18T04:52:12.810+0000] {logging_mixin.py:190} INFO - [2025-01-18T04:52:12.810+0000] {dag.py:3239} INFO - Sync 1 DAGs
[2025-01-18T04:52:12.827+0000] {logging_mixin.py:190} INFO - [2025-01-18T04:52:12.827+0000] {dag.py:4180} INFO - Setting next_dagrun for latest_only to 2025-01-18 00:00:00+00:00, run_after=2025-01-18 04:00:00+00:00
[2025-01-18T04:52:12.838+0000] {processor.py:208} INFO - Processing /home/airflow/.local/lib/python3.12/site-packages/airflow/example_dags/example_latest_only.py took 0.060 seconds
[2025-01-18T04:52:43.567+0000] {processor.py:186} INFO - Started process (PID=178) to work on /home/airflow/.local/lib/python3.12/site-packages/airflow/example_dags/example_latest_only.py
[2025-01-18T04:52:43.567+0000] {processor.py:914} INFO - Processing file /home/airflow/.local/lib/python3.12/site-packages/airflow/example_dags/example_latest_only.py for tasks to queue
[2025-01-18T04:52:43.572+0000] {logging_mixin.py:190} INFO - [2025-01-18T04:52:43.571+0000] {dagbag.py:588} INFO - Filling up the DagBag from /home/airflow/.local/lib/python3.12/site-packages/airflow/example_dags/example_latest_only.py
[2025-01-18T04:52:43.577+0000] {processor.py:925} INFO - DAG(s) 'latest_only' retrieved from /home/airflow/.local/lib/python3.12/site-packages/airflow/example_dags/example_latest_only.py
[2025-01-18T04:52:43.587+0000] {logging_mixin.py:190} INFO - [2025-01-18T04:52:43.587+0000] {dag.py:3239} INFO - Sync 1 DAGs
[2025-01-18T04:52:43.599+0000] {logging_mixin.py:190} INFO - [2025-01-18T04:52:43.599+0000] {dag.py:4180} INFO - Setting next_dagrun for latest_only to 2025-01-18 00:00:00+00:00, run_after=2025-01-18 04:00:00+00:00
[2025-01-18T04:52:43.609+0000] {processor.py:208} INFO - Processing /home/airflow/.local/lib/python3.12/site-packages/airflow/example_dags/example_latest_only.py took 0.046 seconds
[2025-01-18T04:53:14.385+0000] {processor.py:186} INFO - Started process (PID=241) to work on /home/airflow/.local/lib/python3.12/site-packages/airflow/example_dags/example_latest_only.py
[2025-01-18T04:53:14.385+0000] {processor.py:914} INFO - Processing file /home/airflow/.local/lib/python3.12/site-packages/airflow/example_dags/example_latest_only.py for tasks to queue
[2025-01-18T04:53:14.387+0000] {logging_mixin.py:190} INFO - [2025-01-18T04:53:14.387+0000] {dagbag.py:588} INFO - Filling up the DagBag from /home/airflow/.local/lib/python3.12/site-packages/airflow/example_dags/example_latest_only.py
[2025-01-18T04:53:14.391+0000] {processor.py:925} INFO - DAG(s) 'latest_only' retrieved from /home/airflow/.local/lib/python3.12/site-packages/airflow/example_dags/example_latest_only.py
[2025-01-18T04:53:14.401+0000] {logging_mixin.py:190} INFO - [2025-01-18T04:53:14.401+0000] {dag.py:3239} INFO - Sync 1 DAGs
[2025-01-18T04:53:14.412+0000] {logging_mixin.py:190} INFO - [2025-01-18T04:53:14.411+0000] {dag.py:4180} INFO - Setting next_dagrun for latest_only to 2025-01-18 00:00:00+00:00, run_after=2025-01-18 04:00:00+00:00
[2025-01-18T04:53:14.420+0000] {processor.py:208} INFO - Processing /home/airflow/.local/lib/python3.12/site-packages/airflow/example_dags/example_latest_only.py took 0.038 seconds
[2025-01-18T04:53:45.180+0000] {processor.py:186} INFO - Started process (PID=310) to work on /home/airflow/.local/lib/python3.12/site-packages/airflow/example_dags/example_latest_only.py
[2025-01-18T04:53:45.181+0000] {processor.py:914} INFO - Processing file /home/airflow/.local/lib/python3.12/site-packages/airflow/example_dags/example_latest_only.py for tasks to queue
[2025-01-18T04:53:45.182+0000] {logging_mixin.py:190} INFO - [2025-01-18T04:53:45.182+0000] {dagbag.py:588} INFO - Filling up the DagBag from /home/airflow/.local/lib/python3.12/site-packages/airflow/example_dags/example_latest_only.py
[2025-01-18T04:53:45.186+0000] {processor.py:925} INFO - DAG(s) 'latest_only' retrieved from /home/airflow/.local/lib/python3.12/site-packages/airflow/example_dags/example_latest_only.py
[2025-01-18T04:53:45.197+0000] {logging_mixin.py:190} INFO - [2025-01-18T04:53:45.197+0000] {dag.py:3239} INFO - Sync 1 DAGs
[2025-01-18T04:53:45.209+0000] {logging_mixin.py:190} INFO - [2025-01-18T04:53:45.209+0000] {dag.py:4180} INFO - Setting next_dagrun for latest_only to 2025-01-18 00:00:00+00:00, run_after=2025-01-18 04:00:00+00:00
[2025-01-18T04:53:45.218+0000] {processor.py:208} INFO - Processing /home/airflow/.local/lib/python3.12/site-packages/airflow/example_dags/example_latest_only.py took 0.041 seconds
[2025-01-18T04:54:15.905+0000] {processor.py:186} INFO - Started process (PID=373) to work on /home/airflow/.local/lib/python3.12/site-packages/airflow/example_dags/example_latest_only.py
[2025-01-18T04:54:15.908+0000] {processor.py:914} INFO - Processing file /home/airflow/.local/lib/python3.12/site-packages/airflow/example_dags/example_latest_only.py for tasks to queue
[2025-01-18T04:54:15.913+0000] {logging_mixin.py:190} INFO - [2025-01-18T04:54:15.913+0000] {dagbag.py:588} INFO - Filling up the DagBag from /home/airflow/.local/lib/python3.12/site-packages/airflow/example_dags/example_latest_only.py
[2025-01-18T04:54:15.917+0000] {processor.py:925} INFO - DAG(s) 'latest_only' retrieved from /home/airflow/.local/lib/python3.12/site-packages/airflow/example_dags/example_latest_only.py
[2025-01-18T04:54:15.927+0000] {logging_mixin.py:190} INFO - [2025-01-18T04:54:15.927+0000] {dag.py:3239} INFO - Sync 1 DAGs
[2025-01-18T04:54:15.939+0000] {logging_mixin.py:190} INFO - [2025-01-18T04:54:15.939+0000] {dag.py:4180} INFO - Setting next_dagrun for latest_only to 2025-01-18 00:00:00+00:00, run_after=2025-01-18 04:00:00+00:00
[2025-01-18T04:54:15.950+0000] {processor.py:208} INFO - Processing /home/airflow/.local/lib/python3.12/site-packages/airflow/example_dags/example_latest_only.py took 0.048 seconds
[2025-01-18T04:54:46.756+0000] {processor.py:186} INFO - Started process (PID=436) to work on /home/airflow/.local/lib/python3.12/site-packages/airflow/example_dags/example_latest_only.py
[2025-01-18T04:54:46.756+0000] {processor.py:914} INFO - Processing file /home/airflow/.local/lib/python3.12/site-packages/airflow/example_dags/example_latest_only.py for tasks to queue
[2025-01-18T04:54:46.758+0000] {logging_mixin.py:190} INFO - [2025-01-18T04:54:46.758+0000] {dagbag.py:588} INFO - Filling up the DagBag from /home/airflow/.local/lib/python3.12/site-packages/airflow/example_dags/example_latest_only.py
[2025-01-18T04:54:46.762+0000] {processor.py:925} INFO - DAG(s) 'latest_only' retrieved from /home/airflow/.local/lib/python3.12/site-packages/airflow/example_dags/example_latest_only.py
[2025-01-18T04:54:46.773+0000] {logging_mixin.py:190} INFO - [2025-01-18T04:54:46.773+0000] {dag.py:3239} INFO - Sync 1 DAGs
[2025-01-18T04:54:46.784+0000] {logging_mixin.py:190} INFO - [2025-01-18T04:54:46.784+0000] {dag.py:4180} INFO - Setting next_dagrun for latest_only to 2025-01-18 00:00:00+00:00, run_after=2025-01-18 04:00:00+00:00
[2025-01-18T04:54:46.793+0000] {processor.py:208} INFO - Processing /home/airflow/.local/lib/python3.12/site-packages/airflow/example_dags/example_latest_only.py took 0.040 seconds
[2025-01-18T04:55:17.708+0000] {processor.py:186} INFO - Started process (PID=499) to work on /home/airflow/.local/lib/python3.12/site-packages/airflow/example_dags/example_latest_only.py
[2025-01-18T04:55:17.708+0000] {processor.py:914} INFO - Processing file /home/airflow/.local/lib/python3.12/site-packages/airflow/example_dags/example_latest_only.py for tasks to queue
[2025-01-18T04:55:17.710+0000] {logging_mixin.py:190} INFO - [2025-01-18T04:55:17.709+0000] {dagbag.py:588} INFO - Filling up the DagBag from /home/airflow/.local/lib/python3.12/site-packages/airflow/example_dags/example_latest_only.py
[2025-01-18T04:55:17.713+0000] {processor.py:925} INFO - DAG(s) 'latest_only' retrieved from /home/airflow/.local/lib/python3.12/site-packages/airflow/example_dags/example_latest_only.py
[2025-01-18T04:55:17.726+0000] {logging_mixin.py:190} INFO - [2025-01-18T04:55:17.726+0000] {dag.py:3239} INFO - Sync 1 DAGs
[2025-01-18T04:55:17.737+0000] {logging_mixin.py:190} INFO - [2025-01-18T04:55:17.737+0000] {dag.py:4180} INFO - Setting next_dagrun for latest_only to 2025-01-18 00:00:00+00:00, run_after=2025-01-18 04:00:00+00:00
[2025-01-18T04:55:17.747+0000] {processor.py:208} INFO - Processing /home/airflow/.local/lib/python3.12/site-packages/airflow/example_dags/example_latest_only.py took 0.042 seconds
[2025-01-18T04:55:48.675+0000] {processor.py:186} INFO - Started process (PID=562) to work on /home/airflow/.local/lib/python3.12/site-packages/airflow/example_dags/example_latest_only.py
[2025-01-18T04:55:48.675+0000] {processor.py:914} INFO - Processing file /home/airflow/.local/lib/python3.12/site-packages/airflow/example_dags/example_latest_only.py for tasks to queue
[2025-01-18T04:55:48.677+0000] {logging_mixin.py:190} INFO - [2025-01-18T04:55:48.677+0000] {dagbag.py:588} INFO - Filling up the DagBag from /home/airflow/.local/lib/python3.12/site-packages/airflow/example_dags/example_latest_only.py
[2025-01-18T04:55:48.681+0000] {processor.py:925} INFO - DAG(s) 'latest_only' retrieved from /home/airflow/.local/lib/python3.12/site-packages/airflow/example_dags/example_latest_only.py
[2025-01-18T04:55:48.693+0000] {logging_mixin.py:190} INFO - [2025-01-18T04:55:48.692+0000] {dag.py:3239} INFO - Sync 1 DAGs
[2025-01-18T04:55:48.705+0000] {logging_mixin.py:190} INFO - [2025-01-18T04:55:48.704+0000] {dag.py:4180} INFO - Setting next_dagrun for latest_only to 2025-01-18 00:00:00+00:00, run_after=2025-01-18 04:00:00+00:00
[2025-01-18T04:55:48.714+0000] {processor.py:208} INFO - Processing /home/airflow/.local/lib/python3.12/site-packages/airflow/example_dags/example_latest_only.py took 0.043 seconds
[2025-01-18T04:56:19.523+0000] {processor.py:186} INFO - Started process (PID=625) to work on /home/airflow/.local/lib/python3.12/site-packages/airflow/example_dags/example_latest_only.py
[2025-01-18T04:56:19.523+0000] {processor.py:914} INFO - Processing file /home/airflow/.local/lib/python3.12/site-packages/airflow/example_dags/example_latest_only.py for tasks to queue
[2025-01-18T04:56:19.524+0000] {logging_mixin.py:190} INFO - [2025-01-18T04:56:19.524+0000] {dagbag.py:588} INFO - Filling up the DagBag from /home/airflow/.local/lib/python3.12/site-packages/airflow/example_dags/example_latest_only.py
[2025-01-18T04:56:19.528+0000] {processor.py:925} INFO - DAG(s) 'latest_only' retrieved from /home/airflow/.local/lib/python3.12/site-packages/airflow/example_dags/example_latest_only.py
[2025-01-18T04:56:19.539+0000] {logging_mixin.py:190} INFO - [2025-01-18T04:56:19.539+0000] {dag.py:3239} INFO - Sync 1 DAGs
[2025-01-18T04:56:19.549+0000] {logging_mixin.py:190} INFO - [2025-01-18T04:56:19.549+0000] {dag.py:4180} INFO - Setting next_dagrun for latest_only to 2025-01-18 00:00:00+00:00, run_after=2025-01-18 04:00:00+00:00
[2025-01-18T04:56:19.557+0000] {processor.py:208} INFO - Processing /home/airflow/.local/lib/python3.12/site-packages/airflow/example_dags/example_latest_only.py took 0.037 seconds
[2025-01-18T04:56:50.315+0000] {processor.py:186} INFO - Started process (PID=688) to work on /home/airflow/.local/lib/python3.12/site-packages/airflow/example_dags/example_latest_only.py
[2025-01-18T04:56:50.315+0000] {processor.py:914} INFO - Processing file /home/airflow/.local/lib/python3.12/site-packages/airflow/example_dags/example_latest_only.py for tasks to queue
[2025-01-18T04:56:50.317+0000] {logging_mixin.py:190} INFO - [2025-01-18T04:56:50.317+0000] {dagbag.py:588} INFO - Filling up the DagBag from /home/airflow/.local/lib/python3.12/site-packages/airflow/example_dags/example_latest_only.py
[2025-01-18T04:56:50.322+0000] {processor.py:925} INFO - DAG(s) 'latest_only' retrieved from /home/airflow/.local/lib/python3.12/site-packages/airflow/example_dags/example_latest_only.py
[2025-01-18T04:56:50.341+0000] {logging_mixin.py:190} INFO - [2025-01-18T04:56:50.341+0000] {dag.py:3239} INFO - Sync 1 DAGs
[2025-01-18T04:56:50.354+0000] {logging_mixin.py:190} INFO - [2025-01-18T04:56:50.354+0000] {dag.py:4180} INFO - Setting next_dagrun for latest_only to 2025-01-18 00:00:00+00:00, run_after=2025-01-18 04:00:00+00:00
[2025-01-18T04:56:50.366+0000] {processor.py:208} INFO - Processing /home/airflow/.local/lib/python3.12/site-packages/airflow/example_dags/example_latest_only.py took 0.055 seconds
[2025-01-18T04:57:21.092+0000] {processor.py:186} INFO - Started process (PID=758) to work on /home/airflow/.local/lib/python3.12/site-packages/airflow/example_dags/example_latest_only.py
[2025-01-18T04:57:21.092+0000] {processor.py:914} INFO - Processing file /home/airflow/.local/lib/python3.12/site-packages/airflow/example_dags/example_latest_only.py for tasks to queue
[2025-01-18T04:57:21.094+0000] {logging_mixin.py:190} INFO - [2025-01-18T04:57:21.094+0000] {dagbag.py:588} INFO - Filling up the DagBag from /home/airflow/.local/lib/python3.12/site-packages/airflow/example_dags/example_latest_only.py
[2025-01-18T04:57:21.100+0000] {processor.py:925} INFO - DAG(s) 'latest_only' retrieved from /home/airflow/.local/lib/python3.12/site-packages/airflow/example_dags/example_latest_only.py
[2025-01-18T04:57:21.113+0000] {logging_mixin.py:190} INFO - [2025-01-18T04:57:21.113+0000] {dag.py:3239} INFO - Sync 1 DAGs
[2025-01-18T04:57:21.126+0000] {logging_mixin.py:190} INFO - [2025-01-18T04:57:21.126+0000] {dag.py:4180} INFO - Setting next_dagrun for latest_only to 2025-01-18 00:00:00+00:00, run_after=2025-01-18 04:00:00+00:00
[2025-01-18T04:57:21.135+0000] {processor.py:208} INFO - Processing /home/airflow/.local/lib/python3.12/site-packages/airflow/example_dags/example_latest_only.py took 0.046 seconds
[2025-01-18T04:57:51.884+0000] {processor.py:186} INFO - Started process (PID=821) to work on /home/airflow/.local/lib/python3.12/site-packages/airflow/example_dags/example_latest_only.py
[2025-01-18T04:57:51.884+0000] {processor.py:914} INFO - Processing file /home/airflow/.local/lib/python3.12/site-packages/airflow/example_dags/example_latest_only.py for tasks to queue
[2025-01-18T04:57:51.886+0000] {logging_mixin.py:190} INFO - [2025-01-18T04:57:51.885+0000] {dagbag.py:588} INFO - Filling up the DagBag from /home/airflow/.local/lib/python3.12/site-packages/airflow/example_dags/example_latest_only.py
[2025-01-18T04:57:51.890+0000] {processor.py:925} INFO - DAG(s) 'latest_only' retrieved from /home/airflow/.local/lib/python3.12/site-packages/airflow/example_dags/example_latest_only.py
[2025-01-18T04:57:51.907+0000] {logging_mixin.py:190} INFO - [2025-01-18T04:57:51.907+0000] {dag.py:3239} INFO - Sync 1 DAGs
[2025-01-18T04:57:51.919+0000] {logging_mixin.py:190} INFO - [2025-01-18T04:57:51.919+0000] {dag.py:4180} INFO - Setting next_dagrun for latest_only to 2025-01-18 00:00:00+00:00, run_after=2025-01-18 04:00:00+00:00
[2025-01-18T04:57:51.928+0000] {processor.py:208} INFO - Processing /home/airflow/.local/lib/python3.12/site-packages/airflow/example_dags/example_latest_only.py took 0.048 seconds
[2025-01-18T04:58:22.720+0000] {processor.py:186} INFO - Started process (PID=884) to work on /home/airflow/.local/lib/python3.12/site-packages/airflow/example_dags/example_latest_only.py
[2025-01-18T04:58:22.721+0000] {processor.py:914} INFO - Processing file /home/airflow/.local/lib/python3.12/site-packages/airflow/example_dags/example_latest_only.py for tasks to queue
[2025-01-18T04:58:22.722+0000] {logging_mixin.py:190} INFO - [2025-01-18T04:58:22.722+0000] {dagbag.py:588} INFO - Filling up the DagBag from /home/airflow/.local/lib/python3.12/site-packages/airflow/example_dags/example_latest_only.py
[2025-01-18T04:58:22.728+0000] {processor.py:925} INFO - DAG(s) 'latest_only' retrieved from /home/airflow/.local/lib/python3.12/site-packages/airflow/example_dags/example_latest_only.py
[2025-01-18T04:58:22.739+0000] {logging_mixin.py:190} INFO - [2025-01-18T04:58:22.738+0000] {dag.py:3239} INFO - Sync 1 DAGs
[2025-01-18T04:58:22.750+0000] {logging_mixin.py:190} INFO - [2025-01-18T04:58:22.750+0000] {dag.py:4180} INFO - Setting next_dagrun for latest_only to 2025-01-18 00:00:00+00:00, run_after=2025-01-18 04:00:00+00:00
[2025-01-18T04:58:22.759+0000] {processor.py:208} INFO - Processing /home/airflow/.local/lib/python3.12/site-packages/airflow/example_dags/example_latest_only.py took 0.043 seconds
[2025-01-18T04:58:53.725+0000] {processor.py:186} INFO - Started process (PID=947) to work on /home/airflow/.local/lib/python3.12/site-packages/airflow/example_dags/example_latest_only.py
[2025-01-18T04:58:53.725+0000] {processor.py:914} INFO - Processing file /home/airflow/.local/lib/python3.12/site-packages/airflow/example_dags/example_latest_only.py for tasks to queue
[2025-01-18T04:58:53.727+0000] {logging_mixin.py:190} INFO - [2025-01-18T04:58:53.726+0000] {dagbag.py:588} INFO - Filling up the DagBag from /home/airflow/.local/lib/python3.12/site-packages/airflow/example_dags/example_latest_only.py
[2025-01-18T04:58:53.731+0000] {processor.py:925} INFO - DAG(s) 'latest_only' retrieved from /home/airflow/.local/lib/python3.12/site-packages/airflow/example_dags/example_latest_only.py
[2025-01-18T04:58:53.746+0000] {logging_mixin.py:190} INFO - [2025-01-18T04:58:53.746+0000] {dag.py:3239} INFO - Sync 1 DAGs
[2025-01-18T04:58:53.758+0000] {logging_mixin.py:190} INFO - [2025-01-18T04:58:53.758+0000] {dag.py:4180} INFO - Setting next_dagrun for latest_only to 2025-01-18 00:00:00+00:00, run_after=2025-01-18 04:00:00+00:00
[2025-01-18T04:58:53.766+0000] {processor.py:208} INFO - Processing /home/airflow/.local/lib/python3.12/site-packages/airflow/example_dags/example_latest_only.py took 0.045 seconds
[2025-01-18T04:59:24.597+0000] {processor.py:186} INFO - Started process (PID=1010) to work on /home/airflow/.local/lib/python3.12/site-packages/airflow/example_dags/example_latest_only.py
[2025-01-18T04:59:24.597+0000] {processor.py:914} INFO - Processing file /home/airflow/.local/lib/python3.12/site-packages/airflow/example_dags/example_latest_only.py for tasks to queue
[2025-01-18T04:59:24.599+0000] {logging_mixin.py:190} INFO - [2025-01-18T04:59:24.599+0000] {dagbag.py:588} INFO - Filling up the DagBag from /home/airflow/.local/lib/python3.12/site-packages/airflow/example_dags/example_latest_only.py
[2025-01-18T04:59:24.603+0000] {processor.py:925} INFO - DAG(s) 'latest_only' retrieved from /home/airflow/.local/lib/python3.12/site-packages/airflow/example_dags/example_latest_only.py
[2025-01-18T04:59:24.615+0000] {logging_mixin.py:190} INFO - [2025-01-18T04:59:24.615+0000] {dag.py:3239} INFO - Sync 1 DAGs
[2025-01-18T04:59:24.626+0000] {logging_mixin.py:190} INFO - [2025-01-18T04:59:24.626+0000] {dag.py:4180} INFO - Setting next_dagrun for latest_only to 2025-01-18 00:00:00+00:00, run_after=2025-01-18 04:00:00+00:00
[2025-01-18T04:59:24.636+0000] {processor.py:208} INFO - Processing /home/airflow/.local/lib/python3.12/site-packages/airflow/example_dags/example_latest_only.py took 0.043 seconds
[2025-01-18T04:59:55.594+0000] {processor.py:186} INFO - Started process (PID=1073) to work on /home/airflow/.local/lib/python3.12/site-packages/airflow/example_dags/example_latest_only.py
[2025-01-18T04:59:55.594+0000] {processor.py:914} INFO - Processing file /home/airflow/.local/lib/python3.12/site-packages/airflow/example_dags/example_latest_only.py for tasks to queue
[2025-01-18T04:59:55.595+0000] {logging_mixin.py:190} INFO - [2025-01-18T04:59:55.595+0000] {dagbag.py:588} INFO - Filling up the DagBag from /home/airflow/.local/lib/python3.12/site-packages/airflow/example_dags/example_latest_only.py
[2025-01-18T04:59:55.633+0000] {processor.py:925} INFO - DAG(s) 'latest_only' retrieved from /home/airflow/.local/lib/python3.12/site-packages/airflow/example_dags/example_latest_only.py
[2025-01-18T04:59:55.647+0000] {logging_mixin.py:190} INFO - [2025-01-18T04:59:55.646+0000] {dag.py:3239} INFO - Sync 1 DAGs
[2025-01-18T04:59:55.665+0000] {logging_mixin.py:190} INFO - [2025-01-18T04:59:55.665+0000] {dag.py:4180} INFO - Setting next_dagrun for latest_only to 2025-01-18 00:00:00+00:00, run_after=2025-01-18 04:00:00+00:00
[2025-01-18T04:59:55.677+0000] {processor.py:208} INFO - Processing /home/airflow/.local/lib/python3.12/site-packages/airflow/example_dags/example_latest_only.py took 0.089 seconds
