[2025-01-18T04:51:46.802+0000] {processor.py:186} INFO - Started process (PID=103) to work on /home/airflow/.local/lib/python3.12/site-packages/airflow/example_dags/example_latest_only_with_trigger.py
[2025-01-18T04:51:46.803+0000] {processor.py:914} INFO - Processing file /home/airflow/.local/lib/python3.12/site-packages/airflow/example_dags/example_latest_only_with_trigger.py for tasks to queue
[2025-01-18T04:51:46.804+0000] {logging_mixin.py:190} INFO - [2025-01-18T04:51:46.804+0000] {dagbag.py:588} INFO - Filling up the DagBag from /home/airflow/.local/lib/python3.12/site-packages/airflow/example_dags/example_latest_only_with_trigger.py
[2025-01-18T04:51:46.809+0000] {processor.py:925} INFO - DAG(s) 'latest_only_with_trigger' retrieved from /home/airflow/.local/lib/python3.12/site-packages/airflow/example_dags/example_latest_only_with_trigger.py
[2025-01-18T04:51:46.859+0000] {logging_mixin.py:190} INFO - [2025-01-18T04:51:46.858+0000] {override.py:1911} INFO - Created Permission View: can edit on DAG:latest_only_with_trigger
[2025-01-18T04:51:46.864+0000] {logging_mixin.py:190} INFO - [2025-01-18T04:51:46.864+0000] {override.py:1911} INFO - Created Permission View: can read on DAG:latest_only_with_trigger
[2025-01-18T04:51:46.867+0000] {logging_mixin.py:190} INFO - [2025-01-18T04:51:46.867+0000] {override.py:1911} INFO - Created Permission View: can delete on DAG:latest_only_with_trigger
[2025-01-18T04:51:46.870+0000] {logging_mixin.py:190} INFO - [2025-01-18T04:51:46.870+0000] {override.py:1911} INFO - Created Permission View: can create on DAG Run:latest_only_with_trigger
[2025-01-18T04:51:46.874+0000] {logging_mixin.py:190} INFO - [2025-01-18T04:51:46.874+0000] {override.py:1911} INFO - Created Permission View: can read on DAG Run:latest_only_with_trigger
[2025-01-18T04:51:46.877+0000] {logging_mixin.py:190} INFO - [2025-01-18T04:51:46.877+0000] {override.py:1911} INFO - Created Permission View: can delete on DAG Run:latest_only_with_trigger
[2025-01-18T04:51:46.881+0000] {logging_mixin.py:190} INFO - [2025-01-18T04:51:46.880+0000] {override.py:1911} INFO - Created Permission View: menu access on DAG Run:latest_only_with_trigger
[2025-01-18T04:51:46.881+0000] {logging_mixin.py:190} INFO - [2025-01-18T04:51:46.881+0000] {dag.py:3239} INFO - Sync 1 DAGs
[2025-01-18T04:51:46.891+0000] {logging_mixin.py:190} INFO - [2025-01-18T04:51:46.891+0000] {dag.py:3262} INFO - Creating ORM DAG for latest_only_with_trigger
[2025-01-18T04:51:46.897+0000] {logging_mixin.py:190} INFO - [2025-01-18T04:51:46.897+0000] {dag.py:4180} INFO - Setting next_dagrun for latest_only_with_trigger to 2025-01-18 00:00:00+00:00, run_after=2025-01-18 04:00:00+00:00
[2025-01-18T04:51:46.908+0000] {processor.py:208} INFO - Processing /home/airflow/.local/lib/python3.12/site-packages/airflow/example_dags/example_latest_only_with_trigger.py took 0.114 seconds
[2025-01-18T04:52:17.936+0000] {processor.py:186} INFO - Started process (PID=166) to work on /home/airflow/.local/lib/python3.12/site-packages/airflow/example_dags/example_latest_only_with_trigger.py
[2025-01-18T04:52:17.936+0000] {processor.py:914} INFO - Processing file /home/airflow/.local/lib/python3.12/site-packages/airflow/example_dags/example_latest_only_with_trigger.py for tasks to queue
[2025-01-18T04:52:17.938+0000] {logging_mixin.py:190} INFO - [2025-01-18T04:52:17.938+0000] {dagbag.py:588} INFO - Filling up the DagBag from /home/airflow/.local/lib/python3.12/site-packages/airflow/example_dags/example_latest_only_with_trigger.py
[2025-01-18T04:52:17.942+0000] {processor.py:925} INFO - DAG(s) 'latest_only_with_trigger' retrieved from /home/airflow/.local/lib/python3.12/site-packages/airflow/example_dags/example_latest_only_with_trigger.py
[2025-01-18T04:52:17.953+0000] {logging_mixin.py:190} INFO - [2025-01-18T04:52:17.953+0000] {dag.py:3239} INFO - Sync 1 DAGs
[2025-01-18T04:52:17.964+0000] {logging_mixin.py:190} INFO - [2025-01-18T04:52:17.964+0000] {dag.py:4180} INFO - Setting next_dagrun for latest_only_with_trigger to 2025-01-18 00:00:00+00:00, run_after=2025-01-18 04:00:00+00:00
[2025-01-18T04:52:17.973+0000] {processor.py:208} INFO - Processing /home/airflow/.local/lib/python3.12/site-packages/airflow/example_dags/example_latest_only_with_trigger.py took 0.040 seconds
[2025-01-18T04:52:48.645+0000] {processor.py:186} INFO - Started process (PID=229) to work on /home/airflow/.local/lib/python3.12/site-packages/airflow/example_dags/example_latest_only_with_trigger.py
[2025-01-18T04:52:48.645+0000] {processor.py:914} INFO - Processing file /home/airflow/.local/lib/python3.12/site-packages/airflow/example_dags/example_latest_only_with_trigger.py for tasks to queue
[2025-01-18T04:52:48.646+0000] {logging_mixin.py:190} INFO - [2025-01-18T04:52:48.646+0000] {dagbag.py:588} INFO - Filling up the DagBag from /home/airflow/.local/lib/python3.12/site-packages/airflow/example_dags/example_latest_only_with_trigger.py
[2025-01-18T04:52:48.651+0000] {processor.py:925} INFO - DAG(s) 'latest_only_with_trigger' retrieved from /home/airflow/.local/lib/python3.12/site-packages/airflow/example_dags/example_latest_only_with_trigger.py
[2025-01-18T04:52:48.662+0000] {logging_mixin.py:190} INFO - [2025-01-18T04:52:48.662+0000] {dag.py:3239} INFO - Sync 1 DAGs
[2025-01-18T04:52:48.680+0000] {logging_mixin.py:190} INFO - [2025-01-18T04:52:48.680+0000] {dag.py:4180} INFO - Setting next_dagrun for latest_only_with_trigger to 2025-01-18 00:00:00+00:00, run_after=2025-01-18 04:00:00+00:00
[2025-01-18T04:52:48.693+0000] {processor.py:208} INFO - Processing /home/airflow/.local/lib/python3.12/site-packages/airflow/example_dags/example_latest_only_with_trigger.py took 0.051 seconds
[2025-01-18T04:53:19.515+0000] {processor.py:186} INFO - Started process (PID=292) to work on /home/airflow/.local/lib/python3.12/site-packages/airflow/example_dags/example_latest_only_with_trigger.py
[2025-01-18T04:53:19.515+0000] {processor.py:914} INFO - Processing file /home/airflow/.local/lib/python3.12/site-packages/airflow/example_dags/example_latest_only_with_trigger.py for tasks to queue
[2025-01-18T04:53:19.517+0000] {logging_mixin.py:190} INFO - [2025-01-18T04:53:19.516+0000] {dagbag.py:588} INFO - Filling up the DagBag from /home/airflow/.local/lib/python3.12/site-packages/airflow/example_dags/example_latest_only_with_trigger.py
[2025-01-18T04:53:19.521+0000] {processor.py:925} INFO - DAG(s) 'latest_only_with_trigger' retrieved from /home/airflow/.local/lib/python3.12/site-packages/airflow/example_dags/example_latest_only_with_trigger.py
[2025-01-18T04:53:19.533+0000] {logging_mixin.py:190} INFO - [2025-01-18T04:53:19.533+0000] {dag.py:3239} INFO - Sync 1 DAGs
[2025-01-18T04:53:19.545+0000] {logging_mixin.py:190} INFO - [2025-01-18T04:53:19.545+0000] {dag.py:4180} INFO - Setting next_dagrun for latest_only_with_trigger to 2025-01-18 00:00:00+00:00, run_after=2025-01-18 04:00:00+00:00
[2025-01-18T04:53:19.554+0000] {processor.py:208} INFO - Processing /home/airflow/.local/lib/python3.12/site-packages/airflow/example_dags/example_latest_only_with_trigger.py took 0.043 seconds
[2025-01-18T04:53:50.182+0000] {processor.py:186} INFO - Started process (PID=355) to work on /home/airflow/.local/lib/python3.12/site-packages/airflow/example_dags/example_latest_only_with_trigger.py
[2025-01-18T04:53:50.183+0000] {processor.py:914} INFO - Processing file /home/airflow/.local/lib/python3.12/site-packages/airflow/example_dags/example_latest_only_with_trigger.py for tasks to queue
[2025-01-18T04:53:50.186+0000] {logging_mixin.py:190} INFO - [2025-01-18T04:53:50.185+0000] {dagbag.py:588} INFO - Filling up the DagBag from /home/airflow/.local/lib/python3.12/site-packages/airflow/example_dags/example_latest_only_with_trigger.py
[2025-01-18T04:53:50.192+0000] {processor.py:925} INFO - DAG(s) 'latest_only_with_trigger' retrieved from /home/airflow/.local/lib/python3.12/site-packages/airflow/example_dags/example_latest_only_with_trigger.py
[2025-01-18T04:53:50.205+0000] {logging_mixin.py:190} INFO - [2025-01-18T04:53:50.204+0000] {dag.py:3239} INFO - Sync 1 DAGs
[2025-01-18T04:53:50.219+0000] {logging_mixin.py:190} INFO - [2025-01-18T04:53:50.218+0000] {dag.py:4180} INFO - Setting next_dagrun for latest_only_with_trigger to 2025-01-18 00:00:00+00:00, run_after=2025-01-18 04:00:00+00:00
[2025-01-18T04:53:50.229+0000] {processor.py:208} INFO - Processing /home/airflow/.local/lib/python3.12/site-packages/airflow/example_dags/example_latest_only_with_trigger.py took 0.050 seconds
[2025-01-18T04:54:21.086+0000] {processor.py:186} INFO - Started process (PID=418) to work on /home/airflow/.local/lib/python3.12/site-packages/airflow/example_dags/example_latest_only_with_trigger.py
[2025-01-18T04:54:21.086+0000] {processor.py:914} INFO - Processing file /home/airflow/.local/lib/python3.12/site-packages/airflow/example_dags/example_latest_only_with_trigger.py for tasks to queue
[2025-01-18T04:54:21.088+0000] {logging_mixin.py:190} INFO - [2025-01-18T04:54:21.088+0000] {dagbag.py:588} INFO - Filling up the DagBag from /home/airflow/.local/lib/python3.12/site-packages/airflow/example_dags/example_latest_only_with_trigger.py
[2025-01-18T04:54:21.092+0000] {processor.py:925} INFO - DAG(s) 'latest_only_with_trigger' retrieved from /home/airflow/.local/lib/python3.12/site-packages/airflow/example_dags/example_latest_only_with_trigger.py
[2025-01-18T04:54:21.102+0000] {logging_mixin.py:190} INFO - [2025-01-18T04:54:21.102+0000] {dag.py:3239} INFO - Sync 1 DAGs
[2025-01-18T04:54:21.116+0000] {logging_mixin.py:190} INFO - [2025-01-18T04:54:21.115+0000] {dag.py:4180} INFO - Setting next_dagrun for latest_only_with_trigger to 2025-01-18 00:00:00+00:00, run_after=2025-01-18 04:00:00+00:00
[2025-01-18T04:54:21.125+0000] {processor.py:208} INFO - Processing /home/airflow/.local/lib/python3.12/site-packages/airflow/example_dags/example_latest_only_with_trigger.py took 0.043 seconds
[2025-01-18T04:54:51.896+0000] {processor.py:186} INFO - Started process (PID=481) to work on /home/airflow/.local/lib/python3.12/site-packages/airflow/example_dags/example_latest_only_with_trigger.py
[2025-01-18T04:54:51.897+0000] {processor.py:914} INFO - Processing file /home/airflow/.local/lib/python3.12/site-packages/airflow/example_dags/example_latest_only_with_trigger.py for tasks to queue
[2025-01-18T04:54:51.898+0000] {logging_mixin.py:190} INFO - [2025-01-18T04:54:51.898+0000] {dagbag.py:588} INFO - Filling up the DagBag from /home/airflow/.local/lib/python3.12/site-packages/airflow/example_dags/example_latest_only_with_trigger.py
[2025-01-18T04:54:51.903+0000] {processor.py:925} INFO - DAG(s) 'latest_only_with_trigger' retrieved from /home/airflow/.local/lib/python3.12/site-packages/airflow/example_dags/example_latest_only_with_trigger.py
[2025-01-18T04:54:51.914+0000] {logging_mixin.py:190} INFO - [2025-01-18T04:54:51.914+0000] {dag.py:3239} INFO - Sync 1 DAGs
[2025-01-18T04:54:51.931+0000] {logging_mixin.py:190} INFO - [2025-01-18T04:54:51.931+0000] {dag.py:4180} INFO - Setting next_dagrun for latest_only_with_trigger to 2025-01-18 00:00:00+00:00, run_after=2025-01-18 04:00:00+00:00
[2025-01-18T04:54:51.941+0000] {processor.py:208} INFO - Processing /home/airflow/.local/lib/python3.12/site-packages/airflow/example_dags/example_latest_only_with_trigger.py took 0.047 seconds
[2025-01-18T04:55:22.948+0000] {processor.py:186} INFO - Started process (PID=544) to work on /home/airflow/.local/lib/python3.12/site-packages/airflow/example_dags/example_latest_only_with_trigger.py
[2025-01-18T04:55:22.949+0000] {processor.py:914} INFO - Processing file /home/airflow/.local/lib/python3.12/site-packages/airflow/example_dags/example_latest_only_with_trigger.py for tasks to queue
[2025-01-18T04:55:22.950+0000] {logging_mixin.py:190} INFO - [2025-01-18T04:55:22.950+0000] {dagbag.py:588} INFO - Filling up the DagBag from /home/airflow/.local/lib/python3.12/site-packages/airflow/example_dags/example_latest_only_with_trigger.py
[2025-01-18T04:55:22.955+0000] {processor.py:925} INFO - DAG(s) 'latest_only_with_trigger' retrieved from /home/airflow/.local/lib/python3.12/site-packages/airflow/example_dags/example_latest_only_with_trigger.py
[2025-01-18T04:55:22.967+0000] {logging_mixin.py:190} INFO - [2025-01-18T04:55:22.967+0000] {dag.py:3239} INFO - Sync 1 DAGs
[2025-01-18T04:55:22.981+0000] {logging_mixin.py:190} INFO - [2025-01-18T04:55:22.981+0000] {dag.py:4180} INFO - Setting next_dagrun for latest_only_with_trigger to 2025-01-18 00:00:00+00:00, run_after=2025-01-18 04:00:00+00:00
[2025-01-18T04:55:22.992+0000] {processor.py:208} INFO - Processing /home/airflow/.local/lib/python3.12/site-packages/airflow/example_dags/example_latest_only_with_trigger.py took 0.048 seconds
[2025-01-18T04:55:53.824+0000] {processor.py:186} INFO - Started process (PID=607) to work on /home/airflow/.local/lib/python3.12/site-packages/airflow/example_dags/example_latest_only_with_trigger.py
[2025-01-18T04:55:53.824+0000] {processor.py:914} INFO - Processing file /home/airflow/.local/lib/python3.12/site-packages/airflow/example_dags/example_latest_only_with_trigger.py for tasks to queue
[2025-01-18T04:55:53.826+0000] {logging_mixin.py:190} INFO - [2025-01-18T04:55:53.826+0000] {dagbag.py:588} INFO - Filling up the DagBag from /home/airflow/.local/lib/python3.12/site-packages/airflow/example_dags/example_latest_only_with_trigger.py
[2025-01-18T04:55:53.831+0000] {processor.py:925} INFO - DAG(s) 'latest_only_with_trigger' retrieved from /home/airflow/.local/lib/python3.12/site-packages/airflow/example_dags/example_latest_only_with_trigger.py
[2025-01-18T04:55:53.844+0000] {logging_mixin.py:190} INFO - [2025-01-18T04:55:53.844+0000] {dag.py:3239} INFO - Sync 1 DAGs
[2025-01-18T04:55:53.856+0000] {logging_mixin.py:190} INFO - [2025-01-18T04:55:53.856+0000] {dag.py:4180} INFO - Setting next_dagrun for latest_only_with_trigger to 2025-01-18 00:00:00+00:00, run_after=2025-01-18 04:00:00+00:00
[2025-01-18T04:55:53.866+0000] {processor.py:208} INFO - Processing /home/airflow/.local/lib/python3.12/site-packages/airflow/example_dags/example_latest_only_with_trigger.py took 0.046 seconds
[2025-01-18T04:56:24.554+0000] {processor.py:186} INFO - Started process (PID=670) to work on /home/airflow/.local/lib/python3.12/site-packages/airflow/example_dags/example_latest_only_with_trigger.py
[2025-01-18T04:56:24.554+0000] {processor.py:914} INFO - Processing file /home/airflow/.local/lib/python3.12/site-packages/airflow/example_dags/example_latest_only_with_trigger.py for tasks to queue
[2025-01-18T04:56:24.556+0000] {logging_mixin.py:190} INFO - [2025-01-18T04:56:24.556+0000] {dagbag.py:588} INFO - Filling up the DagBag from /home/airflow/.local/lib/python3.12/site-packages/airflow/example_dags/example_latest_only_with_trigger.py
[2025-01-18T04:56:24.560+0000] {processor.py:925} INFO - DAG(s) 'latest_only_with_trigger' retrieved from /home/airflow/.local/lib/python3.12/site-packages/airflow/example_dags/example_latest_only_with_trigger.py
[2025-01-18T04:56:24.572+0000] {logging_mixin.py:190} INFO - [2025-01-18T04:56:24.572+0000] {dag.py:3239} INFO - Sync 1 DAGs
[2025-01-18T04:56:24.583+0000] {logging_mixin.py:190} INFO - [2025-01-18T04:56:24.583+0000] {dag.py:4180} INFO - Setting next_dagrun for latest_only_with_trigger to 2025-01-18 00:00:00+00:00, run_after=2025-01-18 04:00:00+00:00
[2025-01-18T04:56:24.593+0000] {processor.py:208} INFO - Processing /home/airflow/.local/lib/python3.12/site-packages/airflow/example_dags/example_latest_only_with_trigger.py took 0.043 seconds
[2025-01-18T04:56:55.491+0000] {processor.py:186} INFO - Started process (PID=733) to work on /home/airflow/.local/lib/python3.12/site-packages/airflow/example_dags/example_latest_only_with_trigger.py
[2025-01-18T04:56:55.492+0000] {processor.py:914} INFO - Processing file /home/airflow/.local/lib/python3.12/site-packages/airflow/example_dags/example_latest_only_with_trigger.py for tasks to queue
[2025-01-18T04:56:55.493+0000] {logging_mixin.py:190} INFO - [2025-01-18T04:56:55.493+0000] {dagbag.py:588} INFO - Filling up the DagBag from /home/airflow/.local/lib/python3.12/site-packages/airflow/example_dags/example_latest_only_with_trigger.py
[2025-01-18T04:56:55.498+0000] {processor.py:925} INFO - DAG(s) 'latest_only_with_trigger' retrieved from /home/airflow/.local/lib/python3.12/site-packages/airflow/example_dags/example_latest_only_with_trigger.py
[2025-01-18T04:56:55.510+0000] {logging_mixin.py:190} INFO - [2025-01-18T04:56:55.510+0000] {dag.py:3239} INFO - Sync 1 DAGs
[2025-01-18T04:56:55.521+0000] {logging_mixin.py:190} INFO - [2025-01-18T04:56:55.520+0000] {dag.py:4180} INFO - Setting next_dagrun for latest_only_with_trigger to 2025-01-18 00:00:00+00:00, run_after=2025-01-18 04:00:00+00:00
[2025-01-18T04:56:55.529+0000] {processor.py:208} INFO - Processing /home/airflow/.local/lib/python3.12/site-packages/airflow/example_dags/example_latest_only_with_trigger.py took 0.041 seconds
[2025-01-18T04:57:26.182+0000] {processor.py:186} INFO - Started process (PID=803) to work on /home/airflow/.local/lib/python3.12/site-packages/airflow/example_dags/example_latest_only_with_trigger.py
[2025-01-18T04:57:26.183+0000] {processor.py:914} INFO - Processing file /home/airflow/.local/lib/python3.12/site-packages/airflow/example_dags/example_latest_only_with_trigger.py for tasks to queue
[2025-01-18T04:57:26.184+0000] {logging_mixin.py:190} INFO - [2025-01-18T04:57:26.184+0000] {dagbag.py:588} INFO - Filling up the DagBag from /home/airflow/.local/lib/python3.12/site-packages/airflow/example_dags/example_latest_only_with_trigger.py
[2025-01-18T04:57:26.188+0000] {processor.py:925} INFO - DAG(s) 'latest_only_with_trigger' retrieved from /home/airflow/.local/lib/python3.12/site-packages/airflow/example_dags/example_latest_only_with_trigger.py
[2025-01-18T04:57:26.199+0000] {logging_mixin.py:190} INFO - [2025-01-18T04:57:26.199+0000] {dag.py:3239} INFO - Sync 1 DAGs
[2025-01-18T04:57:26.210+0000] {logging_mixin.py:190} INFO - [2025-01-18T04:57:26.210+0000] {dag.py:4180} INFO - Setting next_dagrun for latest_only_with_trigger to 2025-01-18 00:00:00+00:00, run_after=2025-01-18 04:00:00+00:00
[2025-01-18T04:57:26.220+0000] {processor.py:208} INFO - Processing /home/airflow/.local/lib/python3.12/site-packages/airflow/example_dags/example_latest_only_with_trigger.py took 0.041 seconds
[2025-01-18T04:57:57.058+0000] {processor.py:186} INFO - Started process (PID=866) to work on /home/airflow/.local/lib/python3.12/site-packages/airflow/example_dags/example_latest_only_with_trigger.py
[2025-01-18T04:57:57.058+0000] {processor.py:914} INFO - Processing file /home/airflow/.local/lib/python3.12/site-packages/airflow/example_dags/example_latest_only_with_trigger.py for tasks to queue
[2025-01-18T04:57:57.060+0000] {logging_mixin.py:190} INFO - [2025-01-18T04:57:57.059+0000] {dagbag.py:588} INFO - Filling up the DagBag from /home/airflow/.local/lib/python3.12/site-packages/airflow/example_dags/example_latest_only_with_trigger.py
[2025-01-18T04:57:57.063+0000] {processor.py:925} INFO - DAG(s) 'latest_only_with_trigger' retrieved from /home/airflow/.local/lib/python3.12/site-packages/airflow/example_dags/example_latest_only_with_trigger.py
[2025-01-18T04:57:57.074+0000] {logging_mixin.py:190} INFO - [2025-01-18T04:57:57.074+0000] {dag.py:3239} INFO - Sync 1 DAGs
[2025-01-18T04:57:57.086+0000] {logging_mixin.py:190} INFO - [2025-01-18T04:57:57.086+0000] {dag.py:4180} INFO - Setting next_dagrun for latest_only_with_trigger to 2025-01-18 00:00:00+00:00, run_after=2025-01-18 04:00:00+00:00
[2025-01-18T04:57:57.095+0000] {processor.py:208} INFO - Processing /home/airflow/.local/lib/python3.12/site-packages/airflow/example_dags/example_latest_only_with_trigger.py took 0.041 seconds
[2025-01-18T04:58:27.963+0000] {processor.py:186} INFO - Started process (PID=929) to work on /home/airflow/.local/lib/python3.12/site-packages/airflow/example_dags/example_latest_only_with_trigger.py
[2025-01-18T04:58:27.964+0000] {processor.py:914} INFO - Processing file /home/airflow/.local/lib/python3.12/site-packages/airflow/example_dags/example_latest_only_with_trigger.py for tasks to queue
[2025-01-18T04:58:27.966+0000] {logging_mixin.py:190} INFO - [2025-01-18T04:58:27.965+0000] {dagbag.py:588} INFO - Filling up the DagBag from /home/airflow/.local/lib/python3.12/site-packages/airflow/example_dags/example_latest_only_with_trigger.py
[2025-01-18T04:58:27.970+0000] {processor.py:925} INFO - DAG(s) 'latest_only_with_trigger' retrieved from /home/airflow/.local/lib/python3.12/site-packages/airflow/example_dags/example_latest_only_with_trigger.py
[2025-01-18T04:58:27.982+0000] {logging_mixin.py:190} INFO - [2025-01-18T04:58:27.982+0000] {dag.py:3239} INFO - Sync 1 DAGs
[2025-01-18T04:58:27.996+0000] {logging_mixin.py:190} INFO - [2025-01-18T04:58:27.996+0000] {dag.py:4180} INFO - Setting next_dagrun for latest_only_with_trigger to 2025-01-18 00:00:00+00:00, run_after=2025-01-18 04:00:00+00:00
[2025-01-18T04:58:28.005+0000] {processor.py:208} INFO - Processing /home/airflow/.local/lib/python3.12/site-packages/airflow/example_dags/example_latest_only_with_trigger.py took 0.045 seconds
[2025-01-18T04:58:58.880+0000] {processor.py:186} INFO - Started process (PID=992) to work on /home/airflow/.local/lib/python3.12/site-packages/airflow/example_dags/example_latest_only_with_trigger.py
[2025-01-18T04:58:58.880+0000] {processor.py:914} INFO - Processing file /home/airflow/.local/lib/python3.12/site-packages/airflow/example_dags/example_latest_only_with_trigger.py for tasks to queue
[2025-01-18T04:58:58.881+0000] {logging_mixin.py:190} INFO - [2025-01-18T04:58:58.881+0000] {dagbag.py:588} INFO - Filling up the DagBag from /home/airflow/.local/lib/python3.12/site-packages/airflow/example_dags/example_latest_only_with_trigger.py
[2025-01-18T04:58:58.886+0000] {processor.py:925} INFO - DAG(s) 'latest_only_with_trigger' retrieved from /home/airflow/.local/lib/python3.12/site-packages/airflow/example_dags/example_latest_only_with_trigger.py
[2025-01-18T04:58:58.898+0000] {logging_mixin.py:190} INFO - [2025-01-18T04:58:58.898+0000] {dag.py:3239} INFO - Sync 1 DAGs
[2025-01-18T04:58:58.909+0000] {logging_mixin.py:190} INFO - [2025-01-18T04:58:58.909+0000] {dag.py:4180} INFO - Setting next_dagrun for latest_only_with_trigger to 2025-01-18 00:00:00+00:00, run_after=2025-01-18 04:00:00+00:00
[2025-01-18T04:58:58.921+0000] {processor.py:208} INFO - Processing /home/airflow/.local/lib/python3.12/site-packages/airflow/example_dags/example_latest_only_with_trigger.py took 0.044 seconds
[2025-01-18T04:59:29.848+0000] {processor.py:186} INFO - Started process (PID=1055) to work on /home/airflow/.local/lib/python3.12/site-packages/airflow/example_dags/example_latest_only_with_trigger.py
[2025-01-18T04:59:29.849+0000] {processor.py:914} INFO - Processing file /home/airflow/.local/lib/python3.12/site-packages/airflow/example_dags/example_latest_only_with_trigger.py for tasks to queue
[2025-01-18T04:59:29.850+0000] {logging_mixin.py:190} INFO - [2025-01-18T04:59:29.850+0000] {dagbag.py:588} INFO - Filling up the DagBag from /home/airflow/.local/lib/python3.12/site-packages/airflow/example_dags/example_latest_only_with_trigger.py
[2025-01-18T04:59:29.855+0000] {processor.py:925} INFO - DAG(s) 'latest_only_with_trigger' retrieved from /home/airflow/.local/lib/python3.12/site-packages/airflow/example_dags/example_latest_only_with_trigger.py
[2025-01-18T04:59:29.867+0000] {logging_mixin.py:190} INFO - [2025-01-18T04:59:29.866+0000] {dag.py:3239} INFO - Sync 1 DAGs
[2025-01-18T04:59:29.878+0000] {logging_mixin.py:190} INFO - [2025-01-18T04:59:29.878+0000] {dag.py:4180} INFO - Setting next_dagrun for latest_only_with_trigger to 2025-01-18 00:00:00+00:00, run_after=2025-01-18 04:00:00+00:00
[2025-01-18T04:59:29.888+0000] {processor.py:208} INFO - Processing /home/airflow/.local/lib/python3.12/site-packages/airflow/example_dags/example_latest_only_with_trigger.py took 0.043 seconds
[2025-01-18T05:00:01.143+0000] {processor.py:186} INFO - Started process (PID=1118) to work on /home/airflow/.local/lib/python3.12/site-packages/airflow/example_dags/example_latest_only_with_trigger.py
[2025-01-18T05:00:01.144+0000] {processor.py:914} INFO - Processing file /home/airflow/.local/lib/python3.12/site-packages/airflow/example_dags/example_latest_only_with_trigger.py for tasks to queue
[2025-01-18T05:00:01.145+0000] {logging_mixin.py:190} INFO - [2025-01-18T05:00:01.145+0000] {dagbag.py:588} INFO - Filling up the DagBag from /home/airflow/.local/lib/python3.12/site-packages/airflow/example_dags/example_latest_only_with_trigger.py
[2025-01-18T05:00:01.150+0000] {processor.py:925} INFO - DAG(s) 'latest_only_with_trigger' retrieved from /home/airflow/.local/lib/python3.12/site-packages/airflow/example_dags/example_latest_only_with_trigger.py
[2025-01-18T05:00:01.160+0000] {logging_mixin.py:190} INFO - [2025-01-18T05:00:01.160+0000] {dag.py:3239} INFO - Sync 1 DAGs
[2025-01-18T05:00:01.171+0000] {logging_mixin.py:190} INFO - [2025-01-18T05:00:01.170+0000] {dag.py:4180} INFO - Setting next_dagrun for latest_only_with_trigger to 2025-01-18 00:00:00+00:00, run_after=2025-01-18 04:00:00+00:00
[2025-01-18T05:00:01.178+0000] {processor.py:208} INFO - Processing /home/airflow/.local/lib/python3.12/site-packages/airflow/example_dags/example_latest_only_with_trigger.py took 0.038 seconds
