[2025-01-18T04:51:45.380+0000] {processor.py:186} INFO - Started process (PID=83) to work on /home/airflow/.local/lib/python3.12/site-packages/airflow/example_dags/example_bash_decorator.py
[2025-01-18T04:51:45.380+0000] {processor.py:914} INFO - Processing file /home/airflow/.local/lib/python3.12/site-packages/airflow/example_dags/example_bash_decorator.py for tasks to queue
[2025-01-18T04:51:45.382+0000] {logging_mixin.py:190} INFO - [2025-01-18T04:51:45.382+0000] {dagbag.py:588} INFO - Filling up the DagBag from /home/airflow/.local/lib/python3.12/site-packages/airflow/example_dags/example_bash_decorator.py
[2025-01-18T04:51:45.390+0000] {processor.py:925} INFO - DAG(s) 'example_bash_decorator' retrieved from /home/airflow/.local/lib/python3.12/site-packages/airflow/example_dags/example_bash_decorator.py
[2025-01-18T04:51:45.442+0000] {logging_mixin.py:190} INFO - [2025-01-18T04:51:45.442+0000] {override.py:1911} INFO - Created Permission View: can edit on DAG:example_bash_decorator
[2025-01-18T04:51:45.450+0000] {logging_mixin.py:190} INFO - [2025-01-18T04:51:45.450+0000] {override.py:1911} INFO - Created Permission View: can read on DAG:example_bash_decorator
[2025-01-18T04:51:45.454+0000] {logging_mixin.py:190} INFO - [2025-01-18T04:51:45.454+0000] {override.py:1911} INFO - Created Permission View: can delete on DAG:example_bash_decorator
[2025-01-18T04:51:45.457+0000] {logging_mixin.py:190} INFO - [2025-01-18T04:51:45.457+0000] {override.py:1911} INFO - Created Permission View: can create on DAG Run:example_bash_decorator
[2025-01-18T04:51:45.459+0000] {logging_mixin.py:190} INFO - [2025-01-18T04:51:45.459+0000] {override.py:1911} INFO - Created Permission View: can read on DAG Run:example_bash_decorator
[2025-01-18T04:51:45.464+0000] {logging_mixin.py:190} INFO - [2025-01-18T04:51:45.464+0000] {override.py:1911} INFO - Created Permission View: can delete on DAG Run:example_bash_decorator
[2025-01-18T04:51:45.466+0000] {logging_mixin.py:190} INFO - [2025-01-18T04:51:45.466+0000] {override.py:1911} INFO - Created Permission View: menu access on DAG Run:example_bash_decorator
[2025-01-18T04:51:45.467+0000] {logging_mixin.py:190} INFO - [2025-01-18T04:51:45.467+0000] {dag.py:3239} INFO - Sync 1 DAGs
[2025-01-18T04:51:45.473+0000] {logging_mixin.py:190} INFO - [2025-01-18T04:51:45.472+0000] {dag.py:3262} INFO - Creating ORM DAG for example_bash_decorator
[2025-01-18T04:51:45.473+0000] {logging_mixin.py:190} INFO - [2025-01-18T04:51:45.473+0000] {dag.py:4180} INFO - Setting next_dagrun for example_bash_decorator to None, run_after=None
[2025-01-18T04:51:45.480+0000] {processor.py:208} INFO - Processing /home/airflow/.local/lib/python3.12/site-packages/airflow/example_dags/example_bash_decorator.py took 0.104 seconds
[2025-01-18T04:52:16.053+0000] {processor.py:186} INFO - Started process (PID=146) to work on /home/airflow/.local/lib/python3.12/site-packages/airflow/example_dags/example_bash_decorator.py
[2025-01-18T04:52:16.054+0000] {processor.py:914} INFO - Processing file /home/airflow/.local/lib/python3.12/site-packages/airflow/example_dags/example_bash_decorator.py for tasks to queue
[2025-01-18T04:52:16.055+0000] {logging_mixin.py:190} INFO - [2025-01-18T04:52:16.055+0000] {dagbag.py:588} INFO - Filling up the DagBag from /home/airflow/.local/lib/python3.12/site-packages/airflow/example_dags/example_bash_decorator.py
[2025-01-18T04:52:16.063+0000] {processor.py:925} INFO - DAG(s) 'example_bash_decorator' retrieved from /home/airflow/.local/lib/python3.12/site-packages/airflow/example_dags/example_bash_decorator.py
[2025-01-18T04:52:16.075+0000] {logging_mixin.py:190} INFO - [2025-01-18T04:52:16.075+0000] {dag.py:3239} INFO - Sync 1 DAGs
[2025-01-18T04:52:16.082+0000] {logging_mixin.py:190} INFO - [2025-01-18T04:52:16.082+0000] {dag.py:4180} INFO - Setting next_dagrun for example_bash_decorator to None, run_after=None
[2025-01-18T04:52:16.092+0000] {processor.py:208} INFO - Processing /home/airflow/.local/lib/python3.12/site-packages/airflow/example_dags/example_bash_decorator.py took 0.042 seconds
[2025-01-18T04:52:46.812+0000] {processor.py:186} INFO - Started process (PID=209) to work on /home/airflow/.local/lib/python3.12/site-packages/airflow/example_dags/example_bash_decorator.py
[2025-01-18T04:52:46.813+0000] {processor.py:914} INFO - Processing file /home/airflow/.local/lib/python3.12/site-packages/airflow/example_dags/example_bash_decorator.py for tasks to queue
[2025-01-18T04:52:46.815+0000] {logging_mixin.py:190} INFO - [2025-01-18T04:52:46.814+0000] {dagbag.py:588} INFO - Filling up the DagBag from /home/airflow/.local/lib/python3.12/site-packages/airflow/example_dags/example_bash_decorator.py
[2025-01-18T04:52:46.824+0000] {processor.py:925} INFO - DAG(s) 'example_bash_decorator' retrieved from /home/airflow/.local/lib/python3.12/site-packages/airflow/example_dags/example_bash_decorator.py
[2025-01-18T04:52:46.837+0000] {logging_mixin.py:190} INFO - [2025-01-18T04:52:46.836+0000] {dag.py:3239} INFO - Sync 1 DAGs
[2025-01-18T04:52:46.844+0000] {logging_mixin.py:190} INFO - [2025-01-18T04:52:46.844+0000] {dag.py:4180} INFO - Setting next_dagrun for example_bash_decorator to None, run_after=None
[2025-01-18T04:52:46.856+0000] {processor.py:208} INFO - Processing /home/airflow/.local/lib/python3.12/site-packages/airflow/example_dags/example_bash_decorator.py took 0.048 seconds
[2025-01-18T04:53:17.656+0000] {processor.py:186} INFO - Started process (PID=272) to work on /home/airflow/.local/lib/python3.12/site-packages/airflow/example_dags/example_bash_decorator.py
[2025-01-18T04:53:17.657+0000] {processor.py:914} INFO - Processing file /home/airflow/.local/lib/python3.12/site-packages/airflow/example_dags/example_bash_decorator.py for tasks to queue
[2025-01-18T04:53:17.660+0000] {logging_mixin.py:190} INFO - [2025-01-18T04:53:17.660+0000] {dagbag.py:588} INFO - Filling up the DagBag from /home/airflow/.local/lib/python3.12/site-packages/airflow/example_dags/example_bash_decorator.py
[2025-01-18T04:53:17.668+0000] {processor.py:925} INFO - DAG(s) 'example_bash_decorator' retrieved from /home/airflow/.local/lib/python3.12/site-packages/airflow/example_dags/example_bash_decorator.py
[2025-01-18T04:53:17.680+0000] {logging_mixin.py:190} INFO - [2025-01-18T04:53:17.680+0000] {dag.py:3239} INFO - Sync 1 DAGs
[2025-01-18T04:53:17.691+0000] {logging_mixin.py:190} INFO - [2025-01-18T04:53:17.691+0000] {dag.py:4180} INFO - Setting next_dagrun for example_bash_decorator to None, run_after=None
[2025-01-18T04:53:17.706+0000] {processor.py:208} INFO - Processing /home/airflow/.local/lib/python3.12/site-packages/airflow/example_dags/example_bash_decorator.py took 0.056 seconds
[2025-01-18T04:53:48.384+0000] {processor.py:186} INFO - Started process (PID=335) to work on /home/airflow/.local/lib/python3.12/site-packages/airflow/example_dags/example_bash_decorator.py
[2025-01-18T04:53:48.386+0000] {processor.py:914} INFO - Processing file /home/airflow/.local/lib/python3.12/site-packages/airflow/example_dags/example_bash_decorator.py for tasks to queue
[2025-01-18T04:53:48.388+0000] {logging_mixin.py:190} INFO - [2025-01-18T04:53:48.388+0000] {dagbag.py:588} INFO - Filling up the DagBag from /home/airflow/.local/lib/python3.12/site-packages/airflow/example_dags/example_bash_decorator.py
[2025-01-18T04:53:48.396+0000] {processor.py:925} INFO - DAG(s) 'example_bash_decorator' retrieved from /home/airflow/.local/lib/python3.12/site-packages/airflow/example_dags/example_bash_decorator.py
[2025-01-18T04:53:48.408+0000] {logging_mixin.py:190} INFO - [2025-01-18T04:53:48.408+0000] {dag.py:3239} INFO - Sync 1 DAGs
[2025-01-18T04:53:48.415+0000] {logging_mixin.py:190} INFO - [2025-01-18T04:53:48.415+0000] {dag.py:4180} INFO - Setting next_dagrun for example_bash_decorator to None, run_after=None
[2025-01-18T04:53:48.423+0000] {processor.py:208} INFO - Processing /home/airflow/.local/lib/python3.12/site-packages/airflow/example_dags/example_bash_decorator.py took 0.042 seconds
[2025-01-18T04:54:19.204+0000] {processor.py:186} INFO - Started process (PID=398) to work on /home/airflow/.local/lib/python3.12/site-packages/airflow/example_dags/example_bash_decorator.py
[2025-01-18T04:54:19.205+0000] {processor.py:914} INFO - Processing file /home/airflow/.local/lib/python3.12/site-packages/airflow/example_dags/example_bash_decorator.py for tasks to queue
[2025-01-18T04:54:19.207+0000] {logging_mixin.py:190} INFO - [2025-01-18T04:54:19.207+0000] {dagbag.py:588} INFO - Filling up the DagBag from /home/airflow/.local/lib/python3.12/site-packages/airflow/example_dags/example_bash_decorator.py
[2025-01-18T04:54:19.216+0000] {processor.py:925} INFO - DAG(s) 'example_bash_decorator' retrieved from /home/airflow/.local/lib/python3.12/site-packages/airflow/example_dags/example_bash_decorator.py
[2025-01-18T04:54:19.231+0000] {logging_mixin.py:190} INFO - [2025-01-18T04:54:19.231+0000] {dag.py:3239} INFO - Sync 1 DAGs
[2025-01-18T04:54:19.239+0000] {logging_mixin.py:190} INFO - [2025-01-18T04:54:19.239+0000] {dag.py:4180} INFO - Setting next_dagrun for example_bash_decorator to None, run_after=None
[2025-01-18T04:54:19.251+0000] {processor.py:208} INFO - Processing /home/airflow/.local/lib/python3.12/site-packages/airflow/example_dags/example_bash_decorator.py took 0.051 seconds
[2025-01-18T04:54:50.028+0000] {processor.py:186} INFO - Started process (PID=461) to work on /home/airflow/.local/lib/python3.12/site-packages/airflow/example_dags/example_bash_decorator.py
[2025-01-18T04:54:50.031+0000] {processor.py:914} INFO - Processing file /home/airflow/.local/lib/python3.12/site-packages/airflow/example_dags/example_bash_decorator.py for tasks to queue
[2025-01-18T04:54:50.035+0000] {logging_mixin.py:190} INFO - [2025-01-18T04:54:50.035+0000] {dagbag.py:588} INFO - Filling up the DagBag from /home/airflow/.local/lib/python3.12/site-packages/airflow/example_dags/example_bash_decorator.py
[2025-01-18T04:54:50.045+0000] {processor.py:925} INFO - DAG(s) 'example_bash_decorator' retrieved from /home/airflow/.local/lib/python3.12/site-packages/airflow/example_dags/example_bash_decorator.py
[2025-01-18T04:54:50.058+0000] {logging_mixin.py:190} INFO - [2025-01-18T04:54:50.058+0000] {dag.py:3239} INFO - Sync 1 DAGs
[2025-01-18T04:54:50.065+0000] {logging_mixin.py:190} INFO - [2025-01-18T04:54:50.065+0000] {dag.py:4180} INFO - Setting next_dagrun for example_bash_decorator to None, run_after=None
[2025-01-18T04:54:50.074+0000] {processor.py:208} INFO - Processing /home/airflow/.local/lib/python3.12/site-packages/airflow/example_dags/example_bash_decorator.py took 0.049 seconds
[2025-01-18T04:55:20.879+0000] {processor.py:186} INFO - Started process (PID=524) to work on /home/airflow/.local/lib/python3.12/site-packages/airflow/example_dags/example_bash_decorator.py
[2025-01-18T04:55:20.880+0000] {processor.py:914} INFO - Processing file /home/airflow/.local/lib/python3.12/site-packages/airflow/example_dags/example_bash_decorator.py for tasks to queue
[2025-01-18T04:55:20.881+0000] {logging_mixin.py:190} INFO - [2025-01-18T04:55:20.881+0000] {dagbag.py:588} INFO - Filling up the DagBag from /home/airflow/.local/lib/python3.12/site-packages/airflow/example_dags/example_bash_decorator.py
[2025-01-18T04:55:20.892+0000] {processor.py:925} INFO - DAG(s) 'example_bash_decorator' retrieved from /home/airflow/.local/lib/python3.12/site-packages/airflow/example_dags/example_bash_decorator.py
[2025-01-18T04:55:20.909+0000] {logging_mixin.py:190} INFO - [2025-01-18T04:55:20.909+0000] {dag.py:3239} INFO - Sync 1 DAGs
[2025-01-18T04:55:20.920+0000] {logging_mixin.py:190} INFO - [2025-01-18T04:55:20.920+0000] {dag.py:4180} INFO - Setting next_dagrun for example_bash_decorator to None, run_after=None
[2025-01-18T04:55:20.932+0000] {processor.py:208} INFO - Processing /home/airflow/.local/lib/python3.12/site-packages/airflow/example_dags/example_bash_decorator.py took 0.058 seconds
[2025-01-18T04:55:51.828+0000] {processor.py:186} INFO - Started process (PID=587) to work on /home/airflow/.local/lib/python3.12/site-packages/airflow/example_dags/example_bash_decorator.py
[2025-01-18T04:55:51.828+0000] {processor.py:914} INFO - Processing file /home/airflow/.local/lib/python3.12/site-packages/airflow/example_dags/example_bash_decorator.py for tasks to queue
[2025-01-18T04:55:51.829+0000] {logging_mixin.py:190} INFO - [2025-01-18T04:55:51.829+0000] {dagbag.py:588} INFO - Filling up the DagBag from /home/airflow/.local/lib/python3.12/site-packages/airflow/example_dags/example_bash_decorator.py
[2025-01-18T04:55:51.837+0000] {processor.py:925} INFO - DAG(s) 'example_bash_decorator' retrieved from /home/airflow/.local/lib/python3.12/site-packages/airflow/example_dags/example_bash_decorator.py
[2025-01-18T04:55:51.850+0000] {logging_mixin.py:190} INFO - [2025-01-18T04:55:51.850+0000] {dag.py:3239} INFO - Sync 1 DAGs
[2025-01-18T04:55:51.858+0000] {logging_mixin.py:190} INFO - [2025-01-18T04:55:51.858+0000] {dag.py:4180} INFO - Setting next_dagrun for example_bash_decorator to None, run_after=None
[2025-01-18T04:55:51.867+0000] {processor.py:208} INFO - Processing /home/airflow/.local/lib/python3.12/site-packages/airflow/example_dags/example_bash_decorator.py took 0.042 seconds
[2025-01-18T04:56:22.748+0000] {processor.py:186} INFO - Started process (PID=650) to work on /home/airflow/.local/lib/python3.12/site-packages/airflow/example_dags/example_bash_decorator.py
[2025-01-18T04:56:22.752+0000] {processor.py:914} INFO - Processing file /home/airflow/.local/lib/python3.12/site-packages/airflow/example_dags/example_bash_decorator.py for tasks to queue
[2025-01-18T04:56:22.753+0000] {logging_mixin.py:190} INFO - [2025-01-18T04:56:22.753+0000] {dagbag.py:588} INFO - Filling up the DagBag from /home/airflow/.local/lib/python3.12/site-packages/airflow/example_dags/example_bash_decorator.py
[2025-01-18T04:56:22.760+0000] {processor.py:925} INFO - DAG(s) 'example_bash_decorator' retrieved from /home/airflow/.local/lib/python3.12/site-packages/airflow/example_dags/example_bash_decorator.py
[2025-01-18T04:56:22.773+0000] {logging_mixin.py:190} INFO - [2025-01-18T04:56:22.772+0000] {dag.py:3239} INFO - Sync 1 DAGs
[2025-01-18T04:56:22.780+0000] {logging_mixin.py:190} INFO - [2025-01-18T04:56:22.780+0000] {dag.py:4180} INFO - Setting next_dagrun for example_bash_decorator to None, run_after=None
[2025-01-18T04:56:22.791+0000] {processor.py:208} INFO - Processing /home/airflow/.local/lib/python3.12/site-packages/airflow/example_dags/example_bash_decorator.py took 0.046 seconds
[2025-01-18T04:56:53.640+0000] {processor.py:186} INFO - Started process (PID=713) to work on /home/airflow/.local/lib/python3.12/site-packages/airflow/example_dags/example_bash_decorator.py
[2025-01-18T04:56:53.640+0000] {processor.py:914} INFO - Processing file /home/airflow/.local/lib/python3.12/site-packages/airflow/example_dags/example_bash_decorator.py for tasks to queue
[2025-01-18T04:56:53.643+0000] {logging_mixin.py:190} INFO - [2025-01-18T04:56:53.643+0000] {dagbag.py:588} INFO - Filling up the DagBag from /home/airflow/.local/lib/python3.12/site-packages/airflow/example_dags/example_bash_decorator.py
[2025-01-18T04:56:53.654+0000] {processor.py:925} INFO - DAG(s) 'example_bash_decorator' retrieved from /home/airflow/.local/lib/python3.12/site-packages/airflow/example_dags/example_bash_decorator.py
[2025-01-18T04:56:53.669+0000] {logging_mixin.py:190} INFO - [2025-01-18T04:56:53.669+0000] {dag.py:3239} INFO - Sync 1 DAGs
[2025-01-18T04:56:53.677+0000] {logging_mixin.py:190} INFO - [2025-01-18T04:56:53.676+0000] {dag.py:4180} INFO - Setting next_dagrun for example_bash_decorator to None, run_after=None
[2025-01-18T04:56:53.686+0000] {processor.py:208} INFO - Processing /home/airflow/.local/lib/python3.12/site-packages/airflow/example_dags/example_bash_decorator.py took 0.050 seconds
[2025-01-18T04:57:24.365+0000] {processor.py:186} INFO - Started process (PID=783) to work on /home/airflow/.local/lib/python3.12/site-packages/airflow/example_dags/example_bash_decorator.py
[2025-01-18T04:57:24.366+0000] {processor.py:914} INFO - Processing file /home/airflow/.local/lib/python3.12/site-packages/airflow/example_dags/example_bash_decorator.py for tasks to queue
[2025-01-18T04:57:24.367+0000] {logging_mixin.py:190} INFO - [2025-01-18T04:57:24.367+0000] {dagbag.py:588} INFO - Filling up the DagBag from /home/airflow/.local/lib/python3.12/site-packages/airflow/example_dags/example_bash_decorator.py
[2025-01-18T04:57:24.376+0000] {processor.py:925} INFO - DAG(s) 'example_bash_decorator' retrieved from /home/airflow/.local/lib/python3.12/site-packages/airflow/example_dags/example_bash_decorator.py
[2025-01-18T04:57:24.392+0000] {logging_mixin.py:190} INFO - [2025-01-18T04:57:24.391+0000] {dag.py:3239} INFO - Sync 1 DAGs
[2025-01-18T04:57:24.400+0000] {logging_mixin.py:190} INFO - [2025-01-18T04:57:24.399+0000] {dag.py:4180} INFO - Setting next_dagrun for example_bash_decorator to None, run_after=None
[2025-01-18T04:57:24.409+0000] {processor.py:208} INFO - Processing /home/airflow/.local/lib/python3.12/site-packages/airflow/example_dags/example_bash_decorator.py took 0.047 seconds
[2025-01-18T04:57:55.227+0000] {processor.py:186} INFO - Started process (PID=846) to work on /home/airflow/.local/lib/python3.12/site-packages/airflow/example_dags/example_bash_decorator.py
[2025-01-18T04:57:55.230+0000] {processor.py:914} INFO - Processing file /home/airflow/.local/lib/python3.12/site-packages/airflow/example_dags/example_bash_decorator.py for tasks to queue
[2025-01-18T04:57:55.232+0000] {logging_mixin.py:190} INFO - [2025-01-18T04:57:55.232+0000] {dagbag.py:588} INFO - Filling up the DagBag from /home/airflow/.local/lib/python3.12/site-packages/airflow/example_dags/example_bash_decorator.py
[2025-01-18T04:57:55.242+0000] {processor.py:925} INFO - DAG(s) 'example_bash_decorator' retrieved from /home/airflow/.local/lib/python3.12/site-packages/airflow/example_dags/example_bash_decorator.py
[2025-01-18T04:57:55.260+0000] {logging_mixin.py:190} INFO - [2025-01-18T04:57:55.260+0000] {dag.py:3239} INFO - Sync 1 DAGs
[2025-01-18T04:57:55.269+0000] {logging_mixin.py:190} INFO - [2025-01-18T04:57:55.269+0000] {dag.py:4180} INFO - Setting next_dagrun for example_bash_decorator to None, run_after=None
[2025-01-18T04:57:55.279+0000] {processor.py:208} INFO - Processing /home/airflow/.local/lib/python3.12/site-packages/airflow/example_dags/example_bash_decorator.py took 0.055 seconds
[2025-01-18T04:58:26.117+0000] {processor.py:186} INFO - Started process (PID=909) to work on /home/airflow/.local/lib/python3.12/site-packages/airflow/example_dags/example_bash_decorator.py
[2025-01-18T04:58:26.118+0000] {processor.py:914} INFO - Processing file /home/airflow/.local/lib/python3.12/site-packages/airflow/example_dags/example_bash_decorator.py for tasks to queue
[2025-01-18T04:58:26.120+0000] {logging_mixin.py:190} INFO - [2025-01-18T04:58:26.119+0000] {dagbag.py:588} INFO - Filling up the DagBag from /home/airflow/.local/lib/python3.12/site-packages/airflow/example_dags/example_bash_decorator.py
[2025-01-18T04:58:26.128+0000] {processor.py:925} INFO - DAG(s) 'example_bash_decorator' retrieved from /home/airflow/.local/lib/python3.12/site-packages/airflow/example_dags/example_bash_decorator.py
[2025-01-18T04:58:26.140+0000] {logging_mixin.py:190} INFO - [2025-01-18T04:58:26.140+0000] {dag.py:3239} INFO - Sync 1 DAGs
[2025-01-18T04:58:26.148+0000] {logging_mixin.py:190} INFO - [2025-01-18T04:58:26.148+0000] {dag.py:4180} INFO - Setting next_dagrun for example_bash_decorator to None, run_after=None
[2025-01-18T04:58:26.164+0000] {processor.py:208} INFO - Processing /home/airflow/.local/lib/python3.12/site-packages/airflow/example_dags/example_bash_decorator.py took 0.050 seconds
[2025-01-18T04:58:56.968+0000] {processor.py:186} INFO - Started process (PID=972) to work on /home/airflow/.local/lib/python3.12/site-packages/airflow/example_dags/example_bash_decorator.py
[2025-01-18T04:58:56.968+0000] {processor.py:914} INFO - Processing file /home/airflow/.local/lib/python3.12/site-packages/airflow/example_dags/example_bash_decorator.py for tasks to queue
[2025-01-18T04:58:56.970+0000] {logging_mixin.py:190} INFO - [2025-01-18T04:58:56.969+0000] {dagbag.py:588} INFO - Filling up the DagBag from /home/airflow/.local/lib/python3.12/site-packages/airflow/example_dags/example_bash_decorator.py
[2025-01-18T04:58:56.976+0000] {processor.py:925} INFO - DAG(s) 'example_bash_decorator' retrieved from /home/airflow/.local/lib/python3.12/site-packages/airflow/example_dags/example_bash_decorator.py
[2025-01-18T04:58:56.988+0000] {logging_mixin.py:190} INFO - [2025-01-18T04:58:56.988+0000] {dag.py:3239} INFO - Sync 1 DAGs
[2025-01-18T04:58:56.996+0000] {logging_mixin.py:190} INFO - [2025-01-18T04:58:56.996+0000] {dag.py:4180} INFO - Setting next_dagrun for example_bash_decorator to None, run_after=None
[2025-01-18T04:58:57.005+0000] {processor.py:208} INFO - Processing /home/airflow/.local/lib/python3.12/site-packages/airflow/example_dags/example_bash_decorator.py took 0.040 seconds
[2025-01-18T04:59:28.062+0000] {processor.py:186} INFO - Started process (PID=1035) to work on /home/airflow/.local/lib/python3.12/site-packages/airflow/example_dags/example_bash_decorator.py
[2025-01-18T04:59:28.065+0000] {processor.py:914} INFO - Processing file /home/airflow/.local/lib/python3.12/site-packages/airflow/example_dags/example_bash_decorator.py for tasks to queue
[2025-01-18T04:59:28.066+0000] {logging_mixin.py:190} INFO - [2025-01-18T04:59:28.066+0000] {dagbag.py:588} INFO - Filling up the DagBag from /home/airflow/.local/lib/python3.12/site-packages/airflow/example_dags/example_bash_decorator.py
[2025-01-18T04:59:28.074+0000] {processor.py:925} INFO - DAG(s) 'example_bash_decorator' retrieved from /home/airflow/.local/lib/python3.12/site-packages/airflow/example_dags/example_bash_decorator.py
[2025-01-18T04:59:28.086+0000] {logging_mixin.py:190} INFO - [2025-01-18T04:59:28.086+0000] {dag.py:3239} INFO - Sync 1 DAGs
[2025-01-18T04:59:28.093+0000] {logging_mixin.py:190} INFO - [2025-01-18T04:59:28.093+0000] {dag.py:4180} INFO - Setting next_dagrun for example_bash_decorator to None, run_after=None
[2025-01-18T04:59:28.102+0000] {processor.py:208} INFO - Processing /home/airflow/.local/lib/python3.12/site-packages/airflow/example_dags/example_bash_decorator.py took 0.043 seconds
[2025-01-18T04:59:59.146+0000] {processor.py:186} INFO - Started process (PID=1098) to work on /home/airflow/.local/lib/python3.12/site-packages/airflow/example_dags/example_bash_decorator.py
[2025-01-18T04:59:59.148+0000] {processor.py:914} INFO - Processing file /home/airflow/.local/lib/python3.12/site-packages/airflow/example_dags/example_bash_decorator.py for tasks to queue
[2025-01-18T04:59:59.149+0000] {logging_mixin.py:190} INFO - [2025-01-18T04:59:59.149+0000] {dagbag.py:588} INFO - Filling up the DagBag from /home/airflow/.local/lib/python3.12/site-packages/airflow/example_dags/example_bash_decorator.py
[2025-01-18T04:59:59.157+0000] {processor.py:925} INFO - DAG(s) 'example_bash_decorator' retrieved from /home/airflow/.local/lib/python3.12/site-packages/airflow/example_dags/example_bash_decorator.py
[2025-01-18T04:59:59.173+0000] {logging_mixin.py:190} INFO - [2025-01-18T04:59:59.173+0000] {dag.py:3239} INFO - Sync 1 DAGs
[2025-01-18T04:59:59.180+0000] {logging_mixin.py:190} INFO - [2025-01-18T04:59:59.180+0000] {dag.py:4180} INFO - Setting next_dagrun for example_bash_decorator to None, run_after=None
[2025-01-18T04:59:59.192+0000] {processor.py:208} INFO - Processing /home/airflow/.local/lib/python3.12/site-packages/airflow/example_dags/example_bash_decorator.py took 0.050 seconds
