[2025-01-18T04:51:45.031+0000] {processor.py:186} INFO - Started process (PID=78) to work on /home/airflow/.local/lib/python3.12/site-packages/airflow/example_dags/example_python_decorator.py
[2025-01-18T04:51:45.032+0000] {processor.py:914} INFO - Processing file /home/airflow/.local/lib/python3.12/site-packages/airflow/example_dags/example_python_decorator.py for tasks to queue
[2025-01-18T04:51:45.034+0000] {logging_mixin.py:190} INFO - [2025-01-18T04:51:45.034+0000] {dagbag.py:588} INFO - Filling up the DagBag from /home/airflow/.local/lib/python3.12/site-packages/airflow/example_dags/example_python_decorator.py
[2025-01-18T04:51:45.042+0000] {processor.py:925} INFO - DAG(s) 'example_python_decorator' retrieved from /home/airflow/.local/lib/python3.12/site-packages/airflow/example_dags/example_python_decorator.py
[2025-01-18T04:51:45.090+0000] {logging_mixin.py:190} INFO - [2025-01-18T04:51:45.090+0000] {override.py:1911} INFO - Created Permission View: can edit on DAG:example_python_decorator
[2025-01-18T04:51:45.095+0000] {logging_mixin.py:190} INFO - [2025-01-18T04:51:45.095+0000] {override.py:1911} INFO - Created Permission View: can read on DAG:example_python_decorator
[2025-01-18T04:51:45.097+0000] {logging_mixin.py:190} INFO - [2025-01-18T04:51:45.097+0000] {override.py:1911} INFO - Created Permission View: can delete on DAG:example_python_decorator
[2025-01-18T04:51:45.100+0000] {logging_mixin.py:190} INFO - [2025-01-18T04:51:45.100+0000] {override.py:1911} INFO - Created Permission View: can create on DAG Run:example_python_decorator
[2025-01-18T04:51:45.103+0000] {logging_mixin.py:190} INFO - [2025-01-18T04:51:45.103+0000] {override.py:1911} INFO - Created Permission View: can read on DAG Run:example_python_decorator
[2025-01-18T04:51:45.110+0000] {logging_mixin.py:190} INFO - [2025-01-18T04:51:45.109+0000] {override.py:1911} INFO - Created Permission View: can delete on DAG Run:example_python_decorator
[2025-01-18T04:51:45.114+0000] {logging_mixin.py:190} INFO - [2025-01-18T04:51:45.114+0000] {override.py:1911} INFO - Created Permission View: menu access on DAG Run:example_python_decorator
[2025-01-18T04:51:45.115+0000] {logging_mixin.py:190} INFO - [2025-01-18T04:51:45.115+0000] {dag.py:3239} INFO - Sync 1 DAGs
[2025-01-18T04:51:45.123+0000] {logging_mixin.py:190} INFO - [2025-01-18T04:51:45.123+0000] {dag.py:3262} INFO - Creating ORM DAG for example_python_decorator
[2025-01-18T04:51:45.123+0000] {logging_mixin.py:190} INFO - [2025-01-18T04:51:45.123+0000] {dag.py:4180} INFO - Setting next_dagrun for example_python_decorator to None, run_after=None
[2025-01-18T04:51:45.131+0000] {processor.py:208} INFO - Processing /home/airflow/.local/lib/python3.12/site-packages/airflow/example_dags/example_python_decorator.py took 0.103 seconds
[2025-01-18T04:52:15.778+0000] {processor.py:186} INFO - Started process (PID=141) to work on /home/airflow/.local/lib/python3.12/site-packages/airflow/example_dags/example_python_decorator.py
[2025-01-18T04:52:15.779+0000] {processor.py:914} INFO - Processing file /home/airflow/.local/lib/python3.12/site-packages/airflow/example_dags/example_python_decorator.py for tasks to queue
[2025-01-18T04:52:15.780+0000] {logging_mixin.py:190} INFO - [2025-01-18T04:52:15.780+0000] {dagbag.py:588} INFO - Filling up the DagBag from /home/airflow/.local/lib/python3.12/site-packages/airflow/example_dags/example_python_decorator.py
[2025-01-18T04:52:15.788+0000] {processor.py:925} INFO - DAG(s) 'example_python_decorator' retrieved from /home/airflow/.local/lib/python3.12/site-packages/airflow/example_dags/example_python_decorator.py
[2025-01-18T04:52:15.800+0000] {logging_mixin.py:190} INFO - [2025-01-18T04:52:15.800+0000] {dag.py:3239} INFO - Sync 1 DAGs
[2025-01-18T04:52:15.808+0000] {logging_mixin.py:190} INFO - [2025-01-18T04:52:15.808+0000] {dag.py:4180} INFO - Setting next_dagrun for example_python_decorator to None, run_after=None
[2025-01-18T04:52:15.816+0000] {processor.py:208} INFO - Processing /home/airflow/.local/lib/python3.12/site-packages/airflow/example_dags/example_python_decorator.py took 0.041 seconds
[2025-01-18T04:52:46.524+0000] {processor.py:186} INFO - Started process (PID=204) to work on /home/airflow/.local/lib/python3.12/site-packages/airflow/example_dags/example_python_decorator.py
[2025-01-18T04:52:46.524+0000] {processor.py:914} INFO - Processing file /home/airflow/.local/lib/python3.12/site-packages/airflow/example_dags/example_python_decorator.py for tasks to queue
[2025-01-18T04:52:46.526+0000] {logging_mixin.py:190} INFO - [2025-01-18T04:52:46.525+0000] {dagbag.py:588} INFO - Filling up the DagBag from /home/airflow/.local/lib/python3.12/site-packages/airflow/example_dags/example_python_decorator.py
[2025-01-18T04:52:46.533+0000] {processor.py:925} INFO - DAG(s) 'example_python_decorator' retrieved from /home/airflow/.local/lib/python3.12/site-packages/airflow/example_dags/example_python_decorator.py
[2025-01-18T04:52:46.544+0000] {logging_mixin.py:190} INFO - [2025-01-18T04:52:46.544+0000] {dag.py:3239} INFO - Sync 1 DAGs
[2025-01-18T04:52:46.551+0000] {logging_mixin.py:190} INFO - [2025-01-18T04:52:46.551+0000] {dag.py:4180} INFO - Setting next_dagrun for example_python_decorator to None, run_after=None
[2025-01-18T04:52:46.561+0000] {processor.py:208} INFO - Processing /home/airflow/.local/lib/python3.12/site-packages/airflow/example_dags/example_python_decorator.py took 0.040 seconds
[2025-01-18T04:53:17.370+0000] {processor.py:186} INFO - Started process (PID=266) to work on /home/airflow/.local/lib/python3.12/site-packages/airflow/example_dags/example_python_decorator.py
[2025-01-18T04:53:17.370+0000] {processor.py:914} INFO - Processing file /home/airflow/.local/lib/python3.12/site-packages/airflow/example_dags/example_python_decorator.py for tasks to queue
[2025-01-18T04:53:17.372+0000] {logging_mixin.py:190} INFO - [2025-01-18T04:53:17.371+0000] {dagbag.py:588} INFO - Filling up the DagBag from /home/airflow/.local/lib/python3.12/site-packages/airflow/example_dags/example_python_decorator.py
[2025-01-18T04:53:17.378+0000] {processor.py:925} INFO - DAG(s) 'example_python_decorator' retrieved from /home/airflow/.local/lib/python3.12/site-packages/airflow/example_dags/example_python_decorator.py
[2025-01-18T04:53:17.390+0000] {logging_mixin.py:190} INFO - [2025-01-18T04:53:17.390+0000] {dag.py:3239} INFO - Sync 1 DAGs
[2025-01-18T04:53:17.397+0000] {logging_mixin.py:190} INFO - [2025-01-18T04:53:17.397+0000] {dag.py:4180} INFO - Setting next_dagrun for example_python_decorator to None, run_after=None
[2025-01-18T04:53:17.406+0000] {processor.py:208} INFO - Processing /home/airflow/.local/lib/python3.12/site-packages/airflow/example_dags/example_python_decorator.py took 0.039 seconds
[2025-01-18T04:53:48.079+0000] {processor.py:186} INFO - Started process (PID=330) to work on /home/airflow/.local/lib/python3.12/site-packages/airflow/example_dags/example_python_decorator.py
[2025-01-18T04:53:48.080+0000] {processor.py:914} INFO - Processing file /home/airflow/.local/lib/python3.12/site-packages/airflow/example_dags/example_python_decorator.py for tasks to queue
[2025-01-18T04:53:48.081+0000] {logging_mixin.py:190} INFO - [2025-01-18T04:53:48.081+0000] {dagbag.py:588} INFO - Filling up the DagBag from /home/airflow/.local/lib/python3.12/site-packages/airflow/example_dags/example_python_decorator.py
[2025-01-18T04:53:48.089+0000] {processor.py:925} INFO - DAG(s) 'example_python_decorator' retrieved from /home/airflow/.local/lib/python3.12/site-packages/airflow/example_dags/example_python_decorator.py
[2025-01-18T04:53:48.101+0000] {logging_mixin.py:190} INFO - [2025-01-18T04:53:48.101+0000] {dag.py:3239} INFO - Sync 1 DAGs
[2025-01-18T04:53:48.107+0000] {logging_mixin.py:190} INFO - [2025-01-18T04:53:48.107+0000] {dag.py:4180} INFO - Setting next_dagrun for example_python_decorator to None, run_after=None
[2025-01-18T04:53:48.116+0000] {processor.py:208} INFO - Processing /home/airflow/.local/lib/python3.12/site-packages/airflow/example_dags/example_python_decorator.py took 0.041 seconds
[2025-01-18T04:54:18.863+0000] {processor.py:186} INFO - Started process (PID=393) to work on /home/airflow/.local/lib/python3.12/site-packages/airflow/example_dags/example_python_decorator.py
[2025-01-18T04:54:18.864+0000] {processor.py:914} INFO - Processing file /home/airflow/.local/lib/python3.12/site-packages/airflow/example_dags/example_python_decorator.py for tasks to queue
[2025-01-18T04:54:18.865+0000] {logging_mixin.py:190} INFO - [2025-01-18T04:54:18.865+0000] {dagbag.py:588} INFO - Filling up the DagBag from /home/airflow/.local/lib/python3.12/site-packages/airflow/example_dags/example_python_decorator.py
[2025-01-18T04:54:18.873+0000] {processor.py:925} INFO - DAG(s) 'example_python_decorator' retrieved from /home/airflow/.local/lib/python3.12/site-packages/airflow/example_dags/example_python_decorator.py
[2025-01-18T04:54:18.887+0000] {logging_mixin.py:190} INFO - [2025-01-18T04:54:18.887+0000] {dag.py:3239} INFO - Sync 1 DAGs
[2025-01-18T04:54:18.894+0000] {logging_mixin.py:190} INFO - [2025-01-18T04:54:18.894+0000] {dag.py:4180} INFO - Setting next_dagrun for example_python_decorator to None, run_after=None
[2025-01-18T04:54:18.948+0000] {processor.py:208} INFO - Processing /home/airflow/.local/lib/python3.12/site-packages/airflow/example_dags/example_python_decorator.py took 0.087 seconds
[2025-01-18T04:54:49.699+0000] {processor.py:186} INFO - Started process (PID=456) to work on /home/airflow/.local/lib/python3.12/site-packages/airflow/example_dags/example_python_decorator.py
[2025-01-18T04:54:49.699+0000] {processor.py:914} INFO - Processing file /home/airflow/.local/lib/python3.12/site-packages/airflow/example_dags/example_python_decorator.py for tasks to queue
[2025-01-18T04:54:49.700+0000] {logging_mixin.py:190} INFO - [2025-01-18T04:54:49.700+0000] {dagbag.py:588} INFO - Filling up the DagBag from /home/airflow/.local/lib/python3.12/site-packages/airflow/example_dags/example_python_decorator.py
[2025-01-18T04:54:49.707+0000] {processor.py:925} INFO - DAG(s) 'example_python_decorator' retrieved from /home/airflow/.local/lib/python3.12/site-packages/airflow/example_dags/example_python_decorator.py
[2025-01-18T04:54:49.718+0000] {logging_mixin.py:190} INFO - [2025-01-18T04:54:49.718+0000] {dag.py:3239} INFO - Sync 1 DAGs
[2025-01-18T04:54:49.725+0000] {logging_mixin.py:190} INFO - [2025-01-18T04:54:49.725+0000] {dag.py:4180} INFO - Setting next_dagrun for example_python_decorator to None, run_after=None
[2025-01-18T04:54:49.734+0000] {processor.py:208} INFO - Processing /home/airflow/.local/lib/python3.12/site-packages/airflow/example_dags/example_python_decorator.py took 0.038 seconds
[2025-01-18T04:55:20.615+0000] {processor.py:186} INFO - Started process (PID=518) to work on /home/airflow/.local/lib/python3.12/site-packages/airflow/example_dags/example_python_decorator.py
[2025-01-18T04:55:20.616+0000] {processor.py:914} INFO - Processing file /home/airflow/.local/lib/python3.12/site-packages/airflow/example_dags/example_python_decorator.py for tasks to queue
[2025-01-18T04:55:20.617+0000] {logging_mixin.py:190} INFO - [2025-01-18T04:55:20.617+0000] {dagbag.py:588} INFO - Filling up the DagBag from /home/airflow/.local/lib/python3.12/site-packages/airflow/example_dags/example_python_decorator.py
[2025-01-18T04:55:20.624+0000] {processor.py:925} INFO - DAG(s) 'example_python_decorator' retrieved from /home/airflow/.local/lib/python3.12/site-packages/airflow/example_dags/example_python_decorator.py
[2025-01-18T04:55:20.637+0000] {logging_mixin.py:190} INFO - [2025-01-18T04:55:20.637+0000] {dag.py:3239} INFO - Sync 1 DAGs
[2025-01-18T04:55:20.644+0000] {logging_mixin.py:190} INFO - [2025-01-18T04:55:20.644+0000] {dag.py:4180} INFO - Setting next_dagrun for example_python_decorator to None, run_after=None
[2025-01-18T04:55:20.659+0000] {processor.py:208} INFO - Processing /home/airflow/.local/lib/python3.12/site-packages/airflow/example_dags/example_python_decorator.py took 0.048 seconds
[2025-01-18T04:55:51.640+0000] {processor.py:186} INFO - Started process (PID=581) to work on /home/airflow/.local/lib/python3.12/site-packages/airflow/example_dags/example_python_decorator.py
[2025-01-18T04:55:51.640+0000] {processor.py:914} INFO - Processing file /home/airflow/.local/lib/python3.12/site-packages/airflow/example_dags/example_python_decorator.py for tasks to queue
[2025-01-18T04:55:51.643+0000] {logging_mixin.py:190} INFO - [2025-01-18T04:55:51.643+0000] {dagbag.py:588} INFO - Filling up the DagBag from /home/airflow/.local/lib/python3.12/site-packages/airflow/example_dags/example_python_decorator.py
[2025-01-18T04:55:51.650+0000] {processor.py:925} INFO - DAG(s) 'example_python_decorator' retrieved from /home/airflow/.local/lib/python3.12/site-packages/airflow/example_dags/example_python_decorator.py
[2025-01-18T04:55:51.662+0000] {logging_mixin.py:190} INFO - [2025-01-18T04:55:51.662+0000] {dag.py:3239} INFO - Sync 1 DAGs
[2025-01-18T04:55:51.669+0000] {logging_mixin.py:190} INFO - [2025-01-18T04:55:51.669+0000] {dag.py:4180} INFO - Setting next_dagrun for example_python_decorator to None, run_after=None
[2025-01-18T04:55:51.677+0000] {processor.py:208} INFO - Processing /home/airflow/.local/lib/python3.12/site-packages/airflow/example_dags/example_python_decorator.py took 0.041 seconds
[2025-01-18T04:56:22.475+0000] {processor.py:186} INFO - Started process (PID=645) to work on /home/airflow/.local/lib/python3.12/site-packages/airflow/example_dags/example_python_decorator.py
[2025-01-18T04:56:22.475+0000] {processor.py:914} INFO - Processing file /home/airflow/.local/lib/python3.12/site-packages/airflow/example_dags/example_python_decorator.py for tasks to queue
[2025-01-18T04:56:22.477+0000] {logging_mixin.py:190} INFO - [2025-01-18T04:56:22.476+0000] {dagbag.py:588} INFO - Filling up the DagBag from /home/airflow/.local/lib/python3.12/site-packages/airflow/example_dags/example_python_decorator.py
[2025-01-18T04:56:22.484+0000] {processor.py:925} INFO - DAG(s) 'example_python_decorator' retrieved from /home/airflow/.local/lib/python3.12/site-packages/airflow/example_dags/example_python_decorator.py
[2025-01-18T04:56:22.496+0000] {logging_mixin.py:190} INFO - [2025-01-18T04:56:22.496+0000] {dag.py:3239} INFO - Sync 1 DAGs
[2025-01-18T04:56:22.503+0000] {logging_mixin.py:190} INFO - [2025-01-18T04:56:22.503+0000] {dag.py:4180} INFO - Setting next_dagrun for example_python_decorator to None, run_after=None
[2025-01-18T04:56:22.511+0000] {processor.py:208} INFO - Processing /home/airflow/.local/lib/python3.12/site-packages/airflow/example_dags/example_python_decorator.py took 0.039 seconds
[2025-01-18T04:56:53.351+0000] {processor.py:186} INFO - Started process (PID=708) to work on /home/airflow/.local/lib/python3.12/site-packages/airflow/example_dags/example_python_decorator.py
[2025-01-18T04:56:53.352+0000] {processor.py:914} INFO - Processing file /home/airflow/.local/lib/python3.12/site-packages/airflow/example_dags/example_python_decorator.py for tasks to queue
[2025-01-18T04:56:53.353+0000] {logging_mixin.py:190} INFO - [2025-01-18T04:56:53.353+0000] {dagbag.py:588} INFO - Filling up the DagBag from /home/airflow/.local/lib/python3.12/site-packages/airflow/example_dags/example_python_decorator.py
[2025-01-18T04:56:53.360+0000] {processor.py:925} INFO - DAG(s) 'example_python_decorator' retrieved from /home/airflow/.local/lib/python3.12/site-packages/airflow/example_dags/example_python_decorator.py
[2025-01-18T04:56:53.373+0000] {logging_mixin.py:190} INFO - [2025-01-18T04:56:53.372+0000] {dag.py:3239} INFO - Sync 1 DAGs
[2025-01-18T04:56:53.379+0000] {logging_mixin.py:190} INFO - [2025-01-18T04:56:53.379+0000] {dag.py:4180} INFO - Setting next_dagrun for example_python_decorator to None, run_after=None
[2025-01-18T04:56:53.387+0000] {processor.py:208} INFO - Processing /home/airflow/.local/lib/python3.12/site-packages/airflow/example_dags/example_python_decorator.py took 0.039 seconds
[2025-01-18T04:57:24.145+0000] {processor.py:186} INFO - Started process (PID=778) to work on /home/airflow/.local/lib/python3.12/site-packages/airflow/example_dags/example_python_decorator.py
[2025-01-18T04:57:24.145+0000] {processor.py:914} INFO - Processing file /home/airflow/.local/lib/python3.12/site-packages/airflow/example_dags/example_python_decorator.py for tasks to queue
[2025-01-18T04:57:24.147+0000] {logging_mixin.py:190} INFO - [2025-01-18T04:57:24.147+0000] {dagbag.py:588} INFO - Filling up the DagBag from /home/airflow/.local/lib/python3.12/site-packages/airflow/example_dags/example_python_decorator.py
[2025-01-18T04:57:24.155+0000] {processor.py:925} INFO - DAG(s) 'example_python_decorator' retrieved from /home/airflow/.local/lib/python3.12/site-packages/airflow/example_dags/example_python_decorator.py
[2025-01-18T04:57:24.168+0000] {logging_mixin.py:190} INFO - [2025-01-18T04:57:24.168+0000] {dag.py:3239} INFO - Sync 1 DAGs
[2025-01-18T04:57:24.175+0000] {logging_mixin.py:190} INFO - [2025-01-18T04:57:24.175+0000] {dag.py:4180} INFO - Setting next_dagrun for example_python_decorator to None, run_after=None
[2025-01-18T04:57:24.185+0000] {processor.py:208} INFO - Processing /home/airflow/.local/lib/python3.12/site-packages/airflow/example_dags/example_python_decorator.py took 0.044 seconds
[2025-01-18T04:57:54.945+0000] {processor.py:186} INFO - Started process (PID=841) to work on /home/airflow/.local/lib/python3.12/site-packages/airflow/example_dags/example_python_decorator.py
[2025-01-18T04:57:54.946+0000] {processor.py:914} INFO - Processing file /home/airflow/.local/lib/python3.12/site-packages/airflow/example_dags/example_python_decorator.py for tasks to queue
[2025-01-18T04:57:54.947+0000] {logging_mixin.py:190} INFO - [2025-01-18T04:57:54.947+0000] {dagbag.py:588} INFO - Filling up the DagBag from /home/airflow/.local/lib/python3.12/site-packages/airflow/example_dags/example_python_decorator.py
[2025-01-18T04:57:54.955+0000] {processor.py:925} INFO - DAG(s) 'example_python_decorator' retrieved from /home/airflow/.local/lib/python3.12/site-packages/airflow/example_dags/example_python_decorator.py
[2025-01-18T04:57:54.973+0000] {logging_mixin.py:190} INFO - [2025-01-18T04:57:54.973+0000] {dag.py:3239} INFO - Sync 1 DAGs
[2025-01-18T04:57:54.982+0000] {logging_mixin.py:190} INFO - [2025-01-18T04:57:54.982+0000] {dag.py:4180} INFO - Setting next_dagrun for example_python_decorator to None, run_after=None
[2025-01-18T04:57:54.993+0000] {processor.py:208} INFO - Processing /home/airflow/.local/lib/python3.12/site-packages/airflow/example_dags/example_python_decorator.py took 0.051 seconds
[2025-01-18T04:58:25.806+0000] {processor.py:186} INFO - Started process (PID=904) to work on /home/airflow/.local/lib/python3.12/site-packages/airflow/example_dags/example_python_decorator.py
[2025-01-18T04:58:25.806+0000] {processor.py:914} INFO - Processing file /home/airflow/.local/lib/python3.12/site-packages/airflow/example_dags/example_python_decorator.py for tasks to queue
[2025-01-18T04:58:25.809+0000] {logging_mixin.py:190} INFO - [2025-01-18T04:58:25.809+0000] {dagbag.py:588} INFO - Filling up the DagBag from /home/airflow/.local/lib/python3.12/site-packages/airflow/example_dags/example_python_decorator.py
[2025-01-18T04:58:25.817+0000] {processor.py:925} INFO - DAG(s) 'example_python_decorator' retrieved from /home/airflow/.local/lib/python3.12/site-packages/airflow/example_dags/example_python_decorator.py
[2025-01-18T04:58:25.832+0000] {logging_mixin.py:190} INFO - [2025-01-18T04:58:25.832+0000] {dag.py:3239} INFO - Sync 1 DAGs
[2025-01-18T04:58:25.839+0000] {logging_mixin.py:190} INFO - [2025-01-18T04:58:25.839+0000] {dag.py:4180} INFO - Setting next_dagrun for example_python_decorator to None, run_after=None
[2025-01-18T04:58:25.847+0000] {processor.py:208} INFO - Processing /home/airflow/.local/lib/python3.12/site-packages/airflow/example_dags/example_python_decorator.py took 0.045 seconds
[2025-01-18T04:58:56.678+0000] {processor.py:186} INFO - Started process (PID=966) to work on /home/airflow/.local/lib/python3.12/site-packages/airflow/example_dags/example_python_decorator.py
[2025-01-18T04:58:56.679+0000] {processor.py:914} INFO - Processing file /home/airflow/.local/lib/python3.12/site-packages/airflow/example_dags/example_python_decorator.py for tasks to queue
[2025-01-18T04:58:56.680+0000] {logging_mixin.py:190} INFO - [2025-01-18T04:58:56.680+0000] {dagbag.py:588} INFO - Filling up the DagBag from /home/airflow/.local/lib/python3.12/site-packages/airflow/example_dags/example_python_decorator.py
[2025-01-18T04:58:56.687+0000] {processor.py:925} INFO - DAG(s) 'example_python_decorator' retrieved from /home/airflow/.local/lib/python3.12/site-packages/airflow/example_dags/example_python_decorator.py
[2025-01-18T04:58:56.701+0000] {logging_mixin.py:190} INFO - [2025-01-18T04:58:56.701+0000] {dag.py:3239} INFO - Sync 1 DAGs
[2025-01-18T04:58:56.710+0000] {logging_mixin.py:190} INFO - [2025-01-18T04:58:56.710+0000] {dag.py:4180} INFO - Setting next_dagrun for example_python_decorator to None, run_after=None
[2025-01-18T04:58:56.720+0000] {processor.py:208} INFO - Processing /home/airflow/.local/lib/python3.12/site-packages/airflow/example_dags/example_python_decorator.py took 0.046 seconds
[2025-01-18T04:59:27.495+0000] {processor.py:186} INFO - Started process (PID=1029) to work on /home/airflow/.local/lib/python3.12/site-packages/airflow/example_dags/example_python_decorator.py
[2025-01-18T04:59:27.496+0000] {processor.py:914} INFO - Processing file /home/airflow/.local/lib/python3.12/site-packages/airflow/example_dags/example_python_decorator.py for tasks to queue
[2025-01-18T04:59:27.497+0000] {logging_mixin.py:190} INFO - [2025-01-18T04:59:27.497+0000] {dagbag.py:588} INFO - Filling up the DagBag from /home/airflow/.local/lib/python3.12/site-packages/airflow/example_dags/example_python_decorator.py
[2025-01-18T04:59:27.549+0000] {processor.py:925} INFO - DAG(s) 'example_python_decorator' retrieved from /home/airflow/.local/lib/python3.12/site-packages/airflow/example_dags/example_python_decorator.py
[2025-01-18T04:59:27.571+0000] {logging_mixin.py:190} INFO - [2025-01-18T04:59:27.571+0000] {dag.py:3239} INFO - Sync 1 DAGs
[2025-01-18T04:59:27.581+0000] {logging_mixin.py:190} INFO - [2025-01-18T04:59:27.581+0000] {dag.py:4180} INFO - Setting next_dagrun for example_python_decorator to None, run_after=None
[2025-01-18T04:59:27.593+0000] {processor.py:208} INFO - Processing /home/airflow/.local/lib/python3.12/site-packages/airflow/example_dags/example_python_decorator.py took 0.102 seconds
[2025-01-18T04:59:58.648+0000] {processor.py:186} INFO - Started process (PID=1092) to work on /home/airflow/.local/lib/python3.12/site-packages/airflow/example_dags/example_python_decorator.py
[2025-01-18T04:59:58.649+0000] {processor.py:914} INFO - Processing file /home/airflow/.local/lib/python3.12/site-packages/airflow/example_dags/example_python_decorator.py for tasks to queue
[2025-01-18T04:59:58.650+0000] {logging_mixin.py:190} INFO - [2025-01-18T04:59:58.650+0000] {dagbag.py:588} INFO - Filling up the DagBag from /home/airflow/.local/lib/python3.12/site-packages/airflow/example_dags/example_python_decorator.py
[2025-01-18T04:59:58.658+0000] {processor.py:925} INFO - DAG(s) 'example_python_decorator' retrieved from /home/airflow/.local/lib/python3.12/site-packages/airflow/example_dags/example_python_decorator.py
[2025-01-18T04:59:58.670+0000] {logging_mixin.py:190} INFO - [2025-01-18T04:59:58.670+0000] {dag.py:3239} INFO - Sync 1 DAGs
[2025-01-18T04:59:58.678+0000] {logging_mixin.py:190} INFO - [2025-01-18T04:59:58.678+0000] {dag.py:4180} INFO - Setting next_dagrun for example_python_decorator to None, run_after=None
[2025-01-18T04:59:58.688+0000] {processor.py:208} INFO - Processing /home/airflow/.local/lib/python3.12/site-packages/airflow/example_dags/example_python_decorator.py took 0.043 seconds
