[2025-01-18T04:51:44.863+0000] {processor.py:186} INFO - Started process (PID=70) to work on /home/airflow/.local/lib/python3.12/site-packages/airflow/example_dags/example_trigger_target_dag.py
[2025-01-18T04:51:44.864+0000] {processor.py:914} INFO - Processing file /home/airflow/.local/lib/python3.12/site-packages/airflow/example_dags/example_trigger_target_dag.py for tasks to queue
[2025-01-18T04:51:44.865+0000] {logging_mixin.py:190} INFO - [2025-01-18T04:51:44.865+0000] {dagbag.py:588} INFO - Filling up the DagBag from /home/airflow/.local/lib/python3.12/site-packages/airflow/example_dags/example_trigger_target_dag.py
[2025-01-18T04:51:44.871+0000] {processor.py:925} INFO - DAG(s) 'example_trigger_target_dag' retrieved from /home/airflow/.local/lib/python3.12/site-packages/airflow/example_dags/example_trigger_target_dag.py
[2025-01-18T04:51:44.927+0000] {logging_mixin.py:190} INFO - [2025-01-18T04:51:44.926+0000] {override.py:1911} INFO - Created Permission View: can edit on DAG:example_trigger_target_dag
[2025-01-18T04:51:44.933+0000] {logging_mixin.py:190} INFO - [2025-01-18T04:51:44.933+0000] {override.py:1911} INFO - Created Permission View: can read on DAG:example_trigger_target_dag
[2025-01-18T04:51:44.947+0000] {logging_mixin.py:190} INFO - [2025-01-18T04:51:44.947+0000] {override.py:1911} INFO - Created Permission View: can delete on DAG:example_trigger_target_dag
[2025-01-18T04:51:44.955+0000] {logging_mixin.py:190} INFO - [2025-01-18T04:51:44.954+0000] {override.py:1911} INFO - Created Permission View: can create on DAG Run:example_trigger_target_dag
[2025-01-18T04:51:44.959+0000] {logging_mixin.py:190} INFO - [2025-01-18T04:51:44.958+0000] {override.py:1911} INFO - Created Permission View: can read on DAG Run:example_trigger_target_dag
[2025-01-18T04:51:44.962+0000] {logging_mixin.py:190} INFO - [2025-01-18T04:51:44.962+0000] {override.py:1911} INFO - Created Permission View: can delete on DAG Run:example_trigger_target_dag
[2025-01-18T04:51:44.965+0000] {logging_mixin.py:190} INFO - [2025-01-18T04:51:44.965+0000] {override.py:1911} INFO - Created Permission View: menu access on DAG Run:example_trigger_target_dag
[2025-01-18T04:51:44.966+0000] {logging_mixin.py:190} INFO - [2025-01-18T04:51:44.966+0000] {dag.py:3239} INFO - Sync 1 DAGs
[2025-01-18T04:51:44.973+0000] {logging_mixin.py:190} INFO - [2025-01-18T04:51:44.973+0000] {dag.py:3262} INFO - Creating ORM DAG for example_trigger_target_dag
[2025-01-18T04:51:44.976+0000] {logging_mixin.py:190} INFO - [2025-01-18T04:51:44.976+0000] {dag.py:4180} INFO - Setting next_dagrun for example_trigger_target_dag to None, run_after=None
[2025-01-18T04:51:44.987+0000] {processor.py:208} INFO - Processing /home/airflow/.local/lib/python3.12/site-packages/airflow/example_dags/example_trigger_target_dag.py took 0.128 seconds
[2025-01-18T04:52:15.677+0000] {processor.py:186} INFO - Started process (PID=139) to work on /home/airflow/.local/lib/python3.12/site-packages/airflow/example_dags/example_trigger_target_dag.py
[2025-01-18T04:52:15.678+0000] {processor.py:914} INFO - Processing file /home/airflow/.local/lib/python3.12/site-packages/airflow/example_dags/example_trigger_target_dag.py for tasks to queue
[2025-01-18T04:52:15.679+0000] {logging_mixin.py:190} INFO - [2025-01-18T04:52:15.679+0000] {dagbag.py:588} INFO - Filling up the DagBag from /home/airflow/.local/lib/python3.12/site-packages/airflow/example_dags/example_trigger_target_dag.py
[2025-01-18T04:52:15.684+0000] {processor.py:925} INFO - DAG(s) 'example_trigger_target_dag' retrieved from /home/airflow/.local/lib/python3.12/site-packages/airflow/example_dags/example_trigger_target_dag.py
[2025-01-18T04:52:15.694+0000] {logging_mixin.py:190} INFO - [2025-01-18T04:52:15.694+0000] {dag.py:3239} INFO - Sync 1 DAGs
[2025-01-18T04:52:15.700+0000] {logging_mixin.py:190} INFO - [2025-01-18T04:52:15.700+0000] {dag.py:4180} INFO - Setting next_dagrun for example_trigger_target_dag to None, run_after=None
[2025-01-18T04:52:15.709+0000] {processor.py:208} INFO - Processing /home/airflow/.local/lib/python3.12/site-packages/airflow/example_dags/example_trigger_target_dag.py took 0.035 seconds
[2025-01-18T04:52:46.393+0000] {processor.py:186} INFO - Started process (PID=201) to work on /home/airflow/.local/lib/python3.12/site-packages/airflow/example_dags/example_trigger_target_dag.py
[2025-01-18T04:52:46.395+0000] {processor.py:914} INFO - Processing file /home/airflow/.local/lib/python3.12/site-packages/airflow/example_dags/example_trigger_target_dag.py for tasks to queue
[2025-01-18T04:52:46.396+0000] {logging_mixin.py:190} INFO - [2025-01-18T04:52:46.396+0000] {dagbag.py:588} INFO - Filling up the DagBag from /home/airflow/.local/lib/python3.12/site-packages/airflow/example_dags/example_trigger_target_dag.py
[2025-01-18T04:52:46.401+0000] {processor.py:925} INFO - DAG(s) 'example_trigger_target_dag' retrieved from /home/airflow/.local/lib/python3.12/site-packages/airflow/example_dags/example_trigger_target_dag.py
[2025-01-18T04:52:46.411+0000] {logging_mixin.py:190} INFO - [2025-01-18T04:52:46.411+0000] {dag.py:3239} INFO - Sync 1 DAGs
[2025-01-18T04:52:46.418+0000] {logging_mixin.py:190} INFO - [2025-01-18T04:52:46.418+0000] {dag.py:4180} INFO - Setting next_dagrun for example_trigger_target_dag to None, run_after=None
[2025-01-18T04:52:46.431+0000] {processor.py:208} INFO - Processing /home/airflow/.local/lib/python3.12/site-packages/airflow/example_dags/example_trigger_target_dag.py took 0.041 seconds
[2025-01-18T04:53:17.260+0000] {processor.py:186} INFO - Started process (PID=264) to work on /home/airflow/.local/lib/python3.12/site-packages/airflow/example_dags/example_trigger_target_dag.py
[2025-01-18T04:53:17.261+0000] {processor.py:914} INFO - Processing file /home/airflow/.local/lib/python3.12/site-packages/airflow/example_dags/example_trigger_target_dag.py for tasks to queue
[2025-01-18T04:53:17.262+0000] {logging_mixin.py:190} INFO - [2025-01-18T04:53:17.262+0000] {dagbag.py:588} INFO - Filling up the DagBag from /home/airflow/.local/lib/python3.12/site-packages/airflow/example_dags/example_trigger_target_dag.py
[2025-01-18T04:53:17.268+0000] {processor.py:925} INFO - DAG(s) 'example_trigger_target_dag' retrieved from /home/airflow/.local/lib/python3.12/site-packages/airflow/example_dags/example_trigger_target_dag.py
[2025-01-18T04:53:17.279+0000] {logging_mixin.py:190} INFO - [2025-01-18T04:53:17.279+0000] {dag.py:3239} INFO - Sync 1 DAGs
[2025-01-18T04:53:17.287+0000] {logging_mixin.py:190} INFO - [2025-01-18T04:53:17.287+0000] {dag.py:4180} INFO - Setting next_dagrun for example_trigger_target_dag to None, run_after=None
[2025-01-18T04:53:17.298+0000] {processor.py:208} INFO - Processing /home/airflow/.local/lib/python3.12/site-packages/airflow/example_dags/example_trigger_target_dag.py took 0.041 seconds
[2025-01-18T04:53:47.969+0000] {processor.py:186} INFO - Started process (PID=327) to work on /home/airflow/.local/lib/python3.12/site-packages/airflow/example_dags/example_trigger_target_dag.py
[2025-01-18T04:53:47.969+0000] {processor.py:914} INFO - Processing file /home/airflow/.local/lib/python3.12/site-packages/airflow/example_dags/example_trigger_target_dag.py for tasks to queue
[2025-01-18T04:53:47.971+0000] {logging_mixin.py:190} INFO - [2025-01-18T04:53:47.970+0000] {dagbag.py:588} INFO - Filling up the DagBag from /home/airflow/.local/lib/python3.12/site-packages/airflow/example_dags/example_trigger_target_dag.py
[2025-01-18T04:53:47.975+0000] {processor.py:925} INFO - DAG(s) 'example_trigger_target_dag' retrieved from /home/airflow/.local/lib/python3.12/site-packages/airflow/example_dags/example_trigger_target_dag.py
[2025-01-18T04:53:47.986+0000] {logging_mixin.py:190} INFO - [2025-01-18T04:53:47.986+0000] {dag.py:3239} INFO - Sync 1 DAGs
[2025-01-18T04:53:47.993+0000] {logging_mixin.py:190} INFO - [2025-01-18T04:53:47.993+0000] {dag.py:4180} INFO - Setting next_dagrun for example_trigger_target_dag to None, run_after=None
[2025-01-18T04:53:48.005+0000] {processor.py:208} INFO - Processing /home/airflow/.local/lib/python3.12/site-packages/airflow/example_dags/example_trigger_target_dag.py took 0.040 seconds
[2025-01-18T04:54:18.758+0000] {processor.py:186} INFO - Started process (PID=390) to work on /home/airflow/.local/lib/python3.12/site-packages/airflow/example_dags/example_trigger_target_dag.py
[2025-01-18T04:54:18.762+0000] {processor.py:914} INFO - Processing file /home/airflow/.local/lib/python3.12/site-packages/airflow/example_dags/example_trigger_target_dag.py for tasks to queue
[2025-01-18T04:54:18.764+0000] {logging_mixin.py:190} INFO - [2025-01-18T04:54:18.764+0000] {dagbag.py:588} INFO - Filling up the DagBag from /home/airflow/.local/lib/python3.12/site-packages/airflow/example_dags/example_trigger_target_dag.py
[2025-01-18T04:54:18.772+0000] {processor.py:925} INFO - DAG(s) 'example_trigger_target_dag' retrieved from /home/airflow/.local/lib/python3.12/site-packages/airflow/example_dags/example_trigger_target_dag.py
[2025-01-18T04:54:18.783+0000] {logging_mixin.py:190} INFO - [2025-01-18T04:54:18.783+0000] {dag.py:3239} INFO - Sync 1 DAGs
[2025-01-18T04:54:18.790+0000] {logging_mixin.py:190} INFO - [2025-01-18T04:54:18.790+0000] {dag.py:4180} INFO - Setting next_dagrun for example_trigger_target_dag to None, run_after=None
[2025-01-18T04:54:18.799+0000] {processor.py:208} INFO - Processing /home/airflow/.local/lib/python3.12/site-packages/airflow/example_dags/example_trigger_target_dag.py took 0.044 seconds
[2025-01-18T04:54:49.592+0000] {processor.py:186} INFO - Started process (PID=453) to work on /home/airflow/.local/lib/python3.12/site-packages/airflow/example_dags/example_trigger_target_dag.py
[2025-01-18T04:54:49.593+0000] {processor.py:914} INFO - Processing file /home/airflow/.local/lib/python3.12/site-packages/airflow/example_dags/example_trigger_target_dag.py for tasks to queue
[2025-01-18T04:54:49.594+0000] {logging_mixin.py:190} INFO - [2025-01-18T04:54:49.594+0000] {dagbag.py:588} INFO - Filling up the DagBag from /home/airflow/.local/lib/python3.12/site-packages/airflow/example_dags/example_trigger_target_dag.py
[2025-01-18T04:54:49.598+0000] {processor.py:925} INFO - DAG(s) 'example_trigger_target_dag' retrieved from /home/airflow/.local/lib/python3.12/site-packages/airflow/example_dags/example_trigger_target_dag.py
[2025-01-18T04:54:49.609+0000] {logging_mixin.py:190} INFO - [2025-01-18T04:54:49.609+0000] {dag.py:3239} INFO - Sync 1 DAGs
[2025-01-18T04:54:49.616+0000] {logging_mixin.py:190} INFO - [2025-01-18T04:54:49.616+0000] {dag.py:4180} INFO - Setting next_dagrun for example_trigger_target_dag to None, run_after=None
[2025-01-18T04:54:49.629+0000] {processor.py:208} INFO - Processing /home/airflow/.local/lib/python3.12/site-packages/airflow/example_dags/example_trigger_target_dag.py took 0.040 seconds
[2025-01-18T04:55:20.564+0000] {processor.py:186} INFO - Started process (PID=516) to work on /home/airflow/.local/lib/python3.12/site-packages/airflow/example_dags/example_trigger_target_dag.py
[2025-01-18T04:55:20.565+0000] {processor.py:914} INFO - Processing file /home/airflow/.local/lib/python3.12/site-packages/airflow/example_dags/example_trigger_target_dag.py for tasks to queue
[2025-01-18T04:55:20.569+0000] {logging_mixin.py:190} INFO - [2025-01-18T04:55:20.568+0000] {dagbag.py:588} INFO - Filling up the DagBag from /home/airflow/.local/lib/python3.12/site-packages/airflow/example_dags/example_trigger_target_dag.py
[2025-01-18T04:55:20.573+0000] {processor.py:925} INFO - DAG(s) 'example_trigger_target_dag' retrieved from /home/airflow/.local/lib/python3.12/site-packages/airflow/example_dags/example_trigger_target_dag.py
[2025-01-18T04:55:20.583+0000] {logging_mixin.py:190} INFO - [2025-01-18T04:55:20.583+0000] {dag.py:3239} INFO - Sync 1 DAGs
[2025-01-18T04:55:20.590+0000] {logging_mixin.py:190} INFO - [2025-01-18T04:55:20.590+0000] {dag.py:4180} INFO - Setting next_dagrun for example_trigger_target_dag to None, run_after=None
[2025-01-18T04:55:20.600+0000] {processor.py:208} INFO - Processing /home/airflow/.local/lib/python3.12/site-packages/airflow/example_dags/example_trigger_target_dag.py took 0.039 seconds
[2025-01-18T04:55:51.578+0000] {processor.py:186} INFO - Started process (PID=579) to work on /home/airflow/.local/lib/python3.12/site-packages/airflow/example_dags/example_trigger_target_dag.py
[2025-01-18T04:55:51.580+0000] {processor.py:914} INFO - Processing file /home/airflow/.local/lib/python3.12/site-packages/airflow/example_dags/example_trigger_target_dag.py for tasks to queue
[2025-01-18T04:55:51.581+0000] {logging_mixin.py:190} INFO - [2025-01-18T04:55:51.581+0000] {dagbag.py:588} INFO - Filling up the DagBag from /home/airflow/.local/lib/python3.12/site-packages/airflow/example_dags/example_trigger_target_dag.py
[2025-01-18T04:55:51.586+0000] {processor.py:925} INFO - DAG(s) 'example_trigger_target_dag' retrieved from /home/airflow/.local/lib/python3.12/site-packages/airflow/example_dags/example_trigger_target_dag.py
[2025-01-18T04:55:51.598+0000] {logging_mixin.py:190} INFO - [2025-01-18T04:55:51.598+0000] {dag.py:3239} INFO - Sync 1 DAGs
[2025-01-18T04:55:51.606+0000] {logging_mixin.py:190} INFO - [2025-01-18T04:55:51.606+0000] {dag.py:4180} INFO - Setting next_dagrun for example_trigger_target_dag to None, run_after=None
[2025-01-18T04:55:51.616+0000] {processor.py:208} INFO - Processing /home/airflow/.local/lib/python3.12/site-packages/airflow/example_dags/example_trigger_target_dag.py took 0.041 seconds
[2025-01-18T04:56:22.381+0000] {processor.py:186} INFO - Started process (PID=642) to work on /home/airflow/.local/lib/python3.12/site-packages/airflow/example_dags/example_trigger_target_dag.py
[2025-01-18T04:56:22.381+0000] {processor.py:914} INFO - Processing file /home/airflow/.local/lib/python3.12/site-packages/airflow/example_dags/example_trigger_target_dag.py for tasks to queue
[2025-01-18T04:56:22.382+0000] {logging_mixin.py:190} INFO - [2025-01-18T04:56:22.382+0000] {dagbag.py:588} INFO - Filling up the DagBag from /home/airflow/.local/lib/python3.12/site-packages/airflow/example_dags/example_trigger_target_dag.py
[2025-01-18T04:56:22.386+0000] {processor.py:925} INFO - DAG(s) 'example_trigger_target_dag' retrieved from /home/airflow/.local/lib/python3.12/site-packages/airflow/example_dags/example_trigger_target_dag.py
[2025-01-18T04:56:22.397+0000] {logging_mixin.py:190} INFO - [2025-01-18T04:56:22.397+0000] {dag.py:3239} INFO - Sync 1 DAGs
[2025-01-18T04:56:22.409+0000] {logging_mixin.py:190} INFO - [2025-01-18T04:56:22.409+0000] {dag.py:4180} INFO - Setting next_dagrun for example_trigger_target_dag to None, run_after=None
[2025-01-18T04:56:22.419+0000] {processor.py:208} INFO - Processing /home/airflow/.local/lib/python3.12/site-packages/airflow/example_dags/example_trigger_target_dag.py took 0.042 seconds
[2025-01-18T04:56:53.251+0000] {processor.py:186} INFO - Started process (PID=705) to work on /home/airflow/.local/lib/python3.12/site-packages/airflow/example_dags/example_trigger_target_dag.py
[2025-01-18T04:56:53.252+0000] {processor.py:914} INFO - Processing file /home/airflow/.local/lib/python3.12/site-packages/airflow/example_dags/example_trigger_target_dag.py for tasks to queue
[2025-01-18T04:56:53.253+0000] {logging_mixin.py:190} INFO - [2025-01-18T04:56:53.253+0000] {dagbag.py:588} INFO - Filling up the DagBag from /home/airflow/.local/lib/python3.12/site-packages/airflow/example_dags/example_trigger_target_dag.py
[2025-01-18T04:56:53.259+0000] {processor.py:925} INFO - DAG(s) 'example_trigger_target_dag' retrieved from /home/airflow/.local/lib/python3.12/site-packages/airflow/example_dags/example_trigger_target_dag.py
[2025-01-18T04:56:53.274+0000] {logging_mixin.py:190} INFO - [2025-01-18T04:56:53.273+0000] {dag.py:3239} INFO - Sync 1 DAGs
[2025-01-18T04:56:53.280+0000] {logging_mixin.py:190} INFO - [2025-01-18T04:56:53.280+0000] {dag.py:4180} INFO - Setting next_dagrun for example_trigger_target_dag to None, run_after=None
[2025-01-18T04:56:53.290+0000] {processor.py:208} INFO - Processing /home/airflow/.local/lib/python3.12/site-packages/airflow/example_dags/example_trigger_target_dag.py took 0.043 seconds
[2025-01-18T04:57:24.033+0000] {processor.py:186} INFO - Started process (PID=776) to work on /home/airflow/.local/lib/python3.12/site-packages/airflow/example_dags/example_trigger_target_dag.py
[2025-01-18T04:57:24.034+0000] {processor.py:914} INFO - Processing file /home/airflow/.local/lib/python3.12/site-packages/airflow/example_dags/example_trigger_target_dag.py for tasks to queue
[2025-01-18T04:57:24.035+0000] {logging_mixin.py:190} INFO - [2025-01-18T04:57:24.035+0000] {dagbag.py:588} INFO - Filling up the DagBag from /home/airflow/.local/lib/python3.12/site-packages/airflow/example_dags/example_trigger_target_dag.py
[2025-01-18T04:57:24.039+0000] {processor.py:925} INFO - DAG(s) 'example_trigger_target_dag' retrieved from /home/airflow/.local/lib/python3.12/site-packages/airflow/example_dags/example_trigger_target_dag.py
[2025-01-18T04:57:24.050+0000] {logging_mixin.py:190} INFO - [2025-01-18T04:57:24.050+0000] {dag.py:3239} INFO - Sync 1 DAGs
[2025-01-18T04:57:24.057+0000] {logging_mixin.py:190} INFO - [2025-01-18T04:57:24.057+0000] {dag.py:4180} INFO - Setting next_dagrun for example_trigger_target_dag to None, run_after=None
[2025-01-18T04:57:24.067+0000] {processor.py:208} INFO - Processing /home/airflow/.local/lib/python3.12/site-packages/airflow/example_dags/example_trigger_target_dag.py took 0.036 seconds
[2025-01-18T04:57:54.811+0000] {processor.py:186} INFO - Started process (PID=838) to work on /home/airflow/.local/lib/python3.12/site-packages/airflow/example_dags/example_trigger_target_dag.py
[2025-01-18T04:57:54.812+0000] {processor.py:914} INFO - Processing file /home/airflow/.local/lib/python3.12/site-packages/airflow/example_dags/example_trigger_target_dag.py for tasks to queue
[2025-01-18T04:57:54.815+0000] {logging_mixin.py:190} INFO - [2025-01-18T04:57:54.815+0000] {dagbag.py:588} INFO - Filling up the DagBag from /home/airflow/.local/lib/python3.12/site-packages/airflow/example_dags/example_trigger_target_dag.py
[2025-01-18T04:57:54.820+0000] {processor.py:925} INFO - DAG(s) 'example_trigger_target_dag' retrieved from /home/airflow/.local/lib/python3.12/site-packages/airflow/example_dags/example_trigger_target_dag.py
[2025-01-18T04:57:54.833+0000] {logging_mixin.py:190} INFO - [2025-01-18T04:57:54.832+0000] {dag.py:3239} INFO - Sync 1 DAGs
[2025-01-18T04:57:54.839+0000] {logging_mixin.py:190} INFO - [2025-01-18T04:57:54.839+0000] {dag.py:4180} INFO - Setting next_dagrun for example_trigger_target_dag to None, run_after=None
[2025-01-18T04:57:54.849+0000] {processor.py:208} INFO - Processing /home/airflow/.local/lib/python3.12/site-packages/airflow/example_dags/example_trigger_target_dag.py took 0.041 seconds
[2025-01-18T04:58:25.709+0000] {processor.py:186} INFO - Started process (PID=901) to work on /home/airflow/.local/lib/python3.12/site-packages/airflow/example_dags/example_trigger_target_dag.py
[2025-01-18T04:58:25.711+0000] {processor.py:914} INFO - Processing file /home/airflow/.local/lib/python3.12/site-packages/airflow/example_dags/example_trigger_target_dag.py for tasks to queue
[2025-01-18T04:58:25.713+0000] {logging_mixin.py:190} INFO - [2025-01-18T04:58:25.712+0000] {dagbag.py:588} INFO - Filling up the DagBag from /home/airflow/.local/lib/python3.12/site-packages/airflow/example_dags/example_trigger_target_dag.py
[2025-01-18T04:58:25.717+0000] {processor.py:925} INFO - DAG(s) 'example_trigger_target_dag' retrieved from /home/airflow/.local/lib/python3.12/site-packages/airflow/example_dags/example_trigger_target_dag.py
[2025-01-18T04:58:25.727+0000] {logging_mixin.py:190} INFO - [2025-01-18T04:58:25.727+0000] {dag.py:3239} INFO - Sync 1 DAGs
[2025-01-18T04:58:25.734+0000] {logging_mixin.py:190} INFO - [2025-01-18T04:58:25.734+0000] {dag.py:4180} INFO - Setting next_dagrun for example_trigger_target_dag to None, run_after=None
[2025-01-18T04:58:25.747+0000] {processor.py:208} INFO - Processing /home/airflow/.local/lib/python3.12/site-packages/airflow/example_dags/example_trigger_target_dag.py took 0.041 seconds
[2025-01-18T04:58:56.624+0000] {processor.py:186} INFO - Started process (PID=964) to work on /home/airflow/.local/lib/python3.12/site-packages/airflow/example_dags/example_trigger_target_dag.py
[2025-01-18T04:58:56.625+0000] {processor.py:914} INFO - Processing file /home/airflow/.local/lib/python3.12/site-packages/airflow/example_dags/example_trigger_target_dag.py for tasks to queue
[2025-01-18T04:58:56.626+0000] {logging_mixin.py:190} INFO - [2025-01-18T04:58:56.626+0000] {dagbag.py:588} INFO - Filling up the DagBag from /home/airflow/.local/lib/python3.12/site-packages/airflow/example_dags/example_trigger_target_dag.py
[2025-01-18T04:58:56.630+0000] {processor.py:925} INFO - DAG(s) 'example_trigger_target_dag' retrieved from /home/airflow/.local/lib/python3.12/site-packages/airflow/example_dags/example_trigger_target_dag.py
[2025-01-18T04:58:56.642+0000] {logging_mixin.py:190} INFO - [2025-01-18T04:58:56.642+0000] {dag.py:3239} INFO - Sync 1 DAGs
[2025-01-18T04:58:56.650+0000] {logging_mixin.py:190} INFO - [2025-01-18T04:58:56.650+0000] {dag.py:4180} INFO - Setting next_dagrun for example_trigger_target_dag to None, run_after=None
[2025-01-18T04:58:56.662+0000] {processor.py:208} INFO - Processing /home/airflow/.local/lib/python3.12/site-packages/airflow/example_dags/example_trigger_target_dag.py took 0.041 seconds
[2025-01-18T04:59:27.443+0000] {processor.py:186} INFO - Started process (PID=1027) to work on /home/airflow/.local/lib/python3.12/site-packages/airflow/example_dags/example_trigger_target_dag.py
[2025-01-18T04:59:27.445+0000] {processor.py:914} INFO - Processing file /home/airflow/.local/lib/python3.12/site-packages/airflow/example_dags/example_trigger_target_dag.py for tasks to queue
[2025-01-18T04:59:27.446+0000] {logging_mixin.py:190} INFO - [2025-01-18T04:59:27.446+0000] {dagbag.py:588} INFO - Filling up the DagBag from /home/airflow/.local/lib/python3.12/site-packages/airflow/example_dags/example_trigger_target_dag.py
[2025-01-18T04:59:27.450+0000] {processor.py:925} INFO - DAG(s) 'example_trigger_target_dag' retrieved from /home/airflow/.local/lib/python3.12/site-packages/airflow/example_dags/example_trigger_target_dag.py
[2025-01-18T04:59:27.460+0000] {logging_mixin.py:190} INFO - [2025-01-18T04:59:27.460+0000] {dag.py:3239} INFO - Sync 1 DAGs
[2025-01-18T04:59:27.469+0000] {logging_mixin.py:190} INFO - [2025-01-18T04:59:27.469+0000] {dag.py:4180} INFO - Setting next_dagrun for example_trigger_target_dag to None, run_after=None
[2025-01-18T04:59:27.478+0000] {processor.py:208} INFO - Processing /home/airflow/.local/lib/python3.12/site-packages/airflow/example_dags/example_trigger_target_dag.py took 0.039 seconds
[2025-01-18T04:59:58.582+0000] {processor.py:186} INFO - Started process (PID=1090) to work on /home/airflow/.local/lib/python3.12/site-packages/airflow/example_dags/example_trigger_target_dag.py
[2025-01-18T04:59:58.583+0000] {processor.py:914} INFO - Processing file /home/airflow/.local/lib/python3.12/site-packages/airflow/example_dags/example_trigger_target_dag.py for tasks to queue
[2025-01-18T04:59:58.585+0000] {logging_mixin.py:190} INFO - [2025-01-18T04:59:58.584+0000] {dagbag.py:588} INFO - Filling up the DagBag from /home/airflow/.local/lib/python3.12/site-packages/airflow/example_dags/example_trigger_target_dag.py
[2025-01-18T04:59:58.589+0000] {processor.py:925} INFO - DAG(s) 'example_trigger_target_dag' retrieved from /home/airflow/.local/lib/python3.12/site-packages/airflow/example_dags/example_trigger_target_dag.py
[2025-01-18T04:59:58.601+0000] {logging_mixin.py:190} INFO - [2025-01-18T04:59:58.601+0000] {dag.py:3239} INFO - Sync 1 DAGs
[2025-01-18T04:59:58.609+0000] {logging_mixin.py:190} INFO - [2025-01-18T04:59:58.609+0000] {dag.py:4180} INFO - Setting next_dagrun for example_trigger_target_dag to None, run_after=None
[2025-01-18T04:59:58.624+0000] {processor.py:208} INFO - Processing /home/airflow/.local/lib/python3.12/site-packages/airflow/example_dags/example_trigger_target_dag.py took 0.044 seconds
