[2025-01-18T04:51:43.974+0000] {processor.py:186} INFO - Started process (PID=59) to work on /home/airflow/.local/lib/python3.12/site-packages/airflow/example_dags/example_dag_decorator.py
[2025-01-18T04:51:43.975+0000] {processor.py:914} INFO - Processing file /home/airflow/.local/lib/python3.12/site-packages/airflow/example_dags/example_dag_decorator.py for tasks to queue
[2025-01-18T04:51:43.976+0000] {logging_mixin.py:190} INFO - [2025-01-18T04:51:43.976+0000] {dagbag.py:588} INFO - Filling up the DagBag from /home/airflow/.local/lib/python3.12/site-packages/airflow/example_dags/example_dag_decorator.py
[2025-01-18T04:51:43.988+0000] {processor.py:925} INFO - DAG(s) 'example_dag_decorator' retrieved from /home/airflow/.local/lib/python3.12/site-packages/airflow/example_dags/example_dag_decorator.py
[2025-01-18T04:51:44.037+0000] {logging_mixin.py:190} INFO - [2025-01-18T04:51:44.037+0000] {override.py:1911} INFO - Created Permission View: can edit on DAG:example_dag_decorator
[2025-01-18T04:51:44.042+0000] {logging_mixin.py:190} INFO - [2025-01-18T04:51:44.042+0000] {override.py:1911} INFO - Created Permission View: can read on DAG:example_dag_decorator
[2025-01-18T04:51:44.045+0000] {logging_mixin.py:190} INFO - [2025-01-18T04:51:44.045+0000] {override.py:1911} INFO - Created Permission View: can delete on DAG:example_dag_decorator
[2025-01-18T04:51:44.048+0000] {logging_mixin.py:190} INFO - [2025-01-18T04:51:44.048+0000] {override.py:1911} INFO - Created Permission View: can create on DAG Run:example_dag_decorator
[2025-01-18T04:51:44.052+0000] {logging_mixin.py:190} INFO - [2025-01-18T04:51:44.051+0000] {override.py:1911} INFO - Created Permission View: can read on DAG Run:example_dag_decorator
[2025-01-18T04:51:44.054+0000] {logging_mixin.py:190} INFO - [2025-01-18T04:51:44.054+0000] {override.py:1911} INFO - Created Permission View: can delete on DAG Run:example_dag_decorator
[2025-01-18T04:51:44.057+0000] {logging_mixin.py:190} INFO - [2025-01-18T04:51:44.057+0000] {override.py:1911} INFO - Created Permission View: menu access on DAG Run:example_dag_decorator
[2025-01-18T04:51:44.057+0000] {logging_mixin.py:190} INFO - [2025-01-18T04:51:44.057+0000] {dag.py:3239} INFO - Sync 1 DAGs
[2025-01-18T04:51:44.063+0000] {logging_mixin.py:190} INFO - [2025-01-18T04:51:44.063+0000] {dag.py:3262} INFO - Creating ORM DAG for example_dag_decorator
[2025-01-18T04:51:44.065+0000] {logging_mixin.py:190} INFO - [2025-01-18T04:51:44.065+0000] {dag.py:4180} INFO - Setting next_dagrun for example_dag_decorator to None, run_after=None
[2025-01-18T04:51:44.072+0000] {processor.py:208} INFO - Processing /home/airflow/.local/lib/python3.12/site-packages/airflow/example_dags/example_dag_decorator.py took 0.102 seconds
[2025-01-18T04:52:15.375+0000] {processor.py:186} INFO - Started process (PID=128) to work on /home/airflow/.local/lib/python3.12/site-packages/airflow/example_dags/example_dag_decorator.py
[2025-01-18T04:52:15.378+0000] {processor.py:914} INFO - Processing file /home/airflow/.local/lib/python3.12/site-packages/airflow/example_dags/example_dag_decorator.py for tasks to queue
[2025-01-18T04:52:15.379+0000] {logging_mixin.py:190} INFO - [2025-01-18T04:52:15.379+0000] {dagbag.py:588} INFO - Filling up the DagBag from /home/airflow/.local/lib/python3.12/site-packages/airflow/example_dags/example_dag_decorator.py
[2025-01-18T04:52:15.386+0000] {processor.py:925} INFO - DAG(s) 'example_dag_decorator' retrieved from /home/airflow/.local/lib/python3.12/site-packages/airflow/example_dags/example_dag_decorator.py
[2025-01-18T04:52:15.399+0000] {logging_mixin.py:190} INFO - [2025-01-18T04:52:15.398+0000] {dag.py:3239} INFO - Sync 1 DAGs
[2025-01-18T04:52:15.408+0000] {logging_mixin.py:190} INFO - [2025-01-18T04:52:15.408+0000] {dag.py:4180} INFO - Setting next_dagrun for example_dag_decorator to None, run_after=None
[2025-01-18T04:52:15.424+0000] {processor.py:208} INFO - Processing /home/airflow/.local/lib/python3.12/site-packages/airflow/example_dags/example_dag_decorator.py took 0.052 seconds
[2025-01-18T04:52:46.095+0000] {processor.py:186} INFO - Started process (PID=191) to work on /home/airflow/.local/lib/python3.12/site-packages/airflow/example_dags/example_dag_decorator.py
[2025-01-18T04:52:46.096+0000] {processor.py:914} INFO - Processing file /home/airflow/.local/lib/python3.12/site-packages/airflow/example_dags/example_dag_decorator.py for tasks to queue
[2025-01-18T04:52:46.101+0000] {logging_mixin.py:190} INFO - [2025-01-18T04:52:46.101+0000] {dagbag.py:588} INFO - Filling up the DagBag from /home/airflow/.local/lib/python3.12/site-packages/airflow/example_dags/example_dag_decorator.py
[2025-01-18T04:52:46.108+0000] {processor.py:925} INFO - DAG(s) 'example_dag_decorator' retrieved from /home/airflow/.local/lib/python3.12/site-packages/airflow/example_dags/example_dag_decorator.py
[2025-01-18T04:52:46.120+0000] {logging_mixin.py:190} INFO - [2025-01-18T04:52:46.120+0000] {dag.py:3239} INFO - Sync 1 DAGs
[2025-01-18T04:52:46.127+0000] {logging_mixin.py:190} INFO - [2025-01-18T04:52:46.127+0000] {dag.py:4180} INFO - Setting next_dagrun for example_dag_decorator to None, run_after=None
[2025-01-18T04:52:46.136+0000] {processor.py:208} INFO - Processing /home/airflow/.local/lib/python3.12/site-packages/airflow/example_dags/example_dag_decorator.py took 0.044 seconds
[2025-01-18T04:53:16.976+0000] {processor.py:186} INFO - Started process (PID=254) to work on /home/airflow/.local/lib/python3.12/site-packages/airflow/example_dags/example_dag_decorator.py
[2025-01-18T04:53:16.977+0000] {processor.py:914} INFO - Processing file /home/airflow/.local/lib/python3.12/site-packages/airflow/example_dags/example_dag_decorator.py for tasks to queue
[2025-01-18T04:53:16.978+0000] {logging_mixin.py:190} INFO - [2025-01-18T04:53:16.978+0000] {dagbag.py:588} INFO - Filling up the DagBag from /home/airflow/.local/lib/python3.12/site-packages/airflow/example_dags/example_dag_decorator.py
[2025-01-18T04:53:16.985+0000] {processor.py:925} INFO - DAG(s) 'example_dag_decorator' retrieved from /home/airflow/.local/lib/python3.12/site-packages/airflow/example_dags/example_dag_decorator.py
[2025-01-18T04:53:16.996+0000] {logging_mixin.py:190} INFO - [2025-01-18T04:53:16.996+0000] {dag.py:3239} INFO - Sync 1 DAGs
[2025-01-18T04:53:17.004+0000] {logging_mixin.py:190} INFO - [2025-01-18T04:53:17.004+0000] {dag.py:4180} INFO - Setting next_dagrun for example_dag_decorator to None, run_after=None
[2025-01-18T04:53:17.013+0000] {processor.py:208} INFO - Processing /home/airflow/.local/lib/python3.12/site-packages/airflow/example_dags/example_dag_decorator.py took 0.040 seconds
[2025-01-18T04:53:47.691+0000] {processor.py:186} INFO - Started process (PID=317) to work on /home/airflow/.local/lib/python3.12/site-packages/airflow/example_dags/example_dag_decorator.py
[2025-01-18T04:53:47.692+0000] {processor.py:914} INFO - Processing file /home/airflow/.local/lib/python3.12/site-packages/airflow/example_dags/example_dag_decorator.py for tasks to queue
[2025-01-18T04:53:47.693+0000] {logging_mixin.py:190} INFO - [2025-01-18T04:53:47.693+0000] {dagbag.py:588} INFO - Filling up the DagBag from /home/airflow/.local/lib/python3.12/site-packages/airflow/example_dags/example_dag_decorator.py
[2025-01-18T04:53:47.700+0000] {processor.py:925} INFO - DAG(s) 'example_dag_decorator' retrieved from /home/airflow/.local/lib/python3.12/site-packages/airflow/example_dags/example_dag_decorator.py
[2025-01-18T04:53:47.713+0000] {logging_mixin.py:190} INFO - [2025-01-18T04:53:47.713+0000] {dag.py:3239} INFO - Sync 1 DAGs
[2025-01-18T04:53:47.720+0000] {logging_mixin.py:190} INFO - [2025-01-18T04:53:47.720+0000] {dag.py:4180} INFO - Setting next_dagrun for example_dag_decorator to None, run_after=None
[2025-01-18T04:53:47.729+0000] {processor.py:208} INFO - Processing /home/airflow/.local/lib/python3.12/site-packages/airflow/example_dags/example_dag_decorator.py took 0.041 seconds
[2025-01-18T04:54:18.483+0000] {processor.py:186} INFO - Started process (PID=380) to work on /home/airflow/.local/lib/python3.12/site-packages/airflow/example_dags/example_dag_decorator.py
[2025-01-18T04:54:18.483+0000] {processor.py:914} INFO - Processing file /home/airflow/.local/lib/python3.12/site-packages/airflow/example_dags/example_dag_decorator.py for tasks to queue
[2025-01-18T04:54:18.487+0000] {logging_mixin.py:190} INFO - [2025-01-18T04:54:18.487+0000] {dagbag.py:588} INFO - Filling up the DagBag from /home/airflow/.local/lib/python3.12/site-packages/airflow/example_dags/example_dag_decorator.py
[2025-01-18T04:54:18.493+0000] {processor.py:925} INFO - DAG(s) 'example_dag_decorator' retrieved from /home/airflow/.local/lib/python3.12/site-packages/airflow/example_dags/example_dag_decorator.py
[2025-01-18T04:54:18.507+0000] {logging_mixin.py:190} INFO - [2025-01-18T04:54:18.506+0000] {dag.py:3239} INFO - Sync 1 DAGs
[2025-01-18T04:54:18.514+0000] {logging_mixin.py:190} INFO - [2025-01-18T04:54:18.514+0000] {dag.py:4180} INFO - Setting next_dagrun for example_dag_decorator to None, run_after=None
[2025-01-18T04:54:18.523+0000] {processor.py:208} INFO - Processing /home/airflow/.local/lib/python3.12/site-packages/airflow/example_dags/example_dag_decorator.py took 0.044 seconds
[2025-01-18T04:54:49.277+0000] {processor.py:186} INFO - Started process (PID=443) to work on /home/airflow/.local/lib/python3.12/site-packages/airflow/example_dags/example_dag_decorator.py
[2025-01-18T04:54:49.278+0000] {processor.py:914} INFO - Processing file /home/airflow/.local/lib/python3.12/site-packages/airflow/example_dags/example_dag_decorator.py for tasks to queue
[2025-01-18T04:54:49.279+0000] {logging_mixin.py:190} INFO - [2025-01-18T04:54:49.279+0000] {dagbag.py:588} INFO - Filling up the DagBag from /home/airflow/.local/lib/python3.12/site-packages/airflow/example_dags/example_dag_decorator.py
[2025-01-18T04:54:49.286+0000] {processor.py:925} INFO - DAG(s) 'example_dag_decorator' retrieved from /home/airflow/.local/lib/python3.12/site-packages/airflow/example_dags/example_dag_decorator.py
[2025-01-18T04:54:49.347+0000] {logging_mixin.py:190} INFO - [2025-01-18T04:54:49.347+0000] {dag.py:3239} INFO - Sync 1 DAGs
[2025-01-18T04:54:49.354+0000] {logging_mixin.py:190} INFO - [2025-01-18T04:54:49.354+0000] {dag.py:4180} INFO - Setting next_dagrun for example_dag_decorator to None, run_after=None
[2025-01-18T04:54:49.365+0000] {processor.py:208} INFO - Processing /home/airflow/.local/lib/python3.12/site-packages/airflow/example_dags/example_dag_decorator.py took 0.092 seconds
[2025-01-18T04:55:20.262+0000] {processor.py:186} INFO - Started process (PID=506) to work on /home/airflow/.local/lib/python3.12/site-packages/airflow/example_dags/example_dag_decorator.py
[2025-01-18T04:55:20.262+0000] {processor.py:914} INFO - Processing file /home/airflow/.local/lib/python3.12/site-packages/airflow/example_dags/example_dag_decorator.py for tasks to queue
[2025-01-18T04:55:20.264+0000] {logging_mixin.py:190} INFO - [2025-01-18T04:55:20.264+0000] {dagbag.py:588} INFO - Filling up the DagBag from /home/airflow/.local/lib/python3.12/site-packages/airflow/example_dags/example_dag_decorator.py
[2025-01-18T04:55:20.270+0000] {processor.py:925} INFO - DAG(s) 'example_dag_decorator' retrieved from /home/airflow/.local/lib/python3.12/site-packages/airflow/example_dags/example_dag_decorator.py
[2025-01-18T04:55:20.330+0000] {logging_mixin.py:190} INFO - [2025-01-18T04:55:20.330+0000] {dag.py:3239} INFO - Sync 1 DAGs
[2025-01-18T04:55:20.336+0000] {logging_mixin.py:190} INFO - [2025-01-18T04:55:20.335+0000] {dag.py:4180} INFO - Setting next_dagrun for example_dag_decorator to None, run_after=None
[2025-01-18T04:55:20.345+0000] {processor.py:208} INFO - Processing /home/airflow/.local/lib/python3.12/site-packages/airflow/example_dags/example_dag_decorator.py took 0.086 seconds
[2025-01-18T04:55:51.266+0000] {processor.py:186} INFO - Started process (PID=569) to work on /home/airflow/.local/lib/python3.12/site-packages/airflow/example_dags/example_dag_decorator.py
[2025-01-18T04:55:51.267+0000] {processor.py:914} INFO - Processing file /home/airflow/.local/lib/python3.12/site-packages/airflow/example_dags/example_dag_decorator.py for tasks to queue
[2025-01-18T04:55:51.269+0000] {logging_mixin.py:190} INFO - [2025-01-18T04:55:51.269+0000] {dagbag.py:588} INFO - Filling up the DagBag from /home/airflow/.local/lib/python3.12/site-packages/airflow/example_dags/example_dag_decorator.py
[2025-01-18T04:55:51.275+0000] {processor.py:925} INFO - DAG(s) 'example_dag_decorator' retrieved from /home/airflow/.local/lib/python3.12/site-packages/airflow/example_dags/example_dag_decorator.py
[2025-01-18T04:55:51.334+0000] {logging_mixin.py:190} INFO - [2025-01-18T04:55:51.333+0000] {dag.py:3239} INFO - Sync 1 DAGs
[2025-01-18T04:55:51.340+0000] {logging_mixin.py:190} INFO - [2025-01-18T04:55:51.340+0000] {dag.py:4180} INFO - Setting next_dagrun for example_dag_decorator to None, run_after=None
[2025-01-18T04:55:51.352+0000] {processor.py:208} INFO - Processing /home/airflow/.local/lib/python3.12/site-packages/airflow/example_dags/example_dag_decorator.py took 0.089 seconds
[2025-01-18T04:56:22.070+0000] {processor.py:186} INFO - Started process (PID=632) to work on /home/airflow/.local/lib/python3.12/site-packages/airflow/example_dags/example_dag_decorator.py
[2025-01-18T04:56:22.071+0000] {processor.py:914} INFO - Processing file /home/airflow/.local/lib/python3.12/site-packages/airflow/example_dags/example_dag_decorator.py for tasks to queue
[2025-01-18T04:56:22.073+0000] {logging_mixin.py:190} INFO - [2025-01-18T04:56:22.073+0000] {dagbag.py:588} INFO - Filling up the DagBag from /home/airflow/.local/lib/python3.12/site-packages/airflow/example_dags/example_dag_decorator.py
[2025-01-18T04:56:22.082+0000] {processor.py:925} INFO - DAG(s) 'example_dag_decorator' retrieved from /home/airflow/.local/lib/python3.12/site-packages/airflow/example_dags/example_dag_decorator.py
[2025-01-18T04:56:22.142+0000] {logging_mixin.py:190} INFO - [2025-01-18T04:56:22.142+0000] {dag.py:3239} INFO - Sync 1 DAGs
[2025-01-18T04:56:22.148+0000] {logging_mixin.py:190} INFO - [2025-01-18T04:56:22.148+0000] {dag.py:4180} INFO - Setting next_dagrun for example_dag_decorator to None, run_after=None
[2025-01-18T04:56:22.157+0000] {processor.py:208} INFO - Processing /home/airflow/.local/lib/python3.12/site-packages/airflow/example_dags/example_dag_decorator.py took 0.090 seconds
[2025-01-18T04:56:52.917+0000] {processor.py:186} INFO - Started process (PID=695) to work on /home/airflow/.local/lib/python3.12/site-packages/airflow/example_dags/example_dag_decorator.py
[2025-01-18T04:56:52.917+0000] {processor.py:914} INFO - Processing file /home/airflow/.local/lib/python3.12/site-packages/airflow/example_dags/example_dag_decorator.py for tasks to queue
[2025-01-18T04:56:52.918+0000] {logging_mixin.py:190} INFO - [2025-01-18T04:56:52.918+0000] {dagbag.py:588} INFO - Filling up the DagBag from /home/airflow/.local/lib/python3.12/site-packages/airflow/example_dags/example_dag_decorator.py
[2025-01-18T04:56:52.925+0000] {processor.py:925} INFO - DAG(s) 'example_dag_decorator' retrieved from /home/airflow/.local/lib/python3.12/site-packages/airflow/example_dags/example_dag_decorator.py
[2025-01-18T04:56:52.980+0000] {logging_mixin.py:190} INFO - [2025-01-18T04:56:52.980+0000] {dag.py:3239} INFO - Sync 1 DAGs
[2025-01-18T04:56:52.988+0000] {logging_mixin.py:190} INFO - [2025-01-18T04:56:52.988+0000] {dag.py:4180} INFO - Setting next_dagrun for example_dag_decorator to None, run_after=None
[2025-01-18T04:56:52.998+0000] {processor.py:208} INFO - Processing /home/airflow/.local/lib/python3.12/site-packages/airflow/example_dags/example_dag_decorator.py took 0.085 seconds
[2025-01-18T04:57:23.654+0000] {processor.py:186} INFO - Started process (PID=765) to work on /home/airflow/.local/lib/python3.12/site-packages/airflow/example_dags/example_dag_decorator.py
[2025-01-18T04:57:23.655+0000] {processor.py:914} INFO - Processing file /home/airflow/.local/lib/python3.12/site-packages/airflow/example_dags/example_dag_decorator.py for tasks to queue
[2025-01-18T04:57:23.658+0000] {logging_mixin.py:190} INFO - [2025-01-18T04:57:23.658+0000] {dagbag.py:588} INFO - Filling up the DagBag from /home/airflow/.local/lib/python3.12/site-packages/airflow/example_dags/example_dag_decorator.py
[2025-01-18T04:57:23.665+0000] {processor.py:925} INFO - DAG(s) 'example_dag_decorator' retrieved from /home/airflow/.local/lib/python3.12/site-packages/airflow/example_dags/example_dag_decorator.py
[2025-01-18T04:57:23.725+0000] {logging_mixin.py:190} INFO - [2025-01-18T04:57:23.725+0000] {dag.py:3239} INFO - Sync 1 DAGs
[2025-01-18T04:57:23.734+0000] {logging_mixin.py:190} INFO - [2025-01-18T04:57:23.734+0000] {dag.py:4180} INFO - Setting next_dagrun for example_dag_decorator to None, run_after=None
[2025-01-18T04:57:23.744+0000] {processor.py:208} INFO - Processing /home/airflow/.local/lib/python3.12/site-packages/airflow/example_dags/example_dag_decorator.py took 0.093 seconds
[2025-01-18T04:57:54.479+0000] {processor.py:186} INFO - Started process (PID=828) to work on /home/airflow/.local/lib/python3.12/site-packages/airflow/example_dags/example_dag_decorator.py
[2025-01-18T04:57:54.481+0000] {processor.py:914} INFO - Processing file /home/airflow/.local/lib/python3.12/site-packages/airflow/example_dags/example_dag_decorator.py for tasks to queue
[2025-01-18T04:57:54.482+0000] {logging_mixin.py:190} INFO - [2025-01-18T04:57:54.482+0000] {dagbag.py:588} INFO - Filling up the DagBag from /home/airflow/.local/lib/python3.12/site-packages/airflow/example_dags/example_dag_decorator.py
[2025-01-18T04:57:54.489+0000] {processor.py:925} INFO - DAG(s) 'example_dag_decorator' retrieved from /home/airflow/.local/lib/python3.12/site-packages/airflow/example_dags/example_dag_decorator.py
[2025-01-18T04:57:54.544+0000] {logging_mixin.py:190} INFO - [2025-01-18T04:57:54.544+0000] {dag.py:3239} INFO - Sync 1 DAGs
[2025-01-18T04:57:54.550+0000] {logging_mixin.py:190} INFO - [2025-01-18T04:57:54.550+0000] {dag.py:4180} INFO - Setting next_dagrun for example_dag_decorator to None, run_after=None
[2025-01-18T04:57:54.563+0000] {processor.py:208} INFO - Processing /home/airflow/.local/lib/python3.12/site-packages/airflow/example_dags/example_dag_decorator.py took 0.087 seconds
[2025-01-18T04:58:25.366+0000] {processor.py:186} INFO - Started process (PID=891) to work on /home/airflow/.local/lib/python3.12/site-packages/airflow/example_dags/example_dag_decorator.py
[2025-01-18T04:58:25.370+0000] {processor.py:914} INFO - Processing file /home/airflow/.local/lib/python3.12/site-packages/airflow/example_dags/example_dag_decorator.py for tasks to queue
[2025-01-18T04:58:25.372+0000] {logging_mixin.py:190} INFO - [2025-01-18T04:58:25.372+0000] {dagbag.py:588} INFO - Filling up the DagBag from /home/airflow/.local/lib/python3.12/site-packages/airflow/example_dags/example_dag_decorator.py
[2025-01-18T04:58:25.379+0000] {processor.py:925} INFO - DAG(s) 'example_dag_decorator' retrieved from /home/airflow/.local/lib/python3.12/site-packages/airflow/example_dags/example_dag_decorator.py
[2025-01-18T04:58:25.434+0000] {logging_mixin.py:190} INFO - [2025-01-18T04:58:25.434+0000] {dag.py:3239} INFO - Sync 1 DAGs
[2025-01-18T04:58:25.443+0000] {logging_mixin.py:190} INFO - [2025-01-18T04:58:25.443+0000] {dag.py:4180} INFO - Setting next_dagrun for example_dag_decorator to None, run_after=None
[2025-01-18T04:58:25.461+0000] {processor.py:208} INFO - Processing /home/airflow/.local/lib/python3.12/site-packages/airflow/example_dags/example_dag_decorator.py took 0.099 seconds
[2025-01-18T04:58:56.298+0000] {processor.py:186} INFO - Started process (PID=954) to work on /home/airflow/.local/lib/python3.12/site-packages/airflow/example_dags/example_dag_decorator.py
[2025-01-18T04:58:56.298+0000] {processor.py:914} INFO - Processing file /home/airflow/.local/lib/python3.12/site-packages/airflow/example_dags/example_dag_decorator.py for tasks to queue
[2025-01-18T04:58:56.301+0000] {logging_mixin.py:190} INFO - [2025-01-18T04:58:56.301+0000] {dagbag.py:588} INFO - Filling up the DagBag from /home/airflow/.local/lib/python3.12/site-packages/airflow/example_dags/example_dag_decorator.py
[2025-01-18T04:58:56.309+0000] {processor.py:925} INFO - DAG(s) 'example_dag_decorator' retrieved from /home/airflow/.local/lib/python3.12/site-packages/airflow/example_dags/example_dag_decorator.py
[2025-01-18T04:58:56.371+0000] {logging_mixin.py:190} INFO - [2025-01-18T04:58:56.371+0000] {dag.py:3239} INFO - Sync 1 DAGs
[2025-01-18T04:58:56.376+0000] {logging_mixin.py:190} INFO - [2025-01-18T04:58:56.376+0000] {dag.py:4180} INFO - Setting next_dagrun for example_dag_decorator to None, run_after=None
[2025-01-18T04:58:56.386+0000] {processor.py:208} INFO - Processing /home/airflow/.local/lib/python3.12/site-packages/airflow/example_dags/example_dag_decorator.py took 0.092 seconds
[2025-01-18T04:59:27.149+0000] {processor.py:186} INFO - Started process (PID=1017) to work on /home/airflow/.local/lib/python3.12/site-packages/airflow/example_dags/example_dag_decorator.py
[2025-01-18T04:59:27.151+0000] {processor.py:914} INFO - Processing file /home/airflow/.local/lib/python3.12/site-packages/airflow/example_dags/example_dag_decorator.py for tasks to queue
[2025-01-18T04:59:27.153+0000] {logging_mixin.py:190} INFO - [2025-01-18T04:59:27.153+0000] {dagbag.py:588} INFO - Filling up the DagBag from /home/airflow/.local/lib/python3.12/site-packages/airflow/example_dags/example_dag_decorator.py
[2025-01-18T04:59:27.161+0000] {processor.py:925} INFO - DAG(s) 'example_dag_decorator' retrieved from /home/airflow/.local/lib/python3.12/site-packages/airflow/example_dags/example_dag_decorator.py
[2025-01-18T04:59:27.174+0000] {logging_mixin.py:190} INFO - [2025-01-18T04:59:27.174+0000] {dag.py:3239} INFO - Sync 1 DAGs
[2025-01-18T04:59:27.181+0000] {logging_mixin.py:190} INFO - [2025-01-18T04:59:27.181+0000] {dag.py:4180} INFO - Setting next_dagrun for example_dag_decorator to None, run_after=None
[2025-01-18T04:59:27.194+0000] {processor.py:208} INFO - Processing /home/airflow/.local/lib/python3.12/site-packages/airflow/example_dags/example_dag_decorator.py took 0.048 seconds
[2025-01-18T04:59:58.234+0000] {processor.py:186} INFO - Started process (PID=1080) to work on /home/airflow/.local/lib/python3.12/site-packages/airflow/example_dags/example_dag_decorator.py
[2025-01-18T04:59:58.234+0000] {processor.py:914} INFO - Processing file /home/airflow/.local/lib/python3.12/site-packages/airflow/example_dags/example_dag_decorator.py for tasks to queue
[2025-01-18T04:59:58.236+0000] {logging_mixin.py:190} INFO - [2025-01-18T04:59:58.236+0000] {dagbag.py:588} INFO - Filling up the DagBag from /home/airflow/.local/lib/python3.12/site-packages/airflow/example_dags/example_dag_decorator.py
[2025-01-18T04:59:58.245+0000] {processor.py:925} INFO - DAG(s) 'example_dag_decorator' retrieved from /home/airflow/.local/lib/python3.12/site-packages/airflow/example_dags/example_dag_decorator.py
[2025-01-18T04:59:58.264+0000] {logging_mixin.py:190} INFO - [2025-01-18T04:59:58.263+0000] {dag.py:3239} INFO - Sync 1 DAGs
[2025-01-18T04:59:58.274+0000] {logging_mixin.py:190} INFO - [2025-01-18T04:59:58.274+0000] {dag.py:4180} INFO - Setting next_dagrun for example_dag_decorator to None, run_after=None
[2025-01-18T04:59:58.287+0000] {processor.py:208} INFO - Processing /home/airflow/.local/lib/python3.12/site-packages/airflow/example_dags/example_dag_decorator.py took 0.057 seconds
