[2025-01-18T04:51:45.494+0000] {processor.py:186} INFO - Started process (PID=85) to work on /home/airflow/.local/lib/python3.12/site-packages/airflow/example_dags/example_bash_operator.py
[2025-01-18T04:51:45.494+0000] {processor.py:914} INFO - Processing file /home/airflow/.local/lib/python3.12/site-packages/airflow/example_dags/example_bash_operator.py for tasks to queue
[2025-01-18T04:51:45.496+0000] {logging_mixin.py:190} INFO - [2025-01-18T04:51:45.496+0000] {dagbag.py:588} INFO - Filling up the DagBag from /home/airflow/.local/lib/python3.12/site-packages/airflow/example_dags/example_bash_operator.py
[2025-01-18T04:51:45.503+0000] {processor.py:925} INFO - DAG(s) 'example_bash_operator' retrieved from /home/airflow/.local/lib/python3.12/site-packages/airflow/example_dags/example_bash_operator.py
[2025-01-18T04:51:45.556+0000] {logging_mixin.py:190} INFO - [2025-01-18T04:51:45.556+0000] {override.py:1911} INFO - Created Permission View: can edit on DAG:example_bash_operator
[2025-01-18T04:51:45.561+0000] {logging_mixin.py:190} INFO - [2025-01-18T04:51:45.561+0000] {override.py:1911} INFO - Created Permission View: can read on DAG:example_bash_operator
[2025-01-18T04:51:45.564+0000] {logging_mixin.py:190} INFO - [2025-01-18T04:51:45.564+0000] {override.py:1911} INFO - Created Permission View: can delete on DAG:example_bash_operator
[2025-01-18T04:51:45.567+0000] {logging_mixin.py:190} INFO - [2025-01-18T04:51:45.567+0000] {override.py:1911} INFO - Created Permission View: can create on DAG Run:example_bash_operator
[2025-01-18T04:51:45.570+0000] {logging_mixin.py:190} INFO - [2025-01-18T04:51:45.570+0000] {override.py:1911} INFO - Created Permission View: can read on DAG Run:example_bash_operator
[2025-01-18T04:51:45.573+0000] {logging_mixin.py:190} INFO - [2025-01-18T04:51:45.573+0000] {override.py:1911} INFO - Created Permission View: can delete on DAG Run:example_bash_operator
[2025-01-18T04:51:45.578+0000] {logging_mixin.py:190} INFO - [2025-01-18T04:51:45.578+0000] {override.py:1911} INFO - Created Permission View: menu access on DAG Run:example_bash_operator
[2025-01-18T04:51:45.578+0000] {logging_mixin.py:190} INFO - [2025-01-18T04:51:45.578+0000] {dag.py:3239} INFO - Sync 1 DAGs
[2025-01-18T04:51:45.586+0000] {logging_mixin.py:190} INFO - [2025-01-18T04:51:45.586+0000] {dag.py:3262} INFO - Creating ORM DAG for example_bash_operator
[2025-01-18T04:51:45.592+0000] {logging_mixin.py:190} INFO - [2025-01-18T04:51:45.592+0000] {dag.py:4180} INFO - Setting next_dagrun for example_bash_operator to 2025-01-17 00:00:00+00:00, run_after=2025-01-18 00:00:00+00:00
[2025-01-18T04:51:45.601+0000] {processor.py:208} INFO - Processing /home/airflow/.local/lib/python3.12/site-packages/airflow/example_dags/example_bash_operator.py took 0.110 seconds
[2025-01-18T04:52:16.107+0000] {processor.py:186} INFO - Started process (PID=148) to work on /home/airflow/.local/lib/python3.12/site-packages/airflow/example_dags/example_bash_operator.py
[2025-01-18T04:52:16.108+0000] {processor.py:914} INFO - Processing file /home/airflow/.local/lib/python3.12/site-packages/airflow/example_dags/example_bash_operator.py for tasks to queue
[2025-01-18T04:52:16.109+0000] {logging_mixin.py:190} INFO - [2025-01-18T04:52:16.109+0000] {dagbag.py:588} INFO - Filling up the DagBag from /home/airflow/.local/lib/python3.12/site-packages/airflow/example_dags/example_bash_operator.py
[2025-01-18T04:52:16.116+0000] {processor.py:925} INFO - DAG(s) 'example_bash_operator' retrieved from /home/airflow/.local/lib/python3.12/site-packages/airflow/example_dags/example_bash_operator.py
[2025-01-18T04:52:16.128+0000] {logging_mixin.py:190} INFO - [2025-01-18T04:52:16.128+0000] {dag.py:3239} INFO - Sync 1 DAGs
[2025-01-18T04:52:16.140+0000] {logging_mixin.py:190} INFO - [2025-01-18T04:52:16.140+0000] {dag.py:4180} INFO - Setting next_dagrun for example_bash_operator to 2025-01-17 00:00:00+00:00, run_after=2025-01-18 00:00:00+00:00
[2025-01-18T04:52:16.148+0000] {processor.py:208} INFO - Processing /home/airflow/.local/lib/python3.12/site-packages/airflow/example_dags/example_bash_operator.py took 0.044 seconds
[2025-01-18T04:52:46.881+0000] {processor.py:186} INFO - Started process (PID=211) to work on /home/airflow/.local/lib/python3.12/site-packages/airflow/example_dags/example_bash_operator.py
[2025-01-18T04:52:46.884+0000] {processor.py:914} INFO - Processing file /home/airflow/.local/lib/python3.12/site-packages/airflow/example_dags/example_bash_operator.py for tasks to queue
[2025-01-18T04:52:46.886+0000] {logging_mixin.py:190} INFO - [2025-01-18T04:52:46.886+0000] {dagbag.py:588} INFO - Filling up the DagBag from /home/airflow/.local/lib/python3.12/site-packages/airflow/example_dags/example_bash_operator.py
[2025-01-18T04:52:46.899+0000] {processor.py:925} INFO - DAG(s) 'example_bash_operator' retrieved from /home/airflow/.local/lib/python3.12/site-packages/airflow/example_dags/example_bash_operator.py
[2025-01-18T04:52:46.915+0000] {logging_mixin.py:190} INFO - [2025-01-18T04:52:46.915+0000] {dag.py:3239} INFO - Sync 1 DAGs
[2025-01-18T04:52:46.927+0000] {logging_mixin.py:190} INFO - [2025-01-18T04:52:46.927+0000] {dag.py:4180} INFO - Setting next_dagrun for example_bash_operator to 2025-01-17 00:00:00+00:00, run_after=2025-01-18 00:00:00+00:00
[2025-01-18T04:52:46.937+0000] {processor.py:208} INFO - Processing /home/airflow/.local/lib/python3.12/site-packages/airflow/example_dags/example_bash_operator.py took 0.060 seconds
[2025-01-18T04:53:17.770+0000] {processor.py:186} INFO - Started process (PID=274) to work on /home/airflow/.local/lib/python3.12/site-packages/airflow/example_dags/example_bash_operator.py
[2025-01-18T04:53:17.774+0000] {processor.py:914} INFO - Processing file /home/airflow/.local/lib/python3.12/site-packages/airflow/example_dags/example_bash_operator.py for tasks to queue
[2025-01-18T04:53:17.775+0000] {logging_mixin.py:190} INFO - [2025-01-18T04:53:17.775+0000] {dagbag.py:588} INFO - Filling up the DagBag from /home/airflow/.local/lib/python3.12/site-packages/airflow/example_dags/example_bash_operator.py
[2025-01-18T04:53:17.787+0000] {processor.py:925} INFO - DAG(s) 'example_bash_operator' retrieved from /home/airflow/.local/lib/python3.12/site-packages/airflow/example_dags/example_bash_operator.py
[2025-01-18T04:53:17.800+0000] {logging_mixin.py:190} INFO - [2025-01-18T04:53:17.800+0000] {dag.py:3239} INFO - Sync 1 DAGs
[2025-01-18T04:53:17.811+0000] {logging_mixin.py:190} INFO - [2025-01-18T04:53:17.811+0000] {dag.py:4180} INFO - Setting next_dagrun for example_bash_operator to 2025-01-17 00:00:00+00:00, run_after=2025-01-18 00:00:00+00:00
[2025-01-18T04:53:17.820+0000] {processor.py:208} INFO - Processing /home/airflow/.local/lib/python3.12/site-packages/airflow/example_dags/example_bash_operator.py took 0.054 seconds
[2025-01-18T04:53:48.438+0000] {processor.py:186} INFO - Started process (PID=337) to work on /home/airflow/.local/lib/python3.12/site-packages/airflow/example_dags/example_bash_operator.py
[2025-01-18T04:53:48.441+0000] {processor.py:914} INFO - Processing file /home/airflow/.local/lib/python3.12/site-packages/airflow/example_dags/example_bash_operator.py for tasks to queue
[2025-01-18T04:53:48.443+0000] {logging_mixin.py:190} INFO - [2025-01-18T04:53:48.443+0000] {dagbag.py:588} INFO - Filling up the DagBag from /home/airflow/.local/lib/python3.12/site-packages/airflow/example_dags/example_bash_operator.py
[2025-01-18T04:53:48.450+0000] {processor.py:925} INFO - DAG(s) 'example_bash_operator' retrieved from /home/airflow/.local/lib/python3.12/site-packages/airflow/example_dags/example_bash_operator.py
[2025-01-18T04:53:48.462+0000] {logging_mixin.py:190} INFO - [2025-01-18T04:53:48.462+0000] {dag.py:3239} INFO - Sync 1 DAGs
[2025-01-18T04:53:48.474+0000] {logging_mixin.py:190} INFO - [2025-01-18T04:53:48.474+0000] {dag.py:4180} INFO - Setting next_dagrun for example_bash_operator to 2025-01-17 00:00:00+00:00, run_after=2025-01-18 00:00:00+00:00
[2025-01-18T04:53:48.482+0000] {processor.py:208} INFO - Processing /home/airflow/.local/lib/python3.12/site-packages/airflow/example_dags/example_bash_operator.py took 0.047 seconds
[2025-01-18T04:54:19.268+0000] {processor.py:186} INFO - Started process (PID=400) to work on /home/airflow/.local/lib/python3.12/site-packages/airflow/example_dags/example_bash_operator.py
[2025-01-18T04:54:19.268+0000] {processor.py:914} INFO - Processing file /home/airflow/.local/lib/python3.12/site-packages/airflow/example_dags/example_bash_operator.py for tasks to queue
[2025-01-18T04:54:19.270+0000] {logging_mixin.py:190} INFO - [2025-01-18T04:54:19.270+0000] {dagbag.py:588} INFO - Filling up the DagBag from /home/airflow/.local/lib/python3.12/site-packages/airflow/example_dags/example_bash_operator.py
[2025-01-18T04:54:19.279+0000] {processor.py:925} INFO - DAG(s) 'example_bash_operator' retrieved from /home/airflow/.local/lib/python3.12/site-packages/airflow/example_dags/example_bash_operator.py
[2025-01-18T04:54:19.343+0000] {logging_mixin.py:190} INFO - [2025-01-18T04:54:19.343+0000] {dag.py:3239} INFO - Sync 1 DAGs
[2025-01-18T04:54:19.362+0000] {logging_mixin.py:190} INFO - [2025-01-18T04:54:19.362+0000] {dag.py:4180} INFO - Setting next_dagrun for example_bash_operator to 2025-01-17 00:00:00+00:00, run_after=2025-01-18 00:00:00+00:00
[2025-01-18T04:54:19.375+0000] {processor.py:208} INFO - Processing /home/airflow/.local/lib/python3.12/site-packages/airflow/example_dags/example_bash_operator.py took 0.110 seconds
[2025-01-18T04:54:50.090+0000] {processor.py:186} INFO - Started process (PID=463) to work on /home/airflow/.local/lib/python3.12/site-packages/airflow/example_dags/example_bash_operator.py
[2025-01-18T04:54:50.091+0000] {processor.py:914} INFO - Processing file /home/airflow/.local/lib/python3.12/site-packages/airflow/example_dags/example_bash_operator.py for tasks to queue
[2025-01-18T04:54:50.093+0000] {logging_mixin.py:190} INFO - [2025-01-18T04:54:50.093+0000] {dagbag.py:588} INFO - Filling up the DagBag from /home/airflow/.local/lib/python3.12/site-packages/airflow/example_dags/example_bash_operator.py
[2025-01-18T04:54:50.100+0000] {processor.py:925} INFO - DAG(s) 'example_bash_operator' retrieved from /home/airflow/.local/lib/python3.12/site-packages/airflow/example_dags/example_bash_operator.py
[2025-01-18T04:54:50.117+0000] {logging_mixin.py:190} INFO - [2025-01-18T04:54:50.117+0000] {dag.py:3239} INFO - Sync 1 DAGs
[2025-01-18T04:54:50.129+0000] {logging_mixin.py:190} INFO - [2025-01-18T04:54:50.129+0000] {dag.py:4180} INFO - Setting next_dagrun for example_bash_operator to 2025-01-17 00:00:00+00:00, run_after=2025-01-18 00:00:00+00:00
[2025-01-18T04:54:50.138+0000] {processor.py:208} INFO - Processing /home/airflow/.local/lib/python3.12/site-packages/airflow/example_dags/example_bash_operator.py took 0.051 seconds
[2025-01-18T04:55:21.020+0000] {processor.py:186} INFO - Started process (PID=526) to work on /home/airflow/.local/lib/python3.12/site-packages/airflow/example_dags/example_bash_operator.py
[2025-01-18T04:55:21.020+0000] {processor.py:914} INFO - Processing file /home/airflow/.local/lib/python3.12/site-packages/airflow/example_dags/example_bash_operator.py for tasks to queue
[2025-01-18T04:55:21.022+0000] {logging_mixin.py:190} INFO - [2025-01-18T04:55:21.022+0000] {dagbag.py:588} INFO - Filling up the DagBag from /home/airflow/.local/lib/python3.12/site-packages/airflow/example_dags/example_bash_operator.py
[2025-01-18T04:55:21.029+0000] {processor.py:925} INFO - DAG(s) 'example_bash_operator' retrieved from /home/airflow/.local/lib/python3.12/site-packages/airflow/example_dags/example_bash_operator.py
[2025-01-18T04:55:21.042+0000] {logging_mixin.py:190} INFO - [2025-01-18T04:55:21.042+0000] {dag.py:3239} INFO - Sync 1 DAGs
[2025-01-18T04:55:21.055+0000] {logging_mixin.py:190} INFO - [2025-01-18T04:55:21.055+0000] {dag.py:4180} INFO - Setting next_dagrun for example_bash_operator to 2025-01-17 00:00:00+00:00, run_after=2025-01-18 00:00:00+00:00
[2025-01-18T04:55:21.066+0000] {processor.py:208} INFO - Processing /home/airflow/.local/lib/python3.12/site-packages/airflow/example_dags/example_bash_operator.py took 0.050 seconds
[2025-01-18T04:55:51.932+0000] {processor.py:186} INFO - Started process (PID=589) to work on /home/airflow/.local/lib/python3.12/site-packages/airflow/example_dags/example_bash_operator.py
[2025-01-18T04:55:51.932+0000] {processor.py:914} INFO - Processing file /home/airflow/.local/lib/python3.12/site-packages/airflow/example_dags/example_bash_operator.py for tasks to queue
[2025-01-18T04:55:51.934+0000] {logging_mixin.py:190} INFO - [2025-01-18T04:55:51.934+0000] {dagbag.py:588} INFO - Filling up the DagBag from /home/airflow/.local/lib/python3.12/site-packages/airflow/example_dags/example_bash_operator.py
[2025-01-18T04:55:51.941+0000] {processor.py:925} INFO - DAG(s) 'example_bash_operator' retrieved from /home/airflow/.local/lib/python3.12/site-packages/airflow/example_dags/example_bash_operator.py
[2025-01-18T04:55:51.955+0000] {logging_mixin.py:190} INFO - [2025-01-18T04:55:51.955+0000] {dag.py:3239} INFO - Sync 1 DAGs
[2025-01-18T04:55:51.966+0000] {logging_mixin.py:190} INFO - [2025-01-18T04:55:51.966+0000] {dag.py:4180} INFO - Setting next_dagrun for example_bash_operator to 2025-01-17 00:00:00+00:00, run_after=2025-01-18 00:00:00+00:00
[2025-01-18T04:55:51.976+0000] {processor.py:208} INFO - Processing /home/airflow/.local/lib/python3.12/site-packages/airflow/example_dags/example_bash_operator.py took 0.048 seconds
[2025-01-18T04:56:22.811+0000] {processor.py:186} INFO - Started process (PID=652) to work on /home/airflow/.local/lib/python3.12/site-packages/airflow/example_dags/example_bash_operator.py
[2025-01-18T04:56:22.814+0000] {processor.py:914} INFO - Processing file /home/airflow/.local/lib/python3.12/site-packages/airflow/example_dags/example_bash_operator.py for tasks to queue
[2025-01-18T04:56:22.817+0000] {logging_mixin.py:190} INFO - [2025-01-18T04:56:22.817+0000] {dagbag.py:588} INFO - Filling up the DagBag from /home/airflow/.local/lib/python3.12/site-packages/airflow/example_dags/example_bash_operator.py
[2025-01-18T04:56:22.826+0000] {processor.py:925} INFO - DAG(s) 'example_bash_operator' retrieved from /home/airflow/.local/lib/python3.12/site-packages/airflow/example_dags/example_bash_operator.py
[2025-01-18T04:56:22.840+0000] {logging_mixin.py:190} INFO - [2025-01-18T04:56:22.840+0000] {dag.py:3239} INFO - Sync 1 DAGs
[2025-01-18T04:56:22.852+0000] {logging_mixin.py:190} INFO - [2025-01-18T04:56:22.852+0000] {dag.py:4180} INFO - Setting next_dagrun for example_bash_operator to 2025-01-17 00:00:00+00:00, run_after=2025-01-18 00:00:00+00:00
[2025-01-18T04:56:22.863+0000] {processor.py:208} INFO - Processing /home/airflow/.local/lib/python3.12/site-packages/airflow/example_dags/example_bash_operator.py took 0.056 seconds
[2025-01-18T04:56:53.702+0000] {processor.py:186} INFO - Started process (PID=715) to work on /home/airflow/.local/lib/python3.12/site-packages/airflow/example_dags/example_bash_operator.py
[2025-01-18T04:56:53.705+0000] {processor.py:914} INFO - Processing file /home/airflow/.local/lib/python3.12/site-packages/airflow/example_dags/example_bash_operator.py for tasks to queue
[2025-01-18T04:56:53.707+0000] {logging_mixin.py:190} INFO - [2025-01-18T04:56:53.707+0000] {dagbag.py:588} INFO - Filling up the DagBag from /home/airflow/.local/lib/python3.12/site-packages/airflow/example_dags/example_bash_operator.py
[2025-01-18T04:56:53.715+0000] {processor.py:925} INFO - DAG(s) 'example_bash_operator' retrieved from /home/airflow/.local/lib/python3.12/site-packages/airflow/example_dags/example_bash_operator.py
[2025-01-18T04:56:53.732+0000] {logging_mixin.py:190} INFO - [2025-01-18T04:56:53.732+0000] {dag.py:3239} INFO - Sync 1 DAGs
[2025-01-18T04:56:53.745+0000] {logging_mixin.py:190} INFO - [2025-01-18T04:56:53.745+0000] {dag.py:4180} INFO - Setting next_dagrun for example_bash_operator to 2025-01-17 00:00:00+00:00, run_after=2025-01-18 00:00:00+00:00
[2025-01-18T04:56:53.754+0000] {processor.py:208} INFO - Processing /home/airflow/.local/lib/python3.12/site-packages/airflow/example_dags/example_bash_operator.py took 0.056 seconds
[2025-01-18T04:57:24.425+0000] {processor.py:186} INFO - Started process (PID=785) to work on /home/airflow/.local/lib/python3.12/site-packages/airflow/example_dags/example_bash_operator.py
[2025-01-18T04:57:24.429+0000] {processor.py:914} INFO - Processing file /home/airflow/.local/lib/python3.12/site-packages/airflow/example_dags/example_bash_operator.py for tasks to queue
[2025-01-18T04:57:24.430+0000] {logging_mixin.py:190} INFO - [2025-01-18T04:57:24.430+0000] {dagbag.py:588} INFO - Filling up the DagBag from /home/airflow/.local/lib/python3.12/site-packages/airflow/example_dags/example_bash_operator.py
[2025-01-18T04:57:24.437+0000] {processor.py:925} INFO - DAG(s) 'example_bash_operator' retrieved from /home/airflow/.local/lib/python3.12/site-packages/airflow/example_dags/example_bash_operator.py
[2025-01-18T04:57:24.453+0000] {logging_mixin.py:190} INFO - [2025-01-18T04:57:24.452+0000] {dag.py:3239} INFO - Sync 1 DAGs
[2025-01-18T04:57:24.466+0000] {logging_mixin.py:190} INFO - [2025-01-18T04:57:24.466+0000] {dag.py:4180} INFO - Setting next_dagrun for example_bash_operator to 2025-01-18 00:00:00+00:00, run_after=2025-01-19 00:00:00+00:00
[2025-01-18T04:57:24.474+0000] {processor.py:208} INFO - Processing /home/airflow/.local/lib/python3.12/site-packages/airflow/example_dags/example_bash_operator.py took 0.052 seconds
[2025-01-18T04:57:55.303+0000] {processor.py:186} INFO - Started process (PID=848) to work on /home/airflow/.local/lib/python3.12/site-packages/airflow/example_dags/example_bash_operator.py
[2025-01-18T04:57:55.304+0000] {processor.py:914} INFO - Processing file /home/airflow/.local/lib/python3.12/site-packages/airflow/example_dags/example_bash_operator.py for tasks to queue
[2025-01-18T04:57:55.305+0000] {logging_mixin.py:190} INFO - [2025-01-18T04:57:55.305+0000] {dagbag.py:588} INFO - Filling up the DagBag from /home/airflow/.local/lib/python3.12/site-packages/airflow/example_dags/example_bash_operator.py
[2025-01-18T04:57:55.314+0000] {processor.py:925} INFO - DAG(s) 'example_bash_operator' retrieved from /home/airflow/.local/lib/python3.12/site-packages/airflow/example_dags/example_bash_operator.py
[2025-01-18T04:57:55.330+0000] {logging_mixin.py:190} INFO - [2025-01-18T04:57:55.330+0000] {dag.py:3239} INFO - Sync 1 DAGs
[2025-01-18T04:57:55.343+0000] {logging_mixin.py:190} INFO - [2025-01-18T04:57:55.343+0000] {dag.py:4180} INFO - Setting next_dagrun for example_bash_operator to 2025-01-18 00:00:00+00:00, run_after=2025-01-19 00:00:00+00:00
[2025-01-18T04:57:55.353+0000] {processor.py:208} INFO - Processing /home/airflow/.local/lib/python3.12/site-packages/airflow/example_dags/example_bash_operator.py took 0.053 seconds
[2025-01-18T04:58:26.182+0000] {processor.py:186} INFO - Started process (PID=911) to work on /home/airflow/.local/lib/python3.12/site-packages/airflow/example_dags/example_bash_operator.py
[2025-01-18T04:58:26.183+0000] {processor.py:914} INFO - Processing file /home/airflow/.local/lib/python3.12/site-packages/airflow/example_dags/example_bash_operator.py for tasks to queue
[2025-01-18T04:58:26.186+0000] {logging_mixin.py:190} INFO - [2025-01-18T04:58:26.185+0000] {dagbag.py:588} INFO - Filling up the DagBag from /home/airflow/.local/lib/python3.12/site-packages/airflow/example_dags/example_bash_operator.py
[2025-01-18T04:58:26.193+0000] {processor.py:925} INFO - DAG(s) 'example_bash_operator' retrieved from /home/airflow/.local/lib/python3.12/site-packages/airflow/example_dags/example_bash_operator.py
[2025-01-18T04:58:26.208+0000] {logging_mixin.py:190} INFO - [2025-01-18T04:58:26.208+0000] {dag.py:3239} INFO - Sync 1 DAGs
[2025-01-18T04:58:26.221+0000] {logging_mixin.py:190} INFO - [2025-01-18T04:58:26.221+0000] {dag.py:4180} INFO - Setting next_dagrun for example_bash_operator to 2025-01-18 00:00:00+00:00, run_after=2025-01-19 00:00:00+00:00
[2025-01-18T04:58:26.231+0000] {processor.py:208} INFO - Processing /home/airflow/.local/lib/python3.12/site-packages/airflow/example_dags/example_bash_operator.py took 0.053 seconds
[2025-01-18T04:58:57.076+0000] {processor.py:186} INFO - Started process (PID=974) to work on /home/airflow/.local/lib/python3.12/site-packages/airflow/example_dags/example_bash_operator.py
[2025-01-18T04:58:57.077+0000] {processor.py:914} INFO - Processing file /home/airflow/.local/lib/python3.12/site-packages/airflow/example_dags/example_bash_operator.py for tasks to queue
[2025-01-18T04:58:57.078+0000] {logging_mixin.py:190} INFO - [2025-01-18T04:58:57.078+0000] {dagbag.py:588} INFO - Filling up the DagBag from /home/airflow/.local/lib/python3.12/site-packages/airflow/example_dags/example_bash_operator.py
[2025-01-18T04:58:57.085+0000] {processor.py:925} INFO - DAG(s) 'example_bash_operator' retrieved from /home/airflow/.local/lib/python3.12/site-packages/airflow/example_dags/example_bash_operator.py
[2025-01-18T04:58:57.102+0000] {logging_mixin.py:190} INFO - [2025-01-18T04:58:57.102+0000] {dag.py:3239} INFO - Sync 1 DAGs
[2025-01-18T04:58:57.114+0000] {logging_mixin.py:190} INFO - [2025-01-18T04:58:57.114+0000] {dag.py:4180} INFO - Setting next_dagrun for example_bash_operator to 2025-01-18 00:00:00+00:00, run_after=2025-01-19 00:00:00+00:00
[2025-01-18T04:58:57.129+0000] {processor.py:208} INFO - Processing /home/airflow/.local/lib/python3.12/site-packages/airflow/example_dags/example_bash_operator.py took 0.056 seconds
[2025-01-18T04:59:28.119+0000] {processor.py:186} INFO - Started process (PID=1037) to work on /home/airflow/.local/lib/python3.12/site-packages/airflow/example_dags/example_bash_operator.py
[2025-01-18T04:59:28.120+0000] {processor.py:914} INFO - Processing file /home/airflow/.local/lib/python3.12/site-packages/airflow/example_dags/example_bash_operator.py for tasks to queue
[2025-01-18T04:59:28.121+0000] {logging_mixin.py:190} INFO - [2025-01-18T04:59:28.121+0000] {dagbag.py:588} INFO - Filling up the DagBag from /home/airflow/.local/lib/python3.12/site-packages/airflow/example_dags/example_bash_operator.py
[2025-01-18T04:59:28.129+0000] {processor.py:925} INFO - DAG(s) 'example_bash_operator' retrieved from /home/airflow/.local/lib/python3.12/site-packages/airflow/example_dags/example_bash_operator.py
[2025-01-18T04:59:28.143+0000] {logging_mixin.py:190} INFO - [2025-01-18T04:59:28.142+0000] {dag.py:3239} INFO - Sync 1 DAGs
[2025-01-18T04:59:28.153+0000] {logging_mixin.py:190} INFO - [2025-01-18T04:59:28.153+0000] {dag.py:4180} INFO - Setting next_dagrun for example_bash_operator to 2025-01-18 00:00:00+00:00, run_after=2025-01-19 00:00:00+00:00
[2025-01-18T04:59:28.166+0000] {processor.py:208} INFO - Processing /home/airflow/.local/lib/python3.12/site-packages/airflow/example_dags/example_bash_operator.py took 0.050 seconds
[2025-01-18T04:59:59.259+0000] {processor.py:186} INFO - Started process (PID=1100) to work on /home/airflow/.local/lib/python3.12/site-packages/airflow/example_dags/example_bash_operator.py
[2025-01-18T04:59:59.260+0000] {processor.py:914} INFO - Processing file /home/airflow/.local/lib/python3.12/site-packages/airflow/example_dags/example_bash_operator.py for tasks to queue
[2025-01-18T04:59:59.261+0000] {logging_mixin.py:190} INFO - [2025-01-18T04:59:59.261+0000] {dagbag.py:588} INFO - Filling up the DagBag from /home/airflow/.local/lib/python3.12/site-packages/airflow/example_dags/example_bash_operator.py
[2025-01-18T04:59:59.268+0000] {processor.py:925} INFO - DAG(s) 'example_bash_operator' retrieved from /home/airflow/.local/lib/python3.12/site-packages/airflow/example_dags/example_bash_operator.py
[2025-01-18T04:59:59.284+0000] {logging_mixin.py:190} INFO - [2025-01-18T04:59:59.284+0000] {dag.py:3239} INFO - Sync 1 DAGs
[2025-01-18T04:59:59.295+0000] {logging_mixin.py:190} INFO - [2025-01-18T04:59:59.295+0000] {dag.py:4180} INFO - Setting next_dagrun for example_bash_operator to 2025-01-18 00:00:00+00:00, run_after=2025-01-19 00:00:00+00:00
[2025-01-18T04:59:59.306+0000] {processor.py:208} INFO - Processing /home/airflow/.local/lib/python3.12/site-packages/airflow/example_dags/example_bash_operator.py took 0.051 seconds
