[2025-01-18T04:51:43.129+0000] {processor.py:186} INFO - Started process (PID=58) to work on /home/airflow/.local/lib/python3.12/site-packages/airflow/example_dags/example_datasets.py
[2025-01-18T04:51:43.130+0000] {processor.py:914} INFO - Processing file /home/airflow/.local/lib/python3.12/site-packages/airflow/example_dags/example_datasets.py for tasks to queue
[2025-01-18T04:51:43.131+0000] {logging_mixin.py:190} INFO - [2025-01-18T04:51:43.131+0000] {dagbag.py:588} INFO - Filling up the DagBag from /home/airflow/.local/lib/python3.12/site-packages/airflow/example_dags/example_datasets.py
[2025-01-18T04:51:43.792+0000] {processor.py:925} INFO - DAG(s) 'dataset_produces_2', 'dataset_consumes_unknown_never_scheduled', 'conditional_dataset_and_time_based_timetable', 'dataset_produces_1', 'dataset_consumes_1_never_scheduled', 'consume_1_and_2_with_dataset_expressions', 'consume_1_or_both_2_and_3_with_dataset_expressions', 'consume_1_or_2_with_dataset_expressions', 'dataset_consumes_1', 'dataset_consumes_1_and_2' retrieved from /home/airflow/.local/lib/python3.12/site-packages/airflow/example_dags/example_datasets.py
[2025-01-18T04:51:43.835+0000] {logging_mixin.py:190} INFO - [2025-01-18T04:51:43.835+0000] {override.py:1911} INFO - Created Permission View: can edit on DAG:dataset_produces_2
[2025-01-18T04:51:43.840+0000] {logging_mixin.py:190} INFO - [2025-01-18T04:51:43.840+0000] {override.py:1911} INFO - Created Permission View: can read on DAG:dataset_produces_2
[2025-01-18T04:51:43.843+0000] {logging_mixin.py:190} INFO - [2025-01-18T04:51:43.843+0000] {override.py:1911} INFO - Created Permission View: can delete on DAG:dataset_produces_2
[2025-01-18T04:51:43.846+0000] {logging_mixin.py:190} INFO - [2025-01-18T04:51:43.846+0000] {override.py:1911} INFO - Created Permission View: can create on DAG Run:dataset_produces_2
[2025-01-18T04:51:43.848+0000] {logging_mixin.py:190} INFO - [2025-01-18T04:51:43.848+0000] {override.py:1911} INFO - Created Permission View: can read on DAG Run:dataset_produces_2
[2025-01-18T04:51:43.851+0000] {logging_mixin.py:190} INFO - [2025-01-18T04:51:43.851+0000] {override.py:1911} INFO - Created Permission View: can delete on DAG Run:dataset_produces_2
[2025-01-18T04:51:43.854+0000] {logging_mixin.py:190} INFO - [2025-01-18T04:51:43.854+0000] {override.py:1911} INFO - Created Permission View: menu access on DAG Run:dataset_produces_2
[2025-01-18T04:51:43.859+0000] {logging_mixin.py:190} INFO - [2025-01-18T04:51:43.859+0000] {override.py:1911} INFO - Created Permission View: can edit on DAG:dataset_consumes_unknown_never_scheduled
[2025-01-18T04:51:43.862+0000] {logging_mixin.py:190} INFO - [2025-01-18T04:51:43.862+0000] {override.py:1911} INFO - Created Permission View: can read on DAG:dataset_consumes_unknown_never_scheduled
[2025-01-18T04:51:43.864+0000] {logging_mixin.py:190} INFO - [2025-01-18T04:51:43.864+0000] {override.py:1911} INFO - Created Permission View: can delete on DAG:dataset_consumes_unknown_never_scheduled
[2025-01-18T04:51:43.867+0000] {logging_mixin.py:190} INFO - [2025-01-18T04:51:43.867+0000] {override.py:1911} INFO - Created Permission View: can create on DAG Run:dataset_consumes_unknown_never_scheduled
[2025-01-18T04:51:43.870+0000] {logging_mixin.py:190} INFO - [2025-01-18T04:51:43.870+0000] {override.py:1911} INFO - Created Permission View: can read on DAG Run:dataset_consumes_unknown_never_scheduled
[2025-01-18T04:51:43.873+0000] {logging_mixin.py:190} INFO - [2025-01-18T04:51:43.873+0000] {override.py:1911} INFO - Created Permission View: can delete on DAG Run:dataset_consumes_unknown_never_scheduled
[2025-01-18T04:51:43.876+0000] {logging_mixin.py:190} INFO - [2025-01-18T04:51:43.876+0000] {override.py:1911} INFO - Created Permission View: menu access on DAG Run:dataset_consumes_unknown_never_scheduled
[2025-01-18T04:51:43.881+0000] {logging_mixin.py:190} INFO - [2025-01-18T04:51:43.881+0000] {override.py:1911} INFO - Created Permission View: can edit on DAG:conditional_dataset_and_time_based_timetable
[2025-01-18T04:51:43.884+0000] {logging_mixin.py:190} INFO - [2025-01-18T04:51:43.884+0000] {override.py:1911} INFO - Created Permission View: can read on DAG:conditional_dataset_and_time_based_timetable
[2025-01-18T04:51:43.887+0000] {logging_mixin.py:190} INFO - [2025-01-18T04:51:43.887+0000] {override.py:1911} INFO - Created Permission View: can delete on DAG:conditional_dataset_and_time_based_timetable
[2025-01-18T04:51:43.890+0000] {logging_mixin.py:190} INFO - [2025-01-18T04:51:43.890+0000] {override.py:1911} INFO - Created Permission View: can create on DAG Run:conditional_dataset_and_time_based_timetable
[2025-01-18T04:51:43.893+0000] {logging_mixin.py:190} INFO - [2025-01-18T04:51:43.893+0000] {override.py:1911} INFO - Created Permission View: can read on DAG Run:conditional_dataset_and_time_based_timetable
[2025-01-18T04:51:43.895+0000] {logging_mixin.py:190} INFO - [2025-01-18T04:51:43.895+0000] {override.py:1911} INFO - Created Permission View: can delete on DAG Run:conditional_dataset_and_time_based_timetable
[2025-01-18T04:51:43.899+0000] {logging_mixin.py:190} INFO - [2025-01-18T04:51:43.898+0000] {override.py:1911} INFO - Created Permission View: menu access on DAG Run:conditional_dataset_and_time_based_timetable
[2025-01-18T04:51:43.907+0000] {logging_mixin.py:190} INFO - [2025-01-18T04:51:43.907+0000] {override.py:1911} INFO - Created Permission View: can edit on DAG:dataset_produces_1
[2025-01-18T04:51:43.910+0000] {logging_mixin.py:190} INFO - [2025-01-18T04:51:43.910+0000] {override.py:1911} INFO - Created Permission View: can read on DAG:dataset_produces_1
[2025-01-18T04:51:43.914+0000] {logging_mixin.py:190} INFO - [2025-01-18T04:51:43.914+0000] {override.py:1911} INFO - Created Permission View: can delete on DAG:dataset_produces_1
[2025-01-18T04:51:43.918+0000] {logging_mixin.py:190} INFO - [2025-01-18T04:51:43.918+0000] {override.py:1911} INFO - Created Permission View: can create on DAG Run:dataset_produces_1
[2025-01-18T04:51:43.921+0000] {logging_mixin.py:190} INFO - [2025-01-18T04:51:43.921+0000] {override.py:1911} INFO - Created Permission View: can read on DAG Run:dataset_produces_1
[2025-01-18T04:51:43.924+0000] {logging_mixin.py:190} INFO - [2025-01-18T04:51:43.924+0000] {override.py:1911} INFO - Created Permission View: can delete on DAG Run:dataset_produces_1
[2025-01-18T04:51:43.927+0000] {logging_mixin.py:190} INFO - [2025-01-18T04:51:43.927+0000] {override.py:1911} INFO - Created Permission View: menu access on DAG Run:dataset_produces_1
[2025-01-18T04:51:43.932+0000] {logging_mixin.py:190} INFO - [2025-01-18T04:51:43.932+0000] {override.py:1911} INFO - Created Permission View: can edit on DAG:dataset_consumes_1_never_scheduled
[2025-01-18T04:51:43.934+0000] {logging_mixin.py:190} INFO - [2025-01-18T04:51:43.934+0000] {override.py:1911} INFO - Created Permission View: can read on DAG:dataset_consumes_1_never_scheduled
[2025-01-18T04:51:43.937+0000] {logging_mixin.py:190} INFO - [2025-01-18T04:51:43.936+0000] {override.py:1911} INFO - Created Permission View: can delete on DAG:dataset_consumes_1_never_scheduled
[2025-01-18T04:51:43.939+0000] {logging_mixin.py:190} INFO - [2025-01-18T04:51:43.939+0000] {override.py:1911} INFO - Created Permission View: can create on DAG Run:dataset_consumes_1_never_scheduled
[2025-01-18T04:51:43.942+0000] {logging_mixin.py:190} INFO - [2025-01-18T04:51:43.942+0000] {override.py:1911} INFO - Created Permission View: can read on DAG Run:dataset_consumes_1_never_scheduled
[2025-01-18T04:51:43.945+0000] {logging_mixin.py:190} INFO - [2025-01-18T04:51:43.945+0000] {override.py:1911} INFO - Created Permission View: can delete on DAG Run:dataset_consumes_1_never_scheduled
[2025-01-18T04:51:43.948+0000] {logging_mixin.py:190} INFO - [2025-01-18T04:51:43.948+0000] {override.py:1911} INFO - Created Permission View: menu access on DAG Run:dataset_consumes_1_never_scheduled
[2025-01-18T04:51:43.953+0000] {logging_mixin.py:190} INFO - [2025-01-18T04:51:43.953+0000] {override.py:1911} INFO - Created Permission View: can edit on DAG:consume_1_and_2_with_dataset_expressions
[2025-01-18T04:51:43.957+0000] {logging_mixin.py:190} INFO - [2025-01-18T04:51:43.956+0000] {override.py:1911} INFO - Created Permission View: can read on DAG:consume_1_and_2_with_dataset_expressions
[2025-01-18T04:51:43.959+0000] {logging_mixin.py:190} INFO - [2025-01-18T04:51:43.959+0000] {override.py:1911} INFO - Created Permission View: can delete on DAG:consume_1_and_2_with_dataset_expressions
[2025-01-18T04:51:43.963+0000] {logging_mixin.py:190} INFO - [2025-01-18T04:51:43.963+0000] {override.py:1911} INFO - Created Permission View: can create on DAG Run:consume_1_and_2_with_dataset_expressions
[2025-01-18T04:51:43.970+0000] {logging_mixin.py:190} INFO - [2025-01-18T04:51:43.970+0000] {override.py:1911} INFO - Created Permission View: can read on DAG Run:consume_1_and_2_with_dataset_expressions
[2025-01-18T04:51:43.974+0000] {logging_mixin.py:190} INFO - [2025-01-18T04:51:43.973+0000] {override.py:1911} INFO - Created Permission View: can delete on DAG Run:consume_1_and_2_with_dataset_expressions
[2025-01-18T04:51:43.976+0000] {logging_mixin.py:190} INFO - [2025-01-18T04:51:43.976+0000] {override.py:1911} INFO - Created Permission View: menu access on DAG Run:consume_1_and_2_with_dataset_expressions
[2025-01-18T04:51:43.982+0000] {logging_mixin.py:190} INFO - [2025-01-18T04:51:43.982+0000] {override.py:1911} INFO - Created Permission View: can edit on DAG:consume_1_or_both_2_and_3_with_dataset_expressions
[2025-01-18T04:51:43.984+0000] {logging_mixin.py:190} INFO - [2025-01-18T04:51:43.984+0000] {override.py:1911} INFO - Created Permission View: can read on DAG:consume_1_or_both_2_and_3_with_dataset_expressions
[2025-01-18T04:51:43.987+0000] {logging_mixin.py:190} INFO - [2025-01-18T04:51:43.987+0000] {override.py:1911} INFO - Created Permission View: can delete on DAG:consume_1_or_both_2_and_3_with_dataset_expressions
[2025-01-18T04:51:43.989+0000] {logging_mixin.py:190} INFO - [2025-01-18T04:51:43.989+0000] {override.py:1911} INFO - Created Permission View: can create on DAG Run:consume_1_or_both_2_and_3_with_dataset_expressions
[2025-01-18T04:51:43.992+0000] {logging_mixin.py:190} INFO - [2025-01-18T04:51:43.992+0000] {override.py:1911} INFO - Created Permission View: can read on DAG Run:consume_1_or_both_2_and_3_with_dataset_expressions
[2025-01-18T04:51:43.995+0000] {logging_mixin.py:190} INFO - [2025-01-18T04:51:43.995+0000] {override.py:1911} INFO - Created Permission View: can delete on DAG Run:consume_1_or_both_2_and_3_with_dataset_expressions
[2025-01-18T04:51:43.998+0000] {logging_mixin.py:190} INFO - [2025-01-18T04:51:43.997+0000] {override.py:1911} INFO - Created Permission View: menu access on DAG Run:consume_1_or_both_2_and_3_with_dataset_expressions
[2025-01-18T04:51:44.002+0000] {logging_mixin.py:190} INFO - [2025-01-18T04:51:44.002+0000] {override.py:1911} INFO - Created Permission View: can edit on DAG:consume_1_or_2_with_dataset_expressions
[2025-01-18T04:51:44.005+0000] {logging_mixin.py:190} INFO - [2025-01-18T04:51:44.005+0000] {override.py:1911} INFO - Created Permission View: can read on DAG:consume_1_or_2_with_dataset_expressions
[2025-01-18T04:51:44.008+0000] {logging_mixin.py:190} INFO - [2025-01-18T04:51:44.008+0000] {override.py:1911} INFO - Created Permission View: can delete on DAG:consume_1_or_2_with_dataset_expressions
[2025-01-18T04:51:44.011+0000] {logging_mixin.py:190} INFO - [2025-01-18T04:51:44.011+0000] {override.py:1911} INFO - Created Permission View: can create on DAG Run:consume_1_or_2_with_dataset_expressions
[2025-01-18T04:51:44.014+0000] {logging_mixin.py:190} INFO - [2025-01-18T04:51:44.014+0000] {override.py:1911} INFO - Created Permission View: can read on DAG Run:consume_1_or_2_with_dataset_expressions
[2025-01-18T04:51:44.016+0000] {logging_mixin.py:190} INFO - [2025-01-18T04:51:44.016+0000] {override.py:1911} INFO - Created Permission View: can delete on DAG Run:consume_1_or_2_with_dataset_expressions
[2025-01-18T04:51:44.019+0000] {logging_mixin.py:190} INFO - [2025-01-18T04:51:44.018+0000] {override.py:1911} INFO - Created Permission View: menu access on DAG Run:consume_1_or_2_with_dataset_expressions
[2025-01-18T04:51:44.024+0000] {logging_mixin.py:190} INFO - [2025-01-18T04:51:44.024+0000] {override.py:1911} INFO - Created Permission View: can edit on DAG:dataset_consumes_1
[2025-01-18T04:51:44.026+0000] {logging_mixin.py:190} INFO - [2025-01-18T04:51:44.026+0000] {override.py:1911} INFO - Created Permission View: can read on DAG:dataset_consumes_1
[2025-01-18T04:51:44.029+0000] {logging_mixin.py:190} INFO - [2025-01-18T04:51:44.029+0000] {override.py:1911} INFO - Created Permission View: can delete on DAG:dataset_consumes_1
[2025-01-18T04:51:44.031+0000] {logging_mixin.py:190} INFO - [2025-01-18T04:51:44.031+0000] {override.py:1911} INFO - Created Permission View: can create on DAG Run:dataset_consumes_1
[2025-01-18T04:51:44.034+0000] {logging_mixin.py:190} INFO - [2025-01-18T04:51:44.034+0000] {override.py:1911} INFO - Created Permission View: can read on DAG Run:dataset_consumes_1
[2025-01-18T04:51:44.037+0000] {logging_mixin.py:190} INFO - [2025-01-18T04:51:44.036+0000] {override.py:1911} INFO - Created Permission View: can delete on DAG Run:dataset_consumes_1
[2025-01-18T04:51:44.039+0000] {logging_mixin.py:190} INFO - [2025-01-18T04:51:44.039+0000] {override.py:1911} INFO - Created Permission View: menu access on DAG Run:dataset_consumes_1
[2025-01-18T04:51:44.045+0000] {logging_mixin.py:190} INFO - [2025-01-18T04:51:44.045+0000] {override.py:1911} INFO - Created Permission View: can edit on DAG:dataset_consumes_1_and_2
[2025-01-18T04:51:44.048+0000] {logging_mixin.py:190} INFO - [2025-01-18T04:51:44.048+0000] {override.py:1911} INFO - Created Permission View: can read on DAG:dataset_consumes_1_and_2
[2025-01-18T04:51:44.050+0000] {logging_mixin.py:190} INFO - [2025-01-18T04:51:44.050+0000] {override.py:1911} INFO - Created Permission View: can delete on DAG:dataset_consumes_1_and_2
[2025-01-18T04:51:44.053+0000] {logging_mixin.py:190} INFO - [2025-01-18T04:51:44.053+0000] {override.py:1911} INFO - Created Permission View: can create on DAG Run:dataset_consumes_1_and_2
[2025-01-18T04:51:44.056+0000] {logging_mixin.py:190} INFO - [2025-01-18T04:51:44.056+0000] {override.py:1911} INFO - Created Permission View: can read on DAG Run:dataset_consumes_1_and_2
[2025-01-18T04:51:44.058+0000] {logging_mixin.py:190} INFO - [2025-01-18T04:51:44.058+0000] {override.py:1911} INFO - Created Permission View: can delete on DAG Run:dataset_consumes_1_and_2
[2025-01-18T04:51:44.061+0000] {logging_mixin.py:190} INFO - [2025-01-18T04:51:44.061+0000] {override.py:1911} INFO - Created Permission View: menu access on DAG Run:dataset_consumes_1_and_2
[2025-01-18T04:51:44.061+0000] {logging_mixin.py:190} INFO - [2025-01-18T04:51:44.061+0000] {dag.py:3239} INFO - Sync 10 DAGs
[2025-01-18T04:51:44.067+0000] {logging_mixin.py:190} INFO - [2025-01-18T04:51:44.067+0000] {dag.py:3262} INFO - Creating ORM DAG for dataset_consumes_1_and_2
[2025-01-18T04:51:44.067+0000] {logging_mixin.py:190} INFO - [2025-01-18T04:51:44.067+0000] {dag.py:3262} INFO - Creating ORM DAG for dataset_consumes_1
[2025-01-18T04:51:44.067+0000] {logging_mixin.py:190} INFO - [2025-01-18T04:51:44.067+0000] {dag.py:3262} INFO - Creating ORM DAG for dataset_consumes_1_never_scheduled
[2025-01-18T04:51:44.068+0000] {logging_mixin.py:190} INFO - [2025-01-18T04:51:44.068+0000] {dag.py:3262} INFO - Creating ORM DAG for dataset_produces_2
[2025-01-18T04:51:44.068+0000] {logging_mixin.py:190} INFO - [2025-01-18T04:51:44.068+0000] {dag.py:3262} INFO - Creating ORM DAG for conditional_dataset_and_time_based_timetable
[2025-01-18T04:51:44.068+0000] {logging_mixin.py:190} INFO - [2025-01-18T04:51:44.068+0000] {dag.py:3262} INFO - Creating ORM DAG for consume_1_or_both_2_and_3_with_dataset_expressions
[2025-01-18T04:51:44.068+0000] {logging_mixin.py:190} INFO - [2025-01-18T04:51:44.068+0000] {dag.py:3262} INFO - Creating ORM DAG for consume_1_or_2_with_dataset_expressions
[2025-01-18T04:51:44.069+0000] {logging_mixin.py:190} INFO - [2025-01-18T04:51:44.068+0000] {dag.py:3262} INFO - Creating ORM DAG for consume_1_and_2_with_dataset_expressions
[2025-01-18T04:51:44.069+0000] {logging_mixin.py:190} INFO - [2025-01-18T04:51:44.069+0000] {dag.py:3262} INFO - Creating ORM DAG for dataset_consumes_unknown_never_scheduled
[2025-01-18T04:51:44.069+0000] {logging_mixin.py:190} INFO - [2025-01-18T04:51:44.069+0000] {dag.py:3262} INFO - Creating ORM DAG for dataset_produces_1
[2025-01-18T04:51:44.074+0000] {logging_mixin.py:190} INFO - [2025-01-18T04:51:44.074+0000] {dag.py:4180} INFO - Setting next_dagrun for conditional_dataset_and_time_based_timetable to 2025-01-15 01:00:00+00:00, run_after=2025-01-15 01:00:00+00:00
[2025-01-18T04:51:44.074+0000] {logging_mixin.py:190} INFO - [2025-01-18T04:51:44.074+0000] {dag.py:4180} INFO - Setting next_dagrun for consume_1_and_2_with_dataset_expressions to None, run_after=None
[2025-01-18T04:51:44.075+0000] {logging_mixin.py:190} INFO - [2025-01-18T04:51:44.075+0000] {dag.py:4180} INFO - Setting next_dagrun for consume_1_or_2_with_dataset_expressions to None, run_after=None
[2025-01-18T04:51:44.075+0000] {logging_mixin.py:190} INFO - [2025-01-18T04:51:44.075+0000] {dag.py:4180} INFO - Setting next_dagrun for consume_1_or_both_2_and_3_with_dataset_expressions to None, run_after=None
[2025-01-18T04:51:44.075+0000] {logging_mixin.py:190} INFO - [2025-01-18T04:51:44.075+0000] {dag.py:4180} INFO - Setting next_dagrun for dataset_consumes_1 to None, run_after=None
[2025-01-18T04:51:44.075+0000] {logging_mixin.py:190} INFO - [2025-01-18T04:51:44.075+0000] {dag.py:4180} INFO - Setting next_dagrun for dataset_consumes_1_and_2 to None, run_after=None
[2025-01-18T04:51:44.075+0000] {logging_mixin.py:190} INFO - [2025-01-18T04:51:44.075+0000] {dag.py:4180} INFO - Setting next_dagrun for dataset_consumes_1_never_scheduled to None, run_after=None
[2025-01-18T04:51:44.076+0000] {logging_mixin.py:190} INFO - [2025-01-18T04:51:44.075+0000] {dag.py:4180} INFO - Setting next_dagrun for dataset_consumes_unknown_never_scheduled to None, run_after=None
[2025-01-18T04:51:44.076+0000] {logging_mixin.py:190} INFO - [2025-01-18T04:51:44.076+0000] {dag.py:4180} INFO - Setting next_dagrun for dataset_produces_1 to 2025-01-17 00:00:00+00:00, run_after=2025-01-18 00:00:00+00:00
[2025-01-18T04:51:44.076+0000] {logging_mixin.py:190} INFO - [2025-01-18T04:51:44.076+0000] {dag.py:4180} INFO - Setting next_dagrun for dataset_produces_2 to None, run_after=None
[2025-01-18T04:51:44.101+0000] {processor.py:208} INFO - Processing /home/airflow/.local/lib/python3.12/site-packages/airflow/example_dags/example_datasets.py took 0.975 seconds
[2025-01-18T04:52:14.969+0000] {processor.py:186} INFO - Started process (PID=127) to work on /home/airflow/.local/lib/python3.12/site-packages/airflow/example_dags/example_datasets.py
[2025-01-18T04:52:14.971+0000] {processor.py:914} INFO - Processing file /home/airflow/.local/lib/python3.12/site-packages/airflow/example_dags/example_datasets.py for tasks to queue
[2025-01-18T04:52:14.975+0000] {logging_mixin.py:190} INFO - [2025-01-18T04:52:14.975+0000] {dagbag.py:588} INFO - Filling up the DagBag from /home/airflow/.local/lib/python3.12/site-packages/airflow/example_dags/example_datasets.py
[2025-01-18T04:52:15.315+0000] {processor.py:925} INFO - DAG(s) 'dataset_consumes_1_and_2', 'conditional_dataset_and_time_based_timetable', 'consume_1_and_2_with_dataset_expressions', 'dataset_consumes_1', 'consume_1_or_2_with_dataset_expressions', 'dataset_consumes_1_never_scheduled', 'dataset_consumes_unknown_never_scheduled', 'consume_1_or_both_2_and_3_with_dataset_expressions', 'dataset_produces_1', 'dataset_produces_2' retrieved from /home/airflow/.local/lib/python3.12/site-packages/airflow/example_dags/example_datasets.py
[2025-01-18T04:52:15.337+0000] {logging_mixin.py:190} INFO - [2025-01-18T04:52:15.337+0000] {dag.py:3239} INFO - Sync 10 DAGs
[2025-01-18T04:52:15.347+0000] {logging_mixin.py:190} INFO - [2025-01-18T04:52:15.347+0000] {dag.py:4180} INFO - Setting next_dagrun for conditional_dataset_and_time_based_timetable to 2025-01-15 01:00:00+00:00, run_after=2025-01-15 01:00:00+00:00
[2025-01-18T04:52:15.349+0000] {logging_mixin.py:190} INFO - [2025-01-18T04:52:15.349+0000] {dag.py:4180} INFO - Setting next_dagrun for consume_1_and_2_with_dataset_expressions to None, run_after=None
[2025-01-18T04:52:15.350+0000] {logging_mixin.py:190} INFO - [2025-01-18T04:52:15.350+0000] {dag.py:4180} INFO - Setting next_dagrun for consume_1_or_2_with_dataset_expressions to None, run_after=None
[2025-01-18T04:52:15.350+0000] {logging_mixin.py:190} INFO - [2025-01-18T04:52:15.350+0000] {dag.py:4180} INFO - Setting next_dagrun for consume_1_or_both_2_and_3_with_dataset_expressions to None, run_after=None
[2025-01-18T04:52:15.351+0000] {logging_mixin.py:190} INFO - [2025-01-18T04:52:15.351+0000] {dag.py:4180} INFO - Setting next_dagrun for dataset_consumes_1 to None, run_after=None
[2025-01-18T04:52:15.352+0000] {logging_mixin.py:190} INFO - [2025-01-18T04:52:15.352+0000] {dag.py:4180} INFO - Setting next_dagrun for dataset_consumes_1_and_2 to None, run_after=None
[2025-01-18T04:52:15.352+0000] {logging_mixin.py:190} INFO - [2025-01-18T04:52:15.352+0000] {dag.py:4180} INFO - Setting next_dagrun for dataset_consumes_1_never_scheduled to None, run_after=None
[2025-01-18T04:52:15.353+0000] {logging_mixin.py:190} INFO - [2025-01-18T04:52:15.353+0000] {dag.py:4180} INFO - Setting next_dagrun for dataset_consumes_unknown_never_scheduled to None, run_after=None
[2025-01-18T04:52:15.354+0000] {logging_mixin.py:190} INFO - [2025-01-18T04:52:15.354+0000] {dag.py:4180} INFO - Setting next_dagrun for dataset_produces_1 to 2025-01-17 00:00:00+00:00, run_after=2025-01-18 00:00:00+00:00
[2025-01-18T04:52:15.354+0000] {logging_mixin.py:190} INFO - [2025-01-18T04:52:15.354+0000] {dag.py:4180} INFO - Setting next_dagrun for dataset_produces_2 to None, run_after=None
[2025-01-18T04:52:15.374+0000] {processor.py:208} INFO - Processing /home/airflow/.local/lib/python3.12/site-packages/airflow/example_dags/example_datasets.py took 0.408 seconds
[2025-01-18T04:52:45.737+0000] {processor.py:186} INFO - Started process (PID=190) to work on /home/airflow/.local/lib/python3.12/site-packages/airflow/example_dags/example_datasets.py
[2025-01-18T04:52:45.738+0000] {processor.py:914} INFO - Processing file /home/airflow/.local/lib/python3.12/site-packages/airflow/example_dags/example_datasets.py for tasks to queue
[2025-01-18T04:52:45.743+0000] {logging_mixin.py:190} INFO - [2025-01-18T04:52:45.742+0000] {dagbag.py:588} INFO - Filling up the DagBag from /home/airflow/.local/lib/python3.12/site-packages/airflow/example_dags/example_datasets.py
[2025-01-18T04:52:46.029+0000] {processor.py:925} INFO - DAG(s) 'dataset_consumes_1_and_2', 'consume_1_and_2_with_dataset_expressions', 'conditional_dataset_and_time_based_timetable', 'dataset_consumes_1_never_scheduled', 'dataset_produces_2', 'consume_1_or_both_2_and_3_with_dataset_expressions', 'dataset_consumes_1', 'dataset_consumes_unknown_never_scheduled', 'consume_1_or_2_with_dataset_expressions', 'dataset_produces_1' retrieved from /home/airflow/.local/lib/python3.12/site-packages/airflow/example_dags/example_datasets.py
[2025-01-18T04:52:46.049+0000] {logging_mixin.py:190} INFO - [2025-01-18T04:52:46.049+0000] {dag.py:3239} INFO - Sync 10 DAGs
[2025-01-18T04:52:46.060+0000] {logging_mixin.py:190} INFO - [2025-01-18T04:52:46.060+0000] {dag.py:4180} INFO - Setting next_dagrun for conditional_dataset_and_time_based_timetable to 2025-01-15 01:00:00+00:00, run_after=2025-01-15 01:00:00+00:00
[2025-01-18T04:52:46.063+0000] {logging_mixin.py:190} INFO - [2025-01-18T04:52:46.062+0000] {dag.py:4180} INFO - Setting next_dagrun for consume_1_and_2_with_dataset_expressions to None, run_after=None
[2025-01-18T04:52:46.064+0000] {logging_mixin.py:190} INFO - [2025-01-18T04:52:46.064+0000] {dag.py:4180} INFO - Setting next_dagrun for consume_1_or_2_with_dataset_expressions to None, run_after=None
[2025-01-18T04:52:46.065+0000] {logging_mixin.py:190} INFO - [2025-01-18T04:52:46.065+0000] {dag.py:4180} INFO - Setting next_dagrun for consume_1_or_both_2_and_3_with_dataset_expressions to None, run_after=None
[2025-01-18T04:52:46.066+0000] {logging_mixin.py:190} INFO - [2025-01-18T04:52:46.066+0000] {dag.py:4180} INFO - Setting next_dagrun for dataset_consumes_1 to None, run_after=None
[2025-01-18T04:52:46.067+0000] {logging_mixin.py:190} INFO - [2025-01-18T04:52:46.067+0000] {dag.py:4180} INFO - Setting next_dagrun for dataset_consumes_1_and_2 to None, run_after=None
[2025-01-18T04:52:46.068+0000] {logging_mixin.py:190} INFO - [2025-01-18T04:52:46.068+0000] {dag.py:4180} INFO - Setting next_dagrun for dataset_consumes_1_never_scheduled to None, run_after=None
[2025-01-18T04:52:46.068+0000] {logging_mixin.py:190} INFO - [2025-01-18T04:52:46.068+0000] {dag.py:4180} INFO - Setting next_dagrun for dataset_consumes_unknown_never_scheduled to None, run_after=None
[2025-01-18T04:52:46.069+0000] {logging_mixin.py:190} INFO - [2025-01-18T04:52:46.069+0000] {dag.py:4180} INFO - Setting next_dagrun for dataset_produces_1 to 2025-01-17 00:00:00+00:00, run_after=2025-01-18 00:00:00+00:00
[2025-01-18T04:52:46.070+0000] {logging_mixin.py:190} INFO - [2025-01-18T04:52:46.070+0000] {dag.py:4180} INFO - Setting next_dagrun for dataset_produces_2 to None, run_after=None
[2025-01-18T04:52:46.087+0000] {processor.py:208} INFO - Processing /home/airflow/.local/lib/python3.12/site-packages/airflow/example_dags/example_datasets.py took 0.353 seconds
[2025-01-18T04:53:16.618+0000] {processor.py:186} INFO - Started process (PID=253) to work on /home/airflow/.local/lib/python3.12/site-packages/airflow/example_dags/example_datasets.py
[2025-01-18T04:53:16.619+0000] {processor.py:914} INFO - Processing file /home/airflow/.local/lib/python3.12/site-packages/airflow/example_dags/example_datasets.py for tasks to queue
[2025-01-18T04:53:16.621+0000] {logging_mixin.py:190} INFO - [2025-01-18T04:53:16.620+0000] {dagbag.py:588} INFO - Filling up the DagBag from /home/airflow/.local/lib/python3.12/site-packages/airflow/example_dags/example_datasets.py
[2025-01-18T04:53:16.927+0000] {processor.py:925} INFO - DAG(s) 'dataset_consumes_unknown_never_scheduled', 'consume_1_or_2_with_dataset_expressions', 'conditional_dataset_and_time_based_timetable', 'dataset_produces_2', 'dataset_produces_1', 'dataset_consumes_1_never_scheduled', 'consume_1_or_both_2_and_3_with_dataset_expressions', 'dataset_consumes_1_and_2', 'dataset_consumes_1', 'consume_1_and_2_with_dataset_expressions' retrieved from /home/airflow/.local/lib/python3.12/site-packages/airflow/example_dags/example_datasets.py
[2025-01-18T04:53:16.945+0000] {logging_mixin.py:190} INFO - [2025-01-18T04:53:16.945+0000] {dag.py:3239} INFO - Sync 10 DAGs
[2025-01-18T04:53:16.955+0000] {logging_mixin.py:190} INFO - [2025-01-18T04:53:16.955+0000] {dag.py:4180} INFO - Setting next_dagrun for conditional_dataset_and_time_based_timetable to 2025-01-15 01:00:00+00:00, run_after=2025-01-15 01:00:00+00:00
[2025-01-18T04:53:16.957+0000] {logging_mixin.py:190} INFO - [2025-01-18T04:53:16.957+0000] {dag.py:4180} INFO - Setting next_dagrun for consume_1_and_2_with_dataset_expressions to None, run_after=None
[2025-01-18T04:53:16.958+0000] {logging_mixin.py:190} INFO - [2025-01-18T04:53:16.958+0000] {dag.py:4180} INFO - Setting next_dagrun for consume_1_or_2_with_dataset_expressions to None, run_after=None
[2025-01-18T04:53:16.962+0000] {logging_mixin.py:190} INFO - [2025-01-18T04:53:16.962+0000] {dag.py:4180} INFO - Setting next_dagrun for consume_1_or_both_2_and_3_with_dataset_expressions to None, run_after=None
[2025-01-18T04:53:16.963+0000] {logging_mixin.py:190} INFO - [2025-01-18T04:53:16.963+0000] {dag.py:4180} INFO - Setting next_dagrun for dataset_consumes_1 to None, run_after=None
[2025-01-18T04:53:16.963+0000] {logging_mixin.py:190} INFO - [2025-01-18T04:53:16.963+0000] {dag.py:4180} INFO - Setting next_dagrun for dataset_consumes_1_and_2 to None, run_after=None
[2025-01-18T04:53:16.965+0000] {logging_mixin.py:190} INFO - [2025-01-18T04:53:16.965+0000] {dag.py:4180} INFO - Setting next_dagrun for dataset_consumes_1_never_scheduled to None, run_after=None
[2025-01-18T04:53:16.966+0000] {logging_mixin.py:190} INFO - [2025-01-18T04:53:16.966+0000] {dag.py:4180} INFO - Setting next_dagrun for dataset_consumes_unknown_never_scheduled to None, run_after=None
[2025-01-18T04:53:16.968+0000] {logging_mixin.py:190} INFO - [2025-01-18T04:53:16.968+0000] {dag.py:4180} INFO - Setting next_dagrun for dataset_produces_1 to 2025-01-17 00:00:00+00:00, run_after=2025-01-18 00:00:00+00:00
[2025-01-18T04:53:16.969+0000] {logging_mixin.py:190} INFO - [2025-01-18T04:53:16.969+0000] {dag.py:4180} INFO - Setting next_dagrun for dataset_produces_2 to None, run_after=None
[2025-01-18T04:53:16.985+0000] {processor.py:208} INFO - Processing /home/airflow/.local/lib/python3.12/site-packages/airflow/example_dags/example_datasets.py took 0.374 seconds
[2025-01-18T04:53:47.337+0000] {processor.py:186} INFO - Started process (PID=316) to work on /home/airflow/.local/lib/python3.12/site-packages/airflow/example_dags/example_datasets.py
[2025-01-18T04:53:47.338+0000] {processor.py:914} INFO - Processing file /home/airflow/.local/lib/python3.12/site-packages/airflow/example_dags/example_datasets.py for tasks to queue
[2025-01-18T04:53:47.340+0000] {logging_mixin.py:190} INFO - [2025-01-18T04:53:47.340+0000] {dagbag.py:588} INFO - Filling up the DagBag from /home/airflow/.local/lib/python3.12/site-packages/airflow/example_dags/example_datasets.py
[2025-01-18T04:53:47.631+0000] {processor.py:925} INFO - DAG(s) 'dataset_produces_1', 'dataset_consumes_1_and_2', 'dataset_consumes_unknown_never_scheduled', 'dataset_consumes_1_never_scheduled', 'dataset_produces_2', 'dataset_consumes_1', 'consume_1_and_2_with_dataset_expressions', 'consume_1_or_both_2_and_3_with_dataset_expressions', 'consume_1_or_2_with_dataset_expressions', 'conditional_dataset_and_time_based_timetable' retrieved from /home/airflow/.local/lib/python3.12/site-packages/airflow/example_dags/example_datasets.py
[2025-01-18T04:53:47.650+0000] {logging_mixin.py:190} INFO - [2025-01-18T04:53:47.650+0000] {dag.py:3239} INFO - Sync 10 DAGs
[2025-01-18T04:53:47.661+0000] {logging_mixin.py:190} INFO - [2025-01-18T04:53:47.661+0000] {dag.py:4180} INFO - Setting next_dagrun for conditional_dataset_and_time_based_timetable to 2025-01-15 01:00:00+00:00, run_after=2025-01-15 01:00:00+00:00
[2025-01-18T04:53:47.662+0000] {logging_mixin.py:190} INFO - [2025-01-18T04:53:47.662+0000] {dag.py:4180} INFO - Setting next_dagrun for consume_1_and_2_with_dataset_expressions to None, run_after=None
[2025-01-18T04:53:47.663+0000] {logging_mixin.py:190} INFO - [2025-01-18T04:53:47.663+0000] {dag.py:4180} INFO - Setting next_dagrun for consume_1_or_2_with_dataset_expressions to None, run_after=None
[2025-01-18T04:53:47.664+0000] {logging_mixin.py:190} INFO - [2025-01-18T04:53:47.664+0000] {dag.py:4180} INFO - Setting next_dagrun for consume_1_or_both_2_and_3_with_dataset_expressions to None, run_after=None
[2025-01-18T04:53:47.664+0000] {logging_mixin.py:190} INFO - [2025-01-18T04:53:47.664+0000] {dag.py:4180} INFO - Setting next_dagrun for dataset_consumes_1 to None, run_after=None
[2025-01-18T04:53:47.665+0000] {logging_mixin.py:190} INFO - [2025-01-18T04:53:47.665+0000] {dag.py:4180} INFO - Setting next_dagrun for dataset_consumes_1_and_2 to None, run_after=None
[2025-01-18T04:53:47.666+0000] {logging_mixin.py:190} INFO - [2025-01-18T04:53:47.665+0000] {dag.py:4180} INFO - Setting next_dagrun for dataset_consumes_1_never_scheduled to None, run_after=None
[2025-01-18T04:53:47.666+0000] {logging_mixin.py:190} INFO - [2025-01-18T04:53:47.666+0000] {dag.py:4180} INFO - Setting next_dagrun for dataset_consumes_unknown_never_scheduled to None, run_after=None
[2025-01-18T04:53:47.668+0000] {logging_mixin.py:190} INFO - [2025-01-18T04:53:47.668+0000] {dag.py:4180} INFO - Setting next_dagrun for dataset_produces_1 to 2025-01-17 00:00:00+00:00, run_after=2025-01-18 00:00:00+00:00
[2025-01-18T04:53:47.668+0000] {logging_mixin.py:190} INFO - [2025-01-18T04:53:47.668+0000] {dag.py:4180} INFO - Setting next_dagrun for dataset_produces_2 to None, run_after=None
[2025-01-18T04:53:47.687+0000] {processor.py:208} INFO - Processing /home/airflow/.local/lib/python3.12/site-packages/airflow/example_dags/example_datasets.py took 0.356 seconds
[2025-01-18T04:54:18.121+0000] {processor.py:186} INFO - Started process (PID=379) to work on /home/airflow/.local/lib/python3.12/site-packages/airflow/example_dags/example_datasets.py
[2025-01-18T04:54:18.125+0000] {processor.py:914} INFO - Processing file /home/airflow/.local/lib/python3.12/site-packages/airflow/example_dags/example_datasets.py for tasks to queue
[2025-01-18T04:54:18.127+0000] {logging_mixin.py:190} INFO - [2025-01-18T04:54:18.127+0000] {dagbag.py:588} INFO - Filling up the DagBag from /home/airflow/.local/lib/python3.12/site-packages/airflow/example_dags/example_datasets.py
[2025-01-18T04:54:18.427+0000] {processor.py:925} INFO - DAG(s) 'consume_1_and_2_with_dataset_expressions', 'consume_1_or_2_with_dataset_expressions', 'dataset_consumes_1_never_scheduled', 'conditional_dataset_and_time_based_timetable', 'dataset_consumes_unknown_never_scheduled', 'consume_1_or_both_2_and_3_with_dataset_expressions', 'dataset_consumes_1_and_2', 'dataset_produces_2', 'dataset_consumes_1', 'dataset_produces_1' retrieved from /home/airflow/.local/lib/python3.12/site-packages/airflow/example_dags/example_datasets.py
[2025-01-18T04:54:18.448+0000] {logging_mixin.py:190} INFO - [2025-01-18T04:54:18.448+0000] {dag.py:3239} INFO - Sync 10 DAGs
[2025-01-18T04:54:18.459+0000] {logging_mixin.py:190} INFO - [2025-01-18T04:54:18.459+0000] {dag.py:4180} INFO - Setting next_dagrun for conditional_dataset_and_time_based_timetable to 2025-01-15 01:00:00+00:00, run_after=2025-01-15 01:00:00+00:00
[2025-01-18T04:54:18.460+0000] {logging_mixin.py:190} INFO - [2025-01-18T04:54:18.460+0000] {dag.py:4180} INFO - Setting next_dagrun for consume_1_and_2_with_dataset_expressions to None, run_after=None
[2025-01-18T04:54:18.461+0000] {logging_mixin.py:190} INFO - [2025-01-18T04:54:18.461+0000] {dag.py:4180} INFO - Setting next_dagrun for consume_1_or_2_with_dataset_expressions to None, run_after=None
[2025-01-18T04:54:18.462+0000] {logging_mixin.py:190} INFO - [2025-01-18T04:54:18.462+0000] {dag.py:4180} INFO - Setting next_dagrun for consume_1_or_both_2_and_3_with_dataset_expressions to None, run_after=None
[2025-01-18T04:54:18.462+0000] {logging_mixin.py:190} INFO - [2025-01-18T04:54:18.462+0000] {dag.py:4180} INFO - Setting next_dagrun for dataset_consumes_1 to None, run_after=None
[2025-01-18T04:54:18.463+0000] {logging_mixin.py:190} INFO - [2025-01-18T04:54:18.463+0000] {dag.py:4180} INFO - Setting next_dagrun for dataset_consumes_1_and_2 to None, run_after=None
[2025-01-18T04:54:18.464+0000] {logging_mixin.py:190} INFO - [2025-01-18T04:54:18.463+0000] {dag.py:4180} INFO - Setting next_dagrun for dataset_consumes_1_never_scheduled to None, run_after=None
[2025-01-18T04:54:18.464+0000] {logging_mixin.py:190} INFO - [2025-01-18T04:54:18.464+0000] {dag.py:4180} INFO - Setting next_dagrun for dataset_consumes_unknown_never_scheduled to None, run_after=None
[2025-01-18T04:54:18.465+0000] {logging_mixin.py:190} INFO - [2025-01-18T04:54:18.465+0000] {dag.py:4180} INFO - Setting next_dagrun for dataset_produces_1 to 2025-01-17 00:00:00+00:00, run_after=2025-01-18 00:00:00+00:00
[2025-01-18T04:54:18.465+0000] {logging_mixin.py:190} INFO - [2025-01-18T04:54:18.465+0000] {dag.py:4180} INFO - Setting next_dagrun for dataset_produces_2 to None, run_after=None
[2025-01-18T04:54:18.483+0000] {processor.py:208} INFO - Processing /home/airflow/.local/lib/python3.12/site-packages/airflow/example_dags/example_datasets.py took 0.368 seconds
[2025-01-18T04:54:48.924+0000] {processor.py:186} INFO - Started process (PID=442) to work on /home/airflow/.local/lib/python3.12/site-packages/airflow/example_dags/example_datasets.py
[2025-01-18T04:54:48.925+0000] {processor.py:914} INFO - Processing file /home/airflow/.local/lib/python3.12/site-packages/airflow/example_dags/example_datasets.py for tasks to queue
[2025-01-18T04:54:48.927+0000] {logging_mixin.py:190} INFO - [2025-01-18T04:54:48.926+0000] {dagbag.py:588} INFO - Filling up the DagBag from /home/airflow/.local/lib/python3.12/site-packages/airflow/example_dags/example_datasets.py
[2025-01-18T04:54:49.218+0000] {processor.py:925} INFO - DAG(s) 'conditional_dataset_and_time_based_timetable', 'consume_1_and_2_with_dataset_expressions', 'dataset_produces_1', 'dataset_produces_2', 'dataset_consumes_1_and_2', 'dataset_consumes_1', 'consume_1_or_both_2_and_3_with_dataset_expressions', 'dataset_consumes_1_never_scheduled', 'consume_1_or_2_with_dataset_expressions', 'dataset_consumes_unknown_never_scheduled' retrieved from /home/airflow/.local/lib/python3.12/site-packages/airflow/example_dags/example_datasets.py
[2025-01-18T04:54:49.238+0000] {logging_mixin.py:190} INFO - [2025-01-18T04:54:49.237+0000] {dag.py:3239} INFO - Sync 10 DAGs
[2025-01-18T04:54:49.249+0000] {logging_mixin.py:190} INFO - [2025-01-18T04:54:49.249+0000] {dag.py:4180} INFO - Setting next_dagrun for conditional_dataset_and_time_based_timetable to 2025-01-15 01:00:00+00:00, run_after=2025-01-15 01:00:00+00:00
[2025-01-18T04:54:49.251+0000] {logging_mixin.py:190} INFO - [2025-01-18T04:54:49.251+0000] {dag.py:4180} INFO - Setting next_dagrun for consume_1_and_2_with_dataset_expressions to None, run_after=None
[2025-01-18T04:54:49.252+0000] {logging_mixin.py:190} INFO - [2025-01-18T04:54:49.252+0000] {dag.py:4180} INFO - Setting next_dagrun for consume_1_or_2_with_dataset_expressions to None, run_after=None
[2025-01-18T04:54:49.252+0000] {logging_mixin.py:190} INFO - [2025-01-18T04:54:49.252+0000] {dag.py:4180} INFO - Setting next_dagrun for consume_1_or_both_2_and_3_with_dataset_expressions to None, run_after=None
[2025-01-18T04:54:49.253+0000] {logging_mixin.py:190} INFO - [2025-01-18T04:54:49.253+0000] {dag.py:4180} INFO - Setting next_dagrun for dataset_consumes_1 to None, run_after=None
[2025-01-18T04:54:49.254+0000] {logging_mixin.py:190} INFO - [2025-01-18T04:54:49.254+0000] {dag.py:4180} INFO - Setting next_dagrun for dataset_consumes_1_and_2 to None, run_after=None
[2025-01-18T04:54:49.254+0000] {logging_mixin.py:190} INFO - [2025-01-18T04:54:49.254+0000] {dag.py:4180} INFO - Setting next_dagrun for dataset_consumes_1_never_scheduled to None, run_after=None
[2025-01-18T04:54:49.255+0000] {logging_mixin.py:190} INFO - [2025-01-18T04:54:49.255+0000] {dag.py:4180} INFO - Setting next_dagrun for dataset_consumes_unknown_never_scheduled to None, run_after=None
[2025-01-18T04:54:49.256+0000] {logging_mixin.py:190} INFO - [2025-01-18T04:54:49.256+0000] {dag.py:4180} INFO - Setting next_dagrun for dataset_produces_1 to 2025-01-17 00:00:00+00:00, run_after=2025-01-18 00:00:00+00:00
[2025-01-18T04:54:49.256+0000] {logging_mixin.py:190} INFO - [2025-01-18T04:54:49.256+0000] {dag.py:4180} INFO - Setting next_dagrun for dataset_produces_2 to None, run_after=None
[2025-01-18T04:54:49.276+0000] {processor.py:208} INFO - Processing /home/airflow/.local/lib/python3.12/site-packages/airflow/example_dags/example_datasets.py took 0.358 seconds
[2025-01-18T04:55:19.913+0000] {processor.py:186} INFO - Started process (PID=505) to work on /home/airflow/.local/lib/python3.12/site-packages/airflow/example_dags/example_datasets.py
[2025-01-18T04:55:19.914+0000] {processor.py:914} INFO - Processing file /home/airflow/.local/lib/python3.12/site-packages/airflow/example_dags/example_datasets.py for tasks to queue
[2025-01-18T04:55:19.915+0000] {logging_mixin.py:190} INFO - [2025-01-18T04:55:19.915+0000] {dagbag.py:588} INFO - Filling up the DagBag from /home/airflow/.local/lib/python3.12/site-packages/airflow/example_dags/example_datasets.py
[2025-01-18T04:55:20.203+0000] {processor.py:925} INFO - DAG(s) 'dataset_produces_2', 'dataset_consumes_1_never_scheduled', 'consume_1_and_2_with_dataset_expressions', 'consume_1_or_both_2_and_3_with_dataset_expressions', 'dataset_consumes_1', 'dataset_produces_1', 'consume_1_or_2_with_dataset_expressions', 'conditional_dataset_and_time_based_timetable', 'dataset_consumes_unknown_never_scheduled', 'dataset_consumes_1_and_2' retrieved from /home/airflow/.local/lib/python3.12/site-packages/airflow/example_dags/example_datasets.py
[2025-01-18T04:55:20.222+0000] {logging_mixin.py:190} INFO - [2025-01-18T04:55:20.222+0000] {dag.py:3239} INFO - Sync 10 DAGs
[2025-01-18T04:55:20.233+0000] {logging_mixin.py:190} INFO - [2025-01-18T04:55:20.233+0000] {dag.py:4180} INFO - Setting next_dagrun for conditional_dataset_and_time_based_timetable to 2025-01-15 01:00:00+00:00, run_after=2025-01-15 01:00:00+00:00
[2025-01-18T04:55:20.235+0000] {logging_mixin.py:190} INFO - [2025-01-18T04:55:20.235+0000] {dag.py:4180} INFO - Setting next_dagrun for consume_1_and_2_with_dataset_expressions to None, run_after=None
[2025-01-18T04:55:20.236+0000] {logging_mixin.py:190} INFO - [2025-01-18T04:55:20.236+0000] {dag.py:4180} INFO - Setting next_dagrun for consume_1_or_2_with_dataset_expressions to None, run_after=None
[2025-01-18T04:55:20.236+0000] {logging_mixin.py:190} INFO - [2025-01-18T04:55:20.236+0000] {dag.py:4180} INFO - Setting next_dagrun for consume_1_or_both_2_and_3_with_dataset_expressions to None, run_after=None
[2025-01-18T04:55:20.237+0000] {logging_mixin.py:190} INFO - [2025-01-18T04:55:20.237+0000] {dag.py:4180} INFO - Setting next_dagrun for dataset_consumes_1 to None, run_after=None
[2025-01-18T04:55:20.238+0000] {logging_mixin.py:190} INFO - [2025-01-18T04:55:20.238+0000] {dag.py:4180} INFO - Setting next_dagrun for dataset_consumes_1_and_2 to None, run_after=None
[2025-01-18T04:55:20.238+0000] {logging_mixin.py:190} INFO - [2025-01-18T04:55:20.238+0000] {dag.py:4180} INFO - Setting next_dagrun for dataset_consumes_1_never_scheduled to None, run_after=None
[2025-01-18T04:55:20.239+0000] {logging_mixin.py:190} INFO - [2025-01-18T04:55:20.239+0000] {dag.py:4180} INFO - Setting next_dagrun for dataset_consumes_unknown_never_scheduled to None, run_after=None
[2025-01-18T04:55:20.240+0000] {logging_mixin.py:190} INFO - [2025-01-18T04:55:20.240+0000] {dag.py:4180} INFO - Setting next_dagrun for dataset_produces_1 to 2025-01-17 00:00:00+00:00, run_after=2025-01-18 00:00:00+00:00
[2025-01-18T04:55:20.241+0000] {logging_mixin.py:190} INFO - [2025-01-18T04:55:20.241+0000] {dag.py:4180} INFO - Setting next_dagrun for dataset_produces_2 to None, run_after=None
[2025-01-18T04:55:20.259+0000] {processor.py:208} INFO - Processing /home/airflow/.local/lib/python3.12/site-packages/airflow/example_dags/example_datasets.py took 0.349 seconds
[2025-01-18T04:55:50.914+0000] {processor.py:186} INFO - Started process (PID=568) to work on /home/airflow/.local/lib/python3.12/site-packages/airflow/example_dags/example_datasets.py
[2025-01-18T04:55:50.917+0000] {processor.py:914} INFO - Processing file /home/airflow/.local/lib/python3.12/site-packages/airflow/example_dags/example_datasets.py for tasks to queue
[2025-01-18T04:55:50.919+0000] {logging_mixin.py:190} INFO - [2025-01-18T04:55:50.919+0000] {dagbag.py:588} INFO - Filling up the DagBag from /home/airflow/.local/lib/python3.12/site-packages/airflow/example_dags/example_datasets.py
[2025-01-18T04:55:51.209+0000] {processor.py:925} INFO - DAG(s) 'consume_1_or_both_2_and_3_with_dataset_expressions', 'dataset_consumes_1_and_2', 'dataset_consumes_1', 'dataset_produces_1', 'consume_1_or_2_with_dataset_expressions', 'dataset_consumes_unknown_never_scheduled', 'dataset_produces_2', 'dataset_consumes_1_never_scheduled', 'conditional_dataset_and_time_based_timetable', 'consume_1_and_2_with_dataset_expressions' retrieved from /home/airflow/.local/lib/python3.12/site-packages/airflow/example_dags/example_datasets.py
[2025-01-18T04:55:51.227+0000] {logging_mixin.py:190} INFO - [2025-01-18T04:55:51.227+0000] {dag.py:3239} INFO - Sync 10 DAGs
[2025-01-18T04:55:51.238+0000] {logging_mixin.py:190} INFO - [2025-01-18T04:55:51.237+0000] {dag.py:4180} INFO - Setting next_dagrun for conditional_dataset_and_time_based_timetable to 2025-01-15 01:00:00+00:00, run_after=2025-01-15 01:00:00+00:00
[2025-01-18T04:55:51.239+0000] {logging_mixin.py:190} INFO - [2025-01-18T04:55:51.239+0000] {dag.py:4180} INFO - Setting next_dagrun for consume_1_and_2_with_dataset_expressions to None, run_after=None
[2025-01-18T04:55:51.240+0000] {logging_mixin.py:190} INFO - [2025-01-18T04:55:51.240+0000] {dag.py:4180} INFO - Setting next_dagrun for consume_1_or_2_with_dataset_expressions to None, run_after=None
[2025-01-18T04:55:51.240+0000] {logging_mixin.py:190} INFO - [2025-01-18T04:55:51.240+0000] {dag.py:4180} INFO - Setting next_dagrun for consume_1_or_both_2_and_3_with_dataset_expressions to None, run_after=None
[2025-01-18T04:55:51.241+0000] {logging_mixin.py:190} INFO - [2025-01-18T04:55:51.241+0000] {dag.py:4180} INFO - Setting next_dagrun for dataset_consumes_1 to None, run_after=None
[2025-01-18T04:55:51.241+0000] {logging_mixin.py:190} INFO - [2025-01-18T04:55:51.241+0000] {dag.py:4180} INFO - Setting next_dagrun for dataset_consumes_1_and_2 to None, run_after=None
[2025-01-18T04:55:51.242+0000] {logging_mixin.py:190} INFO - [2025-01-18T04:55:51.242+0000] {dag.py:4180} INFO - Setting next_dagrun for dataset_consumes_1_never_scheduled to None, run_after=None
[2025-01-18T04:55:51.242+0000] {logging_mixin.py:190} INFO - [2025-01-18T04:55:51.242+0000] {dag.py:4180} INFO - Setting next_dagrun for dataset_consumes_unknown_never_scheduled to None, run_after=None
[2025-01-18T04:55:51.244+0000] {logging_mixin.py:190} INFO - [2025-01-18T04:55:51.243+0000] {dag.py:4180} INFO - Setting next_dagrun for dataset_produces_1 to 2025-01-17 00:00:00+00:00, run_after=2025-01-18 00:00:00+00:00
[2025-01-18T04:55:51.244+0000] {logging_mixin.py:190} INFO - [2025-01-18T04:55:51.244+0000] {dag.py:4180} INFO - Setting next_dagrun for dataset_produces_2 to None, run_after=None
[2025-01-18T04:55:51.264+0000] {processor.py:208} INFO - Processing /home/airflow/.local/lib/python3.12/site-packages/airflow/example_dags/example_datasets.py took 0.356 seconds
[2025-01-18T04:56:21.704+0000] {processor.py:186} INFO - Started process (PID=631) to work on /home/airflow/.local/lib/python3.12/site-packages/airflow/example_dags/example_datasets.py
[2025-01-18T04:56:21.705+0000] {processor.py:914} INFO - Processing file /home/airflow/.local/lib/python3.12/site-packages/airflow/example_dags/example_datasets.py for tasks to queue
[2025-01-18T04:56:21.708+0000] {logging_mixin.py:190} INFO - [2025-01-18T04:56:21.707+0000] {dagbag.py:588} INFO - Filling up the DagBag from /home/airflow/.local/lib/python3.12/site-packages/airflow/example_dags/example_datasets.py
[2025-01-18T04:56:22.002+0000] {processor.py:925} INFO - DAG(s) 'dataset_consumes_unknown_never_scheduled', 'conditional_dataset_and_time_based_timetable', 'dataset_produces_2', 'dataset_produces_1', 'dataset_consumes_1_never_scheduled', 'dataset_consumes_1', 'dataset_consumes_1_and_2', 'consume_1_or_2_with_dataset_expressions', 'consume_1_and_2_with_dataset_expressions', 'consume_1_or_both_2_and_3_with_dataset_expressions' retrieved from /home/airflow/.local/lib/python3.12/site-packages/airflow/example_dags/example_datasets.py
[2025-01-18T04:56:22.025+0000] {logging_mixin.py:190} INFO - [2025-01-18T04:56:22.024+0000] {dag.py:3239} INFO - Sync 10 DAGs
[2025-01-18T04:56:22.037+0000] {logging_mixin.py:190} INFO - [2025-01-18T04:56:22.037+0000] {dag.py:4180} INFO - Setting next_dagrun for conditional_dataset_and_time_based_timetable to 2025-01-15 01:00:00+00:00, run_after=2025-01-15 01:00:00+00:00
[2025-01-18T04:56:22.039+0000] {logging_mixin.py:190} INFO - [2025-01-18T04:56:22.039+0000] {dag.py:4180} INFO - Setting next_dagrun for consume_1_and_2_with_dataset_expressions to None, run_after=None
[2025-01-18T04:56:22.040+0000] {logging_mixin.py:190} INFO - [2025-01-18T04:56:22.040+0000] {dag.py:4180} INFO - Setting next_dagrun for consume_1_or_2_with_dataset_expressions to None, run_after=None
[2025-01-18T04:56:22.041+0000] {logging_mixin.py:190} INFO - [2025-01-18T04:56:22.041+0000] {dag.py:4180} INFO - Setting next_dagrun for consume_1_or_both_2_and_3_with_dataset_expressions to None, run_after=None
[2025-01-18T04:56:22.042+0000] {logging_mixin.py:190} INFO - [2025-01-18T04:56:22.042+0000] {dag.py:4180} INFO - Setting next_dagrun for dataset_consumes_1 to None, run_after=None
[2025-01-18T04:56:22.042+0000] {logging_mixin.py:190} INFO - [2025-01-18T04:56:22.042+0000] {dag.py:4180} INFO - Setting next_dagrun for dataset_consumes_1_and_2 to None, run_after=None
[2025-01-18T04:56:22.043+0000] {logging_mixin.py:190} INFO - [2025-01-18T04:56:22.043+0000] {dag.py:4180} INFO - Setting next_dagrun for dataset_consumes_1_never_scheduled to None, run_after=None
[2025-01-18T04:56:22.044+0000] {logging_mixin.py:190} INFO - [2025-01-18T04:56:22.044+0000] {dag.py:4180} INFO - Setting next_dagrun for dataset_consumes_unknown_never_scheduled to None, run_after=None
[2025-01-18T04:56:22.045+0000] {logging_mixin.py:190} INFO - [2025-01-18T04:56:22.045+0000] {dag.py:4180} INFO - Setting next_dagrun for dataset_produces_1 to 2025-01-17 00:00:00+00:00, run_after=2025-01-18 00:00:00+00:00
[2025-01-18T04:56:22.046+0000] {logging_mixin.py:190} INFO - [2025-01-18T04:56:22.045+0000] {dag.py:4180} INFO - Setting next_dagrun for dataset_produces_2 to None, run_after=None
[2025-01-18T04:56:22.061+0000] {processor.py:208} INFO - Processing /home/airflow/.local/lib/python3.12/site-packages/airflow/example_dags/example_datasets.py took 0.366 seconds
[2025-01-18T04:56:52.507+0000] {processor.py:186} INFO - Started process (PID=694) to work on /home/airflow/.local/lib/python3.12/site-packages/airflow/example_dags/example_datasets.py
[2025-01-18T04:56:52.508+0000] {processor.py:914} INFO - Processing file /home/airflow/.local/lib/python3.12/site-packages/airflow/example_dags/example_datasets.py for tasks to queue
[2025-01-18T04:56:52.510+0000] {logging_mixin.py:190} INFO - [2025-01-18T04:56:52.509+0000] {dagbag.py:588} INFO - Filling up the DagBag from /home/airflow/.local/lib/python3.12/site-packages/airflow/example_dags/example_datasets.py
[2025-01-18T04:56:52.850+0000] {processor.py:925} INFO - DAG(s) 'dataset_consumes_1', 'dataset_produces_2', 'dataset_consumes_1_and_2', 'dataset_produces_1', 'dataset_consumes_1_never_scheduled', 'dataset_consumes_unknown_never_scheduled', 'consume_1_or_2_with_dataset_expressions', 'consume_1_or_both_2_and_3_with_dataset_expressions', 'conditional_dataset_and_time_based_timetable', 'consume_1_and_2_with_dataset_expressions' retrieved from /home/airflow/.local/lib/python3.12/site-packages/airflow/example_dags/example_datasets.py
[2025-01-18T04:56:52.887+0000] {logging_mixin.py:190} INFO - [2025-01-18T04:56:52.886+0000] {dag.py:3239} INFO - Sync 10 DAGs
[2025-01-18T04:56:52.903+0000] {logging_mixin.py:190} INFO - [2025-01-18T04:56:52.903+0000] {dag.py:4180} INFO - Setting next_dagrun for conditional_dataset_and_time_based_timetable to 2025-01-15 01:00:00+00:00, run_after=2025-01-15 01:00:00+00:00
[2025-01-18T04:56:52.907+0000] {logging_mixin.py:190} INFO - [2025-01-18T04:56:52.907+0000] {dag.py:4180} INFO - Setting next_dagrun for consume_1_and_2_with_dataset_expressions to None, run_after=None
[2025-01-18T04:56:52.908+0000] {logging_mixin.py:190} INFO - [2025-01-18T04:56:52.908+0000] {dag.py:4180} INFO - Setting next_dagrun for consume_1_or_2_with_dataset_expressions to None, run_after=None
[2025-01-18T04:56:52.908+0000] {logging_mixin.py:190} INFO - [2025-01-18T04:56:52.908+0000] {dag.py:4180} INFO - Setting next_dagrun for consume_1_or_both_2_and_3_with_dataset_expressions to None, run_after=None
[2025-01-18T04:56:52.909+0000] {logging_mixin.py:190} INFO - [2025-01-18T04:56:52.909+0000] {dag.py:4180} INFO - Setting next_dagrun for dataset_consumes_1 to None, run_after=None
[2025-01-18T04:56:52.910+0000] {logging_mixin.py:190} INFO - [2025-01-18T04:56:52.910+0000] {dag.py:4180} INFO - Setting next_dagrun for dataset_consumes_1_and_2 to None, run_after=None
[2025-01-18T04:56:52.911+0000] {logging_mixin.py:190} INFO - [2025-01-18T04:56:52.910+0000] {dag.py:4180} INFO - Setting next_dagrun for dataset_consumes_1_never_scheduled to None, run_after=None
[2025-01-18T04:56:52.911+0000] {logging_mixin.py:190} INFO - [2025-01-18T04:56:52.911+0000] {dag.py:4180} INFO - Setting next_dagrun for dataset_consumes_unknown_never_scheduled to None, run_after=None
[2025-01-18T04:56:52.912+0000] {logging_mixin.py:190} INFO - [2025-01-18T04:56:52.912+0000] {dag.py:4180} INFO - Setting next_dagrun for dataset_produces_1 to 2025-01-17 00:00:00+00:00, run_after=2025-01-18 00:00:00+00:00
[2025-01-18T04:56:52.913+0000] {logging_mixin.py:190} INFO - [2025-01-18T04:56:52.913+0000] {dag.py:4180} INFO - Setting next_dagrun for dataset_produces_2 to None, run_after=None
[2025-01-18T04:56:52.929+0000] {processor.py:208} INFO - Processing /home/airflow/.local/lib/python3.12/site-packages/airflow/example_dags/example_datasets.py took 0.425 seconds
[2025-01-18T04:57:23.280+0000] {processor.py:186} INFO - Started process (PID=764) to work on /home/airflow/.local/lib/python3.12/site-packages/airflow/example_dags/example_datasets.py
[2025-01-18T04:57:23.284+0000] {processor.py:914} INFO - Processing file /home/airflow/.local/lib/python3.12/site-packages/airflow/example_dags/example_datasets.py for tasks to queue
[2025-01-18T04:57:23.287+0000] {logging_mixin.py:190} INFO - [2025-01-18T04:57:23.287+0000] {dagbag.py:588} INFO - Filling up the DagBag from /home/airflow/.local/lib/python3.12/site-packages/airflow/example_dags/example_datasets.py
[2025-01-18T04:57:23.573+0000] {processor.py:925} INFO - DAG(s) 'dataset_produces_1', 'consume_1_and_2_with_dataset_expressions', 'consume_1_or_2_with_dataset_expressions', 'conditional_dataset_and_time_based_timetable', 'dataset_consumes_1_and_2', 'consume_1_or_both_2_and_3_with_dataset_expressions', 'dataset_produces_2', 'dataset_consumes_1', 'dataset_consumes_1_never_scheduled', 'dataset_consumes_unknown_never_scheduled' retrieved from /home/airflow/.local/lib/python3.12/site-packages/airflow/example_dags/example_datasets.py
[2025-01-18T04:57:23.612+0000] {logging_mixin.py:190} INFO - [2025-01-18T04:57:23.611+0000] {dag.py:3239} INFO - Sync 10 DAGs
[2025-01-18T04:57:23.627+0000] {logging_mixin.py:190} INFO - [2025-01-18T04:57:23.627+0000] {dag.py:4180} INFO - Setting next_dagrun for conditional_dataset_and_time_based_timetable to 2025-01-15 01:00:00+00:00, run_after=2025-01-15 01:00:00+00:00
[2025-01-18T04:57:23.630+0000] {logging_mixin.py:190} INFO - [2025-01-18T04:57:23.629+0000] {dag.py:4180} INFO - Setting next_dagrun for consume_1_and_2_with_dataset_expressions to None, run_after=None
[2025-01-18T04:57:23.631+0000] {logging_mixin.py:190} INFO - [2025-01-18T04:57:23.631+0000] {dag.py:4180} INFO - Setting next_dagrun for consume_1_or_2_with_dataset_expressions to None, run_after=None
[2025-01-18T04:57:23.632+0000] {logging_mixin.py:190} INFO - [2025-01-18T04:57:23.632+0000] {dag.py:4180} INFO - Setting next_dagrun for consume_1_or_both_2_and_3_with_dataset_expressions to None, run_after=None
[2025-01-18T04:57:23.634+0000] {logging_mixin.py:190} INFO - [2025-01-18T04:57:23.633+0000] {dag.py:4180} INFO - Setting next_dagrun for dataset_consumes_1 to None, run_after=None
[2025-01-18T04:57:23.637+0000] {logging_mixin.py:190} INFO - [2025-01-18T04:57:23.636+0000] {dag.py:4180} INFO - Setting next_dagrun for dataset_consumes_1_and_2 to None, run_after=None
[2025-01-18T04:57:23.637+0000] {logging_mixin.py:190} INFO - [2025-01-18T04:57:23.637+0000] {dag.py:4180} INFO - Setting next_dagrun for dataset_consumes_1_never_scheduled to None, run_after=None
[2025-01-18T04:57:23.638+0000] {logging_mixin.py:190} INFO - [2025-01-18T04:57:23.638+0000] {dag.py:4180} INFO - Setting next_dagrun for dataset_consumes_unknown_never_scheduled to None, run_after=None
[2025-01-18T04:57:23.639+0000] {logging_mixin.py:190} INFO - [2025-01-18T04:57:23.639+0000] {dag.py:4180} INFO - Setting next_dagrun for dataset_produces_1 to 2025-01-17 00:00:00+00:00, run_after=2025-01-18 00:00:00+00:00
[2025-01-18T04:57:23.641+0000] {logging_mixin.py:190} INFO - [2025-01-18T04:57:23.641+0000] {dag.py:4180} INFO - Setting next_dagrun for dataset_produces_2 to None, run_after=None
[2025-01-18T04:57:23.662+0000] {processor.py:208} INFO - Processing /home/airflow/.local/lib/python3.12/site-packages/airflow/example_dags/example_datasets.py took 0.388 seconds
[2025-01-18T04:57:54.108+0000] {processor.py:186} INFO - Started process (PID=827) to work on /home/airflow/.local/lib/python3.12/site-packages/airflow/example_dags/example_datasets.py
[2025-01-18T04:57:54.111+0000] {processor.py:914} INFO - Processing file /home/airflow/.local/lib/python3.12/site-packages/airflow/example_dags/example_datasets.py for tasks to queue
[2025-01-18T04:57:54.117+0000] {logging_mixin.py:190} INFO - [2025-01-18T04:57:54.116+0000] {dagbag.py:588} INFO - Filling up the DagBag from /home/airflow/.local/lib/python3.12/site-packages/airflow/example_dags/example_datasets.py
[2025-01-18T04:57:54.414+0000] {processor.py:925} INFO - DAG(s) 'consume_1_and_2_with_dataset_expressions', 'conditional_dataset_and_time_based_timetable', 'dataset_consumes_1', 'consume_1_or_both_2_and_3_with_dataset_expressions', 'dataset_produces_1', 'dataset_consumes_unknown_never_scheduled', 'dataset_consumes_1_and_2', 'consume_1_or_2_with_dataset_expressions', 'dataset_consumes_1_never_scheduled', 'dataset_produces_2' retrieved from /home/airflow/.local/lib/python3.12/site-packages/airflow/example_dags/example_datasets.py
[2025-01-18T04:57:54.443+0000] {logging_mixin.py:190} INFO - [2025-01-18T04:57:54.443+0000] {dag.py:3239} INFO - Sync 10 DAGs
[2025-01-18T04:57:54.454+0000] {logging_mixin.py:190} INFO - [2025-01-18T04:57:54.453+0000] {dag.py:4180} INFO - Setting next_dagrun for conditional_dataset_and_time_based_timetable to 2025-01-15 01:00:00+00:00, run_after=2025-01-15 01:00:00+00:00
[2025-01-18T04:57:54.455+0000] {logging_mixin.py:190} INFO - [2025-01-18T04:57:54.455+0000] {dag.py:4180} INFO - Setting next_dagrun for consume_1_and_2_with_dataset_expressions to None, run_after=None
[2025-01-18T04:57:54.456+0000] {logging_mixin.py:190} INFO - [2025-01-18T04:57:54.456+0000] {dag.py:4180} INFO - Setting next_dagrun for consume_1_or_2_with_dataset_expressions to None, run_after=None
[2025-01-18T04:57:54.458+0000] {logging_mixin.py:190} INFO - [2025-01-18T04:57:54.458+0000] {dag.py:4180} INFO - Setting next_dagrun for consume_1_or_both_2_and_3_with_dataset_expressions to None, run_after=None
[2025-01-18T04:57:54.458+0000] {logging_mixin.py:190} INFO - [2025-01-18T04:57:54.458+0000] {dag.py:4180} INFO - Setting next_dagrun for dataset_consumes_1 to None, run_after=None
[2025-01-18T04:57:54.459+0000] {logging_mixin.py:190} INFO - [2025-01-18T04:57:54.459+0000] {dag.py:4180} INFO - Setting next_dagrun for dataset_consumes_1_and_2 to None, run_after=None
[2025-01-18T04:57:54.460+0000] {logging_mixin.py:190} INFO - [2025-01-18T04:57:54.460+0000] {dag.py:4180} INFO - Setting next_dagrun for dataset_consumes_1_never_scheduled to None, run_after=None
[2025-01-18T04:57:54.461+0000] {logging_mixin.py:190} INFO - [2025-01-18T04:57:54.461+0000] {dag.py:4180} INFO - Setting next_dagrun for dataset_consumes_unknown_never_scheduled to None, run_after=None
[2025-01-18T04:57:54.462+0000] {logging_mixin.py:190} INFO - [2025-01-18T04:57:54.462+0000] {dag.py:4180} INFO - Setting next_dagrun for dataset_produces_1 to 2025-01-17 00:00:00+00:00, run_after=2025-01-18 00:00:00+00:00
[2025-01-18T04:57:54.465+0000] {logging_mixin.py:190} INFO - [2025-01-18T04:57:54.465+0000] {dag.py:4180} INFO - Setting next_dagrun for dataset_produces_2 to None, run_after=None
[2025-01-18T04:57:54.482+0000] {processor.py:208} INFO - Processing /home/airflow/.local/lib/python3.12/site-packages/airflow/example_dags/example_datasets.py took 0.382 seconds
[2025-01-18T04:58:24.997+0000] {processor.py:186} INFO - Started process (PID=890) to work on /home/airflow/.local/lib/python3.12/site-packages/airflow/example_dags/example_datasets.py
[2025-01-18T04:58:25.003+0000] {processor.py:914} INFO - Processing file /home/airflow/.local/lib/python3.12/site-packages/airflow/example_dags/example_datasets.py for tasks to queue
[2025-01-18T04:58:25.007+0000] {logging_mixin.py:190} INFO - [2025-01-18T04:58:25.006+0000] {dagbag.py:588} INFO - Filling up the DagBag from /home/airflow/.local/lib/python3.12/site-packages/airflow/example_dags/example_datasets.py
[2025-01-18T04:58:25.287+0000] {processor.py:925} INFO - DAG(s) 'consume_1_or_2_with_dataset_expressions', 'consume_1_or_both_2_and_3_with_dataset_expressions', 'dataset_produces_1', 'dataset_consumes_1', 'consume_1_and_2_with_dataset_expressions', 'dataset_consumes_1_never_scheduled', 'dataset_consumes_1_and_2', 'dataset_produces_2', 'dataset_consumes_unknown_never_scheduled', 'conditional_dataset_and_time_based_timetable' retrieved from /home/airflow/.local/lib/python3.12/site-packages/airflow/example_dags/example_datasets.py
[2025-01-18T04:58:25.315+0000] {logging_mixin.py:190} INFO - [2025-01-18T04:58:25.315+0000] {dag.py:3239} INFO - Sync 10 DAGs
[2025-01-18T04:58:25.330+0000] {logging_mixin.py:190} INFO - [2025-01-18T04:58:25.330+0000] {dag.py:4180} INFO - Setting next_dagrun for conditional_dataset_and_time_based_timetable to 2025-01-15 01:00:00+00:00, run_after=2025-01-15 01:00:00+00:00
[2025-01-18T04:58:25.333+0000] {logging_mixin.py:190} INFO - [2025-01-18T04:58:25.333+0000] {dag.py:4180} INFO - Setting next_dagrun for consume_1_and_2_with_dataset_expressions to None, run_after=None
[2025-01-18T04:58:25.334+0000] {logging_mixin.py:190} INFO - [2025-01-18T04:58:25.334+0000] {dag.py:4180} INFO - Setting next_dagrun for consume_1_or_2_with_dataset_expressions to None, run_after=None
[2025-01-18T04:58:25.335+0000] {logging_mixin.py:190} INFO - [2025-01-18T04:58:25.335+0000] {dag.py:4180} INFO - Setting next_dagrun for consume_1_or_both_2_and_3_with_dataset_expressions to None, run_after=None
[2025-01-18T04:58:25.336+0000] {logging_mixin.py:190} INFO - [2025-01-18T04:58:25.336+0000] {dag.py:4180} INFO - Setting next_dagrun for dataset_consumes_1 to None, run_after=None
[2025-01-18T04:58:25.337+0000] {logging_mixin.py:190} INFO - [2025-01-18T04:58:25.337+0000] {dag.py:4180} INFO - Setting next_dagrun for dataset_consumes_1_and_2 to None, run_after=None
[2025-01-18T04:58:25.339+0000] {logging_mixin.py:190} INFO - [2025-01-18T04:58:25.339+0000] {dag.py:4180} INFO - Setting next_dagrun for dataset_consumes_1_never_scheduled to None, run_after=None
[2025-01-18T04:58:25.339+0000] {logging_mixin.py:190} INFO - [2025-01-18T04:58:25.339+0000] {dag.py:4180} INFO - Setting next_dagrun for dataset_consumes_unknown_never_scheduled to None, run_after=None
[2025-01-18T04:58:25.341+0000] {logging_mixin.py:190} INFO - [2025-01-18T04:58:25.341+0000] {dag.py:4180} INFO - Setting next_dagrun for dataset_produces_1 to 2025-01-17 00:00:00+00:00, run_after=2025-01-18 00:00:00+00:00
[2025-01-18T04:58:25.342+0000] {logging_mixin.py:190} INFO - [2025-01-18T04:58:25.342+0000] {dag.py:4180} INFO - Setting next_dagrun for dataset_produces_2 to None, run_after=None
[2025-01-18T04:58:25.363+0000] {processor.py:208} INFO - Processing /home/airflow/.local/lib/python3.12/site-packages/airflow/example_dags/example_datasets.py took 0.373 seconds
[2025-01-18T04:58:55.942+0000] {processor.py:186} INFO - Started process (PID=953) to work on /home/airflow/.local/lib/python3.12/site-packages/airflow/example_dags/example_datasets.py
[2025-01-18T04:58:55.943+0000] {processor.py:914} INFO - Processing file /home/airflow/.local/lib/python3.12/site-packages/airflow/example_dags/example_datasets.py for tasks to queue
[2025-01-18T04:58:55.944+0000] {logging_mixin.py:190} INFO - [2025-01-18T04:58:55.944+0000] {dagbag.py:588} INFO - Filling up the DagBag from /home/airflow/.local/lib/python3.12/site-packages/airflow/example_dags/example_datasets.py
[2025-01-18T04:58:56.240+0000] {processor.py:925} INFO - DAG(s) 'consume_1_and_2_with_dataset_expressions', 'dataset_consumes_unknown_never_scheduled', 'dataset_produces_2', 'dataset_consumes_1', 'consume_1_or_both_2_and_3_with_dataset_expressions', 'consume_1_or_2_with_dataset_expressions', 'dataset_consumes_1_and_2', 'dataset_produces_1', 'dataset_consumes_1_never_scheduled', 'conditional_dataset_and_time_based_timetable' retrieved from /home/airflow/.local/lib/python3.12/site-packages/airflow/example_dags/example_datasets.py
[2025-01-18T04:58:56.264+0000] {logging_mixin.py:190} INFO - [2025-01-18T04:58:56.264+0000] {dag.py:3239} INFO - Sync 10 DAGs
[2025-01-18T04:58:56.278+0000] {logging_mixin.py:190} INFO - [2025-01-18T04:58:56.278+0000] {dag.py:4180} INFO - Setting next_dagrun for conditional_dataset_and_time_based_timetable to 2025-01-15 01:00:00+00:00, run_after=2025-01-15 01:00:00+00:00
[2025-01-18T04:58:56.281+0000] {logging_mixin.py:190} INFO - [2025-01-18T04:58:56.281+0000] {dag.py:4180} INFO - Setting next_dagrun for consume_1_and_2_with_dataset_expressions to None, run_after=None
[2025-01-18T04:58:56.283+0000] {logging_mixin.py:190} INFO - [2025-01-18T04:58:56.283+0000] {dag.py:4180} INFO - Setting next_dagrun for consume_1_or_2_with_dataset_expressions to None, run_after=None
[2025-01-18T04:58:56.285+0000] {logging_mixin.py:190} INFO - [2025-01-18T04:58:56.285+0000] {dag.py:4180} INFO - Setting next_dagrun for consume_1_or_both_2_and_3_with_dataset_expressions to None, run_after=None
[2025-01-18T04:58:56.287+0000] {logging_mixin.py:190} INFO - [2025-01-18T04:58:56.287+0000] {dag.py:4180} INFO - Setting next_dagrun for dataset_consumes_1 to None, run_after=None
[2025-01-18T04:58:56.288+0000] {logging_mixin.py:190} INFO - [2025-01-18T04:58:56.288+0000] {dag.py:4180} INFO - Setting next_dagrun for dataset_consumes_1_and_2 to None, run_after=None
[2025-01-18T04:58:56.289+0000] {logging_mixin.py:190} INFO - [2025-01-18T04:58:56.289+0000] {dag.py:4180} INFO - Setting next_dagrun for dataset_consumes_1_never_scheduled to None, run_after=None
[2025-01-18T04:58:56.289+0000] {logging_mixin.py:190} INFO - [2025-01-18T04:58:56.289+0000] {dag.py:4180} INFO - Setting next_dagrun for dataset_consumes_unknown_never_scheduled to None, run_after=None
[2025-01-18T04:58:56.290+0000] {logging_mixin.py:190} INFO - [2025-01-18T04:58:56.290+0000] {dag.py:4180} INFO - Setting next_dagrun for dataset_produces_1 to 2025-01-17 00:00:00+00:00, run_after=2025-01-18 00:00:00+00:00
[2025-01-18T04:58:56.291+0000] {logging_mixin.py:190} INFO - [2025-01-18T04:58:56.290+0000] {dag.py:4180} INFO - Setting next_dagrun for dataset_produces_2 to None, run_after=None
[2025-01-18T04:58:56.313+0000] {processor.py:208} INFO - Processing /home/airflow/.local/lib/python3.12/site-packages/airflow/example_dags/example_datasets.py took 0.375 seconds
[2025-01-18T04:59:26.787+0000] {processor.py:186} INFO - Started process (PID=1016) to work on /home/airflow/.local/lib/python3.12/site-packages/airflow/example_dags/example_datasets.py
[2025-01-18T04:59:26.793+0000] {processor.py:914} INFO - Processing file /home/airflow/.local/lib/python3.12/site-packages/airflow/example_dags/example_datasets.py for tasks to queue
[2025-01-18T04:59:26.796+0000] {logging_mixin.py:190} INFO - [2025-01-18T04:59:26.796+0000] {dagbag.py:588} INFO - Filling up the DagBag from /home/airflow/.local/lib/python3.12/site-packages/airflow/example_dags/example_datasets.py
[2025-01-18T04:59:27.084+0000] {processor.py:925} INFO - DAG(s) 'dataset_consumes_unknown_never_scheduled', 'dataset_consumes_1', 'consume_1_and_2_with_dataset_expressions', 'consume_1_or_both_2_and_3_with_dataset_expressions', 'dataset_consumes_1_and_2', 'conditional_dataset_and_time_based_timetable', 'dataset_produces_2', 'dataset_consumes_1_never_scheduled', 'consume_1_or_2_with_dataset_expressions', 'dataset_produces_1' retrieved from /home/airflow/.local/lib/python3.12/site-packages/airflow/example_dags/example_datasets.py
[2025-01-18T04:59:27.106+0000] {logging_mixin.py:190} INFO - [2025-01-18T04:59:27.106+0000] {dag.py:3239} INFO - Sync 10 DAGs
[2025-01-18T04:59:27.117+0000] {logging_mixin.py:190} INFO - [2025-01-18T04:59:27.117+0000] {dag.py:4180} INFO - Setting next_dagrun for conditional_dataset_and_time_based_timetable to 2025-01-15 01:00:00+00:00, run_after=2025-01-15 01:00:00+00:00
[2025-01-18T04:59:27.121+0000] {logging_mixin.py:190} INFO - [2025-01-18T04:59:27.120+0000] {dag.py:4180} INFO - Setting next_dagrun for consume_1_and_2_with_dataset_expressions to None, run_after=None
[2025-01-18T04:59:27.121+0000] {logging_mixin.py:190} INFO - [2025-01-18T04:59:27.121+0000] {dag.py:4180} INFO - Setting next_dagrun for consume_1_or_2_with_dataset_expressions to None, run_after=None
[2025-01-18T04:59:27.123+0000] {logging_mixin.py:190} INFO - [2025-01-18T04:59:27.123+0000] {dag.py:4180} INFO - Setting next_dagrun for consume_1_or_both_2_and_3_with_dataset_expressions to None, run_after=None
[2025-01-18T04:59:27.124+0000] {logging_mixin.py:190} INFO - [2025-01-18T04:59:27.124+0000] {dag.py:4180} INFO - Setting next_dagrun for dataset_consumes_1 to None, run_after=None
[2025-01-18T04:59:27.126+0000] {logging_mixin.py:190} INFO - [2025-01-18T04:59:27.126+0000] {dag.py:4180} INFO - Setting next_dagrun for dataset_consumes_1_and_2 to None, run_after=None
[2025-01-18T04:59:27.127+0000] {logging_mixin.py:190} INFO - [2025-01-18T04:59:27.127+0000] {dag.py:4180} INFO - Setting next_dagrun for dataset_consumes_1_never_scheduled to None, run_after=None
[2025-01-18T04:59:27.127+0000] {logging_mixin.py:190} INFO - [2025-01-18T04:59:27.127+0000] {dag.py:4180} INFO - Setting next_dagrun for dataset_consumes_unknown_never_scheduled to None, run_after=None
[2025-01-18T04:59:27.128+0000] {logging_mixin.py:190} INFO - [2025-01-18T04:59:27.128+0000] {dag.py:4180} INFO - Setting next_dagrun for dataset_produces_1 to 2025-01-17 00:00:00+00:00, run_after=2025-01-18 00:00:00+00:00
[2025-01-18T04:59:27.129+0000] {logging_mixin.py:190} INFO - [2025-01-18T04:59:27.129+0000] {dag.py:4180} INFO - Setting next_dagrun for dataset_produces_2 to None, run_after=None
[2025-01-18T04:59:27.147+0000] {processor.py:208} INFO - Processing /home/airflow/.local/lib/python3.12/site-packages/airflow/example_dags/example_datasets.py took 0.365 seconds
[2025-01-18T04:59:57.868+0000] {processor.py:186} INFO - Started process (PID=1079) to work on /home/airflow/.local/lib/python3.12/site-packages/airflow/example_dags/example_datasets.py
[2025-01-18T04:59:57.875+0000] {processor.py:914} INFO - Processing file /home/airflow/.local/lib/python3.12/site-packages/airflow/example_dags/example_datasets.py for tasks to queue
[2025-01-18T04:59:57.879+0000] {logging_mixin.py:190} INFO - [2025-01-18T04:59:57.879+0000] {dagbag.py:588} INFO - Filling up the DagBag from /home/airflow/.local/lib/python3.12/site-packages/airflow/example_dags/example_datasets.py
[2025-01-18T04:59:58.150+0000] {processor.py:925} INFO - DAG(s) 'dataset_consumes_1_never_scheduled', 'dataset_consumes_unknown_never_scheduled', 'dataset_consumes_1_and_2', 'consume_1_or_2_with_dataset_expressions', 'dataset_produces_2', 'consume_1_and_2_with_dataset_expressions', 'dataset_consumes_1', 'conditional_dataset_and_time_based_timetable', 'consume_1_or_both_2_and_3_with_dataset_expressions', 'dataset_produces_1' retrieved from /home/airflow/.local/lib/python3.12/site-packages/airflow/example_dags/example_datasets.py
[2025-01-18T04:59:58.178+0000] {logging_mixin.py:190} INFO - [2025-01-18T04:59:58.178+0000] {dag.py:3239} INFO - Sync 10 DAGs
[2025-01-18T04:59:58.192+0000] {logging_mixin.py:190} INFO - [2025-01-18T04:59:58.192+0000] {dag.py:4180} INFO - Setting next_dagrun for conditional_dataset_and_time_based_timetable to 2025-01-15 01:00:00+00:00, run_after=2025-01-15 01:00:00+00:00
[2025-01-18T04:59:58.195+0000] {logging_mixin.py:190} INFO - [2025-01-18T04:59:58.195+0000] {dag.py:4180} INFO - Setting next_dagrun for consume_1_and_2_with_dataset_expressions to None, run_after=None
[2025-01-18T04:59:58.196+0000] {logging_mixin.py:190} INFO - [2025-01-18T04:59:58.196+0000] {dag.py:4180} INFO - Setting next_dagrun for consume_1_or_2_with_dataset_expressions to None, run_after=None
[2025-01-18T04:59:58.198+0000] {logging_mixin.py:190} INFO - [2025-01-18T04:59:58.198+0000] {dag.py:4180} INFO - Setting next_dagrun for consume_1_or_both_2_and_3_with_dataset_expressions to None, run_after=None
[2025-01-18T04:59:58.199+0000] {logging_mixin.py:190} INFO - [2025-01-18T04:59:58.199+0000] {dag.py:4180} INFO - Setting next_dagrun for dataset_consumes_1 to None, run_after=None
[2025-01-18T04:59:58.200+0000] {logging_mixin.py:190} INFO - [2025-01-18T04:59:58.200+0000] {dag.py:4180} INFO - Setting next_dagrun for dataset_consumes_1_and_2 to None, run_after=None
[2025-01-18T04:59:58.202+0000] {logging_mixin.py:190} INFO - [2025-01-18T04:59:58.202+0000] {dag.py:4180} INFO - Setting next_dagrun for dataset_consumes_1_never_scheduled to None, run_after=None
[2025-01-18T04:59:58.203+0000] {logging_mixin.py:190} INFO - [2025-01-18T04:59:58.203+0000] {dag.py:4180} INFO - Setting next_dagrun for dataset_consumes_unknown_never_scheduled to None, run_after=None
[2025-01-18T04:59:58.205+0000] {logging_mixin.py:190} INFO - [2025-01-18T04:59:58.205+0000] {dag.py:4180} INFO - Setting next_dagrun for dataset_produces_1 to 2025-01-17 00:00:00+00:00, run_after=2025-01-18 00:00:00+00:00
[2025-01-18T04:59:58.206+0000] {logging_mixin.py:190} INFO - [2025-01-18T04:59:58.206+0000] {dag.py:4180} INFO - Setting next_dagrun for dataset_produces_2 to None, run_after=None
[2025-01-18T04:59:58.225+0000] {processor.py:208} INFO - Processing /home/airflow/.local/lib/python3.12/site-packages/airflow/example_dags/example_datasets.py took 0.363 seconds
