[2025-01-18T04:51:45.810+0000] {processor.py:186} INFO - Started process (PID=90) to work on /home/airflow/.local/lib/python3.12/site-packages/airflow/example_dags/example_xcomargs.py
[2025-01-18T04:51:45.810+0000] {processor.py:914} INFO - Processing file /home/airflow/.local/lib/python3.12/site-packages/airflow/example_dags/example_xcomargs.py for tasks to queue
[2025-01-18T04:51:45.812+0000] {logging_mixin.py:190} INFO - [2025-01-18T04:51:45.812+0000] {dagbag.py:588} INFO - Filling up the DagBag from /home/airflow/.local/lib/python3.12/site-packages/airflow/example_dags/example_xcomargs.py
[2025-01-18T04:51:45.818+0000] {processor.py:925} INFO - DAG(s) 'example_xcom_args_with_operators', 'example_xcom_args' retrieved from /home/airflow/.local/lib/python3.12/site-packages/airflow/example_dags/example_xcomargs.py
[2025-01-18T04:51:45.869+0000] {logging_mixin.py:190} INFO - [2025-01-18T04:51:45.869+0000] {override.py:1911} INFO - Created Permission View: can edit on DAG:example_xcom_args_with_operators
[2025-01-18T04:51:45.875+0000] {logging_mixin.py:190} INFO - [2025-01-18T04:51:45.875+0000] {override.py:1911} INFO - Created Permission View: can read on DAG:example_xcom_args_with_operators
[2025-01-18T04:51:45.879+0000] {logging_mixin.py:190} INFO - [2025-01-18T04:51:45.878+0000] {override.py:1911} INFO - Created Permission View: can delete on DAG:example_xcom_args_with_operators
[2025-01-18T04:51:45.881+0000] {logging_mixin.py:190} INFO - [2025-01-18T04:51:45.881+0000] {override.py:1911} INFO - Created Permission View: can create on DAG Run:example_xcom_args_with_operators
[2025-01-18T04:51:45.883+0000] {logging_mixin.py:190} INFO - [2025-01-18T04:51:45.883+0000] {override.py:1911} INFO - Created Permission View: can read on DAG Run:example_xcom_args_with_operators
[2025-01-18T04:51:45.886+0000] {logging_mixin.py:190} INFO - [2025-01-18T04:51:45.885+0000] {override.py:1911} INFO - Created Permission View: can delete on DAG Run:example_xcom_args_with_operators
[2025-01-18T04:51:45.888+0000] {logging_mixin.py:190} INFO - [2025-01-18T04:51:45.888+0000] {override.py:1911} INFO - Created Permission View: menu access on DAG Run:example_xcom_args_with_operators
[2025-01-18T04:51:45.893+0000] {logging_mixin.py:190} INFO - [2025-01-18T04:51:45.893+0000] {override.py:1911} INFO - Created Permission View: can edit on DAG:example_xcom_args
[2025-01-18T04:51:45.896+0000] {logging_mixin.py:190} INFO - [2025-01-18T04:51:45.896+0000] {override.py:1911} INFO - Created Permission View: can read on DAG:example_xcom_args
[2025-01-18T04:51:45.899+0000] {logging_mixin.py:190} INFO - [2025-01-18T04:51:45.899+0000] {override.py:1911} INFO - Created Permission View: can delete on DAG:example_xcom_args
[2025-01-18T04:51:45.903+0000] {logging_mixin.py:190} INFO - [2025-01-18T04:51:45.902+0000] {override.py:1911} INFO - Created Permission View: can create on DAG Run:example_xcom_args
[2025-01-18T04:51:45.905+0000] {logging_mixin.py:190} INFO - [2025-01-18T04:51:45.905+0000] {override.py:1911} INFO - Created Permission View: can read on DAG Run:example_xcom_args
[2025-01-18T04:51:45.908+0000] {logging_mixin.py:190} INFO - [2025-01-18T04:51:45.908+0000] {override.py:1911} INFO - Created Permission View: can delete on DAG Run:example_xcom_args
[2025-01-18T04:51:45.911+0000] {logging_mixin.py:190} INFO - [2025-01-18T04:51:45.911+0000] {override.py:1911} INFO - Created Permission View: menu access on DAG Run:example_xcom_args
[2025-01-18T04:51:45.912+0000] {logging_mixin.py:190} INFO - [2025-01-18T04:51:45.911+0000] {dag.py:3239} INFO - Sync 2 DAGs
[2025-01-18T04:51:45.917+0000] {logging_mixin.py:190} INFO - [2025-01-18T04:51:45.917+0000] {dag.py:3262} INFO - Creating ORM DAG for example_xcom_args_with_operators
[2025-01-18T04:51:45.918+0000] {logging_mixin.py:190} INFO - [2025-01-18T04:51:45.918+0000] {dag.py:3262} INFO - Creating ORM DAG for example_xcom_args
[2025-01-18T04:51:45.918+0000] {logging_mixin.py:190} INFO - [2025-01-18T04:51:45.918+0000] {dag.py:4180} INFO - Setting next_dagrun for example_xcom_args to None, run_after=None
[2025-01-18T04:51:45.919+0000] {logging_mixin.py:190} INFO - [2025-01-18T04:51:45.919+0000] {dag.py:4180} INFO - Setting next_dagrun for example_xcom_args_with_operators to None, run_after=None
[2025-01-18T04:51:45.927+0000] {processor.py:208} INFO - Processing /home/airflow/.local/lib/python3.12/site-packages/airflow/example_dags/example_xcomargs.py took 0.120 seconds
[2025-01-18T04:52:16.261+0000] {processor.py:186} INFO - Started process (PID=153) to work on /home/airflow/.local/lib/python3.12/site-packages/airflow/example_dags/example_xcomargs.py
[2025-01-18T04:52:16.261+0000] {processor.py:914} INFO - Processing file /home/airflow/.local/lib/python3.12/site-packages/airflow/example_dags/example_xcomargs.py for tasks to queue
[2025-01-18T04:52:16.262+0000] {logging_mixin.py:190} INFO - [2025-01-18T04:52:16.262+0000] {dagbag.py:588} INFO - Filling up the DagBag from /home/airflow/.local/lib/python3.12/site-packages/airflow/example_dags/example_xcomargs.py
[2025-01-18T04:52:16.267+0000] {processor.py:925} INFO - DAG(s) 'example_xcom_args', 'example_xcom_args_with_operators' retrieved from /home/airflow/.local/lib/python3.12/site-packages/airflow/example_dags/example_xcomargs.py
[2025-01-18T04:52:16.279+0000] {logging_mixin.py:190} INFO - [2025-01-18T04:52:16.279+0000] {dag.py:3239} INFO - Sync 2 DAGs
[2025-01-18T04:52:16.288+0000] {logging_mixin.py:190} INFO - [2025-01-18T04:52:16.288+0000] {dag.py:4180} INFO - Setting next_dagrun for example_xcom_args to None, run_after=None
[2025-01-18T04:52:16.290+0000] {logging_mixin.py:190} INFO - [2025-01-18T04:52:16.290+0000] {dag.py:4180} INFO - Setting next_dagrun for example_xcom_args_with_operators to None, run_after=None
[2025-01-18T04:52:16.297+0000] {processor.py:208} INFO - Processing /home/airflow/.local/lib/python3.12/site-packages/airflow/example_dags/example_xcomargs.py took 0.040 seconds
[2025-01-18T04:52:47.062+0000] {processor.py:186} INFO - Started process (PID=216) to work on /home/airflow/.local/lib/python3.12/site-packages/airflow/example_dags/example_xcomargs.py
[2025-01-18T04:52:47.064+0000] {processor.py:914} INFO - Processing file /home/airflow/.local/lib/python3.12/site-packages/airflow/example_dags/example_xcomargs.py for tasks to queue
[2025-01-18T04:52:47.066+0000] {logging_mixin.py:190} INFO - [2025-01-18T04:52:47.066+0000] {dagbag.py:588} INFO - Filling up the DagBag from /home/airflow/.local/lib/python3.12/site-packages/airflow/example_dags/example_xcomargs.py
[2025-01-18T04:52:47.072+0000] {processor.py:925} INFO - DAG(s) 'example_xcom_args_with_operators', 'example_xcom_args' retrieved from /home/airflow/.local/lib/python3.12/site-packages/airflow/example_dags/example_xcomargs.py
[2025-01-18T04:52:47.084+0000] {logging_mixin.py:190} INFO - [2025-01-18T04:52:47.084+0000] {dag.py:3239} INFO - Sync 2 DAGs
[2025-01-18T04:52:47.090+0000] {logging_mixin.py:190} INFO - [2025-01-18T04:52:47.090+0000] {dag.py:4180} INFO - Setting next_dagrun for example_xcom_args to None, run_after=None
[2025-01-18T04:52:47.093+0000] {logging_mixin.py:190} INFO - [2025-01-18T04:52:47.092+0000] {dag.py:4180} INFO - Setting next_dagrun for example_xcom_args_with_operators to None, run_after=None
[2025-01-18T04:52:47.101+0000] {processor.py:208} INFO - Processing /home/airflow/.local/lib/python3.12/site-packages/airflow/example_dags/example_xcomargs.py took 0.042 seconds
[2025-01-18T04:53:17.935+0000] {processor.py:186} INFO - Started process (PID=279) to work on /home/airflow/.local/lib/python3.12/site-packages/airflow/example_dags/example_xcomargs.py
[2025-01-18T04:53:17.937+0000] {processor.py:914} INFO - Processing file /home/airflow/.local/lib/python3.12/site-packages/airflow/example_dags/example_xcomargs.py for tasks to queue
[2025-01-18T04:53:17.939+0000] {logging_mixin.py:190} INFO - [2025-01-18T04:53:17.939+0000] {dagbag.py:588} INFO - Filling up the DagBag from /home/airflow/.local/lib/python3.12/site-packages/airflow/example_dags/example_xcomargs.py
[2025-01-18T04:53:17.949+0000] {processor.py:925} INFO - DAG(s) 'example_xcom_args_with_operators', 'example_xcom_args' retrieved from /home/airflow/.local/lib/python3.12/site-packages/airflow/example_dags/example_xcomargs.py
[2025-01-18T04:53:17.961+0000] {logging_mixin.py:190} INFO - [2025-01-18T04:53:17.961+0000] {dag.py:3239} INFO - Sync 2 DAGs
[2025-01-18T04:53:17.968+0000] {logging_mixin.py:190} INFO - [2025-01-18T04:53:17.968+0000] {dag.py:4180} INFO - Setting next_dagrun for example_xcom_args to None, run_after=None
[2025-01-18T04:53:17.970+0000] {logging_mixin.py:190} INFO - [2025-01-18T04:53:17.970+0000] {dag.py:4180} INFO - Setting next_dagrun for example_xcom_args_with_operators to None, run_after=None
[2025-01-18T04:53:17.978+0000] {processor.py:208} INFO - Processing /home/airflow/.local/lib/python3.12/site-packages/airflow/example_dags/example_xcomargs.py took 0.045 seconds
[2025-01-18T04:53:48.566+0000] {processor.py:186} INFO - Started process (PID=342) to work on /home/airflow/.local/lib/python3.12/site-packages/airflow/example_dags/example_xcomargs.py
[2025-01-18T04:53:48.567+0000] {processor.py:914} INFO - Processing file /home/airflow/.local/lib/python3.12/site-packages/airflow/example_dags/example_xcomargs.py for tasks to queue
[2025-01-18T04:53:48.570+0000] {logging_mixin.py:190} INFO - [2025-01-18T04:53:48.570+0000] {dagbag.py:588} INFO - Filling up the DagBag from /home/airflow/.local/lib/python3.12/site-packages/airflow/example_dags/example_xcomargs.py
[2025-01-18T04:53:48.576+0000] {processor.py:925} INFO - DAG(s) 'example_xcom_args_with_operators', 'example_xcom_args' retrieved from /home/airflow/.local/lib/python3.12/site-packages/airflow/example_dags/example_xcomargs.py
[2025-01-18T04:53:48.588+0000] {logging_mixin.py:190} INFO - [2025-01-18T04:53:48.588+0000] {dag.py:3239} INFO - Sync 2 DAGs
[2025-01-18T04:53:48.595+0000] {logging_mixin.py:190} INFO - [2025-01-18T04:53:48.595+0000] {dag.py:4180} INFO - Setting next_dagrun for example_xcom_args to None, run_after=None
[2025-01-18T04:53:48.599+0000] {logging_mixin.py:190} INFO - [2025-01-18T04:53:48.598+0000] {dag.py:4180} INFO - Setting next_dagrun for example_xcom_args_with_operators to None, run_after=None
[2025-01-18T04:53:48.610+0000] {processor.py:208} INFO - Processing /home/airflow/.local/lib/python3.12/site-packages/airflow/example_dags/example_xcomargs.py took 0.047 seconds
[2025-01-18T04:54:19.522+0000] {processor.py:186} INFO - Started process (PID=405) to work on /home/airflow/.local/lib/python3.12/site-packages/airflow/example_dags/example_xcomargs.py
[2025-01-18T04:54:19.524+0000] {processor.py:914} INFO - Processing file /home/airflow/.local/lib/python3.12/site-packages/airflow/example_dags/example_xcomargs.py for tasks to queue
[2025-01-18T04:54:19.526+0000] {logging_mixin.py:190} INFO - [2025-01-18T04:54:19.526+0000] {dagbag.py:588} INFO - Filling up the DagBag from /home/airflow/.local/lib/python3.12/site-packages/airflow/example_dags/example_xcomargs.py
[2025-01-18T04:54:19.534+0000] {processor.py:925} INFO - DAG(s) 'example_xcom_args_with_operators', 'example_xcom_args' retrieved from /home/airflow/.local/lib/python3.12/site-packages/airflow/example_dags/example_xcomargs.py
[2025-01-18T04:54:19.547+0000] {logging_mixin.py:190} INFO - [2025-01-18T04:54:19.546+0000] {dag.py:3239} INFO - Sync 2 DAGs
[2025-01-18T04:54:19.555+0000] {logging_mixin.py:190} INFO - [2025-01-18T04:54:19.554+0000] {dag.py:4180} INFO - Setting next_dagrun for example_xcom_args to None, run_after=None
[2025-01-18T04:54:19.556+0000] {logging_mixin.py:190} INFO - [2025-01-18T04:54:19.556+0000] {dag.py:4180} INFO - Setting next_dagrun for example_xcom_args_with_operators to None, run_after=None
[2025-01-18T04:54:19.565+0000] {processor.py:208} INFO - Processing /home/airflow/.local/lib/python3.12/site-packages/airflow/example_dags/example_xcomargs.py took 0.046 seconds
[2025-01-18T04:54:50.230+0000] {processor.py:186} INFO - Started process (PID=468) to work on /home/airflow/.local/lib/python3.12/site-packages/airflow/example_dags/example_xcomargs.py
[2025-01-18T04:54:50.230+0000] {processor.py:914} INFO - Processing file /home/airflow/.local/lib/python3.12/site-packages/airflow/example_dags/example_xcomargs.py for tasks to queue
[2025-01-18T04:54:50.232+0000] {logging_mixin.py:190} INFO - [2025-01-18T04:54:50.232+0000] {dagbag.py:588} INFO - Filling up the DagBag from /home/airflow/.local/lib/python3.12/site-packages/airflow/example_dags/example_xcomargs.py
[2025-01-18T04:54:50.241+0000] {processor.py:925} INFO - DAG(s) 'example_xcom_args_with_operators', 'example_xcom_args' retrieved from /home/airflow/.local/lib/python3.12/site-packages/airflow/example_dags/example_xcomargs.py
[2025-01-18T04:54:50.253+0000] {logging_mixin.py:190} INFO - [2025-01-18T04:54:50.253+0000] {dag.py:3239} INFO - Sync 2 DAGs
[2025-01-18T04:54:50.264+0000] {logging_mixin.py:190} INFO - [2025-01-18T04:54:50.264+0000] {dag.py:4180} INFO - Setting next_dagrun for example_xcom_args to None, run_after=None
[2025-01-18T04:54:50.266+0000] {logging_mixin.py:190} INFO - [2025-01-18T04:54:50.266+0000] {dag.py:4180} INFO - Setting next_dagrun for example_xcom_args_with_operators to None, run_after=None
[2025-01-18T04:54:50.279+0000] {processor.py:208} INFO - Processing /home/airflow/.local/lib/python3.12/site-packages/airflow/example_dags/example_xcomargs.py took 0.052 seconds
[2025-01-18T04:55:21.252+0000] {processor.py:186} INFO - Started process (PID=531) to work on /home/airflow/.local/lib/python3.12/site-packages/airflow/example_dags/example_xcomargs.py
[2025-01-18T04:55:21.252+0000] {processor.py:914} INFO - Processing file /home/airflow/.local/lib/python3.12/site-packages/airflow/example_dags/example_xcomargs.py for tasks to queue
[2025-01-18T04:55:21.254+0000] {logging_mixin.py:190} INFO - [2025-01-18T04:55:21.254+0000] {dagbag.py:588} INFO - Filling up the DagBag from /home/airflow/.local/lib/python3.12/site-packages/airflow/example_dags/example_xcomargs.py
[2025-01-18T04:55:21.259+0000] {processor.py:925} INFO - DAG(s) 'example_xcom_args', 'example_xcom_args_with_operators' retrieved from /home/airflow/.local/lib/python3.12/site-packages/airflow/example_dags/example_xcomargs.py
[2025-01-18T04:55:21.273+0000] {logging_mixin.py:190} INFO - [2025-01-18T04:55:21.273+0000] {dag.py:3239} INFO - Sync 2 DAGs
[2025-01-18T04:55:21.282+0000] {logging_mixin.py:190} INFO - [2025-01-18T04:55:21.282+0000] {dag.py:4180} INFO - Setting next_dagrun for example_xcom_args to None, run_after=None
[2025-01-18T04:55:21.284+0000] {logging_mixin.py:190} INFO - [2025-01-18T04:55:21.284+0000] {dag.py:4180} INFO - Setting next_dagrun for example_xcom_args_with_operators to None, run_after=None
[2025-01-18T04:55:21.293+0000] {processor.py:208} INFO - Processing /home/airflow/.local/lib/python3.12/site-packages/airflow/example_dags/example_xcomargs.py took 0.044 seconds
[2025-01-18T04:55:52.231+0000] {processor.py:186} INFO - Started process (PID=594) to work on /home/airflow/.local/lib/python3.12/site-packages/airflow/example_dags/example_xcomargs.py
[2025-01-18T04:55:52.232+0000] {processor.py:914} INFO - Processing file /home/airflow/.local/lib/python3.12/site-packages/airflow/example_dags/example_xcomargs.py for tasks to queue
[2025-01-18T04:55:52.234+0000] {logging_mixin.py:190} INFO - [2025-01-18T04:55:52.234+0000] {dagbag.py:588} INFO - Filling up the DagBag from /home/airflow/.local/lib/python3.12/site-packages/airflow/example_dags/example_xcomargs.py
[2025-01-18T04:55:52.243+0000] {processor.py:925} INFO - DAG(s) 'example_xcom_args_with_operators', 'example_xcom_args' retrieved from /home/airflow/.local/lib/python3.12/site-packages/airflow/example_dags/example_xcomargs.py
[2025-01-18T04:55:52.257+0000] {logging_mixin.py:190} INFO - [2025-01-18T04:55:52.257+0000] {dag.py:3239} INFO - Sync 2 DAGs
[2025-01-18T04:55:52.265+0000] {logging_mixin.py:190} INFO - [2025-01-18T04:55:52.265+0000] {dag.py:4180} INFO - Setting next_dagrun for example_xcom_args to None, run_after=None
[2025-01-18T04:55:52.269+0000] {logging_mixin.py:190} INFO - [2025-01-18T04:55:52.269+0000] {dag.py:4180} INFO - Setting next_dagrun for example_xcom_args_with_operators to None, run_after=None
[2025-01-18T04:55:52.282+0000] {processor.py:208} INFO - Processing /home/airflow/.local/lib/python3.12/site-packages/airflow/example_dags/example_xcomargs.py took 0.055 seconds
[2025-01-18T04:56:22.956+0000] {processor.py:186} INFO - Started process (PID=657) to work on /home/airflow/.local/lib/python3.12/site-packages/airflow/example_dags/example_xcomargs.py
[2025-01-18T04:56:22.957+0000] {processor.py:914} INFO - Processing file /home/airflow/.local/lib/python3.12/site-packages/airflow/example_dags/example_xcomargs.py for tasks to queue
[2025-01-18T04:56:22.958+0000] {logging_mixin.py:190} INFO - [2025-01-18T04:56:22.958+0000] {dagbag.py:588} INFO - Filling up the DagBag from /home/airflow/.local/lib/python3.12/site-packages/airflow/example_dags/example_xcomargs.py
[2025-01-18T04:56:22.968+0000] {processor.py:925} INFO - DAG(s) 'example_xcom_args', 'example_xcom_args_with_operators' retrieved from /home/airflow/.local/lib/python3.12/site-packages/airflow/example_dags/example_xcomargs.py
[2025-01-18T04:56:22.979+0000] {logging_mixin.py:190} INFO - [2025-01-18T04:56:22.979+0000] {dag.py:3239} INFO - Sync 2 DAGs
[2025-01-18T04:56:22.989+0000] {logging_mixin.py:190} INFO - [2025-01-18T04:56:22.988+0000] {dag.py:4180} INFO - Setting next_dagrun for example_xcom_args to None, run_after=None
[2025-01-18T04:56:22.991+0000] {logging_mixin.py:190} INFO - [2025-01-18T04:56:22.991+0000] {dag.py:4180} INFO - Setting next_dagrun for example_xcom_args_with_operators to None, run_after=None
[2025-01-18T04:56:22.999+0000] {processor.py:208} INFO - Processing /home/airflow/.local/lib/python3.12/site-packages/airflow/example_dags/example_xcomargs.py took 0.047 seconds
[2025-01-18T04:56:53.868+0000] {processor.py:186} INFO - Started process (PID=720) to work on /home/airflow/.local/lib/python3.12/site-packages/airflow/example_dags/example_xcomargs.py
[2025-01-18T04:56:53.871+0000] {processor.py:914} INFO - Processing file /home/airflow/.local/lib/python3.12/site-packages/airflow/example_dags/example_xcomargs.py for tasks to queue
[2025-01-18T04:56:53.873+0000] {logging_mixin.py:190} INFO - [2025-01-18T04:56:53.872+0000] {dagbag.py:588} INFO - Filling up the DagBag from /home/airflow/.local/lib/python3.12/site-packages/airflow/example_dags/example_xcomargs.py
[2025-01-18T04:56:53.880+0000] {processor.py:925} INFO - DAG(s) 'example_xcom_args', 'example_xcom_args_with_operators' retrieved from /home/airflow/.local/lib/python3.12/site-packages/airflow/example_dags/example_xcomargs.py
[2025-01-18T04:56:53.895+0000] {logging_mixin.py:190} INFO - [2025-01-18T04:56:53.895+0000] {dag.py:3239} INFO - Sync 2 DAGs
[2025-01-18T04:56:53.903+0000] {logging_mixin.py:190} INFO - [2025-01-18T04:56:53.903+0000] {dag.py:4180} INFO - Setting next_dagrun for example_xcom_args to None, run_after=None
[2025-01-18T04:56:53.906+0000] {logging_mixin.py:190} INFO - [2025-01-18T04:56:53.905+0000] {dag.py:4180} INFO - Setting next_dagrun for example_xcom_args_with_operators to None, run_after=None
[2025-01-18T04:56:53.927+0000] {processor.py:208} INFO - Processing /home/airflow/.local/lib/python3.12/site-packages/airflow/example_dags/example_xcomargs.py took 0.063 seconds
[2025-01-18T04:57:24.585+0000] {processor.py:186} INFO - Started process (PID=790) to work on /home/airflow/.local/lib/python3.12/site-packages/airflow/example_dags/example_xcomargs.py
[2025-01-18T04:57:24.586+0000] {processor.py:914} INFO - Processing file /home/airflow/.local/lib/python3.12/site-packages/airflow/example_dags/example_xcomargs.py for tasks to queue
[2025-01-18T04:57:24.588+0000] {logging_mixin.py:190} INFO - [2025-01-18T04:57:24.587+0000] {dagbag.py:588} INFO - Filling up the DagBag from /home/airflow/.local/lib/python3.12/site-packages/airflow/example_dags/example_xcomargs.py
[2025-01-18T04:57:24.594+0000] {processor.py:925} INFO - DAG(s) 'example_xcom_args', 'example_xcom_args_with_operators' retrieved from /home/airflow/.local/lib/python3.12/site-packages/airflow/example_dags/example_xcomargs.py
[2025-01-18T04:57:24.606+0000] {logging_mixin.py:190} INFO - [2025-01-18T04:57:24.606+0000] {dag.py:3239} INFO - Sync 2 DAGs
[2025-01-18T04:57:24.614+0000] {logging_mixin.py:190} INFO - [2025-01-18T04:57:24.614+0000] {dag.py:4180} INFO - Setting next_dagrun for example_xcom_args to None, run_after=None
[2025-01-18T04:57:24.618+0000] {logging_mixin.py:190} INFO - [2025-01-18T04:57:24.618+0000] {dag.py:4180} INFO - Setting next_dagrun for example_xcom_args_with_operators to None, run_after=None
[2025-01-18T04:57:24.629+0000] {processor.py:208} INFO - Processing /home/airflow/.local/lib/python3.12/site-packages/airflow/example_dags/example_xcomargs.py took 0.047 seconds
[2025-01-18T04:57:55.454+0000] {processor.py:186} INFO - Started process (PID=853) to work on /home/airflow/.local/lib/python3.12/site-packages/airflow/example_dags/example_xcomargs.py
[2025-01-18T04:57:55.455+0000] {processor.py:914} INFO - Processing file /home/airflow/.local/lib/python3.12/site-packages/airflow/example_dags/example_xcomargs.py for tasks to queue
[2025-01-18T04:57:55.456+0000] {logging_mixin.py:190} INFO - [2025-01-18T04:57:55.456+0000] {dagbag.py:588} INFO - Filling up the DagBag from /home/airflow/.local/lib/python3.12/site-packages/airflow/example_dags/example_xcomargs.py
[2025-01-18T04:57:55.462+0000] {processor.py:925} INFO - DAG(s) 'example_xcom_args', 'example_xcom_args_with_operators' retrieved from /home/airflow/.local/lib/python3.12/site-packages/airflow/example_dags/example_xcomargs.py
[2025-01-18T04:57:55.474+0000] {logging_mixin.py:190} INFO - [2025-01-18T04:57:55.474+0000] {dag.py:3239} INFO - Sync 2 DAGs
[2025-01-18T04:57:55.484+0000] {logging_mixin.py:190} INFO - [2025-01-18T04:57:55.484+0000] {dag.py:4180} INFO - Setting next_dagrun for example_xcom_args to None, run_after=None
[2025-01-18T04:57:55.486+0000] {logging_mixin.py:190} INFO - [2025-01-18T04:57:55.486+0000] {dag.py:4180} INFO - Setting next_dagrun for example_xcom_args_with_operators to None, run_after=None
[2025-01-18T04:57:55.494+0000] {processor.py:208} INFO - Processing /home/airflow/.local/lib/python3.12/site-packages/airflow/example_dags/example_xcomargs.py took 0.043 seconds
[2025-01-18T04:58:26.324+0000] {processor.py:186} INFO - Started process (PID=916) to work on /home/airflow/.local/lib/python3.12/site-packages/airflow/example_dags/example_xcomargs.py
[2025-01-18T04:58:26.324+0000] {processor.py:914} INFO - Processing file /home/airflow/.local/lib/python3.12/site-packages/airflow/example_dags/example_xcomargs.py for tasks to queue
[2025-01-18T04:58:26.325+0000] {logging_mixin.py:190} INFO - [2025-01-18T04:58:26.325+0000] {dagbag.py:588} INFO - Filling up the DagBag from /home/airflow/.local/lib/python3.12/site-packages/airflow/example_dags/example_xcomargs.py
[2025-01-18T04:58:26.335+0000] {processor.py:925} INFO - DAG(s) 'example_xcom_args', 'example_xcom_args_with_operators' retrieved from /home/airflow/.local/lib/python3.12/site-packages/airflow/example_dags/example_xcomargs.py
[2025-01-18T04:58:26.351+0000] {logging_mixin.py:190} INFO - [2025-01-18T04:58:26.351+0000] {dag.py:3239} INFO - Sync 2 DAGs
[2025-01-18T04:58:26.360+0000] {logging_mixin.py:190} INFO - [2025-01-18T04:58:26.359+0000] {dag.py:4180} INFO - Setting next_dagrun for example_xcom_args to None, run_after=None
[2025-01-18T04:58:26.362+0000] {logging_mixin.py:190} INFO - [2025-01-18T04:58:26.361+0000] {dag.py:4180} INFO - Setting next_dagrun for example_xcom_args_with_operators to None, run_after=None
[2025-01-18T04:58:26.371+0000] {processor.py:208} INFO - Processing /home/airflow/.local/lib/python3.12/site-packages/airflow/example_dags/example_xcomargs.py took 0.051 seconds
[2025-01-18T04:58:57.214+0000] {processor.py:186} INFO - Started process (PID=979) to work on /home/airflow/.local/lib/python3.12/site-packages/airflow/example_dags/example_xcomargs.py
[2025-01-18T04:58:57.215+0000] {processor.py:914} INFO - Processing file /home/airflow/.local/lib/python3.12/site-packages/airflow/example_dags/example_xcomargs.py for tasks to queue
[2025-01-18T04:58:57.217+0000] {logging_mixin.py:190} INFO - [2025-01-18T04:58:57.216+0000] {dagbag.py:588} INFO - Filling up the DagBag from /home/airflow/.local/lib/python3.12/site-packages/airflow/example_dags/example_xcomargs.py
[2025-01-18T04:58:57.223+0000] {processor.py:925} INFO - DAG(s) 'example_xcom_args_with_operators', 'example_xcom_args' retrieved from /home/airflow/.local/lib/python3.12/site-packages/airflow/example_dags/example_xcomargs.py
[2025-01-18T04:58:57.238+0000] {logging_mixin.py:190} INFO - [2025-01-18T04:58:57.238+0000] {dag.py:3239} INFO - Sync 2 DAGs
[2025-01-18T04:58:57.245+0000] {logging_mixin.py:190} INFO - [2025-01-18T04:58:57.245+0000] {dag.py:4180} INFO - Setting next_dagrun for example_xcom_args to None, run_after=None
[2025-01-18T04:58:57.248+0000] {logging_mixin.py:190} INFO - [2025-01-18T04:58:57.248+0000] {dag.py:4180} INFO - Setting next_dagrun for example_xcom_args_with_operators to None, run_after=None
[2025-01-18T04:58:57.258+0000] {processor.py:208} INFO - Processing /home/airflow/.local/lib/python3.12/site-packages/airflow/example_dags/example_xcomargs.py took 0.047 seconds
[2025-01-18T04:59:28.247+0000] {processor.py:186} INFO - Started process (PID=1042) to work on /home/airflow/.local/lib/python3.12/site-packages/airflow/example_dags/example_xcomargs.py
[2025-01-18T04:59:28.247+0000] {processor.py:914} INFO - Processing file /home/airflow/.local/lib/python3.12/site-packages/airflow/example_dags/example_xcomargs.py for tasks to queue
[2025-01-18T04:59:28.248+0000] {logging_mixin.py:190} INFO - [2025-01-18T04:59:28.248+0000] {dagbag.py:588} INFO - Filling up the DagBag from /home/airflow/.local/lib/python3.12/site-packages/airflow/example_dags/example_xcomargs.py
[2025-01-18T04:59:28.255+0000] {processor.py:925} INFO - DAG(s) 'example_xcom_args_with_operators', 'example_xcom_args' retrieved from /home/airflow/.local/lib/python3.12/site-packages/airflow/example_dags/example_xcomargs.py
[2025-01-18T04:59:28.271+0000] {logging_mixin.py:190} INFO - [2025-01-18T04:59:28.271+0000] {dag.py:3239} INFO - Sync 2 DAGs
[2025-01-18T04:59:28.278+0000] {logging_mixin.py:190} INFO - [2025-01-18T04:59:28.278+0000] {dag.py:4180} INFO - Setting next_dagrun for example_xcom_args to None, run_after=None
[2025-01-18T04:59:28.281+0000] {logging_mixin.py:190} INFO - [2025-01-18T04:59:28.281+0000] {dag.py:4180} INFO - Setting next_dagrun for example_xcom_args_with_operators to None, run_after=None
[2025-01-18T04:59:28.290+0000] {processor.py:208} INFO - Processing /home/airflow/.local/lib/python3.12/site-packages/airflow/example_dags/example_xcomargs.py took 0.047 seconds
[2025-01-18T04:59:59.424+0000] {processor.py:186} INFO - Started process (PID=1105) to work on /home/airflow/.local/lib/python3.12/site-packages/airflow/example_dags/example_xcomargs.py
[2025-01-18T04:59:59.424+0000] {processor.py:914} INFO - Processing file /home/airflow/.local/lib/python3.12/site-packages/airflow/example_dags/example_xcomargs.py for tasks to queue
[2025-01-18T04:59:59.425+0000] {logging_mixin.py:190} INFO - [2025-01-18T04:59:59.425+0000] {dagbag.py:588} INFO - Filling up the DagBag from /home/airflow/.local/lib/python3.12/site-packages/airflow/example_dags/example_xcomargs.py
[2025-01-18T04:59:59.431+0000] {processor.py:925} INFO - DAG(s) 'example_xcom_args_with_operators', 'example_xcom_args' retrieved from /home/airflow/.local/lib/python3.12/site-packages/airflow/example_dags/example_xcomargs.py
[2025-01-18T04:59:59.445+0000] {logging_mixin.py:190} INFO - [2025-01-18T04:59:59.445+0000] {dag.py:3239} INFO - Sync 2 DAGs
[2025-01-18T04:59:59.453+0000] {logging_mixin.py:190} INFO - [2025-01-18T04:59:59.453+0000] {dag.py:4180} INFO - Setting next_dagrun for example_xcom_args to None, run_after=None
[2025-01-18T04:59:59.455+0000] {logging_mixin.py:190} INFO - [2025-01-18T04:59:59.455+0000] {dag.py:4180} INFO - Setting next_dagrun for example_xcom_args_with_operators to None, run_after=None
[2025-01-18T04:59:59.463+0000] {processor.py:208} INFO - Processing /home/airflow/.local/lib/python3.12/site-packages/airflow/example_dags/example_xcomargs.py took 0.042 seconds
