[2025-01-18T04:51:44.199+0000] {processor.py:186} INFO - Started process (PID=62) to work on /home/airflow/.local/lib/python3.12/site-packages/airflow/example_dags/example_time_delta_sensor_async.py
[2025-01-18T04:51:44.200+0000] {processor.py:914} INFO - Processing file /home/airflow/.local/lib/python3.12/site-packages/airflow/example_dags/example_time_delta_sensor_async.py for tasks to queue
[2025-01-18T04:51:44.201+0000] {logging_mixin.py:190} INFO - [2025-01-18T04:51:44.201+0000] {dagbag.py:588} INFO - Filling up the DagBag from /home/airflow/.local/lib/python3.12/site-packages/airflow/example_dags/example_time_delta_sensor_async.py
[2025-01-18T04:51:44.208+0000] {processor.py:925} INFO - DAG(s) 'example_time_delta_sensor_async' retrieved from /home/airflow/.local/lib/python3.12/site-packages/airflow/example_dags/example_time_delta_sensor_async.py
[2025-01-18T04:51:44.260+0000] {logging_mixin.py:190} INFO - [2025-01-18T04:51:44.260+0000] {override.py:1911} INFO - Created Permission View: can edit on DAG:example_time_delta_sensor_async
[2025-01-18T04:51:44.268+0000] {logging_mixin.py:190} INFO - [2025-01-18T04:51:44.268+0000] {override.py:1911} INFO - Created Permission View: can read on DAG:example_time_delta_sensor_async
[2025-01-18T04:51:44.271+0000] {logging_mixin.py:190} INFO - [2025-01-18T04:51:44.270+0000] {override.py:1911} INFO - Created Permission View: can delete on DAG:example_time_delta_sensor_async
[2025-01-18T04:51:44.274+0000] {logging_mixin.py:190} INFO - [2025-01-18T04:51:44.274+0000] {override.py:1911} INFO - Created Permission View: can create on DAG Run:example_time_delta_sensor_async
[2025-01-18T04:51:44.276+0000] {logging_mixin.py:190} INFO - [2025-01-18T04:51:44.276+0000] {override.py:1911} INFO - Created Permission View: can read on DAG Run:example_time_delta_sensor_async
[2025-01-18T04:51:44.279+0000] {logging_mixin.py:190} INFO - [2025-01-18T04:51:44.279+0000] {override.py:1911} INFO - Created Permission View: can delete on DAG Run:example_time_delta_sensor_async
[2025-01-18T04:51:44.282+0000] {logging_mixin.py:190} INFO - [2025-01-18T04:51:44.282+0000] {override.py:1911} INFO - Created Permission View: menu access on DAG Run:example_time_delta_sensor_async
[2025-01-18T04:51:44.282+0000] {logging_mixin.py:190} INFO - [2025-01-18T04:51:44.282+0000] {dag.py:3239} INFO - Sync 1 DAGs
[2025-01-18T04:51:44.288+0000] {logging_mixin.py:190} INFO - [2025-01-18T04:51:44.287+0000] {dag.py:3262} INFO - Creating ORM DAG for example_time_delta_sensor_async
[2025-01-18T04:51:44.288+0000] {logging_mixin.py:190} INFO - [2025-01-18T04:51:44.288+0000] {dag.py:4180} INFO - Setting next_dagrun for example_time_delta_sensor_async to None, run_after=None
[2025-01-18T04:51:44.295+0000] {processor.py:208} INFO - Processing /home/airflow/.local/lib/python3.12/site-packages/airflow/example_dags/example_time_delta_sensor_async.py took 0.099 seconds
[2025-01-18T04:52:15.448+0000] {processor.py:186} INFO - Started process (PID=131) to work on /home/airflow/.local/lib/python3.12/site-packages/airflow/example_dags/example_time_delta_sensor_async.py
[2025-01-18T04:52:15.449+0000] {processor.py:914} INFO - Processing file /home/airflow/.local/lib/python3.12/site-packages/airflow/example_dags/example_time_delta_sensor_async.py for tasks to queue
[2025-01-18T04:52:15.450+0000] {logging_mixin.py:190} INFO - [2025-01-18T04:52:15.450+0000] {dagbag.py:588} INFO - Filling up the DagBag from /home/airflow/.local/lib/python3.12/site-packages/airflow/example_dags/example_time_delta_sensor_async.py
[2025-01-18T04:52:15.454+0000] {processor.py:925} INFO - DAG(s) 'example_time_delta_sensor_async' retrieved from /home/airflow/.local/lib/python3.12/site-packages/airflow/example_dags/example_time_delta_sensor_async.py
[2025-01-18T04:52:15.465+0000] {logging_mixin.py:190} INFO - [2025-01-18T04:52:15.465+0000] {dag.py:3239} INFO - Sync 1 DAGs
[2025-01-18T04:52:15.471+0000] {logging_mixin.py:190} INFO - [2025-01-18T04:52:15.471+0000] {dag.py:4180} INFO - Setting next_dagrun for example_time_delta_sensor_async to None, run_after=None
[2025-01-18T04:52:15.481+0000] {processor.py:208} INFO - Processing /home/airflow/.local/lib/python3.12/site-packages/airflow/example_dags/example_time_delta_sensor_async.py took 0.036 seconds
[2025-01-18T04:52:46.161+0000] {processor.py:186} INFO - Started process (PID=194) to work on /home/airflow/.local/lib/python3.12/site-packages/airflow/example_dags/example_time_delta_sensor_async.py
[2025-01-18T04:52:46.162+0000] {processor.py:914} INFO - Processing file /home/airflow/.local/lib/python3.12/site-packages/airflow/example_dags/example_time_delta_sensor_async.py for tasks to queue
[2025-01-18T04:52:46.165+0000] {logging_mixin.py:190} INFO - [2025-01-18T04:52:46.164+0000] {dagbag.py:588} INFO - Filling up the DagBag from /home/airflow/.local/lib/python3.12/site-packages/airflow/example_dags/example_time_delta_sensor_async.py
[2025-01-18T04:52:46.169+0000] {processor.py:925} INFO - DAG(s) 'example_time_delta_sensor_async' retrieved from /home/airflow/.local/lib/python3.12/site-packages/airflow/example_dags/example_time_delta_sensor_async.py
[2025-01-18T04:52:46.181+0000] {logging_mixin.py:190} INFO - [2025-01-18T04:52:46.181+0000] {dag.py:3239} INFO - Sync 1 DAGs
[2025-01-18T04:52:46.188+0000] {logging_mixin.py:190} INFO - [2025-01-18T04:52:46.188+0000] {dag.py:4180} INFO - Setting next_dagrun for example_time_delta_sensor_async to None, run_after=None
[2025-01-18T04:52:46.197+0000] {processor.py:208} INFO - Processing /home/airflow/.local/lib/python3.12/site-packages/airflow/example_dags/example_time_delta_sensor_async.py took 0.039 seconds
[2025-01-18T04:53:17.068+0000] {processor.py:186} INFO - Started process (PID=257) to work on /home/airflow/.local/lib/python3.12/site-packages/airflow/example_dags/example_time_delta_sensor_async.py
[2025-01-18T04:53:17.071+0000] {processor.py:914} INFO - Processing file /home/airflow/.local/lib/python3.12/site-packages/airflow/example_dags/example_time_delta_sensor_async.py for tasks to queue
[2025-01-18T04:53:17.073+0000] {logging_mixin.py:190} INFO - [2025-01-18T04:53:17.073+0000] {dagbag.py:588} INFO - Filling up the DagBag from /home/airflow/.local/lib/python3.12/site-packages/airflow/example_dags/example_time_delta_sensor_async.py
[2025-01-18T04:53:17.077+0000] {processor.py:925} INFO - DAG(s) 'example_time_delta_sensor_async' retrieved from /home/airflow/.local/lib/python3.12/site-packages/airflow/example_dags/example_time_delta_sensor_async.py
[2025-01-18T04:53:17.087+0000] {logging_mixin.py:190} INFO - [2025-01-18T04:53:17.087+0000] {dag.py:3239} INFO - Sync 1 DAGs
[2025-01-18T04:53:17.095+0000] {logging_mixin.py:190} INFO - [2025-01-18T04:53:17.095+0000] {dag.py:4180} INFO - Setting next_dagrun for example_time_delta_sensor_async to None, run_after=None
[2025-01-18T04:53:17.104+0000] {processor.py:208} INFO - Processing /home/airflow/.local/lib/python3.12/site-packages/airflow/example_dags/example_time_delta_sensor_async.py took 0.039 seconds
[2025-01-18T04:53:47.766+0000] {processor.py:186} INFO - Started process (PID=320) to work on /home/airflow/.local/lib/python3.12/site-packages/airflow/example_dags/example_time_delta_sensor_async.py
[2025-01-18T04:53:47.769+0000] {processor.py:914} INFO - Processing file /home/airflow/.local/lib/python3.12/site-packages/airflow/example_dags/example_time_delta_sensor_async.py for tasks to queue
[2025-01-18T04:53:47.771+0000] {logging_mixin.py:190} INFO - [2025-01-18T04:53:47.771+0000] {dagbag.py:588} INFO - Filling up the DagBag from /home/airflow/.local/lib/python3.12/site-packages/airflow/example_dags/example_time_delta_sensor_async.py
[2025-01-18T04:53:47.775+0000] {processor.py:925} INFO - DAG(s) 'example_time_delta_sensor_async' retrieved from /home/airflow/.local/lib/python3.12/site-packages/airflow/example_dags/example_time_delta_sensor_async.py
[2025-01-18T04:53:47.786+0000] {logging_mixin.py:190} INFO - [2025-01-18T04:53:47.785+0000] {dag.py:3239} INFO - Sync 1 DAGs
[2025-01-18T04:53:47.793+0000] {logging_mixin.py:190} INFO - [2025-01-18T04:53:47.793+0000] {dag.py:4180} INFO - Setting next_dagrun for example_time_delta_sensor_async to None, run_after=None
[2025-01-18T04:53:47.802+0000] {processor.py:208} INFO - Processing /home/airflow/.local/lib/python3.12/site-packages/airflow/example_dags/example_time_delta_sensor_async.py took 0.040 seconds
[2025-01-18T04:54:18.562+0000] {processor.py:186} INFO - Started process (PID=383) to work on /home/airflow/.local/lib/python3.12/site-packages/airflow/example_dags/example_time_delta_sensor_async.py
[2025-01-18T04:54:18.564+0000] {processor.py:914} INFO - Processing file /home/airflow/.local/lib/python3.12/site-packages/airflow/example_dags/example_time_delta_sensor_async.py for tasks to queue
[2025-01-18T04:54:18.566+0000] {logging_mixin.py:190} INFO - [2025-01-18T04:54:18.566+0000] {dagbag.py:588} INFO - Filling up the DagBag from /home/airflow/.local/lib/python3.12/site-packages/airflow/example_dags/example_time_delta_sensor_async.py
[2025-01-18T04:54:18.570+0000] {processor.py:925} INFO - DAG(s) 'example_time_delta_sensor_async' retrieved from /home/airflow/.local/lib/python3.12/site-packages/airflow/example_dags/example_time_delta_sensor_async.py
[2025-01-18T04:54:18.582+0000] {logging_mixin.py:190} INFO - [2025-01-18T04:54:18.582+0000] {dag.py:3239} INFO - Sync 1 DAGs
[2025-01-18T04:54:18.589+0000] {logging_mixin.py:190} INFO - [2025-01-18T04:54:18.589+0000] {dag.py:4180} INFO - Setting next_dagrun for example_time_delta_sensor_async to None, run_after=None
[2025-01-18T04:54:18.599+0000] {processor.py:208} INFO - Processing /home/airflow/.local/lib/python3.12/site-packages/airflow/example_dags/example_time_delta_sensor_async.py took 0.040 seconds
[2025-01-18T04:54:49.382+0000] {processor.py:186} INFO - Started process (PID=446) to work on /home/airflow/.local/lib/python3.12/site-packages/airflow/example_dags/example_time_delta_sensor_async.py
[2025-01-18T04:54:49.383+0000] {processor.py:914} INFO - Processing file /home/airflow/.local/lib/python3.12/site-packages/airflow/example_dags/example_time_delta_sensor_async.py for tasks to queue
[2025-01-18T04:54:49.385+0000] {logging_mixin.py:190} INFO - [2025-01-18T04:54:49.385+0000] {dagbag.py:588} INFO - Filling up the DagBag from /home/airflow/.local/lib/python3.12/site-packages/airflow/example_dags/example_time_delta_sensor_async.py
[2025-01-18T04:54:49.390+0000] {processor.py:925} INFO - DAG(s) 'example_time_delta_sensor_async' retrieved from /home/airflow/.local/lib/python3.12/site-packages/airflow/example_dags/example_time_delta_sensor_async.py
[2025-01-18T04:54:49.404+0000] {logging_mixin.py:190} INFO - [2025-01-18T04:54:49.404+0000] {dag.py:3239} INFO - Sync 1 DAGs
[2025-01-18T04:54:49.412+0000] {logging_mixin.py:190} INFO - [2025-01-18T04:54:49.412+0000] {dag.py:4180} INFO - Setting next_dagrun for example_time_delta_sensor_async to None, run_after=None
[2025-01-18T04:54:49.424+0000] {processor.py:208} INFO - Processing /home/airflow/.local/lib/python3.12/site-packages/airflow/example_dags/example_time_delta_sensor_async.py took 0.045 seconds
[2025-01-18T04:55:20.359+0000] {processor.py:186} INFO - Started process (PID=509) to work on /home/airflow/.local/lib/python3.12/site-packages/airflow/example_dags/example_time_delta_sensor_async.py
[2025-01-18T04:55:20.360+0000] {processor.py:914} INFO - Processing file /home/airflow/.local/lib/python3.12/site-packages/airflow/example_dags/example_time_delta_sensor_async.py for tasks to queue
[2025-01-18T04:55:20.361+0000] {logging_mixin.py:190} INFO - [2025-01-18T04:55:20.361+0000] {dagbag.py:588} INFO - Filling up the DagBag from /home/airflow/.local/lib/python3.12/site-packages/airflow/example_dags/example_time_delta_sensor_async.py
[2025-01-18T04:55:20.365+0000] {processor.py:925} INFO - DAG(s) 'example_time_delta_sensor_async' retrieved from /home/airflow/.local/lib/python3.12/site-packages/airflow/example_dags/example_time_delta_sensor_async.py
[2025-01-18T04:55:20.376+0000] {logging_mixin.py:190} INFO - [2025-01-18T04:55:20.376+0000] {dag.py:3239} INFO - Sync 1 DAGs
[2025-01-18T04:55:20.387+0000] {logging_mixin.py:190} INFO - [2025-01-18T04:55:20.387+0000] {dag.py:4180} INFO - Setting next_dagrun for example_time_delta_sensor_async to None, run_after=None
[2025-01-18T04:55:20.397+0000] {processor.py:208} INFO - Processing /home/airflow/.local/lib/python3.12/site-packages/airflow/example_dags/example_time_delta_sensor_async.py took 0.042 seconds
[2025-01-18T04:55:51.370+0000] {processor.py:186} INFO - Started process (PID=572) to work on /home/airflow/.local/lib/python3.12/site-packages/airflow/example_dags/example_time_delta_sensor_async.py
[2025-01-18T04:55:51.371+0000] {processor.py:914} INFO - Processing file /home/airflow/.local/lib/python3.12/site-packages/airflow/example_dags/example_time_delta_sensor_async.py for tasks to queue
[2025-01-18T04:55:51.373+0000] {logging_mixin.py:190} INFO - [2025-01-18T04:55:51.373+0000] {dagbag.py:588} INFO - Filling up the DagBag from /home/airflow/.local/lib/python3.12/site-packages/airflow/example_dags/example_time_delta_sensor_async.py
[2025-01-18T04:55:51.378+0000] {processor.py:925} INFO - DAG(s) 'example_time_delta_sensor_async' retrieved from /home/airflow/.local/lib/python3.12/site-packages/airflow/example_dags/example_time_delta_sensor_async.py
[2025-01-18T04:55:51.389+0000] {logging_mixin.py:190} INFO - [2025-01-18T04:55:51.388+0000] {dag.py:3239} INFO - Sync 1 DAGs
[2025-01-18T04:55:51.396+0000] {logging_mixin.py:190} INFO - [2025-01-18T04:55:51.396+0000] {dag.py:4180} INFO - Setting next_dagrun for example_time_delta_sensor_async to None, run_after=None
[2025-01-18T04:55:51.405+0000] {processor.py:208} INFO - Processing /home/airflow/.local/lib/python3.12/site-packages/airflow/example_dags/example_time_delta_sensor_async.py took 0.038 seconds
[2025-01-18T04:56:22.173+0000] {processor.py:186} INFO - Started process (PID=635) to work on /home/airflow/.local/lib/python3.12/site-packages/airflow/example_dags/example_time_delta_sensor_async.py
[2025-01-18T04:56:22.174+0000] {processor.py:914} INFO - Processing file /home/airflow/.local/lib/python3.12/site-packages/airflow/example_dags/example_time_delta_sensor_async.py for tasks to queue
[2025-01-18T04:56:22.176+0000] {logging_mixin.py:190} INFO - [2025-01-18T04:56:22.175+0000] {dagbag.py:588} INFO - Filling up the DagBag from /home/airflow/.local/lib/python3.12/site-packages/airflow/example_dags/example_time_delta_sensor_async.py
[2025-01-18T04:56:22.180+0000] {processor.py:925} INFO - DAG(s) 'example_time_delta_sensor_async' retrieved from /home/airflow/.local/lib/python3.12/site-packages/airflow/example_dags/example_time_delta_sensor_async.py
[2025-01-18T04:56:22.193+0000] {logging_mixin.py:190} INFO - [2025-01-18T04:56:22.193+0000] {dag.py:3239} INFO - Sync 1 DAGs
[2025-01-18T04:56:22.201+0000] {logging_mixin.py:190} INFO - [2025-01-18T04:56:22.201+0000] {dag.py:4180} INFO - Setting next_dagrun for example_time_delta_sensor_async to None, run_after=None
[2025-01-18T04:56:22.210+0000] {processor.py:208} INFO - Processing /home/airflow/.local/lib/python3.12/site-packages/airflow/example_dags/example_time_delta_sensor_async.py took 0.040 seconds
[2025-01-18T04:56:53.017+0000] {processor.py:186} INFO - Started process (PID=698) to work on /home/airflow/.local/lib/python3.12/site-packages/airflow/example_dags/example_time_delta_sensor_async.py
[2025-01-18T04:56:53.019+0000] {processor.py:914} INFO - Processing file /home/airflow/.local/lib/python3.12/site-packages/airflow/example_dags/example_time_delta_sensor_async.py for tasks to queue
[2025-01-18T04:56:53.021+0000] {logging_mixin.py:190} INFO - [2025-01-18T04:56:53.021+0000] {dagbag.py:588} INFO - Filling up the DagBag from /home/airflow/.local/lib/python3.12/site-packages/airflow/example_dags/example_time_delta_sensor_async.py
[2025-01-18T04:56:53.026+0000] {processor.py:925} INFO - DAG(s) 'example_time_delta_sensor_async' retrieved from /home/airflow/.local/lib/python3.12/site-packages/airflow/example_dags/example_time_delta_sensor_async.py
[2025-01-18T04:56:53.036+0000] {logging_mixin.py:190} INFO - [2025-01-18T04:56:53.036+0000] {dag.py:3239} INFO - Sync 1 DAGs
[2025-01-18T04:56:53.043+0000] {logging_mixin.py:190} INFO - [2025-01-18T04:56:53.043+0000] {dag.py:4180} INFO - Setting next_dagrun for example_time_delta_sensor_async to None, run_after=None
[2025-01-18T04:56:53.052+0000] {processor.py:208} INFO - Processing /home/airflow/.local/lib/python3.12/site-packages/airflow/example_dags/example_time_delta_sensor_async.py took 0.038 seconds
[2025-01-18T04:57:23.763+0000] {processor.py:186} INFO - Started process (PID=768) to work on /home/airflow/.local/lib/python3.12/site-packages/airflow/example_dags/example_time_delta_sensor_async.py
[2025-01-18T04:57:23.763+0000] {processor.py:914} INFO - Processing file /home/airflow/.local/lib/python3.12/site-packages/airflow/example_dags/example_time_delta_sensor_async.py for tasks to queue
[2025-01-18T04:57:23.765+0000] {logging_mixin.py:190} INFO - [2025-01-18T04:57:23.765+0000] {dagbag.py:588} INFO - Filling up the DagBag from /home/airflow/.local/lib/python3.12/site-packages/airflow/example_dags/example_time_delta_sensor_async.py
[2025-01-18T04:57:23.770+0000] {processor.py:925} INFO - DAG(s) 'example_time_delta_sensor_async' retrieved from /home/airflow/.local/lib/python3.12/site-packages/airflow/example_dags/example_time_delta_sensor_async.py
[2025-01-18T04:57:23.787+0000] {logging_mixin.py:190} INFO - [2025-01-18T04:57:23.787+0000] {dag.py:3239} INFO - Sync 1 DAGs
[2025-01-18T04:57:23.793+0000] {logging_mixin.py:190} INFO - [2025-01-18T04:57:23.793+0000] {dag.py:4180} INFO - Setting next_dagrun for example_time_delta_sensor_async to None, run_after=None
[2025-01-18T04:57:23.803+0000] {processor.py:208} INFO - Processing /home/airflow/.local/lib/python3.12/site-packages/airflow/example_dags/example_time_delta_sensor_async.py took 0.044 seconds
[2025-01-18T04:57:54.579+0000] {processor.py:186} INFO - Started process (PID=831) to work on /home/airflow/.local/lib/python3.12/site-packages/airflow/example_dags/example_time_delta_sensor_async.py
[2025-01-18T04:57:54.580+0000] {processor.py:914} INFO - Processing file /home/airflow/.local/lib/python3.12/site-packages/airflow/example_dags/example_time_delta_sensor_async.py for tasks to queue
[2025-01-18T04:57:54.581+0000] {logging_mixin.py:190} INFO - [2025-01-18T04:57:54.581+0000] {dagbag.py:588} INFO - Filling up the DagBag from /home/airflow/.local/lib/python3.12/site-packages/airflow/example_dags/example_time_delta_sensor_async.py
[2025-01-18T04:57:54.586+0000] {processor.py:925} INFO - DAG(s) 'example_time_delta_sensor_async' retrieved from /home/airflow/.local/lib/python3.12/site-packages/airflow/example_dags/example_time_delta_sensor_async.py
[2025-01-18T04:57:54.601+0000] {logging_mixin.py:190} INFO - [2025-01-18T04:57:54.601+0000] {dag.py:3239} INFO - Sync 1 DAGs
[2025-01-18T04:57:54.608+0000] {logging_mixin.py:190} INFO - [2025-01-18T04:57:54.608+0000] {dag.py:4180} INFO - Setting next_dagrun for example_time_delta_sensor_async to None, run_after=None
[2025-01-18T04:57:54.619+0000] {processor.py:208} INFO - Processing /home/airflow/.local/lib/python3.12/site-packages/airflow/example_dags/example_time_delta_sensor_async.py took 0.043 seconds
[2025-01-18T04:58:25.478+0000] {processor.py:186} INFO - Started process (PID=894) to work on /home/airflow/.local/lib/python3.12/site-packages/airflow/example_dags/example_time_delta_sensor_async.py
[2025-01-18T04:58:25.479+0000] {processor.py:914} INFO - Processing file /home/airflow/.local/lib/python3.12/site-packages/airflow/example_dags/example_time_delta_sensor_async.py for tasks to queue
[2025-01-18T04:58:25.480+0000] {logging_mixin.py:190} INFO - [2025-01-18T04:58:25.480+0000] {dagbag.py:588} INFO - Filling up the DagBag from /home/airflow/.local/lib/python3.12/site-packages/airflow/example_dags/example_time_delta_sensor_async.py
[2025-01-18T04:58:25.485+0000] {processor.py:925} INFO - DAG(s) 'example_time_delta_sensor_async' retrieved from /home/airflow/.local/lib/python3.12/site-packages/airflow/example_dags/example_time_delta_sensor_async.py
[2025-01-18T04:58:25.499+0000] {logging_mixin.py:190} INFO - [2025-01-18T04:58:25.499+0000] {dag.py:3239} INFO - Sync 1 DAGs
[2025-01-18T04:58:25.506+0000] {logging_mixin.py:190} INFO - [2025-01-18T04:58:25.506+0000] {dag.py:4180} INFO - Setting next_dagrun for example_time_delta_sensor_async to None, run_after=None
[2025-01-18T04:58:25.517+0000] {processor.py:208} INFO - Processing /home/airflow/.local/lib/python3.12/site-packages/airflow/example_dags/example_time_delta_sensor_async.py took 0.042 seconds
[2025-01-18T04:58:56.403+0000] {processor.py:186} INFO - Started process (PID=957) to work on /home/airflow/.local/lib/python3.12/site-packages/airflow/example_dags/example_time_delta_sensor_async.py
[2025-01-18T04:58:56.406+0000] {processor.py:914} INFO - Processing file /home/airflow/.local/lib/python3.12/site-packages/airflow/example_dags/example_time_delta_sensor_async.py for tasks to queue
[2025-01-18T04:58:56.408+0000] {logging_mixin.py:190} INFO - [2025-01-18T04:58:56.408+0000] {dagbag.py:588} INFO - Filling up the DagBag from /home/airflow/.local/lib/python3.12/site-packages/airflow/example_dags/example_time_delta_sensor_async.py
[2025-01-18T04:58:56.412+0000] {processor.py:925} INFO - DAG(s) 'example_time_delta_sensor_async' retrieved from /home/airflow/.local/lib/python3.12/site-packages/airflow/example_dags/example_time_delta_sensor_async.py
[2025-01-18T04:58:56.424+0000] {logging_mixin.py:190} INFO - [2025-01-18T04:58:56.424+0000] {dag.py:3239} INFO - Sync 1 DAGs
[2025-01-18T04:58:56.431+0000] {logging_mixin.py:190} INFO - [2025-01-18T04:58:56.431+0000] {dag.py:4180} INFO - Setting next_dagrun for example_time_delta_sensor_async to None, run_after=None
[2025-01-18T04:58:56.441+0000] {processor.py:208} INFO - Processing /home/airflow/.local/lib/python3.12/site-packages/airflow/example_dags/example_time_delta_sensor_async.py took 0.042 seconds
[2025-01-18T04:59:27.232+0000] {processor.py:186} INFO - Started process (PID=1020) to work on /home/airflow/.local/lib/python3.12/site-packages/airflow/example_dags/example_time_delta_sensor_async.py
[2025-01-18T04:59:27.235+0000] {processor.py:914} INFO - Processing file /home/airflow/.local/lib/python3.12/site-packages/airflow/example_dags/example_time_delta_sensor_async.py for tasks to queue
[2025-01-18T04:59:27.237+0000] {logging_mixin.py:190} INFO - [2025-01-18T04:59:27.237+0000] {dagbag.py:588} INFO - Filling up the DagBag from /home/airflow/.local/lib/python3.12/site-packages/airflow/example_dags/example_time_delta_sensor_async.py
[2025-01-18T04:59:27.241+0000] {processor.py:925} INFO - DAG(s) 'example_time_delta_sensor_async' retrieved from /home/airflow/.local/lib/python3.12/site-packages/airflow/example_dags/example_time_delta_sensor_async.py
[2025-01-18T04:59:27.255+0000] {logging_mixin.py:190} INFO - [2025-01-18T04:59:27.254+0000] {dag.py:3239} INFO - Sync 1 DAGs
[2025-01-18T04:59:27.263+0000] {logging_mixin.py:190} INFO - [2025-01-18T04:59:27.263+0000] {dag.py:4180} INFO - Setting next_dagrun for example_time_delta_sensor_async to None, run_after=None
[2025-01-18T04:59:27.277+0000] {processor.py:208} INFO - Processing /home/airflow/.local/lib/python3.12/site-packages/airflow/example_dags/example_time_delta_sensor_async.py took 0.048 seconds
[2025-01-18T04:59:58.348+0000] {processor.py:186} INFO - Started process (PID=1083) to work on /home/airflow/.local/lib/python3.12/site-packages/airflow/example_dags/example_time_delta_sensor_async.py
[2025-01-18T04:59:58.352+0000] {processor.py:914} INFO - Processing file /home/airflow/.local/lib/python3.12/site-packages/airflow/example_dags/example_time_delta_sensor_async.py for tasks to queue
[2025-01-18T04:59:58.354+0000] {logging_mixin.py:190} INFO - [2025-01-18T04:59:58.354+0000] {dagbag.py:588} INFO - Filling up the DagBag from /home/airflow/.local/lib/python3.12/site-packages/airflow/example_dags/example_time_delta_sensor_async.py
[2025-01-18T04:59:58.359+0000] {processor.py:925} INFO - DAG(s) 'example_time_delta_sensor_async' retrieved from /home/airflow/.local/lib/python3.12/site-packages/airflow/example_dags/example_time_delta_sensor_async.py
[2025-01-18T04:59:58.371+0000] {logging_mixin.py:190} INFO - [2025-01-18T04:59:58.371+0000] {dag.py:3239} INFO - Sync 1 DAGs
[2025-01-18T04:59:58.379+0000] {logging_mixin.py:190} INFO - [2025-01-18T04:59:58.379+0000] {dag.py:4180} INFO - Setting next_dagrun for example_time_delta_sensor_async to None, run_after=None
[2025-01-18T04:59:58.395+0000] {processor.py:208} INFO - Processing /home/airflow/.local/lib/python3.12/site-packages/airflow/example_dags/example_time_delta_sensor_async.py took 0.050 seconds
