[2025-01-18T04:51:45.451+0000] {processor.py:186} INFO - Started process (PID=84) to work on /home/airflow/.local/lib/python3.12/site-packages/airflow/example_dags/example_external_task_marker_dag.py
[2025-01-18T04:51:45.452+0000] {processor.py:914} INFO - Processing file /home/airflow/.local/lib/python3.12/site-packages/airflow/example_dags/example_external_task_marker_dag.py for tasks to queue
[2025-01-18T04:51:45.453+0000] {logging_mixin.py:190} INFO - [2025-01-18T04:51:45.453+0000] {dagbag.py:588} INFO - Filling up the DagBag from /home/airflow/.local/lib/python3.12/site-packages/airflow/example_dags/example_external_task_marker_dag.py
[2025-01-18T04:51:45.458+0000] {processor.py:925} INFO - DAG(s) 'example_external_task_marker_parent', 'example_external_task_marker_child' retrieved from /home/airflow/.local/lib/python3.12/site-packages/airflow/example_dags/example_external_task_marker_dag.py
[2025-01-18T04:51:45.507+0000] {logging_mixin.py:190} INFO - [2025-01-18T04:51:45.506+0000] {override.py:1911} INFO - Created Permission View: can edit on DAG:example_external_task_marker_parent
[2025-01-18T04:51:45.514+0000] {logging_mixin.py:190} INFO - [2025-01-18T04:51:45.514+0000] {override.py:1911} INFO - Created Permission View: can read on DAG:example_external_task_marker_parent
[2025-01-18T04:51:45.518+0000] {logging_mixin.py:190} INFO - [2025-01-18T04:51:45.518+0000] {override.py:1911} INFO - Created Permission View: can delete on DAG:example_external_task_marker_parent
[2025-01-18T04:51:45.521+0000] {logging_mixin.py:190} INFO - [2025-01-18T04:51:45.521+0000] {override.py:1911} INFO - Created Permission View: can create on DAG Run:example_external_task_marker_parent
[2025-01-18T04:51:45.524+0000] {logging_mixin.py:190} INFO - [2025-01-18T04:51:45.524+0000] {override.py:1911} INFO - Created Permission View: can read on DAG Run:example_external_task_marker_parent
[2025-01-18T04:51:45.527+0000] {logging_mixin.py:190} INFO - [2025-01-18T04:51:45.526+0000] {override.py:1911} INFO - Created Permission View: can delete on DAG Run:example_external_task_marker_parent
[2025-01-18T04:51:45.529+0000] {logging_mixin.py:190} INFO - [2025-01-18T04:51:45.529+0000] {override.py:1911} INFO - Created Permission View: menu access on DAG Run:example_external_task_marker_parent
[2025-01-18T04:51:45.535+0000] {logging_mixin.py:190} INFO - [2025-01-18T04:51:45.535+0000] {override.py:1911} INFO - Created Permission View: can edit on DAG:example_external_task_marker_child
[2025-01-18T04:51:45.537+0000] {logging_mixin.py:190} INFO - [2025-01-18T04:51:45.537+0000] {override.py:1911} INFO - Created Permission View: can read on DAG:example_external_task_marker_child
[2025-01-18T04:51:45.540+0000] {logging_mixin.py:190} INFO - [2025-01-18T04:51:45.540+0000] {override.py:1911} INFO - Created Permission View: can delete on DAG:example_external_task_marker_child
[2025-01-18T04:51:45.544+0000] {logging_mixin.py:190} INFO - [2025-01-18T04:51:45.544+0000] {override.py:1911} INFO - Created Permission View: can create on DAG Run:example_external_task_marker_child
[2025-01-18T04:51:45.546+0000] {logging_mixin.py:190} INFO - [2025-01-18T04:51:45.546+0000] {override.py:1911} INFO - Created Permission View: can read on DAG Run:example_external_task_marker_child
[2025-01-18T04:51:45.548+0000] {logging_mixin.py:190} INFO - [2025-01-18T04:51:45.548+0000] {override.py:1911} INFO - Created Permission View: can delete on DAG Run:example_external_task_marker_child
[2025-01-18T04:51:45.551+0000] {logging_mixin.py:190} INFO - [2025-01-18T04:51:45.551+0000] {override.py:1911} INFO - Created Permission View: menu access on DAG Run:example_external_task_marker_child
[2025-01-18T04:51:45.551+0000] {logging_mixin.py:190} INFO - [2025-01-18T04:51:45.551+0000] {dag.py:3239} INFO - Sync 2 DAGs
[2025-01-18T04:51:45.558+0000] {logging_mixin.py:190} INFO - [2025-01-18T04:51:45.558+0000] {dag.py:3262} INFO - Creating ORM DAG for example_external_task_marker_child
[2025-01-18T04:51:45.559+0000] {logging_mixin.py:190} INFO - [2025-01-18T04:51:45.559+0000] {dag.py:3262} INFO - Creating ORM DAG for example_external_task_marker_parent
[2025-01-18T04:51:45.560+0000] {logging_mixin.py:190} INFO - [2025-01-18T04:51:45.560+0000] {dag.py:4180} INFO - Setting next_dagrun for example_external_task_marker_child to None, run_after=None
[2025-01-18T04:51:45.560+0000] {logging_mixin.py:190} INFO - [2025-01-18T04:51:45.560+0000] {dag.py:4180} INFO - Setting next_dagrun for example_external_task_marker_parent to None, run_after=None
[2025-01-18T04:51:45.568+0000] {processor.py:208} INFO - Processing /home/airflow/.local/lib/python3.12/site-packages/airflow/example_dags/example_external_task_marker_dag.py took 0.120 seconds
[2025-01-18T04:52:16.055+0000] {processor.py:186} INFO - Started process (PID=147) to work on /home/airflow/.local/lib/python3.12/site-packages/airflow/example_dags/example_external_task_marker_dag.py
[2025-01-18T04:52:16.059+0000] {processor.py:914} INFO - Processing file /home/airflow/.local/lib/python3.12/site-packages/airflow/example_dags/example_external_task_marker_dag.py for tasks to queue
[2025-01-18T04:52:16.060+0000] {logging_mixin.py:190} INFO - [2025-01-18T04:52:16.060+0000] {dagbag.py:588} INFO - Filling up the DagBag from /home/airflow/.local/lib/python3.12/site-packages/airflow/example_dags/example_external_task_marker_dag.py
[2025-01-18T04:52:16.065+0000] {processor.py:925} INFO - DAG(s) 'example_external_task_marker_child', 'example_external_task_marker_parent' retrieved from /home/airflow/.local/lib/python3.12/site-packages/airflow/example_dags/example_external_task_marker_dag.py
[2025-01-18T04:52:16.077+0000] {logging_mixin.py:190} INFO - [2025-01-18T04:52:16.076+0000] {dag.py:3239} INFO - Sync 2 DAGs
[2025-01-18T04:52:16.086+0000] {logging_mixin.py:190} INFO - [2025-01-18T04:52:16.086+0000] {dag.py:4180} INFO - Setting next_dagrun for example_external_task_marker_child to None, run_after=None
[2025-01-18T04:52:16.089+0000] {logging_mixin.py:190} INFO - [2025-01-18T04:52:16.088+0000] {dag.py:4180} INFO - Setting next_dagrun for example_external_task_marker_parent to None, run_after=None
[2025-01-18T04:52:16.097+0000] {processor.py:208} INFO - Processing /home/airflow/.local/lib/python3.12/site-packages/airflow/example_dags/example_external_task_marker_dag.py took 0.045 seconds
[2025-01-18T04:52:46.836+0000] {processor.py:186} INFO - Started process (PID=210) to work on /home/airflow/.local/lib/python3.12/site-packages/airflow/example_dags/example_external_task_marker_dag.py
[2025-01-18T04:52:46.837+0000] {processor.py:914} INFO - Processing file /home/airflow/.local/lib/python3.12/site-packages/airflow/example_dags/example_external_task_marker_dag.py for tasks to queue
[2025-01-18T04:52:46.838+0000] {logging_mixin.py:190} INFO - [2025-01-18T04:52:46.838+0000] {dagbag.py:588} INFO - Filling up the DagBag from /home/airflow/.local/lib/python3.12/site-packages/airflow/example_dags/example_external_task_marker_dag.py
[2025-01-18T04:52:46.844+0000] {processor.py:925} INFO - DAG(s) 'example_external_task_marker_child', 'example_external_task_marker_parent' retrieved from /home/airflow/.local/lib/python3.12/site-packages/airflow/example_dags/example_external_task_marker_dag.py
[2025-01-18T04:52:46.857+0000] {logging_mixin.py:190} INFO - [2025-01-18T04:52:46.857+0000] {dag.py:3239} INFO - Sync 2 DAGs
[2025-01-18T04:52:46.865+0000] {logging_mixin.py:190} INFO - [2025-01-18T04:52:46.865+0000] {dag.py:4180} INFO - Setting next_dagrun for example_external_task_marker_child to None, run_after=None
[2025-01-18T04:52:46.868+0000] {logging_mixin.py:190} INFO - [2025-01-18T04:52:46.868+0000] {dag.py:4180} INFO - Setting next_dagrun for example_external_task_marker_parent to None, run_after=None
[2025-01-18T04:52:46.881+0000] {processor.py:208} INFO - Processing /home/airflow/.local/lib/python3.12/site-packages/airflow/example_dags/example_external_task_marker_dag.py took 0.048 seconds
[2025-01-18T04:53:17.720+0000] {processor.py:186} INFO - Started process (PID=273) to work on /home/airflow/.local/lib/python3.12/site-packages/airflow/example_dags/example_external_task_marker_dag.py
[2025-01-18T04:53:17.721+0000] {processor.py:914} INFO - Processing file /home/airflow/.local/lib/python3.12/site-packages/airflow/example_dags/example_external_task_marker_dag.py for tasks to queue
[2025-01-18T04:53:17.723+0000] {logging_mixin.py:190} INFO - [2025-01-18T04:53:17.722+0000] {dagbag.py:588} INFO - Filling up the DagBag from /home/airflow/.local/lib/python3.12/site-packages/airflow/example_dags/example_external_task_marker_dag.py
[2025-01-18T04:53:17.727+0000] {processor.py:925} INFO - DAG(s) 'example_external_task_marker_child', 'example_external_task_marker_parent' retrieved from /home/airflow/.local/lib/python3.12/site-packages/airflow/example_dags/example_external_task_marker_dag.py
[2025-01-18T04:53:17.739+0000] {logging_mixin.py:190} INFO - [2025-01-18T04:53:17.739+0000] {dag.py:3239} INFO - Sync 2 DAGs
[2025-01-18T04:53:17.746+0000] {logging_mixin.py:190} INFO - [2025-01-18T04:53:17.746+0000] {dag.py:4180} INFO - Setting next_dagrun for example_external_task_marker_child to None, run_after=None
[2025-01-18T04:53:17.749+0000] {logging_mixin.py:190} INFO - [2025-01-18T04:53:17.748+0000] {dag.py:4180} INFO - Setting next_dagrun for example_external_task_marker_parent to None, run_after=None
[2025-01-18T04:53:17.757+0000] {processor.py:208} INFO - Processing /home/airflow/.local/lib/python3.12/site-packages/airflow/example_dags/example_external_task_marker_dag.py took 0.040 seconds
[2025-01-18T04:53:48.398+0000] {processor.py:186} INFO - Started process (PID=336) to work on /home/airflow/.local/lib/python3.12/site-packages/airflow/example_dags/example_external_task_marker_dag.py
[2025-01-18T04:53:48.399+0000] {processor.py:914} INFO - Processing file /home/airflow/.local/lib/python3.12/site-packages/airflow/example_dags/example_external_task_marker_dag.py for tasks to queue
[2025-01-18T04:53:48.400+0000] {logging_mixin.py:190} INFO - [2025-01-18T04:53:48.400+0000] {dagbag.py:588} INFO - Filling up the DagBag from /home/airflow/.local/lib/python3.12/site-packages/airflow/example_dags/example_external_task_marker_dag.py
[2025-01-18T04:53:48.406+0000] {processor.py:925} INFO - DAG(s) 'example_external_task_marker_child', 'example_external_task_marker_parent' retrieved from /home/airflow/.local/lib/python3.12/site-packages/airflow/example_dags/example_external_task_marker_dag.py
[2025-01-18T04:53:48.418+0000] {logging_mixin.py:190} INFO - [2025-01-18T04:53:48.418+0000] {dag.py:3239} INFO - Sync 2 DAGs
[2025-01-18T04:53:48.426+0000] {logging_mixin.py:190} INFO - [2025-01-18T04:53:48.426+0000] {dag.py:4180} INFO - Setting next_dagrun for example_external_task_marker_child to None, run_after=None
[2025-01-18T04:53:48.429+0000] {logging_mixin.py:190} INFO - [2025-01-18T04:53:48.429+0000] {dag.py:4180} INFO - Setting next_dagrun for example_external_task_marker_parent to None, run_after=None
[2025-01-18T04:53:48.437+0000] {processor.py:208} INFO - Processing /home/airflow/.local/lib/python3.12/site-packages/airflow/example_dags/example_external_task_marker_dag.py took 0.042 seconds
[2025-01-18T04:54:19.234+0000] {processor.py:186} INFO - Started process (PID=399) to work on /home/airflow/.local/lib/python3.12/site-packages/airflow/example_dags/example_external_task_marker_dag.py
[2025-01-18T04:54:19.235+0000] {processor.py:914} INFO - Processing file /home/airflow/.local/lib/python3.12/site-packages/airflow/example_dags/example_external_task_marker_dag.py for tasks to queue
[2025-01-18T04:54:19.237+0000] {logging_mixin.py:190} INFO - [2025-01-18T04:54:19.237+0000] {dagbag.py:588} INFO - Filling up the DagBag from /home/airflow/.local/lib/python3.12/site-packages/airflow/example_dags/example_external_task_marker_dag.py
[2025-01-18T04:54:19.242+0000] {processor.py:925} INFO - DAG(s) 'example_external_task_marker_parent', 'example_external_task_marker_child' retrieved from /home/airflow/.local/lib/python3.12/site-packages/airflow/example_dags/example_external_task_marker_dag.py
[2025-01-18T04:54:19.256+0000] {logging_mixin.py:190} INFO - [2025-01-18T04:54:19.255+0000] {dag.py:3239} INFO - Sync 2 DAGs
[2025-01-18T04:54:19.264+0000] {logging_mixin.py:190} INFO - [2025-01-18T04:54:19.264+0000] {dag.py:4180} INFO - Setting next_dagrun for example_external_task_marker_child to None, run_after=None
[2025-01-18T04:54:19.267+0000] {logging_mixin.py:190} INFO - [2025-01-18T04:54:19.267+0000] {dag.py:4180} INFO - Setting next_dagrun for example_external_task_marker_parent to None, run_after=None
[2025-01-18T04:54:19.277+0000] {processor.py:208} INFO - Processing /home/airflow/.local/lib/python3.12/site-packages/airflow/example_dags/example_external_task_marker_dag.py took 0.047 seconds
[2025-01-18T04:54:50.048+0000] {processor.py:186} INFO - Started process (PID=462) to work on /home/airflow/.local/lib/python3.12/site-packages/airflow/example_dags/example_external_task_marker_dag.py
[2025-01-18T04:54:50.049+0000] {processor.py:914} INFO - Processing file /home/airflow/.local/lib/python3.12/site-packages/airflow/example_dags/example_external_task_marker_dag.py for tasks to queue
[2025-01-18T04:54:50.050+0000] {logging_mixin.py:190} INFO - [2025-01-18T04:54:50.050+0000] {dagbag.py:588} INFO - Filling up the DagBag from /home/airflow/.local/lib/python3.12/site-packages/airflow/example_dags/example_external_task_marker_dag.py
[2025-01-18T04:54:50.055+0000] {processor.py:925} INFO - DAG(s) 'example_external_task_marker_child', 'example_external_task_marker_parent' retrieved from /home/airflow/.local/lib/python3.12/site-packages/airflow/example_dags/example_external_task_marker_dag.py
[2025-01-18T04:54:50.068+0000] {logging_mixin.py:190} INFO - [2025-01-18T04:54:50.068+0000] {dag.py:3239} INFO - Sync 2 DAGs
[2025-01-18T04:54:50.077+0000] {logging_mixin.py:190} INFO - [2025-01-18T04:54:50.077+0000] {dag.py:4180} INFO - Setting next_dagrun for example_external_task_marker_child to None, run_after=None
[2025-01-18T04:54:50.080+0000] {logging_mixin.py:190} INFO - [2025-01-18T04:54:50.080+0000] {dag.py:4180} INFO - Setting next_dagrun for example_external_task_marker_parent to None, run_after=None
[2025-01-18T04:54:50.093+0000] {processor.py:208} INFO - Processing /home/airflow/.local/lib/python3.12/site-packages/airflow/example_dags/example_external_task_marker_dag.py took 0.048 seconds
[2025-01-18T04:55:20.952+0000] {processor.py:186} INFO - Started process (PID=525) to work on /home/airflow/.local/lib/python3.12/site-packages/airflow/example_dags/example_external_task_marker_dag.py
[2025-01-18T04:55:20.953+0000] {processor.py:914} INFO - Processing file /home/airflow/.local/lib/python3.12/site-packages/airflow/example_dags/example_external_task_marker_dag.py for tasks to queue
[2025-01-18T04:55:20.955+0000] {logging_mixin.py:190} INFO - [2025-01-18T04:55:20.955+0000] {dagbag.py:588} INFO - Filling up the DagBag from /home/airflow/.local/lib/python3.12/site-packages/airflow/example_dags/example_external_task_marker_dag.py
[2025-01-18T04:55:20.961+0000] {processor.py:925} INFO - DAG(s) 'example_external_task_marker_child', 'example_external_task_marker_parent' retrieved from /home/airflow/.local/lib/python3.12/site-packages/airflow/example_dags/example_external_task_marker_dag.py
[2025-01-18T04:55:20.978+0000] {logging_mixin.py:190} INFO - [2025-01-18T04:55:20.978+0000] {dag.py:3239} INFO - Sync 2 DAGs
[2025-01-18T04:55:20.990+0000] {logging_mixin.py:190} INFO - [2025-01-18T04:55:20.989+0000] {dag.py:4180} INFO - Setting next_dagrun for example_external_task_marker_child to None, run_after=None
[2025-01-18T04:55:20.992+0000] {logging_mixin.py:190} INFO - [2025-01-18T04:55:20.992+0000] {dag.py:4180} INFO - Setting next_dagrun for example_external_task_marker_parent to None, run_after=None
[2025-01-18T04:55:21.001+0000] {processor.py:208} INFO - Processing /home/airflow/.local/lib/python3.12/site-packages/airflow/example_dags/example_external_task_marker_dag.py took 0.053 seconds
[2025-01-18T04:55:51.881+0000] {processor.py:186} INFO - Started process (PID=588) to work on /home/airflow/.local/lib/python3.12/site-packages/airflow/example_dags/example_external_task_marker_dag.py
[2025-01-18T04:55:51.881+0000] {processor.py:914} INFO - Processing file /home/airflow/.local/lib/python3.12/site-packages/airflow/example_dags/example_external_task_marker_dag.py for tasks to queue
[2025-01-18T04:55:51.883+0000] {logging_mixin.py:190} INFO - [2025-01-18T04:55:51.883+0000] {dagbag.py:588} INFO - Filling up the DagBag from /home/airflow/.local/lib/python3.12/site-packages/airflow/example_dags/example_external_task_marker_dag.py
[2025-01-18T04:55:51.887+0000] {processor.py:925} INFO - DAG(s) 'example_external_task_marker_child', 'example_external_task_marker_parent' retrieved from /home/airflow/.local/lib/python3.12/site-packages/airflow/example_dags/example_external_task_marker_dag.py
[2025-01-18T04:55:51.899+0000] {logging_mixin.py:190} INFO - [2025-01-18T04:55:51.899+0000] {dag.py:3239} INFO - Sync 2 DAGs
[2025-01-18T04:55:51.907+0000] {logging_mixin.py:190} INFO - [2025-01-18T04:55:51.907+0000] {dag.py:4180} INFO - Setting next_dagrun for example_external_task_marker_child to None, run_after=None
[2025-01-18T04:55:51.909+0000] {logging_mixin.py:190} INFO - [2025-01-18T04:55:51.909+0000] {dag.py:4180} INFO - Setting next_dagrun for example_external_task_marker_parent to None, run_after=None
[2025-01-18T04:55:51.917+0000] {processor.py:208} INFO - Processing /home/airflow/.local/lib/python3.12/site-packages/airflow/example_dags/example_external_task_marker_dag.py took 0.039 seconds
[2025-01-18T04:56:22.792+0000] {processor.py:186} INFO - Started process (PID=651) to work on /home/airflow/.local/lib/python3.12/site-packages/airflow/example_dags/example_external_task_marker_dag.py
[2025-01-18T04:56:22.795+0000] {processor.py:914} INFO - Processing file /home/airflow/.local/lib/python3.12/site-packages/airflow/example_dags/example_external_task_marker_dag.py for tasks to queue
[2025-01-18T04:56:22.796+0000] {logging_mixin.py:190} INFO - [2025-01-18T04:56:22.796+0000] {dagbag.py:588} INFO - Filling up the DagBag from /home/airflow/.local/lib/python3.12/site-packages/airflow/example_dags/example_external_task_marker_dag.py
[2025-01-18T04:56:22.801+0000] {processor.py:925} INFO - DAG(s) 'example_external_task_marker_parent', 'example_external_task_marker_child' retrieved from /home/airflow/.local/lib/python3.12/site-packages/airflow/example_dags/example_external_task_marker_dag.py
[2025-01-18T04:56:22.817+0000] {logging_mixin.py:190} INFO - [2025-01-18T04:56:22.817+0000] {dag.py:3239} INFO - Sync 2 DAGs
[2025-01-18T04:56:22.824+0000] {logging_mixin.py:190} INFO - [2025-01-18T04:56:22.824+0000] {dag.py:4180} INFO - Setting next_dagrun for example_external_task_marker_child to None, run_after=None
[2025-01-18T04:56:22.826+0000] {logging_mixin.py:190} INFO - [2025-01-18T04:56:22.826+0000] {dag.py:4180} INFO - Setting next_dagrun for example_external_task_marker_parent to None, run_after=None
[2025-01-18T04:56:22.834+0000] {processor.py:208} INFO - Processing /home/airflow/.local/lib/python3.12/site-packages/airflow/example_dags/example_external_task_marker_dag.py took 0.046 seconds
[2025-01-18T04:56:53.680+0000] {processor.py:186} INFO - Started process (PID=714) to work on /home/airflow/.local/lib/python3.12/site-packages/airflow/example_dags/example_external_task_marker_dag.py
[2025-01-18T04:56:53.681+0000] {processor.py:914} INFO - Processing file /home/airflow/.local/lib/python3.12/site-packages/airflow/example_dags/example_external_task_marker_dag.py for tasks to queue
[2025-01-18T04:56:53.682+0000] {logging_mixin.py:190} INFO - [2025-01-18T04:56:53.682+0000] {dagbag.py:588} INFO - Filling up the DagBag from /home/airflow/.local/lib/python3.12/site-packages/airflow/example_dags/example_external_task_marker_dag.py
[2025-01-18T04:56:53.687+0000] {processor.py:925} INFO - DAG(s) 'example_external_task_marker_child', 'example_external_task_marker_parent' retrieved from /home/airflow/.local/lib/python3.12/site-packages/airflow/example_dags/example_external_task_marker_dag.py
[2025-01-18T04:56:53.701+0000] {logging_mixin.py:190} INFO - [2025-01-18T04:56:53.701+0000] {dag.py:3239} INFO - Sync 2 DAGs
[2025-01-18T04:56:53.711+0000] {logging_mixin.py:190} INFO - [2025-01-18T04:56:53.711+0000] {dag.py:4180} INFO - Setting next_dagrun for example_external_task_marker_child to None, run_after=None
[2025-01-18T04:56:53.718+0000] {logging_mixin.py:190} INFO - [2025-01-18T04:56:53.718+0000] {dag.py:4180} INFO - Setting next_dagrun for example_external_task_marker_parent to None, run_after=None
[2025-01-18T04:56:53.733+0000] {processor.py:208} INFO - Processing /home/airflow/.local/lib/python3.12/site-packages/airflow/example_dags/example_external_task_marker_dag.py took 0.056 seconds
[2025-01-18T04:57:24.406+0000] {processor.py:186} INFO - Started process (PID=784) to work on /home/airflow/.local/lib/python3.12/site-packages/airflow/example_dags/example_external_task_marker_dag.py
[2025-01-18T04:57:24.407+0000] {processor.py:914} INFO - Processing file /home/airflow/.local/lib/python3.12/site-packages/airflow/example_dags/example_external_task_marker_dag.py for tasks to queue
[2025-01-18T04:57:24.408+0000] {logging_mixin.py:190} INFO - [2025-01-18T04:57:24.408+0000] {dagbag.py:588} INFO - Filling up the DagBag from /home/airflow/.local/lib/python3.12/site-packages/airflow/example_dags/example_external_task_marker_dag.py
[2025-01-18T04:57:24.412+0000] {processor.py:925} INFO - DAG(s) 'example_external_task_marker_child', 'example_external_task_marker_parent' retrieved from /home/airflow/.local/lib/python3.12/site-packages/airflow/example_dags/example_external_task_marker_dag.py
[2025-01-18T04:57:24.425+0000] {logging_mixin.py:190} INFO - [2025-01-18T04:57:24.424+0000] {dag.py:3239} INFO - Sync 2 DAGs
[2025-01-18T04:57:24.432+0000] {logging_mixin.py:190} INFO - [2025-01-18T04:57:24.432+0000] {dag.py:4180} INFO - Setting next_dagrun for example_external_task_marker_child to None, run_after=None
[2025-01-18T04:57:24.436+0000] {logging_mixin.py:190} INFO - [2025-01-18T04:57:24.436+0000] {dag.py:4180} INFO - Setting next_dagrun for example_external_task_marker_parent to None, run_after=None
[2025-01-18T04:57:24.449+0000] {processor.py:208} INFO - Processing /home/airflow/.local/lib/python3.12/site-packages/airflow/example_dags/example_external_task_marker_dag.py took 0.046 seconds
[2025-01-18T04:57:55.277+0000] {processor.py:186} INFO - Started process (PID=847) to work on /home/airflow/.local/lib/python3.12/site-packages/airflow/example_dags/example_external_task_marker_dag.py
[2025-01-18T04:57:55.277+0000] {processor.py:914} INFO - Processing file /home/airflow/.local/lib/python3.12/site-packages/airflow/example_dags/example_external_task_marker_dag.py for tasks to queue
[2025-01-18T04:57:55.279+0000] {logging_mixin.py:190} INFO - [2025-01-18T04:57:55.278+0000] {dagbag.py:588} INFO - Filling up the DagBag from /home/airflow/.local/lib/python3.12/site-packages/airflow/example_dags/example_external_task_marker_dag.py
[2025-01-18T04:57:55.283+0000] {processor.py:925} INFO - DAG(s) 'example_external_task_marker_parent', 'example_external_task_marker_child' retrieved from /home/airflow/.local/lib/python3.12/site-packages/airflow/example_dags/example_external_task_marker_dag.py
[2025-01-18T04:57:55.296+0000] {logging_mixin.py:190} INFO - [2025-01-18T04:57:55.296+0000] {dag.py:3239} INFO - Sync 2 DAGs
[2025-01-18T04:57:55.304+0000] {logging_mixin.py:190} INFO - [2025-01-18T04:57:55.304+0000] {dag.py:4180} INFO - Setting next_dagrun for example_external_task_marker_child to None, run_after=None
[2025-01-18T04:57:55.308+0000] {logging_mixin.py:190} INFO - [2025-01-18T04:57:55.307+0000] {dag.py:4180} INFO - Setting next_dagrun for example_external_task_marker_parent to None, run_after=None
[2025-01-18T04:57:55.325+0000] {processor.py:208} INFO - Processing /home/airflow/.local/lib/python3.12/site-packages/airflow/example_dags/example_external_task_marker_dag.py took 0.051 seconds
[2025-01-18T04:58:26.143+0000] {processor.py:186} INFO - Started process (PID=910) to work on /home/airflow/.local/lib/python3.12/site-packages/airflow/example_dags/example_external_task_marker_dag.py
[2025-01-18T04:58:26.144+0000] {processor.py:914} INFO - Processing file /home/airflow/.local/lib/python3.12/site-packages/airflow/example_dags/example_external_task_marker_dag.py for tasks to queue
[2025-01-18T04:58:26.146+0000] {logging_mixin.py:190} INFO - [2025-01-18T04:58:26.146+0000] {dagbag.py:588} INFO - Filling up the DagBag from /home/airflow/.local/lib/python3.12/site-packages/airflow/example_dags/example_external_task_marker_dag.py
[2025-01-18T04:58:26.151+0000] {processor.py:925} INFO - DAG(s) 'example_external_task_marker_parent', 'example_external_task_marker_child' retrieved from /home/airflow/.local/lib/python3.12/site-packages/airflow/example_dags/example_external_task_marker_dag.py
[2025-01-18T04:58:26.167+0000] {logging_mixin.py:190} INFO - [2025-01-18T04:58:26.167+0000] {dag.py:3239} INFO - Sync 2 DAGs
[2025-01-18T04:58:26.175+0000] {logging_mixin.py:190} INFO - [2025-01-18T04:58:26.175+0000] {dag.py:4180} INFO - Setting next_dagrun for example_external_task_marker_child to None, run_after=None
[2025-01-18T04:58:26.178+0000] {logging_mixin.py:190} INFO - [2025-01-18T04:58:26.178+0000] {dag.py:4180} INFO - Setting next_dagrun for example_external_task_marker_parent to None, run_after=None
[2025-01-18T04:58:26.191+0000] {processor.py:208} INFO - Processing /home/airflow/.local/lib/python3.12/site-packages/airflow/example_dags/example_external_task_marker_dag.py took 0.051 seconds
[2025-01-18T04:58:57.019+0000] {processor.py:186} INFO - Started process (PID=973) to work on /home/airflow/.local/lib/python3.12/site-packages/airflow/example_dags/example_external_task_marker_dag.py
[2025-01-18T04:58:57.019+0000] {processor.py:914} INFO - Processing file /home/airflow/.local/lib/python3.12/site-packages/airflow/example_dags/example_external_task_marker_dag.py for tasks to queue
[2025-01-18T04:58:57.021+0000] {logging_mixin.py:190} INFO - [2025-01-18T04:58:57.021+0000] {dagbag.py:588} INFO - Filling up the DagBag from /home/airflow/.local/lib/python3.12/site-packages/airflow/example_dags/example_external_task_marker_dag.py
[2025-01-18T04:58:57.025+0000] {processor.py:925} INFO - DAG(s) 'example_external_task_marker_parent', 'example_external_task_marker_child' retrieved from /home/airflow/.local/lib/python3.12/site-packages/airflow/example_dags/example_external_task_marker_dag.py
[2025-01-18T04:58:57.038+0000] {logging_mixin.py:190} INFO - [2025-01-18T04:58:57.037+0000] {dag.py:3239} INFO - Sync 2 DAGs
[2025-01-18T04:58:57.045+0000] {logging_mixin.py:190} INFO - [2025-01-18T04:58:57.045+0000] {dag.py:4180} INFO - Setting next_dagrun for example_external_task_marker_child to None, run_after=None
[2025-01-18T04:58:57.047+0000] {logging_mixin.py:190} INFO - [2025-01-18T04:58:57.047+0000] {dag.py:4180} INFO - Setting next_dagrun for example_external_task_marker_parent to None, run_after=None
[2025-01-18T04:58:57.058+0000] {processor.py:208} INFO - Processing /home/airflow/.local/lib/python3.12/site-packages/airflow/example_dags/example_external_task_marker_dag.py took 0.042 seconds
[2025-01-18T04:59:28.078+0000] {processor.py:186} INFO - Started process (PID=1036) to work on /home/airflow/.local/lib/python3.12/site-packages/airflow/example_dags/example_external_task_marker_dag.py
[2025-01-18T04:59:28.079+0000] {processor.py:914} INFO - Processing file /home/airflow/.local/lib/python3.12/site-packages/airflow/example_dags/example_external_task_marker_dag.py for tasks to queue
[2025-01-18T04:59:28.080+0000] {logging_mixin.py:190} INFO - [2025-01-18T04:59:28.080+0000] {dagbag.py:588} INFO - Filling up the DagBag from /home/airflow/.local/lib/python3.12/site-packages/airflow/example_dags/example_external_task_marker_dag.py
[2025-01-18T04:59:28.084+0000] {processor.py:925} INFO - DAG(s) 'example_external_task_marker_child', 'example_external_task_marker_parent' retrieved from /home/airflow/.local/lib/python3.12/site-packages/airflow/example_dags/example_external_task_marker_dag.py
[2025-01-18T04:59:28.095+0000] {logging_mixin.py:190} INFO - [2025-01-18T04:59:28.095+0000] {dag.py:3239} INFO - Sync 2 DAGs
[2025-01-18T04:59:28.104+0000] {logging_mixin.py:190} INFO - [2025-01-18T04:59:28.104+0000] {dag.py:4180} INFO - Setting next_dagrun for example_external_task_marker_child to None, run_after=None
[2025-01-18T04:59:28.107+0000] {logging_mixin.py:190} INFO - [2025-01-18T04:59:28.107+0000] {dag.py:4180} INFO - Setting next_dagrun for example_external_task_marker_parent to None, run_after=None
[2025-01-18T04:59:28.116+0000] {processor.py:208} INFO - Processing /home/airflow/.local/lib/python3.12/site-packages/airflow/example_dags/example_external_task_marker_dag.py took 0.041 seconds
[2025-01-18T04:59:59.207+0000] {processor.py:186} INFO - Started process (PID=1099) to work on /home/airflow/.local/lib/python3.12/site-packages/airflow/example_dags/example_external_task_marker_dag.py
[2025-01-18T04:59:59.208+0000] {processor.py:914} INFO - Processing file /home/airflow/.local/lib/python3.12/site-packages/airflow/example_dags/example_external_task_marker_dag.py for tasks to queue
[2025-01-18T04:59:59.209+0000] {logging_mixin.py:190} INFO - [2025-01-18T04:59:59.209+0000] {dagbag.py:588} INFO - Filling up the DagBag from /home/airflow/.local/lib/python3.12/site-packages/airflow/example_dags/example_external_task_marker_dag.py
[2025-01-18T04:59:59.213+0000] {processor.py:925} INFO - DAG(s) 'example_external_task_marker_parent', 'example_external_task_marker_child' retrieved from /home/airflow/.local/lib/python3.12/site-packages/airflow/example_dags/example_external_task_marker_dag.py
[2025-01-18T04:59:59.226+0000] {logging_mixin.py:190} INFO - [2025-01-18T04:59:59.226+0000] {dag.py:3239} INFO - Sync 2 DAGs
[2025-01-18T04:59:59.233+0000] {logging_mixin.py:190} INFO - [2025-01-18T04:59:59.233+0000] {dag.py:4180} INFO - Setting next_dagrun for example_external_task_marker_child to None, run_after=None
[2025-01-18T04:59:59.235+0000] {logging_mixin.py:190} INFO - [2025-01-18T04:59:59.235+0000] {dag.py:4180} INFO - Setting next_dagrun for example_external_task_marker_parent to None, run_after=None
[2025-01-18T04:59:59.244+0000] {processor.py:208} INFO - Processing /home/airflow/.local/lib/python3.12/site-packages/airflow/example_dags/example_external_task_marker_dag.py took 0.040 seconds
