[2025-01-18T04:51:44.454+0000] {processor.py:186} INFO - Started process (PID=67) to work on /home/airflow/.local/lib/python3.12/site-packages/airflow/example_dags/example_dataset_alias_with_no_taskflow.py
[2025-01-18T04:51:44.458+0000] {processor.py:914} INFO - Processing file /home/airflow/.local/lib/python3.12/site-packages/airflow/example_dags/example_dataset_alias_with_no_taskflow.py for tasks to queue
[2025-01-18T04:51:44.459+0000] {logging_mixin.py:190} INFO - [2025-01-18T04:51:44.459+0000] {dagbag.py:588} INFO - Filling up the DagBag from /home/airflow/.local/lib/python3.12/site-packages/airflow/example_dags/example_dataset_alias_with_no_taskflow.py
[2025-01-18T04:51:44.798+0000] {processor.py:925} INFO - DAG(s) 'dataset_alias_example_alias_producer_with_no_taskflow', 'dataset_s3_bucket_producer_with_no_taskflow', 'dataset_alias_example_alias_consumer_with_no_taskflow', 'dataset_s3_bucket_consumer_with_no_taskflow' retrieved from /home/airflow/.local/lib/python3.12/site-packages/airflow/example_dags/example_dataset_alias_with_no_taskflow.py
[2025-01-18T04:51:44.837+0000] {logging_mixin.py:190} INFO - [2025-01-18T04:51:44.837+0000] {override.py:1911} INFO - Created Permission View: can edit on DAG:dataset_alias_example_alias_producer_with_no_taskflow
[2025-01-18T04:51:44.842+0000] {logging_mixin.py:190} INFO - [2025-01-18T04:51:44.841+0000] {override.py:1911} INFO - Created Permission View: can read on DAG:dataset_alias_example_alias_producer_with_no_taskflow
[2025-01-18T04:51:44.845+0000] {logging_mixin.py:190} INFO - [2025-01-18T04:51:44.845+0000] {override.py:1911} INFO - Created Permission View: can delete on DAG:dataset_alias_example_alias_producer_with_no_taskflow
[2025-01-18T04:51:44.849+0000] {logging_mixin.py:190} INFO - [2025-01-18T04:51:44.849+0000] {override.py:1911} INFO - Created Permission View: can create on DAG Run:dataset_alias_example_alias_producer_with_no_taskflow
[2025-01-18T04:51:44.859+0000] {logging_mixin.py:190} INFO - [2025-01-18T04:51:44.859+0000] {override.py:1911} INFO - Created Permission View: can read on DAG Run:dataset_alias_example_alias_producer_with_no_taskflow
[2025-01-18T04:51:44.866+0000] {logging_mixin.py:190} INFO - [2025-01-18T04:51:44.866+0000] {override.py:1911} INFO - Created Permission View: can delete on DAG Run:dataset_alias_example_alias_producer_with_no_taskflow
[2025-01-18T04:51:44.870+0000] {logging_mixin.py:190} INFO - [2025-01-18T04:51:44.870+0000] {override.py:1911} INFO - Created Permission View: menu access on DAG Run:dataset_alias_example_alias_producer_with_no_taskflow
[2025-01-18T04:51:44.877+0000] {logging_mixin.py:190} INFO - [2025-01-18T04:51:44.877+0000] {override.py:1911} INFO - Created Permission View: can edit on DAG:dataset_s3_bucket_producer_with_no_taskflow
[2025-01-18T04:51:44.880+0000] {logging_mixin.py:190} INFO - [2025-01-18T04:51:44.880+0000] {override.py:1911} INFO - Created Permission View: can read on DAG:dataset_s3_bucket_producer_with_no_taskflow
[2025-01-18T04:51:44.882+0000] {logging_mixin.py:190} INFO - [2025-01-18T04:51:44.882+0000] {override.py:1911} INFO - Created Permission View: can delete on DAG:dataset_s3_bucket_producer_with_no_taskflow
[2025-01-18T04:51:44.885+0000] {logging_mixin.py:190} INFO - [2025-01-18T04:51:44.885+0000] {override.py:1911} INFO - Created Permission View: can create on DAG Run:dataset_s3_bucket_producer_with_no_taskflow
[2025-01-18T04:51:44.888+0000] {logging_mixin.py:190} INFO - [2025-01-18T04:51:44.888+0000] {override.py:1911} INFO - Created Permission View: can read on DAG Run:dataset_s3_bucket_producer_with_no_taskflow
[2025-01-18T04:51:44.891+0000] {logging_mixin.py:190} INFO - [2025-01-18T04:51:44.891+0000] {override.py:1911} INFO - Created Permission View: can delete on DAG Run:dataset_s3_bucket_producer_with_no_taskflow
[2025-01-18T04:51:44.895+0000] {logging_mixin.py:190} INFO - [2025-01-18T04:51:44.894+0000] {override.py:1911} INFO - Created Permission View: menu access on DAG Run:dataset_s3_bucket_producer_with_no_taskflow
[2025-01-18T04:51:44.903+0000] {logging_mixin.py:190} INFO - [2025-01-18T04:51:44.903+0000] {override.py:1911} INFO - Created Permission View: can edit on DAG:dataset_alias_example_alias_consumer_with_no_taskflow
[2025-01-18T04:51:44.907+0000] {logging_mixin.py:190} INFO - [2025-01-18T04:51:44.907+0000] {override.py:1911} INFO - Created Permission View: can read on DAG:dataset_alias_example_alias_consumer_with_no_taskflow
[2025-01-18T04:51:44.911+0000] {logging_mixin.py:190} INFO - [2025-01-18T04:51:44.911+0000] {override.py:1911} INFO - Created Permission View: can delete on DAG:dataset_alias_example_alias_consumer_with_no_taskflow
[2025-01-18T04:51:44.918+0000] {logging_mixin.py:190} INFO - [2025-01-18T04:51:44.918+0000] {override.py:1911} INFO - Created Permission View: can create on DAG Run:dataset_alias_example_alias_consumer_with_no_taskflow
[2025-01-18T04:51:44.920+0000] {logging_mixin.py:190} INFO - [2025-01-18T04:51:44.920+0000] {override.py:1911} INFO - Created Permission View: can read on DAG Run:dataset_alias_example_alias_consumer_with_no_taskflow
[2025-01-18T04:51:44.924+0000] {logging_mixin.py:190} INFO - [2025-01-18T04:51:44.924+0000] {override.py:1911} INFO - Created Permission View: can delete on DAG Run:dataset_alias_example_alias_consumer_with_no_taskflow
[2025-01-18T04:51:44.929+0000] {logging_mixin.py:190} INFO - [2025-01-18T04:51:44.928+0000] {override.py:1911} INFO - Created Permission View: menu access on DAG Run:dataset_alias_example_alias_consumer_with_no_taskflow
[2025-01-18T04:51:44.937+0000] {logging_mixin.py:190} INFO - [2025-01-18T04:51:44.937+0000] {override.py:1911} INFO - Created Permission View: can edit on DAG:dataset_s3_bucket_consumer_with_no_taskflow
[2025-01-18T04:51:44.953+0000] {logging_mixin.py:190} INFO - [2025-01-18T04:51:44.953+0000] {override.py:1911} INFO - Created Permission View: can read on DAG:dataset_s3_bucket_consumer_with_no_taskflow
[2025-01-18T04:51:44.957+0000] {logging_mixin.py:190} INFO - [2025-01-18T04:51:44.957+0000] {override.py:1911} INFO - Created Permission View: can delete on DAG:dataset_s3_bucket_consumer_with_no_taskflow
[2025-01-18T04:51:44.960+0000] {logging_mixin.py:190} INFO - [2025-01-18T04:51:44.960+0000] {override.py:1911} INFO - Created Permission View: can create on DAG Run:dataset_s3_bucket_consumer_with_no_taskflow
[2025-01-18T04:51:44.963+0000] {logging_mixin.py:190} INFO - [2025-01-18T04:51:44.963+0000] {override.py:1911} INFO - Created Permission View: can read on DAG Run:dataset_s3_bucket_consumer_with_no_taskflow
[2025-01-18T04:51:44.967+0000] {logging_mixin.py:190} INFO - [2025-01-18T04:51:44.967+0000] {override.py:1911} INFO - Created Permission View: can delete on DAG Run:dataset_s3_bucket_consumer_with_no_taskflow
[2025-01-18T04:51:44.971+0000] {logging_mixin.py:190} INFO - [2025-01-18T04:51:44.971+0000] {override.py:1911} INFO - Created Permission View: menu access on DAG Run:dataset_s3_bucket_consumer_with_no_taskflow
[2025-01-18T04:51:44.972+0000] {logging_mixin.py:190} INFO - [2025-01-18T04:51:44.971+0000] {dag.py:3239} INFO - Sync 4 DAGs
[2025-01-18T04:51:44.978+0000] {logging_mixin.py:190} INFO - [2025-01-18T04:51:44.978+0000] {dag.py:3262} INFO - Creating ORM DAG for dataset_alias_example_alias_producer_with_no_taskflow
[2025-01-18T04:51:44.979+0000] {logging_mixin.py:190} INFO - [2025-01-18T04:51:44.979+0000] {dag.py:3262} INFO - Creating ORM DAG for dataset_s3_bucket_consumer_with_no_taskflow
[2025-01-18T04:51:44.979+0000] {logging_mixin.py:190} INFO - [2025-01-18T04:51:44.979+0000] {dag.py:3262} INFO - Creating ORM DAG for dataset_s3_bucket_producer_with_no_taskflow
[2025-01-18T04:51:44.980+0000] {logging_mixin.py:190} INFO - [2025-01-18T04:51:44.979+0000] {dag.py:3262} INFO - Creating ORM DAG for dataset_alias_example_alias_consumer_with_no_taskflow
[2025-01-18T04:51:44.985+0000] {logging_mixin.py:190} INFO - [2025-01-18T04:51:44.984+0000] {dag.py:4180} INFO - Setting next_dagrun for dataset_alias_example_alias_consumer_with_no_taskflow to None, run_after=None
[2025-01-18T04:51:44.985+0000] {logging_mixin.py:190} INFO - [2025-01-18T04:51:44.985+0000] {dag.py:4180} INFO - Setting next_dagrun for dataset_alias_example_alias_producer_with_no_taskflow to None, run_after=None
[2025-01-18T04:51:44.985+0000] {logging_mixin.py:190} INFO - [2025-01-18T04:51:44.985+0000] {dag.py:4180} INFO - Setting next_dagrun for dataset_s3_bucket_consumer_with_no_taskflow to None, run_after=None
[2025-01-18T04:51:44.986+0000] {logging_mixin.py:190} INFO - [2025-01-18T04:51:44.986+0000] {dag.py:4180} INFO - Setting next_dagrun for dataset_s3_bucket_producer_with_no_taskflow to None, run_after=None
[2025-01-18T04:51:45.007+0000] {processor.py:208} INFO - Processing /home/airflow/.local/lib/python3.12/site-packages/airflow/example_dags/example_dataset_alias_with_no_taskflow.py took 0.556 seconds
[2025-01-18T04:52:15.654+0000] {processor.py:186} INFO - Started process (PID=138) to work on /home/airflow/.local/lib/python3.12/site-packages/airflow/example_dags/example_dataset_alias_with_no_taskflow.py
[2025-01-18T04:52:15.655+0000] {processor.py:914} INFO - Processing file /home/airflow/.local/lib/python3.12/site-packages/airflow/example_dags/example_dataset_alias_with_no_taskflow.py for tasks to queue
[2025-01-18T04:52:15.656+0000] {logging_mixin.py:190} INFO - [2025-01-18T04:52:15.656+0000] {dagbag.py:588} INFO - Filling up the DagBag from /home/airflow/.local/lib/python3.12/site-packages/airflow/example_dags/example_dataset_alias_with_no_taskflow.py
[2025-01-18T04:52:15.947+0000] {processor.py:925} INFO - DAG(s) 'dataset_alias_example_alias_producer_with_no_taskflow', 'dataset_s3_bucket_consumer_with_no_taskflow', 'dataset_alias_example_alias_consumer_with_no_taskflow', 'dataset_s3_bucket_producer_with_no_taskflow' retrieved from /home/airflow/.local/lib/python3.12/site-packages/airflow/example_dags/example_dataset_alias_with_no_taskflow.py
[2025-01-18T04:52:15.959+0000] {logging_mixin.py:190} INFO - [2025-01-18T04:52:15.958+0000] {dag.py:3239} INFO - Sync 4 DAGs
[2025-01-18T04:52:15.970+0000] {logging_mixin.py:190} INFO - [2025-01-18T04:52:15.970+0000] {dag.py:4180} INFO - Setting next_dagrun for dataset_alias_example_alias_consumer_with_no_taskflow to None, run_after=None
[2025-01-18T04:52:15.972+0000] {logging_mixin.py:190} INFO - [2025-01-18T04:52:15.972+0000] {dag.py:4180} INFO - Setting next_dagrun for dataset_alias_example_alias_producer_with_no_taskflow to None, run_after=None
[2025-01-18T04:52:15.974+0000] {logging_mixin.py:190} INFO - [2025-01-18T04:52:15.974+0000] {dag.py:4180} INFO - Setting next_dagrun for dataset_s3_bucket_consumer_with_no_taskflow to None, run_after=None
[2025-01-18T04:52:15.976+0000] {logging_mixin.py:190} INFO - [2025-01-18T04:52:15.976+0000] {dag.py:4180} INFO - Setting next_dagrun for dataset_s3_bucket_producer_with_no_taskflow to None, run_after=None
[2025-01-18T04:52:15.985+0000] {processor.py:208} INFO - Processing /home/airflow/.local/lib/python3.12/site-packages/airflow/example_dags/example_dataset_alias_with_no_taskflow.py took 0.334 seconds
[2025-01-18T04:52:46.429+0000] {processor.py:186} INFO - Started process (PID=202) to work on /home/airflow/.local/lib/python3.12/site-packages/airflow/example_dags/example_dataset_alias_with_no_taskflow.py
[2025-01-18T04:52:46.430+0000] {processor.py:914} INFO - Processing file /home/airflow/.local/lib/python3.12/site-packages/airflow/example_dags/example_dataset_alias_with_no_taskflow.py for tasks to queue
[2025-01-18T04:52:46.431+0000] {logging_mixin.py:190} INFO - [2025-01-18T04:52:46.431+0000] {dagbag.py:588} INFO - Filling up the DagBag from /home/airflow/.local/lib/python3.12/site-packages/airflow/example_dags/example_dataset_alias_with_no_taskflow.py
[2025-01-18T04:52:46.744+0000] {processor.py:925} INFO - DAG(s) 'dataset_alias_example_alias_producer_with_no_taskflow', 'dataset_s3_bucket_consumer_with_no_taskflow', 'dataset_s3_bucket_producer_with_no_taskflow', 'dataset_alias_example_alias_consumer_with_no_taskflow' retrieved from /home/airflow/.local/lib/python3.12/site-packages/airflow/example_dags/example_dataset_alias_with_no_taskflow.py
[2025-01-18T04:52:46.754+0000] {logging_mixin.py:190} INFO - [2025-01-18T04:52:46.754+0000] {dag.py:3239} INFO - Sync 4 DAGs
[2025-01-18T04:52:46.765+0000] {logging_mixin.py:190} INFO - [2025-01-18T04:52:46.765+0000] {dag.py:4180} INFO - Setting next_dagrun for dataset_alias_example_alias_consumer_with_no_taskflow to None, run_after=None
[2025-01-18T04:52:46.770+0000] {logging_mixin.py:190} INFO - [2025-01-18T04:52:46.770+0000] {dag.py:4180} INFO - Setting next_dagrun for dataset_alias_example_alias_producer_with_no_taskflow to None, run_after=None
[2025-01-18T04:52:46.771+0000] {logging_mixin.py:190} INFO - [2025-01-18T04:52:46.771+0000] {dag.py:4180} INFO - Setting next_dagrun for dataset_s3_bucket_consumer_with_no_taskflow to None, run_after=None
[2025-01-18T04:52:46.772+0000] {logging_mixin.py:190} INFO - [2025-01-18T04:52:46.772+0000] {dag.py:4180} INFO - Setting next_dagrun for dataset_s3_bucket_producer_with_no_taskflow to None, run_after=None
[2025-01-18T04:52:46.783+0000] {processor.py:208} INFO - Processing /home/airflow/.local/lib/python3.12/site-packages/airflow/example_dags/example_dataset_alias_with_no_taskflow.py took 0.356 seconds
[2025-01-18T04:53:17.421+0000] {processor.py:186} INFO - Started process (PID=267) to work on /home/airflow/.local/lib/python3.12/site-packages/airflow/example_dags/example_dataset_alias_with_no_taskflow.py
[2025-01-18T04:53:17.422+0000] {processor.py:914} INFO - Processing file /home/airflow/.local/lib/python3.12/site-packages/airflow/example_dags/example_dataset_alias_with_no_taskflow.py for tasks to queue
[2025-01-18T04:53:17.423+0000] {logging_mixin.py:190} INFO - [2025-01-18T04:53:17.423+0000] {dagbag.py:588} INFO - Filling up the DagBag from /home/airflow/.local/lib/python3.12/site-packages/airflow/example_dags/example_dataset_alias_with_no_taskflow.py
[2025-01-18T04:53:17.732+0000] {processor.py:925} INFO - DAG(s) 'dataset_s3_bucket_consumer_with_no_taskflow', 'dataset_alias_example_alias_consumer_with_no_taskflow', 'dataset_s3_bucket_producer_with_no_taskflow', 'dataset_alias_example_alias_producer_with_no_taskflow' retrieved from /home/airflow/.local/lib/python3.12/site-packages/airflow/example_dags/example_dataset_alias_with_no_taskflow.py
[2025-01-18T04:53:17.743+0000] {logging_mixin.py:190} INFO - [2025-01-18T04:53:17.742+0000] {dag.py:3239} INFO - Sync 4 DAGs
[2025-01-18T04:53:17.753+0000] {logging_mixin.py:190} INFO - [2025-01-18T04:53:17.753+0000] {dag.py:4180} INFO - Setting next_dagrun for dataset_alias_example_alias_consumer_with_no_taskflow to None, run_after=None
[2025-01-18T04:53:17.755+0000] {logging_mixin.py:190} INFO - [2025-01-18T04:53:17.755+0000] {dag.py:4180} INFO - Setting next_dagrun for dataset_alias_example_alias_producer_with_no_taskflow to None, run_after=None
[2025-01-18T04:53:17.756+0000] {logging_mixin.py:190} INFO - [2025-01-18T04:53:17.756+0000] {dag.py:4180} INFO - Setting next_dagrun for dataset_s3_bucket_consumer_with_no_taskflow to None, run_after=None
[2025-01-18T04:53:17.757+0000] {logging_mixin.py:190} INFO - [2025-01-18T04:53:17.757+0000] {dag.py:4180} INFO - Setting next_dagrun for dataset_s3_bucket_producer_with_no_taskflow to None, run_after=None
[2025-01-18T04:53:17.767+0000] {processor.py:208} INFO - Processing /home/airflow/.local/lib/python3.12/site-packages/airflow/example_dags/example_dataset_alias_with_no_taskflow.py took 0.349 seconds
[2025-01-18T04:53:48.001+0000] {processor.py:186} INFO - Started process (PID=328) to work on /home/airflow/.local/lib/python3.12/site-packages/airflow/example_dags/example_dataset_alias_with_no_taskflow.py
[2025-01-18T04:53:48.002+0000] {processor.py:914} INFO - Processing file /home/airflow/.local/lib/python3.12/site-packages/airflow/example_dags/example_dataset_alias_with_no_taskflow.py for tasks to queue
[2025-01-18T04:53:48.003+0000] {logging_mixin.py:190} INFO - [2025-01-18T04:53:48.003+0000] {dagbag.py:588} INFO - Filling up the DagBag from /home/airflow/.local/lib/python3.12/site-packages/airflow/example_dags/example_dataset_alias_with_no_taskflow.py
[2025-01-18T04:53:48.330+0000] {processor.py:925} INFO - DAG(s) 'dataset_alias_example_alias_consumer_with_no_taskflow', 'dataset_alias_example_alias_producer_with_no_taskflow', 'dataset_s3_bucket_producer_with_no_taskflow', 'dataset_s3_bucket_consumer_with_no_taskflow' retrieved from /home/airflow/.local/lib/python3.12/site-packages/airflow/example_dags/example_dataset_alias_with_no_taskflow.py
[2025-01-18T04:53:48.340+0000] {logging_mixin.py:190} INFO - [2025-01-18T04:53:48.340+0000] {dag.py:3239} INFO - Sync 4 DAGs
[2025-01-18T04:53:48.352+0000] {logging_mixin.py:190} INFO - [2025-01-18T04:53:48.351+0000] {dag.py:4180} INFO - Setting next_dagrun for dataset_alias_example_alias_consumer_with_no_taskflow to None, run_after=None
[2025-01-18T04:53:48.353+0000] {logging_mixin.py:190} INFO - [2025-01-18T04:53:48.353+0000] {dag.py:4180} INFO - Setting next_dagrun for dataset_alias_example_alias_producer_with_no_taskflow to None, run_after=None
[2025-01-18T04:53:48.354+0000] {logging_mixin.py:190} INFO - [2025-01-18T04:53:48.354+0000] {dag.py:4180} INFO - Setting next_dagrun for dataset_s3_bucket_consumer_with_no_taskflow to None, run_after=None
[2025-01-18T04:53:48.355+0000] {logging_mixin.py:190} INFO - [2025-01-18T04:53:48.355+0000] {dag.py:4180} INFO - Setting next_dagrun for dataset_s3_bucket_producer_with_no_taskflow to None, run_after=None
[2025-01-18T04:53:48.364+0000] {processor.py:208} INFO - Processing /home/airflow/.local/lib/python3.12/site-packages/airflow/example_dags/example_dataset_alias_with_no_taskflow.py took 0.366 seconds
[2025-01-18T04:54:18.816+0000] {processor.py:186} INFO - Started process (PID=392) to work on /home/airflow/.local/lib/python3.12/site-packages/airflow/example_dags/example_dataset_alias_with_no_taskflow.py
[2025-01-18T04:54:18.816+0000] {processor.py:914} INFO - Processing file /home/airflow/.local/lib/python3.12/site-packages/airflow/example_dags/example_dataset_alias_with_no_taskflow.py for tasks to queue
[2025-01-18T04:54:18.818+0000] {logging_mixin.py:190} INFO - [2025-01-18T04:54:18.818+0000] {dagbag.py:588} INFO - Filling up the DagBag from /home/airflow/.local/lib/python3.12/site-packages/airflow/example_dags/example_dataset_alias_with_no_taskflow.py
[2025-01-18T04:54:19.175+0000] {processor.py:925} INFO - DAG(s) 'dataset_s3_bucket_consumer_with_no_taskflow', 'dataset_alias_example_alias_producer_with_no_taskflow', 'dataset_s3_bucket_producer_with_no_taskflow', 'dataset_alias_example_alias_consumer_with_no_taskflow' retrieved from /home/airflow/.local/lib/python3.12/site-packages/airflow/example_dags/example_dataset_alias_with_no_taskflow.py
[2025-01-18T04:54:19.186+0000] {logging_mixin.py:190} INFO - [2025-01-18T04:54:19.186+0000] {dag.py:3239} INFO - Sync 4 DAGs
[2025-01-18T04:54:19.198+0000] {logging_mixin.py:190} INFO - [2025-01-18T04:54:19.198+0000] {dag.py:4180} INFO - Setting next_dagrun for dataset_alias_example_alias_consumer_with_no_taskflow to None, run_after=None
[2025-01-18T04:54:19.199+0000] {logging_mixin.py:190} INFO - [2025-01-18T04:54:19.199+0000] {dag.py:4180} INFO - Setting next_dagrun for dataset_alias_example_alias_producer_with_no_taskflow to None, run_after=None
[2025-01-18T04:54:19.200+0000] {logging_mixin.py:190} INFO - [2025-01-18T04:54:19.200+0000] {dag.py:4180} INFO - Setting next_dagrun for dataset_s3_bucket_consumer_with_no_taskflow to None, run_after=None
[2025-01-18T04:54:19.201+0000] {logging_mixin.py:190} INFO - [2025-01-18T04:54:19.201+0000] {dag.py:4180} INFO - Setting next_dagrun for dataset_s3_bucket_producer_with_no_taskflow to None, run_after=None
[2025-01-18T04:54:19.212+0000] {processor.py:208} INFO - Processing /home/airflow/.local/lib/python3.12/site-packages/airflow/example_dags/example_dataset_alias_with_no_taskflow.py took 0.400 seconds
[2025-01-18T04:54:49.649+0000] {processor.py:186} INFO - Started process (PID=455) to work on /home/airflow/.local/lib/python3.12/site-packages/airflow/example_dags/example_dataset_alias_with_no_taskflow.py
[2025-01-18T04:54:49.649+0000] {processor.py:914} INFO - Processing file /home/airflow/.local/lib/python3.12/site-packages/airflow/example_dags/example_dataset_alias_with_no_taskflow.py for tasks to queue
[2025-01-18T04:54:49.651+0000] {logging_mixin.py:190} INFO - [2025-01-18T04:54:49.650+0000] {dagbag.py:588} INFO - Filling up the DagBag from /home/airflow/.local/lib/python3.12/site-packages/airflow/example_dags/example_dataset_alias_with_no_taskflow.py
[2025-01-18T04:54:49.994+0000] {processor.py:925} INFO - DAG(s) 'dataset_s3_bucket_producer_with_no_taskflow', 'dataset_alias_example_alias_consumer_with_no_taskflow', 'dataset_alias_example_alias_producer_with_no_taskflow', 'dataset_s3_bucket_consumer_with_no_taskflow' retrieved from /home/airflow/.local/lib/python3.12/site-packages/airflow/example_dags/example_dataset_alias_with_no_taskflow.py
[2025-01-18T04:54:50.004+0000] {logging_mixin.py:190} INFO - [2025-01-18T04:54:50.004+0000] {dag.py:3239} INFO - Sync 4 DAGs
[2025-01-18T04:54:50.013+0000] {logging_mixin.py:190} INFO - [2025-01-18T04:54:50.013+0000] {dag.py:4180} INFO - Setting next_dagrun for dataset_alias_example_alias_consumer_with_no_taskflow to None, run_after=None
[2025-01-18T04:54:50.015+0000] {logging_mixin.py:190} INFO - [2025-01-18T04:54:50.015+0000] {dag.py:4180} INFO - Setting next_dagrun for dataset_alias_example_alias_producer_with_no_taskflow to None, run_after=None
[2025-01-18T04:54:50.016+0000] {logging_mixin.py:190} INFO - [2025-01-18T04:54:50.016+0000] {dag.py:4180} INFO - Setting next_dagrun for dataset_s3_bucket_consumer_with_no_taskflow to None, run_after=None
[2025-01-18T04:54:50.017+0000] {logging_mixin.py:190} INFO - [2025-01-18T04:54:50.017+0000] {dag.py:4180} INFO - Setting next_dagrun for dataset_s3_bucket_producer_with_no_taskflow to None, run_after=None
[2025-01-18T04:54:50.027+0000] {processor.py:208} INFO - Processing /home/airflow/.local/lib/python3.12/site-packages/airflow/example_dags/example_dataset_alias_with_no_taskflow.py took 0.381 seconds
[2025-01-18T04:55:20.719+0000] {processor.py:186} INFO - Started process (PID=521) to work on /home/airflow/.local/lib/python3.12/site-packages/airflow/example_dags/example_dataset_alias_with_no_taskflow.py
[2025-01-18T04:55:20.720+0000] {processor.py:914} INFO - Processing file /home/airflow/.local/lib/python3.12/site-packages/airflow/example_dags/example_dataset_alias_with_no_taskflow.py for tasks to queue
[2025-01-18T04:55:20.722+0000] {logging_mixin.py:190} INFO - [2025-01-18T04:55:20.722+0000] {dagbag.py:588} INFO - Filling up the DagBag from /home/airflow/.local/lib/python3.12/site-packages/airflow/example_dags/example_dataset_alias_with_no_taskflow.py
[2025-01-18T04:55:21.068+0000] {processor.py:925} INFO - DAG(s) 'dataset_alias_example_alias_producer_with_no_taskflow', 'dataset_alias_example_alias_consumer_with_no_taskflow', 'dataset_s3_bucket_consumer_with_no_taskflow', 'dataset_s3_bucket_producer_with_no_taskflow' retrieved from /home/airflow/.local/lib/python3.12/site-packages/airflow/example_dags/example_dataset_alias_with_no_taskflow.py
[2025-01-18T04:55:21.081+0000] {logging_mixin.py:190} INFO - [2025-01-18T04:55:21.081+0000] {dag.py:3239} INFO - Sync 4 DAGs
[2025-01-18T04:55:21.092+0000] {logging_mixin.py:190} INFO - [2025-01-18T04:55:21.091+0000] {dag.py:4180} INFO - Setting next_dagrun for dataset_alias_example_alias_consumer_with_no_taskflow to None, run_after=None
[2025-01-18T04:55:21.094+0000] {logging_mixin.py:190} INFO - [2025-01-18T04:55:21.094+0000] {dag.py:4180} INFO - Setting next_dagrun for dataset_alias_example_alias_producer_with_no_taskflow to None, run_after=None
[2025-01-18T04:55:21.095+0000] {logging_mixin.py:190} INFO - [2025-01-18T04:55:21.095+0000] {dag.py:4180} INFO - Setting next_dagrun for dataset_s3_bucket_consumer_with_no_taskflow to None, run_after=None
[2025-01-18T04:55:21.096+0000] {logging_mixin.py:190} INFO - [2025-01-18T04:55:21.096+0000] {dag.py:4180} INFO - Setting next_dagrun for dataset_s3_bucket_producer_with_no_taskflow to None, run_after=None
[2025-01-18T04:55:21.107+0000] {processor.py:208} INFO - Processing /home/airflow/.local/lib/python3.12/site-packages/airflow/example_dags/example_dataset_alias_with_no_taskflow.py took 0.391 seconds
[2025-01-18T04:55:51.782+0000] {processor.py:186} INFO - Started process (PID=586) to work on /home/airflow/.local/lib/python3.12/site-packages/airflow/example_dags/example_dataset_alias_with_no_taskflow.py
[2025-01-18T04:55:51.782+0000] {processor.py:914} INFO - Processing file /home/airflow/.local/lib/python3.12/site-packages/airflow/example_dags/example_dataset_alias_with_no_taskflow.py for tasks to queue
[2025-01-18T04:55:51.784+0000] {logging_mixin.py:190} INFO - [2025-01-18T04:55:51.784+0000] {dagbag.py:588} INFO - Filling up the DagBag from /home/airflow/.local/lib/python3.12/site-packages/airflow/example_dags/example_dataset_alias_with_no_taskflow.py
[2025-01-18T04:55:52.104+0000] {processor.py:925} INFO - DAG(s) 'dataset_alias_example_alias_producer_with_no_taskflow', 'dataset_alias_example_alias_consumer_with_no_taskflow', 'dataset_s3_bucket_producer_with_no_taskflow', 'dataset_s3_bucket_consumer_with_no_taskflow' retrieved from /home/airflow/.local/lib/python3.12/site-packages/airflow/example_dags/example_dataset_alias_with_no_taskflow.py
[2025-01-18T04:55:52.115+0000] {logging_mixin.py:190} INFO - [2025-01-18T04:55:52.114+0000] {dag.py:3239} INFO - Sync 4 DAGs
[2025-01-18T04:55:52.125+0000] {logging_mixin.py:190} INFO - [2025-01-18T04:55:52.125+0000] {dag.py:4180} INFO - Setting next_dagrun for dataset_alias_example_alias_consumer_with_no_taskflow to None, run_after=None
[2025-01-18T04:55:52.129+0000] {logging_mixin.py:190} INFO - [2025-01-18T04:55:52.129+0000] {dag.py:4180} INFO - Setting next_dagrun for dataset_alias_example_alias_producer_with_no_taskflow to None, run_after=None
[2025-01-18T04:55:52.131+0000] {logging_mixin.py:190} INFO - [2025-01-18T04:55:52.130+0000] {dag.py:4180} INFO - Setting next_dagrun for dataset_s3_bucket_consumer_with_no_taskflow to None, run_after=None
[2025-01-18T04:55:52.131+0000] {logging_mixin.py:190} INFO - [2025-01-18T04:55:52.131+0000] {dag.py:4180} INFO - Setting next_dagrun for dataset_s3_bucket_producer_with_no_taskflow to None, run_after=None
[2025-01-18T04:55:52.142+0000] {processor.py:208} INFO - Processing /home/airflow/.local/lib/python3.12/site-packages/airflow/example_dags/example_dataset_alias_with_no_taskflow.py took 0.364 seconds
[2025-01-18T04:56:22.437+0000] {processor.py:186} INFO - Started process (PID=644) to work on /home/airflow/.local/lib/python3.12/site-packages/airflow/example_dags/example_dataset_alias_with_no_taskflow.py
[2025-01-18T04:56:22.437+0000] {processor.py:914} INFO - Processing file /home/airflow/.local/lib/python3.12/site-packages/airflow/example_dags/example_dataset_alias_with_no_taskflow.py for tasks to queue
[2025-01-18T04:56:22.439+0000] {logging_mixin.py:190} INFO - [2025-01-18T04:56:22.439+0000] {dagbag.py:588} INFO - Filling up the DagBag from /home/airflow/.local/lib/python3.12/site-packages/airflow/example_dags/example_dataset_alias_with_no_taskflow.py
[2025-01-18T04:56:22.732+0000] {processor.py:925} INFO - DAG(s) 'dataset_s3_bucket_consumer_with_no_taskflow', 'dataset_s3_bucket_producer_with_no_taskflow', 'dataset_alias_example_alias_producer_with_no_taskflow', 'dataset_alias_example_alias_consumer_with_no_taskflow' retrieved from /home/airflow/.local/lib/python3.12/site-packages/airflow/example_dags/example_dataset_alias_with_no_taskflow.py
[2025-01-18T04:56:22.741+0000] {logging_mixin.py:190} INFO - [2025-01-18T04:56:22.741+0000] {dag.py:3239} INFO - Sync 4 DAGs
[2025-01-18T04:56:22.754+0000] {logging_mixin.py:190} INFO - [2025-01-18T04:56:22.753+0000] {dag.py:4180} INFO - Setting next_dagrun for dataset_alias_example_alias_consumer_with_no_taskflow to None, run_after=None
[2025-01-18T04:56:22.758+0000] {logging_mixin.py:190} INFO - [2025-01-18T04:56:22.758+0000] {dag.py:4180} INFO - Setting next_dagrun for dataset_alias_example_alias_producer_with_no_taskflow to None, run_after=None
[2025-01-18T04:56:22.759+0000] {logging_mixin.py:190} INFO - [2025-01-18T04:56:22.759+0000] {dag.py:4180} INFO - Setting next_dagrun for dataset_s3_bucket_consumer_with_no_taskflow to None, run_after=None
[2025-01-18T04:56:22.759+0000] {logging_mixin.py:190} INFO - [2025-01-18T04:56:22.759+0000] {dag.py:4180} INFO - Setting next_dagrun for dataset_s3_bucket_producer_with_no_taskflow to None, run_after=None
[2025-01-18T04:56:22.768+0000] {processor.py:208} INFO - Processing /home/airflow/.local/lib/python3.12/site-packages/airflow/example_dags/example_dataset_alias_with_no_taskflow.py took 0.334 seconds
[2025-01-18T04:56:53.310+0000] {processor.py:186} INFO - Started process (PID=707) to work on /home/airflow/.local/lib/python3.12/site-packages/airflow/example_dags/example_dataset_alias_with_no_taskflow.py
[2025-01-18T04:56:53.312+0000] {processor.py:914} INFO - Processing file /home/airflow/.local/lib/python3.12/site-packages/airflow/example_dags/example_dataset_alias_with_no_taskflow.py for tasks to queue
[2025-01-18T04:56:53.313+0000] {logging_mixin.py:190} INFO - [2025-01-18T04:56:53.313+0000] {dagbag.py:588} INFO - Filling up the DagBag from /home/airflow/.local/lib/python3.12/site-packages/airflow/example_dags/example_dataset_alias_with_no_taskflow.py
[2025-01-18T04:56:53.611+0000] {processor.py:925} INFO - DAG(s) 'dataset_s3_bucket_producer_with_no_taskflow', 'dataset_alias_example_alias_consumer_with_no_taskflow', 'dataset_s3_bucket_consumer_with_no_taskflow', 'dataset_alias_example_alias_producer_with_no_taskflow' retrieved from /home/airflow/.local/lib/python3.12/site-packages/airflow/example_dags/example_dataset_alias_with_no_taskflow.py
[2025-01-18T04:56:53.626+0000] {logging_mixin.py:190} INFO - [2025-01-18T04:56:53.625+0000] {dag.py:3239} INFO - Sync 4 DAGs
[2025-01-18T04:56:53.637+0000] {logging_mixin.py:190} INFO - [2025-01-18T04:56:53.636+0000] {dag.py:4180} INFO - Setting next_dagrun for dataset_alias_example_alias_consumer_with_no_taskflow to None, run_after=None
[2025-01-18T04:56:53.638+0000] {logging_mixin.py:190} INFO - [2025-01-18T04:56:53.638+0000] {dag.py:4180} INFO - Setting next_dagrun for dataset_alias_example_alias_producer_with_no_taskflow to None, run_after=None
[2025-01-18T04:56:53.639+0000] {logging_mixin.py:190} INFO - [2025-01-18T04:56:53.639+0000] {dag.py:4180} INFO - Setting next_dagrun for dataset_s3_bucket_consumer_with_no_taskflow to None, run_after=None
[2025-01-18T04:56:53.640+0000] {logging_mixin.py:190} INFO - [2025-01-18T04:56:53.640+0000] {dag.py:4180} INFO - Setting next_dagrun for dataset_s3_bucket_producer_with_no_taskflow to None, run_after=None
[2025-01-18T04:56:53.656+0000] {processor.py:208} INFO - Processing /home/airflow/.local/lib/python3.12/site-packages/airflow/example_dags/example_dataset_alias_with_no_taskflow.py took 0.349 seconds
[2025-01-18T04:57:23.960+0000] {processor.py:186} INFO - Started process (PID=774) to work on /home/airflow/.local/lib/python3.12/site-packages/airflow/example_dags/example_dataset_alias_with_no_taskflow.py
[2025-01-18T04:57:23.960+0000] {processor.py:914} INFO - Processing file /home/airflow/.local/lib/python3.12/site-packages/airflow/example_dags/example_dataset_alias_with_no_taskflow.py for tasks to queue
[2025-01-18T04:57:23.962+0000] {logging_mixin.py:190} INFO - [2025-01-18T04:57:23.962+0000] {dagbag.py:588} INFO - Filling up the DagBag from /home/airflow/.local/lib/python3.12/site-packages/airflow/example_dags/example_dataset_alias_with_no_taskflow.py
[2025-01-18T04:57:24.267+0000] {processor.py:925} INFO - DAG(s) 'dataset_alias_example_alias_consumer_with_no_taskflow', 'dataset_s3_bucket_producer_with_no_taskflow', 'dataset_alias_example_alias_producer_with_no_taskflow', 'dataset_s3_bucket_consumer_with_no_taskflow' retrieved from /home/airflow/.local/lib/python3.12/site-packages/airflow/example_dags/example_dataset_alias_with_no_taskflow.py
[2025-01-18T04:57:24.284+0000] {logging_mixin.py:190} INFO - [2025-01-18T04:57:24.282+0000] {dag.py:3239} INFO - Sync 4 DAGs
[2025-01-18T04:57:24.293+0000] {logging_mixin.py:190} INFO - [2025-01-18T04:57:24.293+0000] {dag.py:4180} INFO - Setting next_dagrun for dataset_alias_example_alias_consumer_with_no_taskflow to None, run_after=None
[2025-01-18T04:57:24.294+0000] {logging_mixin.py:190} INFO - [2025-01-18T04:57:24.294+0000] {dag.py:4180} INFO - Setting next_dagrun for dataset_alias_example_alias_producer_with_no_taskflow to None, run_after=None
[2025-01-18T04:57:24.296+0000] {logging_mixin.py:190} INFO - [2025-01-18T04:57:24.296+0000] {dag.py:4180} INFO - Setting next_dagrun for dataset_s3_bucket_consumer_with_no_taskflow to None, run_after=None
[2025-01-18T04:57:24.297+0000] {logging_mixin.py:190} INFO - [2025-01-18T04:57:24.297+0000] {dag.py:4180} INFO - Setting next_dagrun for dataset_s3_bucket_producer_with_no_taskflow to None, run_after=None
[2025-01-18T04:57:24.307+0000] {processor.py:208} INFO - Processing /home/airflow/.local/lib/python3.12/site-packages/airflow/example_dags/example_dataset_alias_with_no_taskflow.py took 0.351 seconds
[2025-01-18T04:57:54.841+0000] {processor.py:186} INFO - Started process (PID=839) to work on /home/airflow/.local/lib/python3.12/site-packages/airflow/example_dags/example_dataset_alias_with_no_taskflow.py
[2025-01-18T04:57:54.842+0000] {processor.py:914} INFO - Processing file /home/airflow/.local/lib/python3.12/site-packages/airflow/example_dags/example_dataset_alias_with_no_taskflow.py for tasks to queue
[2025-01-18T04:57:54.843+0000] {logging_mixin.py:190} INFO - [2025-01-18T04:57:54.843+0000] {dagbag.py:588} INFO - Filling up the DagBag from /home/airflow/.local/lib/python3.12/site-packages/airflow/example_dags/example_dataset_alias_with_no_taskflow.py
[2025-01-18T04:57:55.155+0000] {processor.py:925} INFO - DAG(s) 'dataset_s3_bucket_consumer_with_no_taskflow', 'dataset_s3_bucket_producer_with_no_taskflow', 'dataset_alias_example_alias_consumer_with_no_taskflow', 'dataset_alias_example_alias_producer_with_no_taskflow' retrieved from /home/airflow/.local/lib/python3.12/site-packages/airflow/example_dags/example_dataset_alias_with_no_taskflow.py
[2025-01-18T04:57:55.176+0000] {logging_mixin.py:190} INFO - [2025-01-18T04:57:55.175+0000] {dag.py:3239} INFO - Sync 4 DAGs
[2025-01-18T04:57:55.187+0000] {logging_mixin.py:190} INFO - [2025-01-18T04:57:55.186+0000] {dag.py:4180} INFO - Setting next_dagrun for dataset_alias_example_alias_consumer_with_no_taskflow to None, run_after=None
[2025-01-18T04:57:55.188+0000] {logging_mixin.py:190} INFO - [2025-01-18T04:57:55.188+0000] {dag.py:4180} INFO - Setting next_dagrun for dataset_alias_example_alias_producer_with_no_taskflow to None, run_after=None
[2025-01-18T04:57:55.189+0000] {logging_mixin.py:190} INFO - [2025-01-18T04:57:55.189+0000] {dag.py:4180} INFO - Setting next_dagrun for dataset_s3_bucket_consumer_with_no_taskflow to None, run_after=None
[2025-01-18T04:57:55.190+0000] {logging_mixin.py:190} INFO - [2025-01-18T04:57:55.190+0000] {dag.py:4180} INFO - Setting next_dagrun for dataset_s3_bucket_producer_with_no_taskflow to None, run_after=None
[2025-01-18T04:57:55.201+0000] {processor.py:208} INFO - Processing /home/airflow/.local/lib/python3.12/site-packages/airflow/example_dags/example_dataset_alias_with_no_taskflow.py took 0.363 seconds
[2025-01-18T04:58:25.764+0000] {processor.py:186} INFO - Started process (PID=903) to work on /home/airflow/.local/lib/python3.12/site-packages/airflow/example_dags/example_dataset_alias_with_no_taskflow.py
[2025-01-18T04:58:25.766+0000] {processor.py:914} INFO - Processing file /home/airflow/.local/lib/python3.12/site-packages/airflow/example_dags/example_dataset_alias_with_no_taskflow.py for tasks to queue
[2025-01-18T04:58:25.767+0000] {logging_mixin.py:190} INFO - [2025-01-18T04:58:25.767+0000] {dagbag.py:588} INFO - Filling up the DagBag from /home/airflow/.local/lib/python3.12/site-packages/airflow/example_dags/example_dataset_alias_with_no_taskflow.py
[2025-01-18T04:58:26.081+0000] {processor.py:925} INFO - DAG(s) 'dataset_s3_bucket_producer_with_no_taskflow', 'dataset_s3_bucket_consumer_with_no_taskflow', 'dataset_alias_example_alias_producer_with_no_taskflow', 'dataset_alias_example_alias_consumer_with_no_taskflow' retrieved from /home/airflow/.local/lib/python3.12/site-packages/airflow/example_dags/example_dataset_alias_with_no_taskflow.py
[2025-01-18T04:58:26.095+0000] {logging_mixin.py:190} INFO - [2025-01-18T04:58:26.095+0000] {dag.py:3239} INFO - Sync 4 DAGs
[2025-01-18T04:58:26.105+0000] {logging_mixin.py:190} INFO - [2025-01-18T04:58:26.105+0000] {dag.py:4180} INFO - Setting next_dagrun for dataset_alias_example_alias_consumer_with_no_taskflow to None, run_after=None
[2025-01-18T04:58:26.107+0000] {logging_mixin.py:190} INFO - [2025-01-18T04:58:26.107+0000] {dag.py:4180} INFO - Setting next_dagrun for dataset_alias_example_alias_producer_with_no_taskflow to None, run_after=None
[2025-01-18T04:58:26.107+0000] {logging_mixin.py:190} INFO - [2025-01-18T04:58:26.107+0000] {dag.py:4180} INFO - Setting next_dagrun for dataset_s3_bucket_consumer_with_no_taskflow to None, run_after=None
[2025-01-18T04:58:26.108+0000] {logging_mixin.py:190} INFO - [2025-01-18T04:58:26.108+0000] {dag.py:4180} INFO - Setting next_dagrun for dataset_s3_bucket_producer_with_no_taskflow to None, run_after=None
[2025-01-18T04:58:26.119+0000] {processor.py:208} INFO - Processing /home/airflow/.local/lib/python3.12/site-packages/airflow/example_dags/example_dataset_alias_with_no_taskflow.py took 0.357 seconds
[2025-01-18T04:58:56.740+0000] {processor.py:186} INFO - Started process (PID=968) to work on /home/airflow/.local/lib/python3.12/site-packages/airflow/example_dags/example_dataset_alias_with_no_taskflow.py
[2025-01-18T04:58:56.741+0000] {processor.py:914} INFO - Processing file /home/airflow/.local/lib/python3.12/site-packages/airflow/example_dags/example_dataset_alias_with_no_taskflow.py for tasks to queue
[2025-01-18T04:58:56.742+0000] {logging_mixin.py:190} INFO - [2025-01-18T04:58:56.742+0000] {dagbag.py:588} INFO - Filling up the DagBag from /home/airflow/.local/lib/python3.12/site-packages/airflow/example_dags/example_dataset_alias_with_no_taskflow.py
[2025-01-18T04:58:57.049+0000] {processor.py:925} INFO - DAG(s) 'dataset_alias_example_alias_producer_with_no_taskflow', 'dataset_s3_bucket_producer_with_no_taskflow', 'dataset_alias_example_alias_consumer_with_no_taskflow', 'dataset_s3_bucket_consumer_with_no_taskflow' retrieved from /home/airflow/.local/lib/python3.12/site-packages/airflow/example_dags/example_dataset_alias_with_no_taskflow.py
[2025-01-18T04:58:57.063+0000] {logging_mixin.py:190} INFO - [2025-01-18T04:58:57.063+0000] {dag.py:3239} INFO - Sync 4 DAGs
[2025-01-18T04:58:57.073+0000] {logging_mixin.py:190} INFO - [2025-01-18T04:58:57.073+0000] {dag.py:4180} INFO - Setting next_dagrun for dataset_alias_example_alias_consumer_with_no_taskflow to None, run_after=None
[2025-01-18T04:58:57.075+0000] {logging_mixin.py:190} INFO - [2025-01-18T04:58:57.075+0000] {dag.py:4180} INFO - Setting next_dagrun for dataset_alias_example_alias_producer_with_no_taskflow to None, run_after=None
[2025-01-18T04:58:57.076+0000] {logging_mixin.py:190} INFO - [2025-01-18T04:58:57.076+0000] {dag.py:4180} INFO - Setting next_dagrun for dataset_s3_bucket_consumer_with_no_taskflow to None, run_after=None
[2025-01-18T04:58:57.076+0000] {logging_mixin.py:190} INFO - [2025-01-18T04:58:57.076+0000] {dag.py:4180} INFO - Setting next_dagrun for dataset_s3_bucket_producer_with_no_taskflow to None, run_after=None
[2025-01-18T04:58:57.089+0000] {processor.py:208} INFO - Processing /home/airflow/.local/lib/python3.12/site-packages/airflow/example_dags/example_dataset_alias_with_no_taskflow.py took 0.352 seconds
[2025-01-18T04:59:27.606+0000] {processor.py:186} INFO - Started process (PID=1030) to work on /home/airflow/.local/lib/python3.12/site-packages/airflow/example_dags/example_dataset_alias_with_no_taskflow.py
[2025-01-18T04:59:27.606+0000] {processor.py:914} INFO - Processing file /home/airflow/.local/lib/python3.12/site-packages/airflow/example_dags/example_dataset_alias_with_no_taskflow.py for tasks to queue
[2025-01-18T04:59:27.608+0000] {logging_mixin.py:190} INFO - [2025-01-18T04:59:27.608+0000] {dagbag.py:588} INFO - Filling up the DagBag from /home/airflow/.local/lib/python3.12/site-packages/airflow/example_dags/example_dataset_alias_with_no_taskflow.py
[2025-01-18T04:59:27.896+0000] {processor.py:925} INFO - DAG(s) 'dataset_s3_bucket_producer_with_no_taskflow', 'dataset_s3_bucket_consumer_with_no_taskflow', 'dataset_alias_example_alias_producer_with_no_taskflow', 'dataset_alias_example_alias_consumer_with_no_taskflow' retrieved from /home/airflow/.local/lib/python3.12/site-packages/airflow/example_dags/example_dataset_alias_with_no_taskflow.py
[2025-01-18T04:59:27.907+0000] {logging_mixin.py:190} INFO - [2025-01-18T04:59:27.906+0000] {dag.py:3239} INFO - Sync 4 DAGs
[2025-01-18T04:59:27.917+0000] {logging_mixin.py:190} INFO - [2025-01-18T04:59:27.917+0000] {dag.py:4180} INFO - Setting next_dagrun for dataset_alias_example_alias_consumer_with_no_taskflow to None, run_after=None
[2025-01-18T04:59:27.918+0000] {logging_mixin.py:190} INFO - [2025-01-18T04:59:27.918+0000] {dag.py:4180} INFO - Setting next_dagrun for dataset_alias_example_alias_producer_with_no_taskflow to None, run_after=None
[2025-01-18T04:59:27.919+0000] {logging_mixin.py:190} INFO - [2025-01-18T04:59:27.919+0000] {dag.py:4180} INFO - Setting next_dagrun for dataset_s3_bucket_consumer_with_no_taskflow to None, run_after=None
[2025-01-18T04:59:27.920+0000] {logging_mixin.py:190} INFO - [2025-01-18T04:59:27.920+0000] {dag.py:4180} INFO - Setting next_dagrun for dataset_s3_bucket_producer_with_no_taskflow to None, run_after=None
[2025-01-18T04:59:27.930+0000] {processor.py:208} INFO - Processing /home/airflow/.local/lib/python3.12/site-packages/airflow/example_dags/example_dataset_alias_with_no_taskflow.py took 0.327 seconds
[2025-01-18T04:59:58.703+0000] {processor.py:186} INFO - Started process (PID=1093) to work on /home/airflow/.local/lib/python3.12/site-packages/airflow/example_dags/example_dataset_alias_with_no_taskflow.py
[2025-01-18T04:59:58.704+0000] {processor.py:914} INFO - Processing file /home/airflow/.local/lib/python3.12/site-packages/airflow/example_dags/example_dataset_alias_with_no_taskflow.py for tasks to queue
[2025-01-18T04:59:58.705+0000] {logging_mixin.py:190} INFO - [2025-01-18T04:59:58.705+0000] {dagbag.py:588} INFO - Filling up the DagBag from /home/airflow/.local/lib/python3.12/site-packages/airflow/example_dags/example_dataset_alias_with_no_taskflow.py
[2025-01-18T04:59:58.979+0000] {processor.py:925} INFO - DAG(s) 'dataset_alias_example_alias_producer_with_no_taskflow', 'dataset_alias_example_alias_consumer_with_no_taskflow', 'dataset_s3_bucket_producer_with_no_taskflow', 'dataset_s3_bucket_consumer_with_no_taskflow' retrieved from /home/airflow/.local/lib/python3.12/site-packages/airflow/example_dags/example_dataset_alias_with_no_taskflow.py
[2025-01-18T04:59:58.987+0000] {logging_mixin.py:190} INFO - [2025-01-18T04:59:58.987+0000] {dag.py:3239} INFO - Sync 4 DAGs
[2025-01-18T04:59:58.997+0000] {logging_mixin.py:190} INFO - [2025-01-18T04:59:58.997+0000] {dag.py:4180} INFO - Setting next_dagrun for dataset_alias_example_alias_consumer_with_no_taskflow to None, run_after=None
[2025-01-18T04:59:58.998+0000] {logging_mixin.py:190} INFO - [2025-01-18T04:59:58.998+0000] {dag.py:4180} INFO - Setting next_dagrun for dataset_alias_example_alias_producer_with_no_taskflow to None, run_after=None
[2025-01-18T04:59:58.999+0000] {logging_mixin.py:190} INFO - [2025-01-18T04:59:58.999+0000] {dag.py:4180} INFO - Setting next_dagrun for dataset_s3_bucket_consumer_with_no_taskflow to None, run_after=None
[2025-01-18T04:59:59.000+0000] {logging_mixin.py:190} INFO - [2025-01-18T04:59:58.999+0000] {dag.py:4180} INFO - Setting next_dagrun for dataset_s3_bucket_producer_with_no_taskflow to None, run_after=None
[2025-01-18T04:59:59.009+0000] {processor.py:208} INFO - Processing /home/airflow/.local/lib/python3.12/site-packages/airflow/example_dags/example_dataset_alias_with_no_taskflow.py took 0.309 seconds
