[2025-01-18T04:51:46.709+0000] {processor.py:186} INFO - Started process (PID=102) to work on /home/airflow/.local/lib/python3.12/site-packages/airflow/example_dags/example_inlet_event_extra.py
[2025-01-18T04:51:46.710+0000] {processor.py:914} INFO - Processing file /home/airflow/.local/lib/python3.12/site-packages/airflow/example_dags/example_inlet_event_extra.py for tasks to queue
[2025-01-18T04:51:46.711+0000] {logging_mixin.py:190} INFO - [2025-01-18T04:51:46.711+0000] {dagbag.py:588} INFO - Filling up the DagBag from /home/airflow/.local/lib/python3.12/site-packages/airflow/example_dags/example_inlet_event_extra.py
[2025-01-18T04:51:47.064+0000] {processor.py:925} INFO - DAG(s) 'read_dataset_event_from_classic', 'read_dataset_event' retrieved from /home/airflow/.local/lib/python3.12/site-packages/airflow/example_dags/example_inlet_event_extra.py
[2025-01-18T04:51:47.122+0000] {logging_mixin.py:190} INFO - [2025-01-18T04:51:47.121+0000] {override.py:1911} INFO - Created Permission View: can edit on DAG:read_dataset_event_from_classic
[2025-01-18T04:51:47.131+0000] {logging_mixin.py:190} INFO - [2025-01-18T04:51:47.131+0000] {override.py:1911} INFO - Created Permission View: can read on DAG:read_dataset_event_from_classic
[2025-01-18T04:51:47.137+0000] {logging_mixin.py:190} INFO - [2025-01-18T04:51:47.137+0000] {override.py:1911} INFO - Created Permission View: can delete on DAG:read_dataset_event_from_classic
[2025-01-18T04:51:47.146+0000] {logging_mixin.py:190} INFO - [2025-01-18T04:51:47.145+0000] {override.py:1911} INFO - Created Permission View: can create on DAG Run:read_dataset_event_from_classic
[2025-01-18T04:51:47.153+0000] {logging_mixin.py:190} INFO - [2025-01-18T04:51:47.153+0000] {override.py:1911} INFO - Created Permission View: can read on DAG Run:read_dataset_event_from_classic
[2025-01-18T04:51:47.158+0000] {logging_mixin.py:190} INFO - [2025-01-18T04:51:47.157+0000] {override.py:1911} INFO - Created Permission View: can delete on DAG Run:read_dataset_event_from_classic
[2025-01-18T04:51:47.164+0000] {logging_mixin.py:190} INFO - [2025-01-18T04:51:47.164+0000] {override.py:1911} INFO - Created Permission View: menu access on DAG Run:read_dataset_event_from_classic
[2025-01-18T04:51:47.177+0000] {logging_mixin.py:190} INFO - [2025-01-18T04:51:47.177+0000] {override.py:1911} INFO - Created Permission View: can edit on DAG:read_dataset_event
[2025-01-18T04:51:47.184+0000] {logging_mixin.py:190} INFO - [2025-01-18T04:51:47.183+0000] {override.py:1911} INFO - Created Permission View: can read on DAG:read_dataset_event
[2025-01-18T04:51:47.196+0000] {logging_mixin.py:190} INFO - [2025-01-18T04:51:47.195+0000] {override.py:1911} INFO - Created Permission View: can delete on DAG:read_dataset_event
[2025-01-18T04:51:47.209+0000] {logging_mixin.py:190} INFO - [2025-01-18T04:51:47.208+0000] {override.py:1911} INFO - Created Permission View: can create on DAG Run:read_dataset_event
[2025-01-18T04:51:47.214+0000] {logging_mixin.py:190} INFO - [2025-01-18T04:51:47.214+0000] {override.py:1911} INFO - Created Permission View: can read on DAG Run:read_dataset_event
[2025-01-18T04:51:47.220+0000] {logging_mixin.py:190} INFO - [2025-01-18T04:51:47.220+0000] {override.py:1911} INFO - Created Permission View: can delete on DAG Run:read_dataset_event
[2025-01-18T04:51:47.234+0000] {logging_mixin.py:190} INFO - [2025-01-18T04:51:47.234+0000] {override.py:1911} INFO - Created Permission View: menu access on DAG Run:read_dataset_event
[2025-01-18T04:51:47.235+0000] {logging_mixin.py:190} INFO - [2025-01-18T04:51:47.235+0000] {dag.py:3239} INFO - Sync 2 DAGs
[2025-01-18T04:51:47.245+0000] {logging_mixin.py:190} INFO - [2025-01-18T04:51:47.245+0000] {dag.py:3262} INFO - Creating ORM DAG for read_dataset_event
[2025-01-18T04:51:47.246+0000] {logging_mixin.py:190} INFO - [2025-01-18T04:51:47.246+0000] {dag.py:3262} INFO - Creating ORM DAG for read_dataset_event_from_classic
[2025-01-18T04:51:47.254+0000] {logging_mixin.py:190} INFO - [2025-01-18T04:51:47.253+0000] {dag.py:4180} INFO - Setting next_dagrun for read_dataset_event to 2025-01-17 00:00:00+00:00, run_after=2025-01-18 00:00:00+00:00
[2025-01-18T04:51:47.255+0000] {logging_mixin.py:190} INFO - [2025-01-18T04:51:47.255+0000] {dag.py:4180} INFO - Setting next_dagrun for read_dataset_event_from_classic to 2025-01-17 00:00:00+00:00, run_after=2025-01-18 00:00:00+00:00
[2025-01-18T04:51:47.272+0000] {processor.py:208} INFO - Processing /home/airflow/.local/lib/python3.12/site-packages/airflow/example_dags/example_inlet_event_extra.py took 0.565 seconds
[2025-01-18T04:52:17.901+0000] {processor.py:186} INFO - Started process (PID=165) to work on /home/airflow/.local/lib/python3.12/site-packages/airflow/example_dags/example_inlet_event_extra.py
[2025-01-18T04:52:17.902+0000] {processor.py:914} INFO - Processing file /home/airflow/.local/lib/python3.12/site-packages/airflow/example_dags/example_inlet_event_extra.py for tasks to queue
[2025-01-18T04:52:17.905+0000] {logging_mixin.py:190} INFO - [2025-01-18T04:52:17.905+0000] {dagbag.py:588} INFO - Filling up the DagBag from /home/airflow/.local/lib/python3.12/site-packages/airflow/example_dags/example_inlet_event_extra.py
[2025-01-18T04:52:18.200+0000] {processor.py:925} INFO - DAG(s) 'read_dataset_event', 'read_dataset_event_from_classic' retrieved from /home/airflow/.local/lib/python3.12/site-packages/airflow/example_dags/example_inlet_event_extra.py
[2025-01-18T04:52:18.210+0000] {logging_mixin.py:190} INFO - [2025-01-18T04:52:18.210+0000] {dag.py:3239} INFO - Sync 2 DAGs
[2025-01-18T04:52:18.220+0000] {logging_mixin.py:190} INFO - [2025-01-18T04:52:18.220+0000] {dag.py:4180} INFO - Setting next_dagrun for read_dataset_event to 2025-01-17 00:00:00+00:00, run_after=2025-01-18 00:00:00+00:00
[2025-01-18T04:52:18.223+0000] {logging_mixin.py:190} INFO - [2025-01-18T04:52:18.222+0000] {dag.py:4180} INFO - Setting next_dagrun for read_dataset_event_from_classic to 2025-01-17 00:00:00+00:00, run_after=2025-01-18 00:00:00+00:00
[2025-01-18T04:52:18.229+0000] {processor.py:208} INFO - Processing /home/airflow/.local/lib/python3.12/site-packages/airflow/example_dags/example_inlet_event_extra.py took 0.331 seconds
[2025-01-18T04:52:48.522+0000] {processor.py:186} INFO - Started process (PID=228) to work on /home/airflow/.local/lib/python3.12/site-packages/airflow/example_dags/example_inlet_event_extra.py
[2025-01-18T04:52:48.523+0000] {processor.py:914} INFO - Processing file /home/airflow/.local/lib/python3.12/site-packages/airflow/example_dags/example_inlet_event_extra.py for tasks to queue
[2025-01-18T04:52:48.524+0000] {logging_mixin.py:190} INFO - [2025-01-18T04:52:48.524+0000] {dagbag.py:588} INFO - Filling up the DagBag from /home/airflow/.local/lib/python3.12/site-packages/airflow/example_dags/example_inlet_event_extra.py
[2025-01-18T04:52:48.822+0000] {processor.py:925} INFO - DAG(s) 'read_dataset_event', 'read_dataset_event_from_classic' retrieved from /home/airflow/.local/lib/python3.12/site-packages/airflow/example_dags/example_inlet_event_extra.py
[2025-01-18T04:52:48.832+0000] {logging_mixin.py:190} INFO - [2025-01-18T04:52:48.832+0000] {dag.py:3239} INFO - Sync 2 DAGs
[2025-01-18T04:52:48.846+0000] {logging_mixin.py:190} INFO - [2025-01-18T04:52:48.846+0000] {dag.py:4180} INFO - Setting next_dagrun for read_dataset_event to 2025-01-17 00:00:00+00:00, run_after=2025-01-18 00:00:00+00:00
[2025-01-18T04:52:48.849+0000] {logging_mixin.py:190} INFO - [2025-01-18T04:52:48.849+0000] {dag.py:4180} INFO - Setting next_dagrun for read_dataset_event_from_classic to 2025-01-17 00:00:00+00:00, run_after=2025-01-18 00:00:00+00:00
[2025-01-18T04:52:48.857+0000] {processor.py:208} INFO - Processing /home/airflow/.local/lib/python3.12/site-packages/airflow/example_dags/example_inlet_event_extra.py took 0.339 seconds
[2025-01-18T04:53:19.399+0000] {processor.py:186} INFO - Started process (PID=291) to work on /home/airflow/.local/lib/python3.12/site-packages/airflow/example_dags/example_inlet_event_extra.py
[2025-01-18T04:53:19.400+0000] {processor.py:914} INFO - Processing file /home/airflow/.local/lib/python3.12/site-packages/airflow/example_dags/example_inlet_event_extra.py for tasks to queue
[2025-01-18T04:53:19.403+0000] {logging_mixin.py:190} INFO - [2025-01-18T04:53:19.403+0000] {dagbag.py:588} INFO - Filling up the DagBag from /home/airflow/.local/lib/python3.12/site-packages/airflow/example_dags/example_inlet_event_extra.py
[2025-01-18T04:53:19.690+0000] {processor.py:925} INFO - DAG(s) 'read_dataset_event_from_classic', 'read_dataset_event' retrieved from /home/airflow/.local/lib/python3.12/site-packages/airflow/example_dags/example_inlet_event_extra.py
[2025-01-18T04:53:19.700+0000] {logging_mixin.py:190} INFO - [2025-01-18T04:53:19.700+0000] {dag.py:3239} INFO - Sync 2 DAGs
[2025-01-18T04:53:19.712+0000] {logging_mixin.py:190} INFO - [2025-01-18T04:53:19.712+0000] {dag.py:4180} INFO - Setting next_dagrun for read_dataset_event to 2025-01-17 00:00:00+00:00, run_after=2025-01-18 00:00:00+00:00
[2025-01-18T04:53:19.715+0000] {logging_mixin.py:190} INFO - [2025-01-18T04:53:19.715+0000] {dag.py:4180} INFO - Setting next_dagrun for read_dataset_event_from_classic to 2025-01-17 00:00:00+00:00, run_after=2025-01-18 00:00:00+00:00
[2025-01-18T04:53:19.722+0000] {processor.py:208} INFO - Processing /home/airflow/.local/lib/python3.12/site-packages/airflow/example_dags/example_inlet_event_extra.py took 0.331 seconds
[2025-01-18T04:53:50.068+0000] {processor.py:186} INFO - Started process (PID=354) to work on /home/airflow/.local/lib/python3.12/site-packages/airflow/example_dags/example_inlet_event_extra.py
[2025-01-18T04:53:50.069+0000] {processor.py:914} INFO - Processing file /home/airflow/.local/lib/python3.12/site-packages/airflow/example_dags/example_inlet_event_extra.py for tasks to queue
[2025-01-18T04:53:50.070+0000] {logging_mixin.py:190} INFO - [2025-01-18T04:53:50.070+0000] {dagbag.py:588} INFO - Filling up the DagBag from /home/airflow/.local/lib/python3.12/site-packages/airflow/example_dags/example_inlet_event_extra.py
[2025-01-18T04:53:50.390+0000] {processor.py:925} INFO - DAG(s) 'read_dataset_event_from_classic', 'read_dataset_event' retrieved from /home/airflow/.local/lib/python3.12/site-packages/airflow/example_dags/example_inlet_event_extra.py
[2025-01-18T04:53:50.404+0000] {logging_mixin.py:190} INFO - [2025-01-18T04:53:50.403+0000] {dag.py:3239} INFO - Sync 2 DAGs
[2025-01-18T04:53:50.414+0000] {logging_mixin.py:190} INFO - [2025-01-18T04:53:50.414+0000] {dag.py:4180} INFO - Setting next_dagrun for read_dataset_event to 2025-01-17 00:00:00+00:00, run_after=2025-01-18 00:00:00+00:00
[2025-01-18T04:53:50.416+0000] {logging_mixin.py:190} INFO - [2025-01-18T04:53:50.416+0000] {dag.py:4180} INFO - Setting next_dagrun for read_dataset_event_from_classic to 2025-01-17 00:00:00+00:00, run_after=2025-01-18 00:00:00+00:00
[2025-01-18T04:53:50.424+0000] {processor.py:208} INFO - Processing /home/airflow/.local/lib/python3.12/site-packages/airflow/example_dags/example_inlet_event_extra.py took 0.361 seconds
[2025-01-18T04:54:20.970+0000] {processor.py:186} INFO - Started process (PID=417) to work on /home/airflow/.local/lib/python3.12/site-packages/airflow/example_dags/example_inlet_event_extra.py
[2025-01-18T04:54:20.971+0000] {processor.py:914} INFO - Processing file /home/airflow/.local/lib/python3.12/site-packages/airflow/example_dags/example_inlet_event_extra.py for tasks to queue
[2025-01-18T04:54:20.973+0000] {logging_mixin.py:190} INFO - [2025-01-18T04:54:20.973+0000] {dagbag.py:588} INFO - Filling up the DagBag from /home/airflow/.local/lib/python3.12/site-packages/airflow/example_dags/example_inlet_event_extra.py
[2025-01-18T04:54:21.267+0000] {processor.py:925} INFO - DAG(s) 'read_dataset_event_from_classic', 'read_dataset_event' retrieved from /home/airflow/.local/lib/python3.12/site-packages/airflow/example_dags/example_inlet_event_extra.py
[2025-01-18T04:54:21.277+0000] {logging_mixin.py:190} INFO - [2025-01-18T04:54:21.277+0000] {dag.py:3239} INFO - Sync 2 DAGs
[2025-01-18T04:54:21.291+0000] {logging_mixin.py:190} INFO - [2025-01-18T04:54:21.291+0000] {dag.py:4180} INFO - Setting next_dagrun for read_dataset_event to 2025-01-17 00:00:00+00:00, run_after=2025-01-18 00:00:00+00:00
[2025-01-18T04:54:21.294+0000] {logging_mixin.py:190} INFO - [2025-01-18T04:54:21.293+0000] {dag.py:4180} INFO - Setting next_dagrun for read_dataset_event_from_classic to 2025-01-17 00:00:00+00:00, run_after=2025-01-18 00:00:00+00:00
[2025-01-18T04:54:21.302+0000] {processor.py:208} INFO - Processing /home/airflow/.local/lib/python3.12/site-packages/airflow/example_dags/example_inlet_event_extra.py took 0.335 seconds
[2025-01-18T04:54:51.784+0000] {processor.py:186} INFO - Started process (PID=480) to work on /home/airflow/.local/lib/python3.12/site-packages/airflow/example_dags/example_inlet_event_extra.py
[2025-01-18T04:54:51.785+0000] {processor.py:914} INFO - Processing file /home/airflow/.local/lib/python3.12/site-packages/airflow/example_dags/example_inlet_event_extra.py for tasks to queue
[2025-01-18T04:54:51.788+0000] {logging_mixin.py:190} INFO - [2025-01-18T04:54:51.788+0000] {dagbag.py:588} INFO - Filling up the DagBag from /home/airflow/.local/lib/python3.12/site-packages/airflow/example_dags/example_inlet_event_extra.py
[2025-01-18T04:54:52.141+0000] {processor.py:925} INFO - DAG(s) 'read_dataset_event', 'read_dataset_event_from_classic' retrieved from /home/airflow/.local/lib/python3.12/site-packages/airflow/example_dags/example_inlet_event_extra.py
[2025-01-18T04:54:52.151+0000] {logging_mixin.py:190} INFO - [2025-01-18T04:54:52.151+0000] {dag.py:3239} INFO - Sync 2 DAGs
[2025-01-18T04:54:52.167+0000] {logging_mixin.py:190} INFO - [2025-01-18T04:54:52.167+0000] {dag.py:4180} INFO - Setting next_dagrun for read_dataset_event to 2025-01-17 00:00:00+00:00, run_after=2025-01-18 00:00:00+00:00
[2025-01-18T04:54:52.170+0000] {logging_mixin.py:190} INFO - [2025-01-18T04:54:52.170+0000] {dag.py:4180} INFO - Setting next_dagrun for read_dataset_event_from_classic to 2025-01-17 00:00:00+00:00, run_after=2025-01-18 00:00:00+00:00
[2025-01-18T04:54:52.178+0000] {processor.py:208} INFO - Processing /home/airflow/.local/lib/python3.12/site-packages/airflow/example_dags/example_inlet_event_extra.py took 0.398 seconds
[2025-01-18T04:55:22.831+0000] {processor.py:186} INFO - Started process (PID=543) to work on /home/airflow/.local/lib/python3.12/site-packages/airflow/example_dags/example_inlet_event_extra.py
[2025-01-18T04:55:22.832+0000] {processor.py:914} INFO - Processing file /home/airflow/.local/lib/python3.12/site-packages/airflow/example_dags/example_inlet_event_extra.py for tasks to queue
[2025-01-18T04:55:22.835+0000] {logging_mixin.py:190} INFO - [2025-01-18T04:55:22.834+0000] {dagbag.py:588} INFO - Filling up the DagBag from /home/airflow/.local/lib/python3.12/site-packages/airflow/example_dags/example_inlet_event_extra.py
[2025-01-18T04:55:23.155+0000] {processor.py:925} INFO - DAG(s) 'read_dataset_event', 'read_dataset_event_from_classic' retrieved from /home/airflow/.local/lib/python3.12/site-packages/airflow/example_dags/example_inlet_event_extra.py
[2025-01-18T04:55:23.167+0000] {logging_mixin.py:190} INFO - [2025-01-18T04:55:23.167+0000] {dag.py:3239} INFO - Sync 2 DAGs
[2025-01-18T04:55:23.179+0000] {logging_mixin.py:190} INFO - [2025-01-18T04:55:23.179+0000] {dag.py:4180} INFO - Setting next_dagrun for read_dataset_event to 2025-01-17 00:00:00+00:00, run_after=2025-01-18 00:00:00+00:00
[2025-01-18T04:55:23.182+0000] {logging_mixin.py:190} INFO - [2025-01-18T04:55:23.182+0000] {dag.py:4180} INFO - Setting next_dagrun for read_dataset_event_from_classic to 2025-01-17 00:00:00+00:00, run_after=2025-01-18 00:00:00+00:00
[2025-01-18T04:55:23.190+0000] {processor.py:208} INFO - Processing /home/airflow/.local/lib/python3.12/site-packages/airflow/example_dags/example_inlet_event_extra.py took 0.363 seconds
[2025-01-18T04:55:53.712+0000] {processor.py:186} INFO - Started process (PID=606) to work on /home/airflow/.local/lib/python3.12/site-packages/airflow/example_dags/example_inlet_event_extra.py
[2025-01-18T04:55:53.712+0000] {processor.py:914} INFO - Processing file /home/airflow/.local/lib/python3.12/site-packages/airflow/example_dags/example_inlet_event_extra.py for tasks to queue
[2025-01-18T04:55:53.714+0000] {logging_mixin.py:190} INFO - [2025-01-18T04:55:53.714+0000] {dagbag.py:588} INFO - Filling up the DagBag from /home/airflow/.local/lib/python3.12/site-packages/airflow/example_dags/example_inlet_event_extra.py
[2025-01-18T04:55:54.011+0000] {processor.py:925} INFO - DAG(s) 'read_dataset_event', 'read_dataset_event_from_classic' retrieved from /home/airflow/.local/lib/python3.12/site-packages/airflow/example_dags/example_inlet_event_extra.py
[2025-01-18T04:55:54.021+0000] {logging_mixin.py:190} INFO - [2025-01-18T04:55:54.021+0000] {dag.py:3239} INFO - Sync 2 DAGs
[2025-01-18T04:55:54.033+0000] {logging_mixin.py:190} INFO - [2025-01-18T04:55:54.033+0000] {dag.py:4180} INFO - Setting next_dagrun for read_dataset_event to 2025-01-17 00:00:00+00:00, run_after=2025-01-18 00:00:00+00:00
[2025-01-18T04:55:54.035+0000] {logging_mixin.py:190} INFO - [2025-01-18T04:55:54.035+0000] {dag.py:4180} INFO - Setting next_dagrun for read_dataset_event_from_classic to 2025-01-17 00:00:00+00:00, run_after=2025-01-18 00:00:00+00:00
[2025-01-18T04:55:54.045+0000] {processor.py:208} INFO - Processing /home/airflow/.local/lib/python3.12/site-packages/airflow/example_dags/example_inlet_event_extra.py took 0.336 seconds
[2025-01-18T04:56:24.445+0000] {processor.py:186} INFO - Started process (PID=669) to work on /home/airflow/.local/lib/python3.12/site-packages/airflow/example_dags/example_inlet_event_extra.py
[2025-01-18T04:56:24.446+0000] {processor.py:914} INFO - Processing file /home/airflow/.local/lib/python3.12/site-packages/airflow/example_dags/example_inlet_event_extra.py for tasks to queue
[2025-01-18T04:56:24.447+0000] {logging_mixin.py:190} INFO - [2025-01-18T04:56:24.447+0000] {dagbag.py:588} INFO - Filling up the DagBag from /home/airflow/.local/lib/python3.12/site-packages/airflow/example_dags/example_inlet_event_extra.py
[2025-01-18T04:56:24.729+0000] {processor.py:925} INFO - DAG(s) 'read_dataset_event_from_classic', 'read_dataset_event' retrieved from /home/airflow/.local/lib/python3.12/site-packages/airflow/example_dags/example_inlet_event_extra.py
[2025-01-18T04:56:24.740+0000] {logging_mixin.py:190} INFO - [2025-01-18T04:56:24.740+0000] {dag.py:3239} INFO - Sync 2 DAGs
[2025-01-18T04:56:24.751+0000] {logging_mixin.py:190} INFO - [2025-01-18T04:56:24.751+0000] {dag.py:4180} INFO - Setting next_dagrun for read_dataset_event to 2025-01-17 00:00:00+00:00, run_after=2025-01-18 00:00:00+00:00
[2025-01-18T04:56:24.755+0000] {logging_mixin.py:190} INFO - [2025-01-18T04:56:24.755+0000] {dag.py:4180} INFO - Setting next_dagrun for read_dataset_event_from_classic to 2025-01-17 00:00:00+00:00, run_after=2025-01-18 00:00:00+00:00
[2025-01-18T04:56:24.764+0000] {processor.py:208} INFO - Processing /home/airflow/.local/lib/python3.12/site-packages/airflow/example_dags/example_inlet_event_extra.py took 0.322 seconds
[2025-01-18T04:56:55.382+0000] {processor.py:186} INFO - Started process (PID=732) to work on /home/airflow/.local/lib/python3.12/site-packages/airflow/example_dags/example_inlet_event_extra.py
[2025-01-18T04:56:55.382+0000] {processor.py:914} INFO - Processing file /home/airflow/.local/lib/python3.12/site-packages/airflow/example_dags/example_inlet_event_extra.py for tasks to queue
[2025-01-18T04:56:55.383+0000] {logging_mixin.py:190} INFO - [2025-01-18T04:56:55.383+0000] {dagbag.py:588} INFO - Filling up the DagBag from /home/airflow/.local/lib/python3.12/site-packages/airflow/example_dags/example_inlet_event_extra.py
[2025-01-18T04:56:55.669+0000] {processor.py:925} INFO - DAG(s) 'read_dataset_event_from_classic', 'read_dataset_event' retrieved from /home/airflow/.local/lib/python3.12/site-packages/airflow/example_dags/example_inlet_event_extra.py
[2025-01-18T04:56:55.680+0000] {logging_mixin.py:190} INFO - [2025-01-18T04:56:55.680+0000] {dag.py:3239} INFO - Sync 2 DAGs
[2025-01-18T04:56:55.692+0000] {logging_mixin.py:190} INFO - [2025-01-18T04:56:55.692+0000] {dag.py:4180} INFO - Setting next_dagrun for read_dataset_event to 2025-01-17 00:00:00+00:00, run_after=2025-01-18 00:00:00+00:00
[2025-01-18T04:56:55.695+0000] {logging_mixin.py:190} INFO - [2025-01-18T04:56:55.695+0000] {dag.py:4180} INFO - Setting next_dagrun for read_dataset_event_from_classic to 2025-01-17 00:00:00+00:00, run_after=2025-01-18 00:00:00+00:00
[2025-01-18T04:56:55.704+0000] {processor.py:208} INFO - Processing /home/airflow/.local/lib/python3.12/site-packages/airflow/example_dags/example_inlet_event_extra.py took 0.325 seconds
[2025-01-18T04:57:26.101+0000] {processor.py:186} INFO - Started process (PID=802) to work on /home/airflow/.local/lib/python3.12/site-packages/airflow/example_dags/example_inlet_event_extra.py
[2025-01-18T04:57:26.101+0000] {processor.py:914} INFO - Processing file /home/airflow/.local/lib/python3.12/site-packages/airflow/example_dags/example_inlet_event_extra.py for tasks to queue
[2025-01-18T04:57:26.103+0000] {logging_mixin.py:190} INFO - [2025-01-18T04:57:26.103+0000] {dagbag.py:588} INFO - Filling up the DagBag from /home/airflow/.local/lib/python3.12/site-packages/airflow/example_dags/example_inlet_event_extra.py
[2025-01-18T04:57:26.397+0000] {processor.py:925} INFO - DAG(s) 'read_dataset_event', 'read_dataset_event_from_classic' retrieved from /home/airflow/.local/lib/python3.12/site-packages/airflow/example_dags/example_inlet_event_extra.py
[2025-01-18T04:57:26.407+0000] {logging_mixin.py:190} INFO - [2025-01-18T04:57:26.407+0000] {dag.py:3239} INFO - Sync 2 DAGs
[2025-01-18T04:57:26.420+0000] {logging_mixin.py:190} INFO - [2025-01-18T04:57:26.419+0000] {dag.py:4180} INFO - Setting next_dagrun for read_dataset_event to 2025-01-17 00:00:00+00:00, run_after=2025-01-18 00:00:00+00:00
[2025-01-18T04:57:26.423+0000] {logging_mixin.py:190} INFO - [2025-01-18T04:57:26.423+0000] {dag.py:4180} INFO - Setting next_dagrun for read_dataset_event_from_classic to 2025-01-17 00:00:00+00:00, run_after=2025-01-18 00:00:00+00:00
[2025-01-18T04:57:26.430+0000] {processor.py:208} INFO - Processing /home/airflow/.local/lib/python3.12/site-packages/airflow/example_dags/example_inlet_event_extra.py took 0.333 seconds
[2025-01-18T04:57:56.957+0000] {processor.py:186} INFO - Started process (PID=865) to work on /home/airflow/.local/lib/python3.12/site-packages/airflow/example_dags/example_inlet_event_extra.py
[2025-01-18T04:57:56.959+0000] {processor.py:914} INFO - Processing file /home/airflow/.local/lib/python3.12/site-packages/airflow/example_dags/example_inlet_event_extra.py for tasks to queue
[2025-01-18T04:57:56.960+0000] {logging_mixin.py:190} INFO - [2025-01-18T04:57:56.960+0000] {dagbag.py:588} INFO - Filling up the DagBag from /home/airflow/.local/lib/python3.12/site-packages/airflow/example_dags/example_inlet_event_extra.py
[2025-01-18T04:57:57.253+0000] {processor.py:925} INFO - DAG(s) 'read_dataset_event_from_classic', 'read_dataset_event' retrieved from /home/airflow/.local/lib/python3.12/site-packages/airflow/example_dags/example_inlet_event_extra.py
[2025-01-18T04:57:57.267+0000] {logging_mixin.py:190} INFO - [2025-01-18T04:57:57.267+0000] {dag.py:3239} INFO - Sync 2 DAGs
[2025-01-18T04:57:57.278+0000] {logging_mixin.py:190} INFO - [2025-01-18T04:57:57.278+0000] {dag.py:4180} INFO - Setting next_dagrun for read_dataset_event to 2025-01-17 00:00:00+00:00, run_after=2025-01-18 00:00:00+00:00
[2025-01-18T04:57:57.280+0000] {logging_mixin.py:190} INFO - [2025-01-18T04:57:57.280+0000] {dag.py:4180} INFO - Setting next_dagrun for read_dataset_event_from_classic to 2025-01-17 00:00:00+00:00, run_after=2025-01-18 00:00:00+00:00
[2025-01-18T04:57:57.287+0000] {processor.py:208} INFO - Processing /home/airflow/.local/lib/python3.12/site-packages/airflow/example_dags/example_inlet_event_extra.py took 0.333 seconds
[2025-01-18T04:58:27.856+0000] {processor.py:186} INFO - Started process (PID=928) to work on /home/airflow/.local/lib/python3.12/site-packages/airflow/example_dags/example_inlet_event_extra.py
[2025-01-18T04:58:27.857+0000] {processor.py:914} INFO - Processing file /home/airflow/.local/lib/python3.12/site-packages/airflow/example_dags/example_inlet_event_extra.py for tasks to queue
[2025-01-18T04:58:27.858+0000] {logging_mixin.py:190} INFO - [2025-01-18T04:58:27.858+0000] {dagbag.py:588} INFO - Filling up the DagBag from /home/airflow/.local/lib/python3.12/site-packages/airflow/example_dags/example_inlet_event_extra.py
[2025-01-18T04:58:28.155+0000] {processor.py:925} INFO - DAG(s) 'read_dataset_event', 'read_dataset_event_from_classic' retrieved from /home/airflow/.local/lib/python3.12/site-packages/airflow/example_dags/example_inlet_event_extra.py
[2025-01-18T04:58:28.169+0000] {logging_mixin.py:190} INFO - [2025-01-18T04:58:28.168+0000] {dag.py:3239} INFO - Sync 2 DAGs
[2025-01-18T04:58:28.179+0000] {logging_mixin.py:190} INFO - [2025-01-18T04:58:28.179+0000] {dag.py:4180} INFO - Setting next_dagrun for read_dataset_event to 2025-01-17 00:00:00+00:00, run_after=2025-01-18 00:00:00+00:00
[2025-01-18T04:58:28.183+0000] {logging_mixin.py:190} INFO - [2025-01-18T04:58:28.183+0000] {dag.py:4180} INFO - Setting next_dagrun for read_dataset_event_from_classic to 2025-01-17 00:00:00+00:00, run_after=2025-01-18 00:00:00+00:00
[2025-01-18T04:58:28.191+0000] {processor.py:208} INFO - Processing /home/airflow/.local/lib/python3.12/site-packages/airflow/example_dags/example_inlet_event_extra.py took 0.337 seconds
[2025-01-18T04:58:58.756+0000] {processor.py:186} INFO - Started process (PID=991) to work on /home/airflow/.local/lib/python3.12/site-packages/airflow/example_dags/example_inlet_event_extra.py
[2025-01-18T04:58:58.757+0000] {processor.py:914} INFO - Processing file /home/airflow/.local/lib/python3.12/site-packages/airflow/example_dags/example_inlet_event_extra.py for tasks to queue
[2025-01-18T04:58:58.758+0000] {logging_mixin.py:190} INFO - [2025-01-18T04:58:58.758+0000] {dagbag.py:588} INFO - Filling up the DagBag from /home/airflow/.local/lib/python3.12/site-packages/airflow/example_dags/example_inlet_event_extra.py
[2025-01-18T04:58:59.038+0000] {processor.py:925} INFO - DAG(s) 'read_dataset_event_from_classic', 'read_dataset_event' retrieved from /home/airflow/.local/lib/python3.12/site-packages/airflow/example_dags/example_inlet_event_extra.py
[2025-01-18T04:58:59.051+0000] {logging_mixin.py:190} INFO - [2025-01-18T04:58:59.051+0000] {dag.py:3239} INFO - Sync 2 DAGs
[2025-01-18T04:58:59.062+0000] {logging_mixin.py:190} INFO - [2025-01-18T04:58:59.062+0000] {dag.py:4180} INFO - Setting next_dagrun for read_dataset_event to 2025-01-17 00:00:00+00:00, run_after=2025-01-18 00:00:00+00:00
[2025-01-18T04:58:59.064+0000] {logging_mixin.py:190} INFO - [2025-01-18T04:58:59.064+0000] {dag.py:4180} INFO - Setting next_dagrun for read_dataset_event_from_classic to 2025-01-17 00:00:00+00:00, run_after=2025-01-18 00:00:00+00:00
[2025-01-18T04:58:59.072+0000] {processor.py:208} INFO - Processing /home/airflow/.local/lib/python3.12/site-packages/airflow/example_dags/example_inlet_event_extra.py took 0.319 seconds
[2025-01-18T04:59:29.749+0000] {processor.py:186} INFO - Started process (PID=1054) to work on /home/airflow/.local/lib/python3.12/site-packages/airflow/example_dags/example_inlet_event_extra.py
[2025-01-18T04:59:29.751+0000] {processor.py:914} INFO - Processing file /home/airflow/.local/lib/python3.12/site-packages/airflow/example_dags/example_inlet_event_extra.py for tasks to queue
[2025-01-18T04:59:29.752+0000] {logging_mixin.py:190} INFO - [2025-01-18T04:59:29.752+0000] {dagbag.py:588} INFO - Filling up the DagBag from /home/airflow/.local/lib/python3.12/site-packages/airflow/example_dags/example_inlet_event_extra.py
[2025-01-18T04:59:30.043+0000] {processor.py:925} INFO - DAG(s) 'read_dataset_event', 'read_dataset_event_from_classic' retrieved from /home/airflow/.local/lib/python3.12/site-packages/airflow/example_dags/example_inlet_event_extra.py
[2025-01-18T04:59:30.056+0000] {logging_mixin.py:190} INFO - [2025-01-18T04:59:30.056+0000] {dag.py:3239} INFO - Sync 2 DAGs
[2025-01-18T04:59:30.068+0000] {logging_mixin.py:190} INFO - [2025-01-18T04:59:30.068+0000] {dag.py:4180} INFO - Setting next_dagrun for read_dataset_event to 2025-01-17 00:00:00+00:00, run_after=2025-01-18 00:00:00+00:00
[2025-01-18T04:59:30.070+0000] {logging_mixin.py:190} INFO - [2025-01-18T04:59:30.070+0000] {dag.py:4180} INFO - Setting next_dagrun for read_dataset_event_from_classic to 2025-01-17 00:00:00+00:00, run_after=2025-01-18 00:00:00+00:00
[2025-01-18T04:59:30.080+0000] {processor.py:208} INFO - Processing /home/airflow/.local/lib/python3.12/site-packages/airflow/example_dags/example_inlet_event_extra.py took 0.335 seconds
[2025-01-18T05:00:00.788+0000] {processor.py:186} INFO - Started process (PID=1117) to work on /home/airflow/.local/lib/python3.12/site-packages/airflow/example_dags/example_inlet_event_extra.py
[2025-01-18T05:00:00.792+0000] {processor.py:914} INFO - Processing file /home/airflow/.local/lib/python3.12/site-packages/airflow/example_dags/example_inlet_event_extra.py for tasks to queue
[2025-01-18T05:00:00.794+0000] {logging_mixin.py:190} INFO - [2025-01-18T05:00:00.794+0000] {dagbag.py:588} INFO - Filling up the DagBag from /home/airflow/.local/lib/python3.12/site-packages/airflow/example_dags/example_inlet_event_extra.py
[2025-01-18T05:00:01.089+0000] {processor.py:925} INFO - DAG(s) 'read_dataset_event', 'read_dataset_event_from_classic' retrieved from /home/airflow/.local/lib/python3.12/site-packages/airflow/example_dags/example_inlet_event_extra.py
[2025-01-18T05:00:01.101+0000] {logging_mixin.py:190} INFO - [2025-01-18T05:00:01.101+0000] {dag.py:3239} INFO - Sync 2 DAGs
[2025-01-18T05:00:01.113+0000] {logging_mixin.py:190} INFO - [2025-01-18T05:00:01.113+0000] {dag.py:4180} INFO - Setting next_dagrun for read_dataset_event to 2025-01-17 00:00:00+00:00, run_after=2025-01-18 00:00:00+00:00
[2025-01-18T05:00:01.117+0000] {logging_mixin.py:190} INFO - [2025-01-18T05:00:01.117+0000] {dag.py:4180} INFO - Setting next_dagrun for read_dataset_event_from_classic to 2025-01-17 00:00:00+00:00, run_after=2025-01-18 00:00:00+00:00
[2025-01-18T05:00:01.127+0000] {processor.py:208} INFO - Processing /home/airflow/.local/lib/python3.12/site-packages/airflow/example_dags/example_inlet_event_extra.py took 0.344 seconds
