[2025-01-18T04:51:45.139+0000] {processor.py:186} INFO - Started process (PID=79) to work on /home/airflow/.local/lib/python3.12/site-packages/airflow/example_dags/tutorial.py
[2025-01-18T04:51:45.142+0000] {processor.py:914} INFO - Processing file /home/airflow/.local/lib/python3.12/site-packages/airflow/example_dags/tutorial.py for tasks to queue
[2025-01-18T04:51:45.144+0000] {logging_mixin.py:190} INFO - [2025-01-18T04:51:45.143+0000] {dagbag.py:588} INFO - Filling up the DagBag from /home/airflow/.local/lib/python3.12/site-packages/airflow/example_dags/tutorial.py
[2025-01-18T04:51:45.149+0000] {processor.py:925} INFO - DAG(s) 'tutorial' retrieved from /home/airflow/.local/lib/python3.12/site-packages/airflow/example_dags/tutorial.py
[2025-01-18T04:51:45.198+0000] {logging_mixin.py:190} INFO - [2025-01-18T04:51:45.197+0000] {override.py:1911} INFO - Created Permission View: can edit on DAG:tutorial
[2025-01-18T04:51:45.202+0000] {logging_mixin.py:190} INFO - [2025-01-18T04:51:45.202+0000] {override.py:1911} INFO - Created Permission View: can read on DAG:tutorial
[2025-01-18T04:51:45.204+0000] {logging_mixin.py:190} INFO - [2025-01-18T04:51:45.204+0000] {override.py:1911} INFO - Created Permission View: can delete on DAG:tutorial
[2025-01-18T04:51:45.208+0000] {logging_mixin.py:190} INFO - [2025-01-18T04:51:45.208+0000] {override.py:1911} INFO - Created Permission View: can create on DAG Run:tutorial
[2025-01-18T04:51:45.211+0000] {logging_mixin.py:190} INFO - [2025-01-18T04:51:45.210+0000] {override.py:1911} INFO - Created Permission View: can read on DAG Run:tutorial
[2025-01-18T04:51:45.213+0000] {logging_mixin.py:190} INFO - [2025-01-18T04:51:45.213+0000] {override.py:1911} INFO - Created Permission View: can delete on DAG Run:tutorial
[2025-01-18T04:51:45.215+0000] {logging_mixin.py:190} INFO - [2025-01-18T04:51:45.215+0000] {override.py:1911} INFO - Created Permission View: menu access on DAG Run:tutorial
[2025-01-18T04:51:45.216+0000] {logging_mixin.py:190} INFO - [2025-01-18T04:51:45.216+0000] {dag.py:3239} INFO - Sync 1 DAGs
[2025-01-18T04:51:45.222+0000] {logging_mixin.py:190} INFO - [2025-01-18T04:51:45.222+0000] {dag.py:3262} INFO - Creating ORM DAG for tutorial
[2025-01-18T04:51:45.227+0000] {logging_mixin.py:190} INFO - [2025-01-18T04:51:45.227+0000] {dag.py:4180} INFO - Setting next_dagrun for tutorial to 2025-01-17 00:00:00+00:00, run_after=2025-01-18 00:00:00+00:00
[2025-01-18T04:51:45.235+0000] {processor.py:208} INFO - Processing /home/airflow/.local/lib/python3.12/site-packages/airflow/example_dags/tutorial.py took 0.100 seconds
[2025-01-18T04:52:15.831+0000] {processor.py:186} INFO - Started process (PID=142) to work on /home/airflow/.local/lib/python3.12/site-packages/airflow/example_dags/tutorial.py
[2025-01-18T04:52:15.832+0000] {processor.py:914} INFO - Processing file /home/airflow/.local/lib/python3.12/site-packages/airflow/example_dags/tutorial.py for tasks to queue
[2025-01-18T04:52:15.833+0000] {logging_mixin.py:190} INFO - [2025-01-18T04:52:15.833+0000] {dagbag.py:588} INFO - Filling up the DagBag from /home/airflow/.local/lib/python3.12/site-packages/airflow/example_dags/tutorial.py
[2025-01-18T04:52:15.837+0000] {processor.py:925} INFO - DAG(s) 'tutorial' retrieved from /home/airflow/.local/lib/python3.12/site-packages/airflow/example_dags/tutorial.py
[2025-01-18T04:52:15.848+0000] {logging_mixin.py:190} INFO - [2025-01-18T04:52:15.848+0000] {dag.py:3239} INFO - Sync 1 DAGs
[2025-01-18T04:52:15.860+0000] {logging_mixin.py:190} INFO - [2025-01-18T04:52:15.860+0000] {dag.py:4180} INFO - Setting next_dagrun for tutorial to 2025-01-17 00:00:00+00:00, run_after=2025-01-18 00:00:00+00:00
[2025-01-18T04:52:15.870+0000] {processor.py:208} INFO - Processing /home/airflow/.local/lib/python3.12/site-packages/airflow/example_dags/tutorial.py took 0.042 seconds
[2025-01-18T04:52:46.582+0000] {processor.py:186} INFO - Started process (PID=205) to work on /home/airflow/.local/lib/python3.12/site-packages/airflow/example_dags/tutorial.py
[2025-01-18T04:52:46.583+0000] {processor.py:914} INFO - Processing file /home/airflow/.local/lib/python3.12/site-packages/airflow/example_dags/tutorial.py for tasks to queue
[2025-01-18T04:52:46.586+0000] {logging_mixin.py:190} INFO - [2025-01-18T04:52:46.585+0000] {dagbag.py:588} INFO - Filling up the DagBag from /home/airflow/.local/lib/python3.12/site-packages/airflow/example_dags/tutorial.py
[2025-01-18T04:52:46.591+0000] {processor.py:925} INFO - DAG(s) 'tutorial' retrieved from /home/airflow/.local/lib/python3.12/site-packages/airflow/example_dags/tutorial.py
[2025-01-18T04:52:46.609+0000] {logging_mixin.py:190} INFO - [2025-01-18T04:52:46.609+0000] {dag.py:3239} INFO - Sync 1 DAGs
[2025-01-18T04:52:46.621+0000] {logging_mixin.py:190} INFO - [2025-01-18T04:52:46.621+0000] {dag.py:4180} INFO - Setting next_dagrun for tutorial to 2025-01-17 00:00:00+00:00, run_after=2025-01-18 00:00:00+00:00
[2025-01-18T04:52:46.631+0000] {processor.py:208} INFO - Processing /home/airflow/.local/lib/python3.12/site-packages/airflow/example_dags/tutorial.py took 0.053 seconds
[2025-01-18T04:53:17.424+0000] {processor.py:186} INFO - Started process (PID=268) to work on /home/airflow/.local/lib/python3.12/site-packages/airflow/example_dags/tutorial.py
[2025-01-18T04:53:17.427+0000] {processor.py:914} INFO - Processing file /home/airflow/.local/lib/python3.12/site-packages/airflow/example_dags/tutorial.py for tasks to queue
[2025-01-18T04:53:17.429+0000] {logging_mixin.py:190} INFO - [2025-01-18T04:53:17.428+0000] {dagbag.py:588} INFO - Filling up the DagBag from /home/airflow/.local/lib/python3.12/site-packages/airflow/example_dags/tutorial.py
[2025-01-18T04:53:17.433+0000] {processor.py:925} INFO - DAG(s) 'tutorial' retrieved from /home/airflow/.local/lib/python3.12/site-packages/airflow/example_dags/tutorial.py
[2025-01-18T04:53:17.444+0000] {logging_mixin.py:190} INFO - [2025-01-18T04:53:17.444+0000] {dag.py:3239} INFO - Sync 1 DAGs
[2025-01-18T04:53:17.455+0000] {logging_mixin.py:190} INFO - [2025-01-18T04:53:17.455+0000] {dag.py:4180} INFO - Setting next_dagrun for tutorial to 2025-01-17 00:00:00+00:00, run_after=2025-01-18 00:00:00+00:00
[2025-01-18T04:53:17.464+0000] {processor.py:208} INFO - Processing /home/airflow/.local/lib/python3.12/site-packages/airflow/example_dags/tutorial.py took 0.044 seconds
[2025-01-18T04:53:48.131+0000] {processor.py:186} INFO - Started process (PID=331) to work on /home/airflow/.local/lib/python3.12/site-packages/airflow/example_dags/tutorial.py
[2025-01-18T04:53:48.132+0000] {processor.py:914} INFO - Processing file /home/airflow/.local/lib/python3.12/site-packages/airflow/example_dags/tutorial.py for tasks to queue
[2025-01-18T04:53:48.133+0000] {logging_mixin.py:190} INFO - [2025-01-18T04:53:48.133+0000] {dagbag.py:588} INFO - Filling up the DagBag from /home/airflow/.local/lib/python3.12/site-packages/airflow/example_dags/tutorial.py
[2025-01-18T04:53:48.138+0000] {processor.py:925} INFO - DAG(s) 'tutorial' retrieved from /home/airflow/.local/lib/python3.12/site-packages/airflow/example_dags/tutorial.py
[2025-01-18T04:53:48.149+0000] {logging_mixin.py:190} INFO - [2025-01-18T04:53:48.149+0000] {dag.py:3239} INFO - Sync 1 DAGs
[2025-01-18T04:53:48.161+0000] {logging_mixin.py:190} INFO - [2025-01-18T04:53:48.161+0000] {dag.py:4180} INFO - Setting next_dagrun for tutorial to 2025-01-17 00:00:00+00:00, run_after=2025-01-18 00:00:00+00:00
[2025-01-18T04:53:48.170+0000] {processor.py:208} INFO - Processing /home/airflow/.local/lib/python3.12/site-packages/airflow/example_dags/tutorial.py took 0.043 seconds
[2025-01-18T04:54:18.970+0000] {processor.py:186} INFO - Started process (PID=394) to work on /home/airflow/.local/lib/python3.12/site-packages/airflow/example_dags/tutorial.py
[2025-01-18T04:54:18.971+0000] {processor.py:914} INFO - Processing file /home/airflow/.local/lib/python3.12/site-packages/airflow/example_dags/tutorial.py for tasks to queue
[2025-01-18T04:54:18.972+0000] {logging_mixin.py:190} INFO - [2025-01-18T04:54:18.972+0000] {dagbag.py:588} INFO - Filling up the DagBag from /home/airflow/.local/lib/python3.12/site-packages/airflow/example_dags/tutorial.py
[2025-01-18T04:54:18.977+0000] {processor.py:925} INFO - DAG(s) 'tutorial' retrieved from /home/airflow/.local/lib/python3.12/site-packages/airflow/example_dags/tutorial.py
[2025-01-18T04:54:18.988+0000] {logging_mixin.py:190} INFO - [2025-01-18T04:54:18.988+0000] {dag.py:3239} INFO - Sync 1 DAGs
[2025-01-18T04:54:19.002+0000] {logging_mixin.py:190} INFO - [2025-01-18T04:54:19.002+0000] {dag.py:4180} INFO - Setting next_dagrun for tutorial to 2025-01-17 00:00:00+00:00, run_after=2025-01-18 00:00:00+00:00
[2025-01-18T04:54:19.013+0000] {processor.py:208} INFO - Processing /home/airflow/.local/lib/python3.12/site-packages/airflow/example_dags/tutorial.py took 0.047 seconds
[2025-01-18T04:54:49.748+0000] {processor.py:186} INFO - Started process (PID=457) to work on /home/airflow/.local/lib/python3.12/site-packages/airflow/example_dags/tutorial.py
[2025-01-18T04:54:49.748+0000] {processor.py:914} INFO - Processing file /home/airflow/.local/lib/python3.12/site-packages/airflow/example_dags/tutorial.py for tasks to queue
[2025-01-18T04:54:49.749+0000] {logging_mixin.py:190} INFO - [2025-01-18T04:54:49.749+0000] {dagbag.py:588} INFO - Filling up the DagBag from /home/airflow/.local/lib/python3.12/site-packages/airflow/example_dags/tutorial.py
[2025-01-18T04:54:49.754+0000] {processor.py:925} INFO - DAG(s) 'tutorial' retrieved from /home/airflow/.local/lib/python3.12/site-packages/airflow/example_dags/tutorial.py
[2025-01-18T04:54:49.765+0000] {logging_mixin.py:190} INFO - [2025-01-18T04:54:49.765+0000] {dag.py:3239} INFO - Sync 1 DAGs
[2025-01-18T04:54:49.778+0000] {logging_mixin.py:190} INFO - [2025-01-18T04:54:49.777+0000] {dag.py:4180} INFO - Setting next_dagrun for tutorial to 2025-01-17 00:00:00+00:00, run_after=2025-01-18 00:00:00+00:00
[2025-01-18T04:54:49.786+0000] {processor.py:208} INFO - Processing /home/airflow/.local/lib/python3.12/site-packages/airflow/example_dags/tutorial.py took 0.042 seconds
[2025-01-18T04:55:20.662+0000] {processor.py:186} INFO - Started process (PID=519) to work on /home/airflow/.local/lib/python3.12/site-packages/airflow/example_dags/tutorial.py
[2025-01-18T04:55:20.663+0000] {processor.py:914} INFO - Processing file /home/airflow/.local/lib/python3.12/site-packages/airflow/example_dags/tutorial.py for tasks to queue
[2025-01-18T04:55:20.665+0000] {logging_mixin.py:190} INFO - [2025-01-18T04:55:20.665+0000] {dagbag.py:588} INFO - Filling up the DagBag from /home/airflow/.local/lib/python3.12/site-packages/airflow/example_dags/tutorial.py
[2025-01-18T04:55:20.669+0000] {processor.py:925} INFO - DAG(s) 'tutorial' retrieved from /home/airflow/.local/lib/python3.12/site-packages/airflow/example_dags/tutorial.py
[2025-01-18T04:55:20.683+0000] {logging_mixin.py:190} INFO - [2025-01-18T04:55:20.683+0000] {dag.py:3239} INFO - Sync 1 DAGs
[2025-01-18T04:55:20.695+0000] {logging_mixin.py:190} INFO - [2025-01-18T04:55:20.695+0000] {dag.py:4180} INFO - Setting next_dagrun for tutorial to 2025-01-17 00:00:00+00:00, run_after=2025-01-18 00:00:00+00:00
[2025-01-18T04:55:20.704+0000] {processor.py:208} INFO - Processing /home/airflow/.local/lib/python3.12/site-packages/airflow/example_dags/tutorial.py took 0.046 seconds
[2025-01-18T04:55:51.662+0000] {processor.py:186} INFO - Started process (PID=582) to work on /home/airflow/.local/lib/python3.12/site-packages/airflow/example_dags/tutorial.py
[2025-01-18T04:55:51.667+0000] {processor.py:914} INFO - Processing file /home/airflow/.local/lib/python3.12/site-packages/airflow/example_dags/tutorial.py for tasks to queue
[2025-01-18T04:55:51.669+0000] {logging_mixin.py:190} INFO - [2025-01-18T04:55:51.669+0000] {dagbag.py:588} INFO - Filling up the DagBag from /home/airflow/.local/lib/python3.12/site-packages/airflow/example_dags/tutorial.py
[2025-01-18T04:55:51.674+0000] {processor.py:925} INFO - DAG(s) 'tutorial' retrieved from /home/airflow/.local/lib/python3.12/site-packages/airflow/example_dags/tutorial.py
[2025-01-18T04:55:51.686+0000] {logging_mixin.py:190} INFO - [2025-01-18T04:55:51.685+0000] {dag.py:3239} INFO - Sync 1 DAGs
[2025-01-18T04:55:51.699+0000] {logging_mixin.py:190} INFO - [2025-01-18T04:55:51.699+0000] {dag.py:4180} INFO - Setting next_dagrun for tutorial to 2025-01-17 00:00:00+00:00, run_after=2025-01-18 00:00:00+00:00
[2025-01-18T04:55:51.709+0000] {processor.py:208} INFO - Processing /home/airflow/.local/lib/python3.12/site-packages/airflow/example_dags/tutorial.py took 0.050 seconds
[2025-01-18T04:56:22.525+0000] {processor.py:186} INFO - Started process (PID=646) to work on /home/airflow/.local/lib/python3.12/site-packages/airflow/example_dags/tutorial.py
[2025-01-18T04:56:22.525+0000] {processor.py:914} INFO - Processing file /home/airflow/.local/lib/python3.12/site-packages/airflow/example_dags/tutorial.py for tasks to queue
[2025-01-18T04:56:22.527+0000] {logging_mixin.py:190} INFO - [2025-01-18T04:56:22.526+0000] {dagbag.py:588} INFO - Filling up the DagBag from /home/airflow/.local/lib/python3.12/site-packages/airflow/example_dags/tutorial.py
[2025-01-18T04:56:22.531+0000] {processor.py:925} INFO - DAG(s) 'tutorial' retrieved from /home/airflow/.local/lib/python3.12/site-packages/airflow/example_dags/tutorial.py
[2025-01-18T04:56:22.541+0000] {logging_mixin.py:190} INFO - [2025-01-18T04:56:22.541+0000] {dag.py:3239} INFO - Sync 1 DAGs
[2025-01-18T04:56:22.553+0000] {logging_mixin.py:190} INFO - [2025-01-18T04:56:22.553+0000] {dag.py:4180} INFO - Setting next_dagrun for tutorial to 2025-01-17 00:00:00+00:00, run_after=2025-01-18 00:00:00+00:00
[2025-01-18T04:56:22.564+0000] {processor.py:208} INFO - Processing /home/airflow/.local/lib/python3.12/site-packages/airflow/example_dags/tutorial.py took 0.043 seconds
[2025-01-18T04:56:53.401+0000] {processor.py:186} INFO - Started process (PID=709) to work on /home/airflow/.local/lib/python3.12/site-packages/airflow/example_dags/tutorial.py
[2025-01-18T04:56:53.402+0000] {processor.py:914} INFO - Processing file /home/airflow/.local/lib/python3.12/site-packages/airflow/example_dags/tutorial.py for tasks to queue
[2025-01-18T04:56:53.403+0000] {logging_mixin.py:190} INFO - [2025-01-18T04:56:53.403+0000] {dagbag.py:588} INFO - Filling up the DagBag from /home/airflow/.local/lib/python3.12/site-packages/airflow/example_dags/tutorial.py
[2025-01-18T04:56:53.409+0000] {processor.py:925} INFO - DAG(s) 'tutorial' retrieved from /home/airflow/.local/lib/python3.12/site-packages/airflow/example_dags/tutorial.py
[2025-01-18T04:56:53.420+0000] {logging_mixin.py:190} INFO - [2025-01-18T04:56:53.420+0000] {dag.py:3239} INFO - Sync 1 DAGs
[2025-01-18T04:56:53.431+0000] {logging_mixin.py:190} INFO - [2025-01-18T04:56:53.431+0000] {dag.py:4180} INFO - Setting next_dagrun for tutorial to 2025-01-17 00:00:00+00:00, run_after=2025-01-18 00:00:00+00:00
[2025-01-18T04:56:53.441+0000] {processor.py:208} INFO - Processing /home/airflow/.local/lib/python3.12/site-packages/airflow/example_dags/tutorial.py took 0.043 seconds
[2025-01-18T04:57:24.201+0000] {processor.py:186} INFO - Started process (PID=779) to work on /home/airflow/.local/lib/python3.12/site-packages/airflow/example_dags/tutorial.py
[2025-01-18T04:57:24.201+0000] {processor.py:914} INFO - Processing file /home/airflow/.local/lib/python3.12/site-packages/airflow/example_dags/tutorial.py for tasks to queue
[2025-01-18T04:57:24.203+0000] {logging_mixin.py:190} INFO - [2025-01-18T04:57:24.203+0000] {dagbag.py:588} INFO - Filling up the DagBag from /home/airflow/.local/lib/python3.12/site-packages/airflow/example_dags/tutorial.py
[2025-01-18T04:57:24.208+0000] {processor.py:925} INFO - DAG(s) 'tutorial' retrieved from /home/airflow/.local/lib/python3.12/site-packages/airflow/example_dags/tutorial.py
[2025-01-18T04:57:24.217+0000] {logging_mixin.py:190} INFO - [2025-01-18T04:57:24.217+0000] {dag.py:3239} INFO - Sync 1 DAGs
[2025-01-18T04:57:24.228+0000] {logging_mixin.py:190} INFO - [2025-01-18T04:57:24.228+0000] {dag.py:4180} INFO - Setting next_dagrun for tutorial to 2025-01-17 00:00:00+00:00, run_after=2025-01-18 00:00:00+00:00
[2025-01-18T04:57:24.236+0000] {processor.py:208} INFO - Processing /home/airflow/.local/lib/python3.12/site-packages/airflow/example_dags/tutorial.py took 0.038 seconds
[2025-01-18T04:57:55.008+0000] {processor.py:186} INFO - Started process (PID=842) to work on /home/airflow/.local/lib/python3.12/site-packages/airflow/example_dags/tutorial.py
[2025-01-18T04:57:55.008+0000] {processor.py:914} INFO - Processing file /home/airflow/.local/lib/python3.12/site-packages/airflow/example_dags/tutorial.py for tasks to queue
[2025-01-18T04:57:55.010+0000] {logging_mixin.py:190} INFO - [2025-01-18T04:57:55.009+0000] {dagbag.py:588} INFO - Filling up the DagBag from /home/airflow/.local/lib/python3.12/site-packages/airflow/example_dags/tutorial.py
[2025-01-18T04:57:55.014+0000] {processor.py:925} INFO - DAG(s) 'tutorial' retrieved from /home/airflow/.local/lib/python3.12/site-packages/airflow/example_dags/tutorial.py
[2025-01-18T04:57:55.025+0000] {logging_mixin.py:190} INFO - [2025-01-18T04:57:55.025+0000] {dag.py:3239} INFO - Sync 1 DAGs
[2025-01-18T04:57:55.039+0000] {logging_mixin.py:190} INFO - [2025-01-18T04:57:55.039+0000] {dag.py:4180} INFO - Setting next_dagrun for tutorial to 2025-01-17 00:00:00+00:00, run_after=2025-01-18 00:00:00+00:00
[2025-01-18T04:57:55.051+0000] {processor.py:208} INFO - Processing /home/airflow/.local/lib/python3.12/site-packages/airflow/example_dags/tutorial.py took 0.046 seconds
[2025-01-18T04:58:25.861+0000] {processor.py:186} INFO - Started process (PID=905) to work on /home/airflow/.local/lib/python3.12/site-packages/airflow/example_dags/tutorial.py
[2025-01-18T04:58:25.862+0000] {processor.py:914} INFO - Processing file /home/airflow/.local/lib/python3.12/site-packages/airflow/example_dags/tutorial.py for tasks to queue
[2025-01-18T04:58:25.863+0000] {logging_mixin.py:190} INFO - [2025-01-18T04:58:25.863+0000] {dagbag.py:588} INFO - Filling up the DagBag from /home/airflow/.local/lib/python3.12/site-packages/airflow/example_dags/tutorial.py
[2025-01-18T04:58:25.869+0000] {processor.py:925} INFO - DAG(s) 'tutorial' retrieved from /home/airflow/.local/lib/python3.12/site-packages/airflow/example_dags/tutorial.py
[2025-01-18T04:58:25.882+0000] {logging_mixin.py:190} INFO - [2025-01-18T04:58:25.882+0000] {dag.py:3239} INFO - Sync 1 DAGs
[2025-01-18T04:58:25.895+0000] {logging_mixin.py:190} INFO - [2025-01-18T04:58:25.894+0000] {dag.py:4180} INFO - Setting next_dagrun for tutorial to 2025-01-17 00:00:00+00:00, run_after=2025-01-18 00:00:00+00:00
[2025-01-18T04:58:25.906+0000] {processor.py:208} INFO - Processing /home/airflow/.local/lib/python3.12/site-packages/airflow/example_dags/tutorial.py took 0.048 seconds
[2025-01-18T04:58:56.719+0000] {processor.py:186} INFO - Started process (PID=967) to work on /home/airflow/.local/lib/python3.12/site-packages/airflow/example_dags/tutorial.py
[2025-01-18T04:58:56.720+0000] {processor.py:914} INFO - Processing file /home/airflow/.local/lib/python3.12/site-packages/airflow/example_dags/tutorial.py for tasks to queue
[2025-01-18T04:58:56.721+0000] {logging_mixin.py:190} INFO - [2025-01-18T04:58:56.721+0000] {dagbag.py:588} INFO - Filling up the DagBag from /home/airflow/.local/lib/python3.12/site-packages/airflow/example_dags/tutorial.py
[2025-01-18T04:58:56.727+0000] {processor.py:925} INFO - DAG(s) 'tutorial' retrieved from /home/airflow/.local/lib/python3.12/site-packages/airflow/example_dags/tutorial.py
[2025-01-18T04:58:56.737+0000] {logging_mixin.py:190} INFO - [2025-01-18T04:58:56.736+0000] {dag.py:3239} INFO - Sync 1 DAGs
[2025-01-18T04:58:56.749+0000] {logging_mixin.py:190} INFO - [2025-01-18T04:58:56.749+0000] {dag.py:4180} INFO - Setting next_dagrun for tutorial to 2025-01-17 00:00:00+00:00, run_after=2025-01-18 00:00:00+00:00
[2025-01-18T04:58:56.757+0000] {processor.py:208} INFO - Processing /home/airflow/.local/lib/python3.12/site-packages/airflow/example_dags/tutorial.py took 0.041 seconds
[2025-01-18T04:59:27.946+0000] {processor.py:186} INFO - Started process (PID=1031) to work on /home/airflow/.local/lib/python3.12/site-packages/airflow/example_dags/tutorial.py
[2025-01-18T04:59:27.948+0000] {processor.py:914} INFO - Processing file /home/airflow/.local/lib/python3.12/site-packages/airflow/example_dags/tutorial.py for tasks to queue
[2025-01-18T04:59:27.949+0000] {logging_mixin.py:190} INFO - [2025-01-18T04:59:27.949+0000] {dagbag.py:588} INFO - Filling up the DagBag from /home/airflow/.local/lib/python3.12/site-packages/airflow/example_dags/tutorial.py
[2025-01-18T04:59:27.954+0000] {processor.py:925} INFO - DAG(s) 'tutorial' retrieved from /home/airflow/.local/lib/python3.12/site-packages/airflow/example_dags/tutorial.py
[2025-01-18T04:59:27.968+0000] {logging_mixin.py:190} INFO - [2025-01-18T04:59:27.968+0000] {dag.py:3239} INFO - Sync 1 DAGs
[2025-01-18T04:59:27.982+0000] {logging_mixin.py:190} INFO - [2025-01-18T04:59:27.982+0000] {dag.py:4180} INFO - Setting next_dagrun for tutorial to 2025-01-17 00:00:00+00:00, run_after=2025-01-18 00:00:00+00:00
[2025-01-18T04:59:27.994+0000] {processor.py:208} INFO - Processing /home/airflow/.local/lib/python3.12/site-packages/airflow/example_dags/tutorial.py took 0.051 seconds
[2025-01-18T04:59:59.026+0000] {processor.py:186} INFO - Started process (PID=1094) to work on /home/airflow/.local/lib/python3.12/site-packages/airflow/example_dags/tutorial.py
[2025-01-18T04:59:59.027+0000] {processor.py:914} INFO - Processing file /home/airflow/.local/lib/python3.12/site-packages/airflow/example_dags/tutorial.py for tasks to queue
[2025-01-18T04:59:59.028+0000] {logging_mixin.py:190} INFO - [2025-01-18T04:59:59.028+0000] {dagbag.py:588} INFO - Filling up the DagBag from /home/airflow/.local/lib/python3.12/site-packages/airflow/example_dags/tutorial.py
[2025-01-18T04:59:59.033+0000] {processor.py:925} INFO - DAG(s) 'tutorial' retrieved from /home/airflow/.local/lib/python3.12/site-packages/airflow/example_dags/tutorial.py
[2025-01-18T04:59:59.045+0000] {logging_mixin.py:190} INFO - [2025-01-18T04:59:59.045+0000] {dag.py:3239} INFO - Sync 1 DAGs
[2025-01-18T04:59:59.056+0000] {logging_mixin.py:190} INFO - [2025-01-18T04:59:59.056+0000] {dag.py:4180} INFO - Setting next_dagrun for tutorial to 2025-01-17 00:00:00+00:00, run_after=2025-01-18 00:00:00+00:00
[2025-01-18T04:59:59.069+0000] {processor.py:208} INFO - Processing /home/airflow/.local/lib/python3.12/site-packages/airflow/example_dags/tutorial.py took 0.046 seconds
