[2025-01-18T04:51:45.944+0000] {processor.py:186} INFO - Started process (PID=92) to work on /home/airflow/.local/lib/python3.12/site-packages/airflow/example_dags/tutorial_dag.py
[2025-01-18T04:51:45.945+0000] {processor.py:914} INFO - Processing file /home/airflow/.local/lib/python3.12/site-packages/airflow/example_dags/tutorial_dag.py for tasks to queue
[2025-01-18T04:51:45.946+0000] {logging_mixin.py:190} INFO - [2025-01-18T04:51:45.946+0000] {dagbag.py:588} INFO - Filling up the DagBag from /home/airflow/.local/lib/python3.12/site-packages/airflow/example_dags/tutorial_dag.py
[2025-01-18T04:51:45.951+0000] {processor.py:925} INFO - DAG(s) 'tutorial_dag' retrieved from /home/airflow/.local/lib/python3.12/site-packages/airflow/example_dags/tutorial_dag.py
[2025-01-18T04:51:46.001+0000] {logging_mixin.py:190} INFO - [2025-01-18T04:51:46.001+0000] {override.py:1911} INFO - Created Permission View: can edit on DAG:tutorial_dag
[2025-01-18T04:51:46.010+0000] {logging_mixin.py:190} INFO - [2025-01-18T04:51:46.010+0000] {override.py:1911} INFO - Created Permission View: can read on DAG:tutorial_dag
[2025-01-18T04:51:46.013+0000] {logging_mixin.py:190} INFO - [2025-01-18T04:51:46.013+0000] {override.py:1911} INFO - Created Permission View: can delete on DAG:tutorial_dag
[2025-01-18T04:51:46.016+0000] {logging_mixin.py:190} INFO - [2025-01-18T04:51:46.015+0000] {override.py:1911} INFO - Created Permission View: can create on DAG Run:tutorial_dag
[2025-01-18T04:51:46.018+0000] {logging_mixin.py:190} INFO - [2025-01-18T04:51:46.018+0000] {override.py:1911} INFO - Created Permission View: can read on DAG Run:tutorial_dag
[2025-01-18T04:51:46.021+0000] {logging_mixin.py:190} INFO - [2025-01-18T04:51:46.021+0000] {override.py:1911} INFO - Created Permission View: can delete on DAG Run:tutorial_dag
[2025-01-18T04:51:46.023+0000] {logging_mixin.py:190} INFO - [2025-01-18T04:51:46.023+0000] {override.py:1911} INFO - Created Permission View: menu access on DAG Run:tutorial_dag
[2025-01-18T04:51:46.024+0000] {logging_mixin.py:190} INFO - [2025-01-18T04:51:46.024+0000] {dag.py:3239} INFO - Sync 1 DAGs
[2025-01-18T04:51:46.031+0000] {logging_mixin.py:190} INFO - [2025-01-18T04:51:46.031+0000] {dag.py:3262} INFO - Creating ORM DAG for tutorial_dag
[2025-01-18T04:51:46.032+0000] {logging_mixin.py:190} INFO - [2025-01-18T04:51:46.031+0000] {dag.py:4180} INFO - Setting next_dagrun for tutorial_dag to None, run_after=None
[2025-01-18T04:51:46.040+0000] {processor.py:208} INFO - Processing /home/airflow/.local/lib/python3.12/site-packages/airflow/example_dags/tutorial_dag.py took 0.099 seconds
[2025-01-18T04:52:16.363+0000] {processor.py:186} INFO - Started process (PID=155) to work on /home/airflow/.local/lib/python3.12/site-packages/airflow/example_dags/tutorial_dag.py
[2025-01-18T04:52:16.364+0000] {processor.py:914} INFO - Processing file /home/airflow/.local/lib/python3.12/site-packages/airflow/example_dags/tutorial_dag.py for tasks to queue
[2025-01-18T04:52:16.365+0000] {logging_mixin.py:190} INFO - [2025-01-18T04:52:16.365+0000] {dagbag.py:588} INFO - Filling up the DagBag from /home/airflow/.local/lib/python3.12/site-packages/airflow/example_dags/tutorial_dag.py
[2025-01-18T04:52:16.369+0000] {processor.py:925} INFO - DAG(s) 'tutorial_dag' retrieved from /home/airflow/.local/lib/python3.12/site-packages/airflow/example_dags/tutorial_dag.py
[2025-01-18T04:52:16.379+0000] {logging_mixin.py:190} INFO - [2025-01-18T04:52:16.379+0000] {dag.py:3239} INFO - Sync 1 DAGs
[2025-01-18T04:52:16.386+0000] {logging_mixin.py:190} INFO - [2025-01-18T04:52:16.386+0000] {dag.py:4180} INFO - Setting next_dagrun for tutorial_dag to None, run_after=None
[2025-01-18T04:52:16.395+0000] {processor.py:208} INFO - Processing /home/airflow/.local/lib/python3.12/site-packages/airflow/example_dags/tutorial_dag.py took 0.035 seconds
[2025-01-18T04:52:47.120+0000] {processor.py:186} INFO - Started process (PID=218) to work on /home/airflow/.local/lib/python3.12/site-packages/airflow/example_dags/tutorial_dag.py
[2025-01-18T04:52:47.120+0000] {processor.py:914} INFO - Processing file /home/airflow/.local/lib/python3.12/site-packages/airflow/example_dags/tutorial_dag.py for tasks to queue
[2025-01-18T04:52:47.122+0000] {logging_mixin.py:190} INFO - [2025-01-18T04:52:47.122+0000] {dagbag.py:588} INFO - Filling up the DagBag from /home/airflow/.local/lib/python3.12/site-packages/airflow/example_dags/tutorial_dag.py
[2025-01-18T04:52:47.126+0000] {processor.py:925} INFO - DAG(s) 'tutorial_dag' retrieved from /home/airflow/.local/lib/python3.12/site-packages/airflow/example_dags/tutorial_dag.py
[2025-01-18T04:52:47.137+0000] {logging_mixin.py:190} INFO - [2025-01-18T04:52:47.137+0000] {dag.py:3239} INFO - Sync 1 DAGs
[2025-01-18T04:52:47.144+0000] {logging_mixin.py:190} INFO - [2025-01-18T04:52:47.144+0000] {dag.py:4180} INFO - Setting next_dagrun for tutorial_dag to None, run_after=None
[2025-01-18T04:52:47.154+0000] {processor.py:208} INFO - Processing /home/airflow/.local/lib/python3.12/site-packages/airflow/example_dags/tutorial_dag.py took 0.037 seconds
[2025-01-18T04:53:17.993+0000] {processor.py:186} INFO - Started process (PID=281) to work on /home/airflow/.local/lib/python3.12/site-packages/airflow/example_dags/tutorial_dag.py
[2025-01-18T04:53:17.994+0000] {processor.py:914} INFO - Processing file /home/airflow/.local/lib/python3.12/site-packages/airflow/example_dags/tutorial_dag.py for tasks to queue
[2025-01-18T04:53:17.996+0000] {logging_mixin.py:190} INFO - [2025-01-18T04:53:17.995+0000] {dagbag.py:588} INFO - Filling up the DagBag from /home/airflow/.local/lib/python3.12/site-packages/airflow/example_dags/tutorial_dag.py
[2025-01-18T04:53:18.000+0000] {processor.py:925} INFO - DAG(s) 'tutorial_dag' retrieved from /home/airflow/.local/lib/python3.12/site-packages/airflow/example_dags/tutorial_dag.py
[2025-01-18T04:53:18.013+0000] {logging_mixin.py:190} INFO - [2025-01-18T04:53:18.013+0000] {dag.py:3239} INFO - Sync 1 DAGs
[2025-01-18T04:53:18.019+0000] {logging_mixin.py:190} INFO - [2025-01-18T04:53:18.019+0000] {dag.py:4180} INFO - Setting next_dagrun for tutorial_dag to None, run_after=None
[2025-01-18T04:53:18.028+0000] {processor.py:208} INFO - Processing /home/airflow/.local/lib/python3.12/site-packages/airflow/example_dags/tutorial_dag.py took 0.038 seconds
[2025-01-18T04:53:48.627+0000] {processor.py:186} INFO - Started process (PID=344) to work on /home/airflow/.local/lib/python3.12/site-packages/airflow/example_dags/tutorial_dag.py
[2025-01-18T04:53:48.628+0000] {processor.py:914} INFO - Processing file /home/airflow/.local/lib/python3.12/site-packages/airflow/example_dags/tutorial_dag.py for tasks to queue
[2025-01-18T04:53:48.629+0000] {logging_mixin.py:190} INFO - [2025-01-18T04:53:48.629+0000] {dagbag.py:588} INFO - Filling up the DagBag from /home/airflow/.local/lib/python3.12/site-packages/airflow/example_dags/tutorial_dag.py
[2025-01-18T04:53:48.634+0000] {processor.py:925} INFO - DAG(s) 'tutorial_dag' retrieved from /home/airflow/.local/lib/python3.12/site-packages/airflow/example_dags/tutorial_dag.py
[2025-01-18T04:53:48.646+0000] {logging_mixin.py:190} INFO - [2025-01-18T04:53:48.646+0000] {dag.py:3239} INFO - Sync 1 DAGs
[2025-01-18T04:53:48.653+0000] {logging_mixin.py:190} INFO - [2025-01-18T04:53:48.653+0000] {dag.py:4180} INFO - Setting next_dagrun for tutorial_dag to None, run_after=None
[2025-01-18T04:53:48.667+0000] {processor.py:208} INFO - Processing /home/airflow/.local/lib/python3.12/site-packages/airflow/example_dags/tutorial_dag.py took 0.043 seconds
[2025-01-18T04:54:19.579+0000] {processor.py:186} INFO - Started process (PID=407) to work on /home/airflow/.local/lib/python3.12/site-packages/airflow/example_dags/tutorial_dag.py
[2025-01-18T04:54:19.579+0000] {processor.py:914} INFO - Processing file /home/airflow/.local/lib/python3.12/site-packages/airflow/example_dags/tutorial_dag.py for tasks to queue
[2025-01-18T04:54:19.581+0000] {logging_mixin.py:190} INFO - [2025-01-18T04:54:19.581+0000] {dagbag.py:588} INFO - Filling up the DagBag from /home/airflow/.local/lib/python3.12/site-packages/airflow/example_dags/tutorial_dag.py
[2025-01-18T04:54:19.585+0000] {processor.py:925} INFO - DAG(s) 'tutorial_dag' retrieved from /home/airflow/.local/lib/python3.12/site-packages/airflow/example_dags/tutorial_dag.py
[2025-01-18T04:54:19.596+0000] {logging_mixin.py:190} INFO - [2025-01-18T04:54:19.595+0000] {dag.py:3239} INFO - Sync 1 DAGs
[2025-01-18T04:54:19.604+0000] {logging_mixin.py:190} INFO - [2025-01-18T04:54:19.603+0000] {dag.py:4180} INFO - Setting next_dagrun for tutorial_dag to None, run_after=None
[2025-01-18T04:54:19.614+0000] {processor.py:208} INFO - Processing /home/airflow/.local/lib/python3.12/site-packages/airflow/example_dags/tutorial_dag.py took 0.038 seconds
[2025-01-18T04:54:50.341+0000] {processor.py:186} INFO - Started process (PID=470) to work on /home/airflow/.local/lib/python3.12/site-packages/airflow/example_dags/tutorial_dag.py
[2025-01-18T04:54:50.341+0000] {processor.py:914} INFO - Processing file /home/airflow/.local/lib/python3.12/site-packages/airflow/example_dags/tutorial_dag.py for tasks to queue
[2025-01-18T04:54:50.343+0000] {logging_mixin.py:190} INFO - [2025-01-18T04:54:50.343+0000] {dagbag.py:588} INFO - Filling up the DagBag from /home/airflow/.local/lib/python3.12/site-packages/airflow/example_dags/tutorial_dag.py
[2025-01-18T04:54:50.354+0000] {processor.py:925} INFO - DAG(s) 'tutorial_dag' retrieved from /home/airflow/.local/lib/python3.12/site-packages/airflow/example_dags/tutorial_dag.py
[2025-01-18T04:54:50.366+0000] {logging_mixin.py:190} INFO - [2025-01-18T04:54:50.366+0000] {dag.py:3239} INFO - Sync 1 DAGs
[2025-01-18T04:54:50.374+0000] {logging_mixin.py:190} INFO - [2025-01-18T04:54:50.374+0000] {dag.py:4180} INFO - Setting next_dagrun for tutorial_dag to None, run_after=None
[2025-01-18T04:54:50.392+0000] {processor.py:208} INFO - Processing /home/airflow/.local/lib/python3.12/site-packages/airflow/example_dags/tutorial_dag.py took 0.102 seconds
[2025-01-18T04:55:21.332+0000] {processor.py:186} INFO - Started process (PID=533) to work on /home/airflow/.local/lib/python3.12/site-packages/airflow/example_dags/tutorial_dag.py
[2025-01-18T04:55:21.333+0000] {processor.py:914} INFO - Processing file /home/airflow/.local/lib/python3.12/site-packages/airflow/example_dags/tutorial_dag.py for tasks to queue
[2025-01-18T04:55:21.335+0000] {logging_mixin.py:190} INFO - [2025-01-18T04:55:21.335+0000] {dagbag.py:588} INFO - Filling up the DagBag from /home/airflow/.local/lib/python3.12/site-packages/airflow/example_dags/tutorial_dag.py
[2025-01-18T04:55:21.341+0000] {processor.py:925} INFO - DAG(s) 'tutorial_dag' retrieved from /home/airflow/.local/lib/python3.12/site-packages/airflow/example_dags/tutorial_dag.py
[2025-01-18T04:55:21.367+0000] {logging_mixin.py:190} INFO - [2025-01-18T04:55:21.366+0000] {dag.py:3239} INFO - Sync 1 DAGs
[2025-01-18T04:55:21.375+0000] {logging_mixin.py:190} INFO - [2025-01-18T04:55:21.375+0000] {dag.py:4180} INFO - Setting next_dagrun for tutorial_dag to None, run_after=None
[2025-01-18T04:55:21.390+0000] {processor.py:208} INFO - Processing /home/airflow/.local/lib/python3.12/site-packages/airflow/example_dags/tutorial_dag.py took 0.067 seconds
[2025-01-18T04:55:52.305+0000] {processor.py:186} INFO - Started process (PID=596) to work on /home/airflow/.local/lib/python3.12/site-packages/airflow/example_dags/tutorial_dag.py
[2025-01-18T04:55:52.306+0000] {processor.py:914} INFO - Processing file /home/airflow/.local/lib/python3.12/site-packages/airflow/example_dags/tutorial_dag.py for tasks to queue
[2025-01-18T04:55:52.307+0000] {logging_mixin.py:190} INFO - [2025-01-18T04:55:52.307+0000] {dagbag.py:588} INFO - Filling up the DagBag from /home/airflow/.local/lib/python3.12/site-packages/airflow/example_dags/tutorial_dag.py
[2025-01-18T04:55:52.311+0000] {processor.py:925} INFO - DAG(s) 'tutorial_dag' retrieved from /home/airflow/.local/lib/python3.12/site-packages/airflow/example_dags/tutorial_dag.py
[2025-01-18T04:55:52.323+0000] {logging_mixin.py:190} INFO - [2025-01-18T04:55:52.323+0000] {dag.py:3239} INFO - Sync 1 DAGs
[2025-01-18T04:55:52.330+0000] {logging_mixin.py:190} INFO - [2025-01-18T04:55:52.330+0000] {dag.py:4180} INFO - Setting next_dagrun for tutorial_dag to None, run_after=None
[2025-01-18T04:55:52.344+0000] {processor.py:208} INFO - Processing /home/airflow/.local/lib/python3.12/site-packages/airflow/example_dags/tutorial_dag.py took 0.042 seconds
[2025-01-18T04:56:23.019+0000] {processor.py:186} INFO - Started process (PID=659) to work on /home/airflow/.local/lib/python3.12/site-packages/airflow/example_dags/tutorial_dag.py
[2025-01-18T04:56:23.022+0000] {processor.py:914} INFO - Processing file /home/airflow/.local/lib/python3.12/site-packages/airflow/example_dags/tutorial_dag.py for tasks to queue
[2025-01-18T04:56:23.023+0000] {logging_mixin.py:190} INFO - [2025-01-18T04:56:23.023+0000] {dagbag.py:588} INFO - Filling up the DagBag from /home/airflow/.local/lib/python3.12/site-packages/airflow/example_dags/tutorial_dag.py
[2025-01-18T04:56:23.027+0000] {processor.py:925} INFO - DAG(s) 'tutorial_dag' retrieved from /home/airflow/.local/lib/python3.12/site-packages/airflow/example_dags/tutorial_dag.py
[2025-01-18T04:56:23.038+0000] {logging_mixin.py:190} INFO - [2025-01-18T04:56:23.038+0000] {dag.py:3239} INFO - Sync 1 DAGs
[2025-01-18T04:56:23.048+0000] {logging_mixin.py:190} INFO - [2025-01-18T04:56:23.048+0000] {dag.py:4180} INFO - Setting next_dagrun for tutorial_dag to None, run_after=None
[2025-01-18T04:56:23.057+0000] {processor.py:208} INFO - Processing /home/airflow/.local/lib/python3.12/site-packages/airflow/example_dags/tutorial_dag.py took 0.041 seconds
[2025-01-18T04:56:53.944+0000] {processor.py:186} INFO - Started process (PID=722) to work on /home/airflow/.local/lib/python3.12/site-packages/airflow/example_dags/tutorial_dag.py
[2025-01-18T04:56:53.946+0000] {processor.py:914} INFO - Processing file /home/airflow/.local/lib/python3.12/site-packages/airflow/example_dags/tutorial_dag.py for tasks to queue
[2025-01-18T04:56:53.947+0000] {logging_mixin.py:190} INFO - [2025-01-18T04:56:53.947+0000] {dagbag.py:588} INFO - Filling up the DagBag from /home/airflow/.local/lib/python3.12/site-packages/airflow/example_dags/tutorial_dag.py
[2025-01-18T04:56:53.951+0000] {processor.py:925} INFO - DAG(s) 'tutorial_dag' retrieved from /home/airflow/.local/lib/python3.12/site-packages/airflow/example_dags/tutorial_dag.py
[2025-01-18T04:56:53.969+0000] {logging_mixin.py:190} INFO - [2025-01-18T04:56:53.968+0000] {dag.py:3239} INFO - Sync 1 DAGs
[2025-01-18T04:56:53.976+0000] {logging_mixin.py:190} INFO - [2025-01-18T04:56:53.975+0000] {dag.py:4180} INFO - Setting next_dagrun for tutorial_dag to None, run_after=None
[2025-01-18T04:56:53.990+0000] {processor.py:208} INFO - Processing /home/airflow/.local/lib/python3.12/site-packages/airflow/example_dags/tutorial_dag.py took 0.049 seconds
[2025-01-18T04:57:24.646+0000] {processor.py:186} INFO - Started process (PID=792) to work on /home/airflow/.local/lib/python3.12/site-packages/airflow/example_dags/tutorial_dag.py
[2025-01-18T04:57:24.647+0000] {processor.py:914} INFO - Processing file /home/airflow/.local/lib/python3.12/site-packages/airflow/example_dags/tutorial_dag.py for tasks to queue
[2025-01-18T04:57:24.649+0000] {logging_mixin.py:190} INFO - [2025-01-18T04:57:24.649+0000] {dagbag.py:588} INFO - Filling up the DagBag from /home/airflow/.local/lib/python3.12/site-packages/airflow/example_dags/tutorial_dag.py
[2025-01-18T04:57:24.653+0000] {processor.py:925} INFO - DAG(s) 'tutorial_dag' retrieved from /home/airflow/.local/lib/python3.12/site-packages/airflow/example_dags/tutorial_dag.py
[2025-01-18T04:57:24.663+0000] {logging_mixin.py:190} INFO - [2025-01-18T04:57:24.663+0000] {dag.py:3239} INFO - Sync 1 DAGs
[2025-01-18T04:57:24.671+0000] {logging_mixin.py:190} INFO - [2025-01-18T04:57:24.671+0000] {dag.py:4180} INFO - Setting next_dagrun for tutorial_dag to None, run_after=None
[2025-01-18T04:57:24.686+0000] {processor.py:208} INFO - Processing /home/airflow/.local/lib/python3.12/site-packages/airflow/example_dags/tutorial_dag.py took 0.042 seconds
[2025-01-18T04:57:55.512+0000] {processor.py:186} INFO - Started process (PID=855) to work on /home/airflow/.local/lib/python3.12/site-packages/airflow/example_dags/tutorial_dag.py
[2025-01-18T04:57:55.516+0000] {processor.py:914} INFO - Processing file /home/airflow/.local/lib/python3.12/site-packages/airflow/example_dags/tutorial_dag.py for tasks to queue
[2025-01-18T04:57:55.518+0000] {logging_mixin.py:190} INFO - [2025-01-18T04:57:55.518+0000] {dagbag.py:588} INFO - Filling up the DagBag from /home/airflow/.local/lib/python3.12/site-packages/airflow/example_dags/tutorial_dag.py
[2025-01-18T04:57:55.522+0000] {processor.py:925} INFO - DAG(s) 'tutorial_dag' retrieved from /home/airflow/.local/lib/python3.12/site-packages/airflow/example_dags/tutorial_dag.py
[2025-01-18T04:57:55.535+0000] {logging_mixin.py:190} INFO - [2025-01-18T04:57:55.534+0000] {dag.py:3239} INFO - Sync 1 DAGs
[2025-01-18T04:57:55.542+0000] {logging_mixin.py:190} INFO - [2025-01-18T04:57:55.542+0000] {dag.py:4180} INFO - Setting next_dagrun for tutorial_dag to None, run_after=None
[2025-01-18T04:57:55.552+0000] {processor.py:208} INFO - Processing /home/airflow/.local/lib/python3.12/site-packages/airflow/example_dags/tutorial_dag.py took 0.043 seconds
[2025-01-18T04:58:26.434+0000] {processor.py:186} INFO - Started process (PID=918) to work on /home/airflow/.local/lib/python3.12/site-packages/airflow/example_dags/tutorial_dag.py
[2025-01-18T04:58:26.434+0000] {processor.py:914} INFO - Processing file /home/airflow/.local/lib/python3.12/site-packages/airflow/example_dags/tutorial_dag.py for tasks to queue
[2025-01-18T04:58:26.436+0000] {logging_mixin.py:190} INFO - [2025-01-18T04:58:26.436+0000] {dagbag.py:588} INFO - Filling up the DagBag from /home/airflow/.local/lib/python3.12/site-packages/airflow/example_dags/tutorial_dag.py
[2025-01-18T04:58:26.440+0000] {processor.py:925} INFO - DAG(s) 'tutorial_dag' retrieved from /home/airflow/.local/lib/python3.12/site-packages/airflow/example_dags/tutorial_dag.py
[2025-01-18T04:58:26.454+0000] {logging_mixin.py:190} INFO - [2025-01-18T04:58:26.454+0000] {dag.py:3239} INFO - Sync 1 DAGs
[2025-01-18T04:58:26.463+0000] {logging_mixin.py:190} INFO - [2025-01-18T04:58:26.463+0000] {dag.py:4180} INFO - Setting next_dagrun for tutorial_dag to None, run_after=None
[2025-01-18T04:58:26.476+0000] {processor.py:208} INFO - Processing /home/airflow/.local/lib/python3.12/site-packages/airflow/example_dags/tutorial_dag.py took 0.045 seconds
[2025-01-18T04:58:57.320+0000] {processor.py:186} INFO - Started process (PID=981) to work on /home/airflow/.local/lib/python3.12/site-packages/airflow/example_dags/tutorial_dag.py
[2025-01-18T04:58:57.322+0000] {processor.py:914} INFO - Processing file /home/airflow/.local/lib/python3.12/site-packages/airflow/example_dags/tutorial_dag.py for tasks to queue
[2025-01-18T04:58:57.325+0000] {logging_mixin.py:190} INFO - [2025-01-18T04:58:57.325+0000] {dagbag.py:588} INFO - Filling up the DagBag from /home/airflow/.local/lib/python3.12/site-packages/airflow/example_dags/tutorial_dag.py
[2025-01-18T04:58:57.329+0000] {processor.py:925} INFO - DAG(s) 'tutorial_dag' retrieved from /home/airflow/.local/lib/python3.12/site-packages/airflow/example_dags/tutorial_dag.py
[2025-01-18T04:58:57.343+0000] {logging_mixin.py:190} INFO - [2025-01-18T04:58:57.343+0000] {dag.py:3239} INFO - Sync 1 DAGs
[2025-01-18T04:58:57.351+0000] {logging_mixin.py:190} INFO - [2025-01-18T04:58:57.351+0000] {dag.py:4180} INFO - Setting next_dagrun for tutorial_dag to None, run_after=None
[2025-01-18T04:58:57.364+0000] {processor.py:208} INFO - Processing /home/airflow/.local/lib/python3.12/site-packages/airflow/example_dags/tutorial_dag.py took 0.047 seconds
[2025-01-18T04:59:28.308+0000] {processor.py:186} INFO - Started process (PID=1044) to work on /home/airflow/.local/lib/python3.12/site-packages/airflow/example_dags/tutorial_dag.py
[2025-01-18T04:59:28.309+0000] {processor.py:914} INFO - Processing file /home/airflow/.local/lib/python3.12/site-packages/airflow/example_dags/tutorial_dag.py for tasks to queue
[2025-01-18T04:59:28.311+0000] {logging_mixin.py:190} INFO - [2025-01-18T04:59:28.310+0000] {dagbag.py:588} INFO - Filling up the DagBag from /home/airflow/.local/lib/python3.12/site-packages/airflow/example_dags/tutorial_dag.py
[2025-01-18T04:59:28.314+0000] {processor.py:925} INFO - DAG(s) 'tutorial_dag' retrieved from /home/airflow/.local/lib/python3.12/site-packages/airflow/example_dags/tutorial_dag.py
[2025-01-18T04:59:28.326+0000] {logging_mixin.py:190} INFO - [2025-01-18T04:59:28.326+0000] {dag.py:3239} INFO - Sync 1 DAGs
[2025-01-18T04:59:28.332+0000] {logging_mixin.py:190} INFO - [2025-01-18T04:59:28.332+0000] {dag.py:4180} INFO - Setting next_dagrun for tutorial_dag to None, run_after=None
[2025-01-18T04:59:28.343+0000] {processor.py:208} INFO - Processing /home/airflow/.local/lib/python3.12/site-packages/airflow/example_dags/tutorial_dag.py took 0.038 seconds
[2025-01-18T04:59:59.479+0000] {processor.py:186} INFO - Started process (PID=1107) to work on /home/airflow/.local/lib/python3.12/site-packages/airflow/example_dags/tutorial_dag.py
[2025-01-18T04:59:59.480+0000] {processor.py:914} INFO - Processing file /home/airflow/.local/lib/python3.12/site-packages/airflow/example_dags/tutorial_dag.py for tasks to queue
[2025-01-18T04:59:59.482+0000] {logging_mixin.py:190} INFO - [2025-01-18T04:59:59.481+0000] {dagbag.py:588} INFO - Filling up the DagBag from /home/airflow/.local/lib/python3.12/site-packages/airflow/example_dags/tutorial_dag.py
[2025-01-18T04:59:59.486+0000] {processor.py:925} INFO - DAG(s) 'tutorial_dag' retrieved from /home/airflow/.local/lib/python3.12/site-packages/airflow/example_dags/tutorial_dag.py
[2025-01-18T04:59:59.496+0000] {logging_mixin.py:190} INFO - [2025-01-18T04:59:59.496+0000] {dag.py:3239} INFO - Sync 1 DAGs
[2025-01-18T04:59:59.506+0000] {logging_mixin.py:190} INFO - [2025-01-18T04:59:59.506+0000] {dag.py:4180} INFO - Setting next_dagrun for tutorial_dag to None, run_after=None
[2025-01-18T04:59:59.517+0000] {processor.py:208} INFO - Processing /home/airflow/.local/lib/python3.12/site-packages/airflow/example_dags/tutorial_dag.py took 0.041 seconds
