[2025-01-18T04:51:42.456+0000] {processor.py:186} INFO - Started process (PID=51) to work on /home/airflow/.local/lib/python3.12/site-packages/airflow/example_dags/tutorial_objectstorage.py
[2025-01-18T04:51:42.458+0000] {processor.py:914} INFO - Processing file /home/airflow/.local/lib/python3.12/site-packages/airflow/example_dags/tutorial_objectstorage.py for tasks to queue
[2025-01-18T04:51:42.461+0000] {logging_mixin.py:190} INFO - [2025-01-18T04:51:42.460+0000] {dagbag.py:588} INFO - Filling up the DagBag from /home/airflow/.local/lib/python3.12/site-packages/airflow/example_dags/tutorial_objectstorage.py
[2025-01-18T04:51:42.469+0000] {processor.py:925} INFO - DAG(s) 'tutorial_objectstorage' retrieved from /home/airflow/.local/lib/python3.12/site-packages/airflow/example_dags/tutorial_objectstorage.py
[2025-01-18T04:51:42.528+0000] {logging_mixin.py:190} INFO - [2025-01-18T04:51:42.528+0000] {override.py:1911} INFO - Created Permission View: can edit on DAG:tutorial_objectstorage
[2025-01-18T04:51:42.533+0000] {logging_mixin.py:190} INFO - [2025-01-18T04:51:42.533+0000] {override.py:1911} INFO - Created Permission View: can read on DAG:tutorial_objectstorage
[2025-01-18T04:51:42.536+0000] {logging_mixin.py:190} INFO - [2025-01-18T04:51:42.536+0000] {override.py:1911} INFO - Created Permission View: can delete on DAG:tutorial_objectstorage
[2025-01-18T04:51:42.539+0000] {logging_mixin.py:190} INFO - [2025-01-18T04:51:42.539+0000] {override.py:1911} INFO - Created Permission View: can create on DAG Run:tutorial_objectstorage
[2025-01-18T04:51:42.543+0000] {logging_mixin.py:190} INFO - [2025-01-18T04:51:42.543+0000] {override.py:1911} INFO - Created Permission View: can read on DAG Run:tutorial_objectstorage
[2025-01-18T04:51:42.547+0000] {logging_mixin.py:190} INFO - [2025-01-18T04:51:42.547+0000] {override.py:1911} INFO - Created Permission View: can delete on DAG Run:tutorial_objectstorage
[2025-01-18T04:51:42.552+0000] {logging_mixin.py:190} INFO - [2025-01-18T04:51:42.552+0000] {override.py:1911} INFO - Created Permission View: menu access on DAG Run:tutorial_objectstorage
[2025-01-18T04:51:42.552+0000] {logging_mixin.py:190} INFO - [2025-01-18T04:51:42.552+0000] {dag.py:3239} INFO - Sync 1 DAGs
[2025-01-18T04:51:42.560+0000] {logging_mixin.py:190} INFO - [2025-01-18T04:51:42.560+0000] {dag.py:3262} INFO - Creating ORM DAG for tutorial_objectstorage
[2025-01-18T04:51:42.564+0000] {logging_mixin.py:190} INFO - [2025-01-18T04:51:42.563+0000] {dag.py:4180} INFO - Setting next_dagrun for tutorial_objectstorage to None, run_after=None
[2025-01-18T04:51:42.579+0000] {processor.py:208} INFO - Processing /home/airflow/.local/lib/python3.12/site-packages/airflow/example_dags/tutorial_objectstorage.py took 0.126 seconds
[2025-01-18T04:52:12.775+0000] {processor.py:186} INFO - Started process (PID=114) to work on /home/airflow/.local/lib/python3.12/site-packages/airflow/example_dags/tutorial_objectstorage.py
[2025-01-18T04:52:12.776+0000] {processor.py:914} INFO - Processing file /home/airflow/.local/lib/python3.12/site-packages/airflow/example_dags/tutorial_objectstorage.py for tasks to queue
[2025-01-18T04:52:12.778+0000] {logging_mixin.py:190} INFO - [2025-01-18T04:52:12.777+0000] {dagbag.py:588} INFO - Filling up the DagBag from /home/airflow/.local/lib/python3.12/site-packages/airflow/example_dags/tutorial_objectstorage.py
[2025-01-18T04:52:12.783+0000] {processor.py:925} INFO - DAG(s) 'tutorial_objectstorage' retrieved from /home/airflow/.local/lib/python3.12/site-packages/airflow/example_dags/tutorial_objectstorage.py
[2025-01-18T04:52:12.794+0000] {logging_mixin.py:190} INFO - [2025-01-18T04:52:12.794+0000] {dag.py:3239} INFO - Sync 1 DAGs
[2025-01-18T04:52:12.806+0000] {logging_mixin.py:190} INFO - [2025-01-18T04:52:12.804+0000] {dag.py:4180} INFO - Setting next_dagrun for tutorial_objectstorage to None, run_after=None
[2025-01-18T04:52:12.818+0000] {processor.py:208} INFO - Processing /home/airflow/.local/lib/python3.12/site-packages/airflow/example_dags/tutorial_objectstorage.py took 0.047 seconds
[2025-01-18T04:52:43.549+0000] {processor.py:186} INFO - Started process (PID=177) to work on /home/airflow/.local/lib/python3.12/site-packages/airflow/example_dags/tutorial_objectstorage.py
[2025-01-18T04:52:43.553+0000] {processor.py:914} INFO - Processing file /home/airflow/.local/lib/python3.12/site-packages/airflow/example_dags/tutorial_objectstorage.py for tasks to queue
[2025-01-18T04:52:43.554+0000] {logging_mixin.py:190} INFO - [2025-01-18T04:52:43.554+0000] {dagbag.py:588} INFO - Filling up the DagBag from /home/airflow/.local/lib/python3.12/site-packages/airflow/example_dags/tutorial_objectstorage.py
[2025-01-18T04:52:43.560+0000] {processor.py:925} INFO - DAG(s) 'tutorial_objectstorage' retrieved from /home/airflow/.local/lib/python3.12/site-packages/airflow/example_dags/tutorial_objectstorage.py
[2025-01-18T04:52:43.572+0000] {logging_mixin.py:190} INFO - [2025-01-18T04:52:43.571+0000] {dag.py:3239} INFO - Sync 1 DAGs
[2025-01-18T04:52:43.579+0000] {logging_mixin.py:190} INFO - [2025-01-18T04:52:43.579+0000] {dag.py:4180} INFO - Setting next_dagrun for tutorial_objectstorage to None, run_after=None
[2025-01-18T04:52:43.589+0000] {processor.py:208} INFO - Processing /home/airflow/.local/lib/python3.12/site-packages/airflow/example_dags/tutorial_objectstorage.py took 0.044 seconds
[2025-01-18T04:53:14.338+0000] {processor.py:186} INFO - Started process (PID=240) to work on /home/airflow/.local/lib/python3.12/site-packages/airflow/example_dags/tutorial_objectstorage.py
[2025-01-18T04:53:14.341+0000] {processor.py:914} INFO - Processing file /home/airflow/.local/lib/python3.12/site-packages/airflow/example_dags/tutorial_objectstorage.py for tasks to queue
[2025-01-18T04:53:14.344+0000] {logging_mixin.py:190} INFO - [2025-01-18T04:53:14.344+0000] {dagbag.py:588} INFO - Filling up the DagBag from /home/airflow/.local/lib/python3.12/site-packages/airflow/example_dags/tutorial_objectstorage.py
[2025-01-18T04:53:14.349+0000] {processor.py:925} INFO - DAG(s) 'tutorial_objectstorage' retrieved from /home/airflow/.local/lib/python3.12/site-packages/airflow/example_dags/tutorial_objectstorage.py
[2025-01-18T04:53:14.360+0000] {logging_mixin.py:190} INFO - [2025-01-18T04:53:14.360+0000] {dag.py:3239} INFO - Sync 1 DAGs
[2025-01-18T04:53:14.366+0000] {logging_mixin.py:190} INFO - [2025-01-18T04:53:14.366+0000] {dag.py:4180} INFO - Setting next_dagrun for tutorial_objectstorage to None, run_after=None
[2025-01-18T04:53:14.375+0000] {processor.py:208} INFO - Processing /home/airflow/.local/lib/python3.12/site-packages/airflow/example_dags/tutorial_objectstorage.py took 0.040 seconds
[2025-01-18T04:53:45.126+0000] {processor.py:186} INFO - Started process (PID=309) to work on /home/airflow/.local/lib/python3.12/site-packages/airflow/example_dags/tutorial_objectstorage.py
[2025-01-18T04:53:45.127+0000] {processor.py:914} INFO - Processing file /home/airflow/.local/lib/python3.12/site-packages/airflow/example_dags/tutorial_objectstorage.py for tasks to queue
[2025-01-18T04:53:45.128+0000] {logging_mixin.py:190} INFO - [2025-01-18T04:53:45.128+0000] {dagbag.py:588} INFO - Filling up the DagBag from /home/airflow/.local/lib/python3.12/site-packages/airflow/example_dags/tutorial_objectstorage.py
[2025-01-18T04:53:45.134+0000] {processor.py:925} INFO - DAG(s) 'tutorial_objectstorage' retrieved from /home/airflow/.local/lib/python3.12/site-packages/airflow/example_dags/tutorial_objectstorage.py
[2025-01-18T04:53:45.144+0000] {logging_mixin.py:190} INFO - [2025-01-18T04:53:45.144+0000] {dag.py:3239} INFO - Sync 1 DAGs
[2025-01-18T04:53:45.155+0000] {logging_mixin.py:190} INFO - [2025-01-18T04:53:45.155+0000] {dag.py:4180} INFO - Setting next_dagrun for tutorial_objectstorage to None, run_after=None
[2025-01-18T04:53:45.165+0000] {processor.py:208} INFO - Processing /home/airflow/.local/lib/python3.12/site-packages/airflow/example_dags/tutorial_objectstorage.py took 0.042 seconds
[2025-01-18T04:54:15.887+0000] {processor.py:186} INFO - Started process (PID=372) to work on /home/airflow/.local/lib/python3.12/site-packages/airflow/example_dags/tutorial_objectstorage.py
[2025-01-18T04:54:15.892+0000] {processor.py:914} INFO - Processing file /home/airflow/.local/lib/python3.12/site-packages/airflow/example_dags/tutorial_objectstorage.py for tasks to queue
[2025-01-18T04:54:15.893+0000] {logging_mixin.py:190} INFO - [2025-01-18T04:54:15.893+0000] {dagbag.py:588} INFO - Filling up the DagBag from /home/airflow/.local/lib/python3.12/site-packages/airflow/example_dags/tutorial_objectstorage.py
[2025-01-18T04:54:15.898+0000] {processor.py:925} INFO - DAG(s) 'tutorial_objectstorage' retrieved from /home/airflow/.local/lib/python3.12/site-packages/airflow/example_dags/tutorial_objectstorage.py
[2025-01-18T04:54:15.908+0000] {logging_mixin.py:190} INFO - [2025-01-18T04:54:15.908+0000] {dag.py:3239} INFO - Sync 1 DAGs
[2025-01-18T04:54:15.915+0000] {logging_mixin.py:190} INFO - [2025-01-18T04:54:15.915+0000] {dag.py:4180} INFO - Setting next_dagrun for tutorial_objectstorage to None, run_after=None
[2025-01-18T04:54:15.923+0000] {processor.py:208} INFO - Processing /home/airflow/.local/lib/python3.12/site-packages/airflow/example_dags/tutorial_objectstorage.py took 0.039 seconds
[2025-01-18T04:54:46.709+0000] {processor.py:186} INFO - Started process (PID=435) to work on /home/airflow/.local/lib/python3.12/site-packages/airflow/example_dags/tutorial_objectstorage.py
[2025-01-18T04:54:46.710+0000] {processor.py:914} INFO - Processing file /home/airflow/.local/lib/python3.12/site-packages/airflow/example_dags/tutorial_objectstorage.py for tasks to queue
[2025-01-18T04:54:46.711+0000] {logging_mixin.py:190} INFO - [2025-01-18T04:54:46.711+0000] {dagbag.py:588} INFO - Filling up the DagBag from /home/airflow/.local/lib/python3.12/site-packages/airflow/example_dags/tutorial_objectstorage.py
[2025-01-18T04:54:46.716+0000] {processor.py:925} INFO - DAG(s) 'tutorial_objectstorage' retrieved from /home/airflow/.local/lib/python3.12/site-packages/airflow/example_dags/tutorial_objectstorage.py
[2025-01-18T04:54:46.726+0000] {logging_mixin.py:190} INFO - [2025-01-18T04:54:46.725+0000] {dag.py:3239} INFO - Sync 1 DAGs
[2025-01-18T04:54:46.733+0000] {logging_mixin.py:190} INFO - [2025-01-18T04:54:46.733+0000] {dag.py:4180} INFO - Setting next_dagrun for tutorial_objectstorage to None, run_after=None
[2025-01-18T04:54:46.742+0000] {processor.py:208} INFO - Processing /home/airflow/.local/lib/python3.12/site-packages/airflow/example_dags/tutorial_objectstorage.py took 0.036 seconds
[2025-01-18T04:55:17.654+0000] {processor.py:186} INFO - Started process (PID=498) to work on /home/airflow/.local/lib/python3.12/site-packages/airflow/example_dags/tutorial_objectstorage.py
[2025-01-18T04:55:17.657+0000] {processor.py:914} INFO - Processing file /home/airflow/.local/lib/python3.12/site-packages/airflow/example_dags/tutorial_objectstorage.py for tasks to queue
[2025-01-18T04:55:17.659+0000] {logging_mixin.py:190} INFO - [2025-01-18T04:55:17.658+0000] {dagbag.py:588} INFO - Filling up the DagBag from /home/airflow/.local/lib/python3.12/site-packages/airflow/example_dags/tutorial_objectstorage.py
[2025-01-18T04:55:17.665+0000] {processor.py:925} INFO - DAG(s) 'tutorial_objectstorage' retrieved from /home/airflow/.local/lib/python3.12/site-packages/airflow/example_dags/tutorial_objectstorage.py
[2025-01-18T04:55:17.680+0000] {logging_mixin.py:190} INFO - [2025-01-18T04:55:17.680+0000] {dag.py:3239} INFO - Sync 1 DAGs
[2025-01-18T04:55:17.687+0000] {logging_mixin.py:190} INFO - [2025-01-18T04:55:17.686+0000] {dag.py:4180} INFO - Setting next_dagrun for tutorial_objectstorage to None, run_after=None
[2025-01-18T04:55:17.695+0000] {processor.py:208} INFO - Processing /home/airflow/.local/lib/python3.12/site-packages/airflow/example_dags/tutorial_objectstorage.py took 0.044 seconds
[2025-01-18T04:55:48.620+0000] {processor.py:186} INFO - Started process (PID=561) to work on /home/airflow/.local/lib/python3.12/site-packages/airflow/example_dags/tutorial_objectstorage.py
[2025-01-18T04:55:48.624+0000] {processor.py:914} INFO - Processing file /home/airflow/.local/lib/python3.12/site-packages/airflow/example_dags/tutorial_objectstorage.py for tasks to queue
[2025-01-18T04:55:48.626+0000] {logging_mixin.py:190} INFO - [2025-01-18T04:55:48.625+0000] {dagbag.py:588} INFO - Filling up the DagBag from /home/airflow/.local/lib/python3.12/site-packages/airflow/example_dags/tutorial_objectstorage.py
[2025-01-18T04:55:48.632+0000] {processor.py:925} INFO - DAG(s) 'tutorial_objectstorage' retrieved from /home/airflow/.local/lib/python3.12/site-packages/airflow/example_dags/tutorial_objectstorage.py
[2025-01-18T04:55:48.646+0000] {logging_mixin.py:190} INFO - [2025-01-18T04:55:48.645+0000] {dag.py:3239} INFO - Sync 1 DAGs
[2025-01-18T04:55:48.653+0000] {logging_mixin.py:190} INFO - [2025-01-18T04:55:48.653+0000] {dag.py:4180} INFO - Setting next_dagrun for tutorial_objectstorage to None, run_after=None
[2025-01-18T04:55:48.663+0000] {processor.py:208} INFO - Processing /home/airflow/.local/lib/python3.12/site-packages/airflow/example_dags/tutorial_objectstorage.py took 0.046 seconds
[2025-01-18T04:56:19.474+0000] {processor.py:186} INFO - Started process (PID=624) to work on /home/airflow/.local/lib/python3.12/site-packages/airflow/example_dags/tutorial_objectstorage.py
[2025-01-18T04:56:19.474+0000] {processor.py:914} INFO - Processing file /home/airflow/.local/lib/python3.12/site-packages/airflow/example_dags/tutorial_objectstorage.py for tasks to queue
[2025-01-18T04:56:19.475+0000] {logging_mixin.py:190} INFO - [2025-01-18T04:56:19.475+0000] {dagbag.py:588} INFO - Filling up the DagBag from /home/airflow/.local/lib/python3.12/site-packages/airflow/example_dags/tutorial_objectstorage.py
[2025-01-18T04:56:19.481+0000] {processor.py:925} INFO - DAG(s) 'tutorial_objectstorage' retrieved from /home/airflow/.local/lib/python3.12/site-packages/airflow/example_dags/tutorial_objectstorage.py
[2025-01-18T04:56:19.490+0000] {logging_mixin.py:190} INFO - [2025-01-18T04:56:19.490+0000] {dag.py:3239} INFO - Sync 1 DAGs
[2025-01-18T04:56:19.498+0000] {logging_mixin.py:190} INFO - [2025-01-18T04:56:19.498+0000] {dag.py:4180} INFO - Setting next_dagrun for tutorial_objectstorage to None, run_after=None
[2025-01-18T04:56:19.508+0000] {processor.py:208} INFO - Processing /home/airflow/.local/lib/python3.12/site-packages/airflow/example_dags/tutorial_objectstorage.py took 0.037 seconds
[2025-01-18T04:56:50.305+0000] {processor.py:186} INFO - Started process (PID=687) to work on /home/airflow/.local/lib/python3.12/site-packages/airflow/example_dags/tutorial_objectstorage.py
[2025-01-18T04:56:50.306+0000] {processor.py:914} INFO - Processing file /home/airflow/.local/lib/python3.12/site-packages/airflow/example_dags/tutorial_objectstorage.py for tasks to queue
[2025-01-18T04:56:50.307+0000] {logging_mixin.py:190} INFO - [2025-01-18T04:56:50.307+0000] {dagbag.py:588} INFO - Filling up the DagBag from /home/airflow/.local/lib/python3.12/site-packages/airflow/example_dags/tutorial_objectstorage.py
[2025-01-18T04:56:50.313+0000] {processor.py:925} INFO - DAG(s) 'tutorial_objectstorage' retrieved from /home/airflow/.local/lib/python3.12/site-packages/airflow/example_dags/tutorial_objectstorage.py
[2025-01-18T04:56:50.327+0000] {logging_mixin.py:190} INFO - [2025-01-18T04:56:50.326+0000] {dag.py:3239} INFO - Sync 1 DAGs
[2025-01-18T04:56:50.335+0000] {logging_mixin.py:190} INFO - [2025-01-18T04:56:50.335+0000] {dag.py:4180} INFO - Setting next_dagrun for tutorial_objectstorage to None, run_after=None
[2025-01-18T04:56:50.352+0000] {processor.py:208} INFO - Processing /home/airflow/.local/lib/python3.12/site-packages/airflow/example_dags/tutorial_objectstorage.py took 0.050 seconds
[2025-01-18T04:57:21.080+0000] {processor.py:186} INFO - Started process (PID=757) to work on /home/airflow/.local/lib/python3.12/site-packages/airflow/example_dags/tutorial_objectstorage.py
[2025-01-18T04:57:21.081+0000] {processor.py:914} INFO - Processing file /home/airflow/.local/lib/python3.12/site-packages/airflow/example_dags/tutorial_objectstorage.py for tasks to queue
[2025-01-18T04:57:21.082+0000] {logging_mixin.py:190} INFO - [2025-01-18T04:57:21.082+0000] {dagbag.py:588} INFO - Filling up the DagBag from /home/airflow/.local/lib/python3.12/site-packages/airflow/example_dags/tutorial_objectstorage.py
[2025-01-18T04:57:21.087+0000] {processor.py:925} INFO - DAG(s) 'tutorial_objectstorage' retrieved from /home/airflow/.local/lib/python3.12/site-packages/airflow/example_dags/tutorial_objectstorage.py
[2025-01-18T04:57:21.099+0000] {logging_mixin.py:190} INFO - [2025-01-18T04:57:21.099+0000] {dag.py:3239} INFO - Sync 1 DAGs
[2025-01-18T04:57:21.105+0000] {logging_mixin.py:190} INFO - [2025-01-18T04:57:21.105+0000] {dag.py:4180} INFO - Setting next_dagrun for tutorial_objectstorage to None, run_after=None
[2025-01-18T04:57:21.120+0000] {processor.py:208} INFO - Processing /home/airflow/.local/lib/python3.12/site-packages/airflow/example_dags/tutorial_objectstorage.py took 0.043 seconds
[2025-01-18T04:57:51.873+0000] {processor.py:186} INFO - Started process (PID=820) to work on /home/airflow/.local/lib/python3.12/site-packages/airflow/example_dags/tutorial_objectstorage.py
[2025-01-18T04:57:51.873+0000] {processor.py:914} INFO - Processing file /home/airflow/.local/lib/python3.12/site-packages/airflow/example_dags/tutorial_objectstorage.py for tasks to queue
[2025-01-18T04:57:51.876+0000] {logging_mixin.py:190} INFO - [2025-01-18T04:57:51.876+0000] {dagbag.py:588} INFO - Filling up the DagBag from /home/airflow/.local/lib/python3.12/site-packages/airflow/example_dags/tutorial_objectstorage.py
[2025-01-18T04:57:51.882+0000] {processor.py:925} INFO - DAG(s) 'tutorial_objectstorage' retrieved from /home/airflow/.local/lib/python3.12/site-packages/airflow/example_dags/tutorial_objectstorage.py
[2025-01-18T04:57:51.896+0000] {logging_mixin.py:190} INFO - [2025-01-18T04:57:51.896+0000] {dag.py:3239} INFO - Sync 1 DAGs
[2025-01-18T04:57:51.906+0000] {logging_mixin.py:190} INFO - [2025-01-18T04:57:51.905+0000] {dag.py:4180} INFO - Setting next_dagrun for tutorial_objectstorage to None, run_after=None
[2025-01-18T04:57:51.916+0000] {processor.py:208} INFO - Processing /home/airflow/.local/lib/python3.12/site-packages/airflow/example_dags/tutorial_objectstorage.py took 0.046 seconds
[2025-01-18T04:58:22.708+0000] {processor.py:186} INFO - Started process (PID=883) to work on /home/airflow/.local/lib/python3.12/site-packages/airflow/example_dags/tutorial_objectstorage.py
[2025-01-18T04:58:22.709+0000] {processor.py:914} INFO - Processing file /home/airflow/.local/lib/python3.12/site-packages/airflow/example_dags/tutorial_objectstorage.py for tasks to queue
[2025-01-18T04:58:22.710+0000] {logging_mixin.py:190} INFO - [2025-01-18T04:58:22.710+0000] {dagbag.py:588} INFO - Filling up the DagBag from /home/airflow/.local/lib/python3.12/site-packages/airflow/example_dags/tutorial_objectstorage.py
[2025-01-18T04:58:22.716+0000] {processor.py:925} INFO - DAG(s) 'tutorial_objectstorage' retrieved from /home/airflow/.local/lib/python3.12/site-packages/airflow/example_dags/tutorial_objectstorage.py
[2025-01-18T04:58:22.730+0000] {logging_mixin.py:190} INFO - [2025-01-18T04:58:22.730+0000] {dag.py:3239} INFO - Sync 1 DAGs
[2025-01-18T04:58:22.737+0000] {logging_mixin.py:190} INFO - [2025-01-18T04:58:22.736+0000] {dag.py:4180} INFO - Setting next_dagrun for tutorial_objectstorage to None, run_after=None
[2025-01-18T04:58:22.747+0000] {processor.py:208} INFO - Processing /home/airflow/.local/lib/python3.12/site-packages/airflow/example_dags/tutorial_objectstorage.py took 0.042 seconds
[2025-01-18T04:58:53.712+0000] {processor.py:186} INFO - Started process (PID=946) to work on /home/airflow/.local/lib/python3.12/site-packages/airflow/example_dags/tutorial_objectstorage.py
[2025-01-18T04:58:53.713+0000] {processor.py:914} INFO - Processing file /home/airflow/.local/lib/python3.12/site-packages/airflow/example_dags/tutorial_objectstorage.py for tasks to queue
[2025-01-18T04:58:53.715+0000] {logging_mixin.py:190} INFO - [2025-01-18T04:58:53.715+0000] {dagbag.py:588} INFO - Filling up the DagBag from /home/airflow/.local/lib/python3.12/site-packages/airflow/example_dags/tutorial_objectstorage.py
[2025-01-18T04:58:53.722+0000] {processor.py:925} INFO - DAG(s) 'tutorial_objectstorage' retrieved from /home/airflow/.local/lib/python3.12/site-packages/airflow/example_dags/tutorial_objectstorage.py
[2025-01-18T04:58:53.735+0000] {logging_mixin.py:190} INFO - [2025-01-18T04:58:53.735+0000] {dag.py:3239} INFO - Sync 1 DAGs
[2025-01-18T04:58:53.743+0000] {logging_mixin.py:190} INFO - [2025-01-18T04:58:53.743+0000] {dag.py:4180} INFO - Setting next_dagrun for tutorial_objectstorage to None, run_after=None
[2025-01-18T04:58:53.755+0000] {processor.py:208} INFO - Processing /home/airflow/.local/lib/python3.12/site-packages/airflow/example_dags/tutorial_objectstorage.py took 0.060 seconds
[2025-01-18T04:59:24.551+0000] {processor.py:186} INFO - Started process (PID=1009) to work on /home/airflow/.local/lib/python3.12/site-packages/airflow/example_dags/tutorial_objectstorage.py
[2025-01-18T04:59:24.552+0000] {processor.py:914} INFO - Processing file /home/airflow/.local/lib/python3.12/site-packages/airflow/example_dags/tutorial_objectstorage.py for tasks to queue
[2025-01-18T04:59:24.553+0000] {logging_mixin.py:190} INFO - [2025-01-18T04:59:24.553+0000] {dagbag.py:588} INFO - Filling up the DagBag from /home/airflow/.local/lib/python3.12/site-packages/airflow/example_dags/tutorial_objectstorage.py
[2025-01-18T04:59:24.558+0000] {processor.py:925} INFO - DAG(s) 'tutorial_objectstorage' retrieved from /home/airflow/.local/lib/python3.12/site-packages/airflow/example_dags/tutorial_objectstorage.py
[2025-01-18T04:59:24.568+0000] {logging_mixin.py:190} INFO - [2025-01-18T04:59:24.568+0000] {dag.py:3239} INFO - Sync 1 DAGs
[2025-01-18T04:59:24.575+0000] {logging_mixin.py:190} INFO - [2025-01-18T04:59:24.574+0000] {dag.py:4180} INFO - Setting next_dagrun for tutorial_objectstorage to None, run_after=None
[2025-01-18T04:59:24.583+0000] {processor.py:208} INFO - Processing /home/airflow/.local/lib/python3.12/site-packages/airflow/example_dags/tutorial_objectstorage.py took 0.034 seconds
[2025-01-18T04:59:55.576+0000] {processor.py:186} INFO - Started process (PID=1072) to work on /home/airflow/.local/lib/python3.12/site-packages/airflow/example_dags/tutorial_objectstorage.py
[2025-01-18T04:59:55.577+0000] {processor.py:914} INFO - Processing file /home/airflow/.local/lib/python3.12/site-packages/airflow/example_dags/tutorial_objectstorage.py for tasks to queue
[2025-01-18T04:59:55.579+0000] {logging_mixin.py:190} INFO - [2025-01-18T04:59:55.579+0000] {dagbag.py:588} INFO - Filling up the DagBag from /home/airflow/.local/lib/python3.12/site-packages/airflow/example_dags/tutorial_objectstorage.py
[2025-01-18T04:59:55.585+0000] {processor.py:925} INFO - DAG(s) 'tutorial_objectstorage' retrieved from /home/airflow/.local/lib/python3.12/site-packages/airflow/example_dags/tutorial_objectstorage.py
[2025-01-18T04:59:55.600+0000] {logging_mixin.py:190} INFO - [2025-01-18T04:59:55.600+0000] {dag.py:3239} INFO - Sync 1 DAGs
[2025-01-18T04:59:55.641+0000] {logging_mixin.py:190} INFO - [2025-01-18T04:59:55.641+0000] {dag.py:4180} INFO - Setting next_dagrun for tutorial_objectstorage to None, run_after=None
[2025-01-18T04:59:55.661+0000] {processor.py:208} INFO - Processing /home/airflow/.local/lib/python3.12/site-packages/airflow/example_dags/tutorial_objectstorage.py took 0.089 seconds
