[2025-01-18T04:57:19.682+0000] {local_task_job_runner.py:123} INFO - ::group::Pre task execution logs
[2025-01-18T04:57:19.690+0000] {taskinstance.py:2613} INFO - Dependencies all met for dep_context=non-requeueable deps ti=<TaskInstance: example_bash_operator.run_after_loop scheduled__2025-01-17T00:00:00+00:00 [queued]>
[2025-01-18T04:57:19.695+0000] {taskinstance.py:2613} INFO - Dependencies all met for dep_context=requeueable deps ti=<TaskInstance: example_bash_operator.run_after_loop scheduled__2025-01-17T00:00:00+00:00 [queued]>
[2025-01-18T04:57:19.695+0000] {taskinstance.py:2866} INFO - Starting attempt 1 of 1
[2025-01-18T04:57:19.701+0000] {taskinstance.py:2889} INFO - Executing <Task(BashOperator): run_after_loop> on 2025-01-17 00:00:00+00:00
[2025-01-18T04:57:19.705+0000] {warnings.py:112} WARNING - /home/***/.local/lib/python3.12/site-packages/***/task/task_runner/standard_task_runner.py:70: DeprecationWarning: This process (pid=156) is multi-threaded, use of fork() may lead to deadlocks in the child.
  pid = os.fork()

[2025-01-18T04:57:19.706+0000] {standard_task_runner.py:72} INFO - Started process 157 to run task
[2025-01-18T04:57:19.706+0000] {standard_task_runner.py:104} INFO - Running: ['***', 'tasks', 'run', 'example_bash_operator', 'run_after_loop', 'scheduled__2025-01-17T00:00:00+00:00', '--job-id', '8', '--raw', '--subdir', '/home/***/.local/lib/python3.12/site-packages/***/example_dags/example_bash_operator.py', '--cfg-path', '/tmp/tmpyjw2e6xa']
[2025-01-18T04:57:19.707+0000] {standard_task_runner.py:105} INFO - Job 8: Subtask run_after_loop
[2025-01-18T04:57:19.862+0000] {task_command.py:467} INFO - Running <TaskInstance: example_bash_operator.run_after_loop scheduled__2025-01-17T00:00:00+00:00 [running]> on host e19053a9eb18
[2025-01-18T04:57:19.896+0000] {taskinstance.py:3132} INFO - Exporting env vars: AIRFLOW_CTX_DAG_OWNER='***' AIRFLOW_CTX_DAG_ID='example_bash_operator' AIRFLOW_CTX_TASK_ID='run_after_loop' AIRFLOW_CTX_EXECUTION_DATE='2025-01-17T00:00:00+00:00' AIRFLOW_CTX_TRY_NUMBER='1' AIRFLOW_CTX_DAG_RUN_ID='scheduled__2025-01-17T00:00:00+00:00'
[2025-01-18T04:57:19.896+0000] {logging_mixin.py:190} INFO - Task instance is in running state
[2025-01-18T04:57:19.897+0000] {logging_mixin.py:190} INFO -  Previous state of the Task instance: queued
[2025-01-18T04:57:19.897+0000] {logging_mixin.py:190} INFO - Current task name:run_after_loop state:running start_date:2025-01-18 04:57:19.691147+00:00
[2025-01-18T04:57:19.897+0000] {logging_mixin.py:190} INFO - Dag name:example_bash_operator and current dag run status:running
[2025-01-18T04:57:19.897+0000] {taskinstance.py:731} INFO - ::endgroup::
[2025-01-18T04:57:19.898+0000] {subprocess.py:78} INFO - Tmp dir root location: /tmp
[2025-01-18T04:57:19.898+0000] {subprocess.py:88} INFO - Running command: ['/usr/bin/bash', '-c', 'echo https://***.apache.org/']
[2025-01-18T04:57:19.904+0000] {subprocess.py:99} INFO - Output:
[2025-01-18T04:57:19.905+0000] {subprocess.py:106} INFO - https://***.apache.org/
[2025-01-18T04:57:19.905+0000] {subprocess.py:110} INFO - Command exited with return code 0
[2025-01-18T04:57:19.920+0000] {taskinstance.py:340} INFO - ::group::Post task execution logs
[2025-01-18T04:57:19.921+0000] {taskinstance.py:352} INFO - Marking task as SUCCESS. dag_id=example_bash_operator, task_id=run_after_loop, run_id=scheduled__2025-01-17T00:00:00+00:00, execution_date=20250117T000000, start_date=20250118T045719, end_date=20250118T045719
[2025-01-18T04:57:19.925+0000] {logging_mixin.py:190} INFO - Task instance in success state
[2025-01-18T04:57:19.925+0000] {logging_mixin.py:190} INFO -  Previous state of the Task instance: running
[2025-01-18T04:57:19.925+0000] {logging_mixin.py:190} INFO - Dag name:example_bash_operator queued_at:2025-01-18 04:57:14.277728+00:00
[2025-01-18T04:57:19.926+0000] {logging_mixin.py:190} INFO - Task hostname:e19053a9eb18 operator:BashOperator
[2025-01-18T04:57:19.937+0000] {local_task_job_runner.py:266} INFO - Task exited with return code 0
[2025-01-18T04:57:20.048+0000] {taskinstance.py:3895} INFO - 0 downstream tasks scheduled from follow-on schedule check
[2025-01-18T04:57:20.050+0000] {local_task_job_runner.py:245} INFO - ::endgroup::
