[2025-01-18T04:57:17.070+0000] {local_task_job_runner.py:123} INFO - ::group::Pre task execution logs
[2025-01-18T04:57:17.078+0000] {taskinstance.py:2613} INFO - Dependencies all met for dep_context=non-requeueable deps ti=<TaskInstance: example_bash_operator.runme_0 scheduled__2025-01-17T00:00:00+00:00 [queued]>
[2025-01-18T04:57:17.082+0000] {taskinstance.py:2613} INFO - Dependencies all met for dep_context=requeueable deps ti=<TaskInstance: example_bash_operator.runme_0 scheduled__2025-01-17T00:00:00+00:00 [queued]>
[2025-01-18T04:57:17.082+0000] {taskinstance.py:2866} INFO - Starting attempt 1 of 1
[2025-01-18T04:57:17.091+0000] {taskinstance.py:2889} INFO - Executing <Task(BashOperator): runme_0> on 2025-01-17 00:00:00+00:00
[2025-01-18T04:57:17.095+0000] {warnings.py:112} WARNING - /home/***/.local/lib/python3.12/site-packages/***/task/task_runner/standard_task_runner.py:70: DeprecationWarning: This process (pid=137) is multi-threaded, use of fork() may lead to deadlocks in the child.
  pid = os.fork()

[2025-01-18T04:57:17.097+0000] {standard_task_runner.py:72} INFO - Started process 146 to run task
[2025-01-18T04:57:17.097+0000] {standard_task_runner.py:104} INFO - Running: ['***', 'tasks', 'run', 'example_bash_operator', 'runme_0', 'scheduled__2025-01-17T00:00:00+00:00', '--job-id', '7', '--raw', '--subdir', '/home/***/.local/lib/python3.12/site-packages/***/example_dags/example_bash_operator.py', '--cfg-path', '/tmp/tmpmjh2q94_']
[2025-01-18T04:57:17.098+0000] {standard_task_runner.py:105} INFO - Job 7: Subtask runme_0
[2025-01-18T04:57:17.144+0000] {task_command.py:467} INFO - Running <TaskInstance: example_bash_operator.runme_0 scheduled__2025-01-17T00:00:00+00:00 [running]> on host e19053a9eb18
[2025-01-18T04:57:17.191+0000] {taskinstance.py:3132} INFO - Exporting env vars: AIRFLOW_CTX_DAG_OWNER='***' AIRFLOW_CTX_DAG_ID='example_bash_operator' AIRFLOW_CTX_TASK_ID='runme_0' AIRFLOW_CTX_EXECUTION_DATE='2025-01-17T00:00:00+00:00' AIRFLOW_CTX_TRY_NUMBER='1' AIRFLOW_CTX_DAG_RUN_ID='scheduled__2025-01-17T00:00:00+00:00'
[2025-01-18T04:57:17.192+0000] {logging_mixin.py:190} INFO - Task instance is in running state
[2025-01-18T04:57:17.193+0000] {logging_mixin.py:190} INFO -  Previous state of the Task instance: queued
[2025-01-18T04:57:17.193+0000] {logging_mixin.py:190} INFO - Current task name:runme_0 state:running start_date:2025-01-18 04:57:17.078771+00:00
[2025-01-18T04:57:17.193+0000] {logging_mixin.py:190} INFO - Dag name:example_bash_operator and current dag run status:running
[2025-01-18T04:57:17.193+0000] {taskinstance.py:731} INFO - ::endgroup::
[2025-01-18T04:57:17.194+0000] {subprocess.py:78} INFO - Tmp dir root location: /tmp
[2025-01-18T04:57:17.195+0000] {subprocess.py:88} INFO - Running command: ['/usr/bin/bash', '-c', 'echo "example_bash_operator__runme_0__20250117" && sleep 1']
[2025-01-18T04:57:17.201+0000] {subprocess.py:99} INFO - Output:
[2025-01-18T04:57:17.203+0000] {subprocess.py:106} INFO - example_bash_operator__runme_0__20250117
[2025-01-18T04:57:18.204+0000] {subprocess.py:110} INFO - Command exited with return code 0
[2025-01-18T04:57:18.237+0000] {taskinstance.py:340} INFO - ::group::Post task execution logs
[2025-01-18T04:57:18.238+0000] {taskinstance.py:352} INFO - Marking task as SUCCESS. dag_id=example_bash_operator, task_id=runme_0, run_id=scheduled__2025-01-17T00:00:00+00:00, execution_date=20250117T000000, start_date=20250118T045717, end_date=20250118T045718
[2025-01-18T04:57:18.250+0000] {logging_mixin.py:190} INFO - Task instance in success state
[2025-01-18T04:57:18.252+0000] {logging_mixin.py:190} INFO -  Previous state of the Task instance: running
[2025-01-18T04:57:18.253+0000] {logging_mixin.py:190} INFO - Dag name:example_bash_operator queued_at:2025-01-18 04:57:14.277728+00:00
[2025-01-18T04:57:18.253+0000] {logging_mixin.py:190} INFO - Task hostname:e19053a9eb18 operator:BashOperator
[2025-01-18T04:57:18.272+0000] {local_task_job_runner.py:266} INFO - Task exited with return code 0
[2025-01-18T04:57:18.277+0000] {local_task_job_runner.py:245} INFO - ::endgroup::
